<?xml version="1.0" encoding="UTF-8"?>
<testsuites name="with Test User" time="80" tests="2" failures="0" errors="0">
   <testsuite name="with Test User" tests="2" failures="0" errors="0" time="80" timestamp="2018-12-26 15:51:20" hostname="leon.b - QA-PC.Y-it.Local" id="Test Suites/Pre-Salary/with Test User">
      <properties>
         <property name="deviceName" value=""/>
         <property name="devicePlatform" value=""/>
         <property name="logFolder" value="C:\\Users\\leon.b\\Katalon Studio\\Y-IT_TransIT\\Reports\\Pre-Salary\\with Test User\\20181226_155118"/>
         <property name="logFiles" value="C:\\Users\\leon.b\\Katalon Studio\\Y-IT_TransIT\\Reports\\Pre-Salary\\with Test User\\20181226_155118\\execution0.log"/>
         <property name="attachments" value="C:\\Users\\leon.b\\Katalon Studio\\Y-IT_TransIT\\Reports\\Pre-Salary\\with Test User\\20181226_155118\\1545832341797.png"/>
         <property name="hostName" value="leon.b - QA-PC.Y-it.Local"/>
         <property name="os" value="Windows 10 64bit"/>
         <property name="katalonVersion" value="5.10.0.1"/>
         <property name="browser" value="Chrome 71.0.3578.98"/>
         <property name="hostAddress" value="192.168.1.145"/>
         <property name="sessionId" value="f32b3911f59e2ede0d9a07d9355d8c00"/>
         <property name="seleniumVersion" value="3.7.1"/>
         <property name="proxyInformation" value="ProxyInformation{proxyOption=NO_PROXY, proxyServerType=HTTP, password=, proxyServerAddress=, proxyServerPort=0}"/>
         <property name="platform" value="Windows 10"/>
      </properties>
      <testcase name="Test Cases/Pre-Salary/Driver Calc with Test User" classname="Test Cases/Pre-Salary/Driver Calc with Test User" status="PASSED">
         <system-out><![CDATA[2018-12-26 15:51:21 - [TEST_CASE][PASSED] - Test Cases/Pre-Salary/Driver Calc with Test User: Test Cases/Pre-Salary/Driver Calc with Test User

2018-12-26 15:51:21 - [TEST_STEP][PASSED] - login.c_login.logIn(site, userName, userPass): login.c_login.logIn is PASSED

2018-12-26 15:51:22 - [MESSAGE][INFO] - Starting 'Chrome' driver

2018-12-26 15:51:22 - [MESSAGE][INFO] - Action delay is set to 0 seconds

2018-12-26 15:51:31 - [MESSAGE][PASSED] - Browser is opened with url: 'thegged.y-it.co.il'

2018-12-26 15:51:32 - [MESSAGE][PASSED] - Current window maximized

2018-12-26 15:51:32 - [MESSAGE][PASSED] - Text 'yit.testings' is set on object 'Object Repository/Y-IT Log In/input_ _userName'

2018-12-26 15:51:32 - [MESSAGE][PASSED] - Text ****** has been set on object 'Object Repository/Y-IT Log In/input_ _password'

2018-12-26 15:51:33 - [MESSAGE][PASSED] - Object: 'Object Repository/Y-IT Log In/input_  _submit' is clicked on

2018-12-26 15:51:33 - [MESSAGE][PASSED] - login.c_login.logIn is PASSED

2018-12-26 15:51:33 - [TEST_STEP][PASSED] - delay(1): Delayed 1 second(s)

2018-12-26 15:51:34 - [MESSAGE][PASSED] - Delayed 1 second(s)

2018-12-26 15:51:34 - [TEST_STEP][PASSED] - waitForElementPresent(findTestObject("Pre-Salary/driversListDropdownOpen"), 15): Object 'Object Repository/Pre-Salary/driversListDropdownOpen' is present

2018-12-26 15:51:35 - [MESSAGE][PASSED] - Object 'Object Repository/Pre-Salary/driversListDropdownOpen' is present

2018-12-26 15:51:35 - [TEST_STEP][PASSED] - waitForElementNotPresent(findTestObject("Pre-Salary/isLoadingDropdown"), 15): Web element with id: 'Object Repository/Pre-Salary/isLoadingDropdown' located by 'By.cssSelector: div[id="preSalaryview"] > div:nth-of-type(2) > div:nth-of-type(1) > div:nth-of-type(2) > div:nth-of-type(1) > div:nth-of-type(5) > div:nth-of-type(1) > div:nth-of-type(1) > span:nth-of-type(1) > span:nth-of-type(1) > span:nth-of-type(2) > span:nth-of-type(1)[class="k-icon k-i-arrow-60-down k-i-loading"]' is not present after '15' second(s)

2018-12-26 15:51:38 - [MESSAGE][PASSED] - Web element with id: 'Object Repository/Pre-Salary/isLoadingDropdown' located by 'By.cssSelector: div[id="preSalaryview"] > div:nth-of-type(2) > div:nth-of-type(1) > div:nth-of-type(2) > div:nth-of-type(1) > div:nth-of-type(5) > div:nth-of-type(1) > div:nth-of-type(1) > span:nth-of-type(1) > span:nth-of-type(1) > span:nth-of-type(2) > span:nth-of-type(1)[class="k-icon k-i-arrow-60-down k-i-loading"]' is not present after '15' second(s)

2018-12-26 15:51:38 - [TEST_STEP][PASSED] - delay(1): Delayed 1 second(s)

2018-12-26 15:51:39 - [MESSAGE][PASSED] - Delayed 1 second(s)

2018-12-26 15:51:39 - [TEST_STEP][PASSED] - click(findTestObject("Pre-Salary/driversListDropdownOpen")): Object: 'Object Repository/Pre-Salary/driversListDropdownOpen' is clicked on

2018-12-26 15:51:39 - [MESSAGE][PASSED] - Object: 'Object Repository/Pre-Salary/driversListDropdownOpen' is clicked on

2018-12-26 15:51:39 - [TEST_STEP][PASSED] - delay(1): Delayed 1 second(s)

2018-12-26 15:51:40 - [MESSAGE][PASSED] - Delayed 1 second(s)

2018-12-26 15:51:40 - [TEST_STEP][PASSED] - try: Text '295' is set on object 'Object Repository/Pre-Salary/driversListDropdownSearchBox'

2018-12-26 15:51:40 - [TEST_STEP][PASSED] - setText(findTestObject("Pre-Salary/driversListDropdownSearchBox"), driver_Id): Text '295' is set on object 'Object Repository/Pre-Salary/driversListDropdownSearchBox'

2018-12-26 15:51:40 - [MESSAGE][PASSED] - Text '295' is set on object 'Object Repository/Pre-Salary/driversListDropdownSearchBox'

2018-12-26 15:51:40 - [TEST_STEP][PASSED] - delay(1): Delayed 1 second(s)

2018-12-26 15:51:41 - [MESSAGE][PASSED] - Delayed 1 second(s)

2018-12-26 15:51:41 - [TEST_STEP][PASSED] - click(findTestObject("Pre-Salary/driversListDropdownSelectFirstDriver")): Object: 'Object Repository/Pre-Salary/driversListDropdownSelectFirstDriver' is clicked on

2018-12-26 15:51:41 - [MESSAGE][PASSED] - Object: 'Object Repository/Pre-Salary/driversListDropdownSelectFirstDriver' is clicked on

2018-12-26 15:51:41 - [TEST_STEP][PASSED] - delay(1): Delayed 1 second(s)

2018-12-26 15:51:42 - [MESSAGE][PASSED] - Delayed 1 second(s)

2018-12-26 15:51:42 - [TEST_STEP][PASSED] - click(findTestObject("Pre-Salary/importButton")): Object: 'Object Repository/Pre-Salary/importButton' is clicked on

2018-12-26 15:51:43 - [MESSAGE][PASSED] - Object: 'Object Repository/Pre-Salary/importButton' is clicked on

2018-12-26 15:51:43 - [TEST_STEP][PASSED] - delay(1): Delayed 1 second(s)

2018-12-26 15:51:44 - [MESSAGE][PASSED] - Delayed 1 second(s)

2018-12-26 15:51:44 - [TEST_STEP][PASSED] - try: Object: 'Object Repository/Pre-Salary/firstDriverInCalculationSummeryTable' is double clicked on

2018-12-26 15:51:44 - [TEST_STEP][PASSED] - waitForElementPresent(findTestObject("Pre-Salary/firstDriverInCalculationSummeryTable"), 20): Object 'Object Repository/Pre-Salary/firstDriverInCalculationSummeryTable' is present

2018-12-26 15:52:02 - [MESSAGE][PASSED] - Object 'Object Repository/Pre-Salary/firstDriverInCalculationSummeryTable' is present

2018-12-26 15:52:02 - [TEST_STEP][PASSED] - doubleClick(findTestObject("Pre-Salary/firstDriverInCalculationSummeryTable")): Object: 'Object Repository/Pre-Salary/firstDriverInCalculationSummeryTable' is double clicked on

2018-12-26 15:52:02 - [MESSAGE][PASSED] - Object: 'Object Repository/Pre-Salary/firstDriverInCalculationSummeryTable' is double clicked on

2018-12-26 15:52:02 - [TEST_STEP][PASSED] - waitForElementPresent(findTestObject("Pre-Salary/driversReportTable"), 20): Object 'Object Repository/Pre-Salary/driversReportTable' is present

2018-12-26 15:52:04 - [MESSAGE][PASSED] - Object 'Object Repository/Pre-Salary/driversReportTable' is present

2018-12-26 15:52:04 - [TEST_STEP][PASSED] - waitForElementPresent(findTestObject("Pre-Salary/driversReportTable"), 20): Object 'Object Repository/Pre-Salary/driversReportTable' is present

2018-12-26 15:52:04 - [MESSAGE][PASSED] - Object 'Object Repository/Pre-Salary/driversReportTable' is present

2018-12-26 15:52:04 - [TEST_STEP][PASSED] - verifyElementPresent(findTestObject("Pre-Salary/driversReportTable"), 2): Object 'Object Repository/Pre-Salary/driversReportTable' is present

2018-12-26 15:52:04 - [MESSAGE][PASSED] - Object 'Object Repository/Pre-Salary/driversReportTable' is present

2018-12-26 15:52:04 - [TEST_STEP][PASSED] - verifyElementPresent(findTestObject("Pre-Salary/driversCodeId_InDriversReportTableHeader"), 2): Object 'Object Repository/Pre-Salary/driversCodeId_InDriversReportTableHeader' is present

2018-12-26 15:52:04 - [MESSAGE][PASSED] - Object 'Object Repository/Pre-Salary/driversCodeId_InDriversReportTableHeader' is present

2018-12-26 15:52:04 - [TEST_STEP][PASSED] - driverCodeFromReport = getText(findTestObject("Pre-Salary/driversCodeId_InDriversReportTableHeader")): Text of object 'Object Repository/Pre-Salary/driversCodeId_InDriversReportTableHeader' is: '295'

2018-12-26 15:52:04 - [MESSAGE][PASSED] - Text of object 'Object Repository/Pre-Salary/driversCodeId_InDriversReportTableHeader' is: '295'

2018-12-26 15:52:04 - [TEST_STEP][PASSED] - if (driverCodeFromReport != driver_Id): null

2018-12-26 15:52:04 - [TEST_STEP][PASSED] - closeBrowser(): Browser is closed

2018-12-26 15:52:05 - [MESSAGE][PASSED] - Browser is closed]]></system-out>
         <system-err><![CDATA[]]></system-err>
      </testcase>
      <testcase name="Test Cases/Pre-Salary/Driver Calc with Test User" classname="Test Cases/Pre-Salary/Driver Calc with Test User" status="PASSED">
         <system-out><![CDATA[2018-12-26 15:52:05 - [TEST_CASE][PASSED] - Test Cases/Pre-Salary/Driver Calc with Test User: Test Cases/Pre-Salary/Driver Calc with Test User

2018-12-26 15:52:05 - [TEST_STEP][PASSED] - login.c_login.logIn(site, userName, userPass): login.c_login.logIn is PASSED

2018-12-26 15:52:05 - [MESSAGE][INFO] - Starting 'Chrome' driver

2018-12-26 15:52:14 - [MESSAGE][PASSED] - Browser is opened with url: 'mayatour.y-it.co.il'

2018-12-26 15:52:15 - [MESSAGE][PASSED] - Current window maximized

2018-12-26 15:52:16 - [MESSAGE][PASSED] - Text 'yit.testings' is set on object 'Object Repository/Y-IT Log In/input_ _userName'

2018-12-26 15:52:16 - [MESSAGE][PASSED] - Text ****** has been set on object 'Object Repository/Y-IT Log In/input_ _password'

2018-12-26 15:52:16 - [MESSAGE][PASSED] - Object: 'Object Repository/Y-IT Log In/input_  _submit' is clicked on

2018-12-26 15:52:16 - [MESSAGE][PASSED] - login.c_login.logIn is PASSED

2018-12-26 15:52:16 - [TEST_STEP][PASSED] - delay(1): Delayed 1 second(s)

2018-12-26 15:52:17 - [MESSAGE][PASSED] - Delayed 1 second(s)

2018-12-26 15:52:17 - [TEST_STEP][PASSED] - waitForElementPresent(findTestObject("Pre-Salary/driversListDropdownOpen"), 15): Object 'Object Repository/Pre-Salary/driversListDropdownOpen' is present

2018-12-26 15:52:19 - [MESSAGE][PASSED] - Object 'Object Repository/Pre-Salary/driversListDropdownOpen' is present

2018-12-26 15:52:19 - [TEST_STEP][PASSED] - waitForElementNotPresent(findTestObject("Pre-Salary/isLoadingDropdown"), 15): Web element with id: 'Object Repository/Pre-Salary/isLoadingDropdown' located by 'By.cssSelector: div[id="preSalaryview"] > div:nth-of-type(2) > div:nth-of-type(1) > div:nth-of-type(2) > div:nth-of-type(1) > div:nth-of-type(5) > div:nth-of-type(1) > div:nth-of-type(1) > span:nth-of-type(1) > span:nth-of-type(1) > span:nth-of-type(2) > span:nth-of-type(1)[class="k-icon k-i-arrow-60-down k-i-loading"]' is not present after '15' second(s)

2018-12-26 15:52:19 - [MESSAGE][PASSED] - Web element with id: 'Object Repository/Pre-Salary/isLoadingDropdown' located by 'By.cssSelector: div[id="preSalaryview"] > div:nth-of-type(2) > div:nth-of-type(1) > div:nth-of-type(2) > div:nth-of-type(1) > div:nth-of-type(5) > div:nth-of-type(1) > div:nth-of-type(1) > span:nth-of-type(1) > span:nth-of-type(1) > span:nth-of-type(2) > span:nth-of-type(1)[class="k-icon k-i-arrow-60-down k-i-loading"]' is not present after '15' second(s)

2018-12-26 15:52:19 - [TEST_STEP][PASSED] - delay(1): Delayed 1 second(s)

2018-12-26 15:52:20 - [MESSAGE][PASSED] - Delayed 1 second(s)

2018-12-26 15:52:20 - [TEST_STEP][PASSED] - click(findTestObject("Pre-Salary/driversListDropdownOpen")): Object: 'Object Repository/Pre-Salary/driversListDropdownOpen' is clicked on

2018-12-26 15:52:20 - [MESSAGE][PASSED] - Object: 'Object Repository/Pre-Salary/driversListDropdownOpen' is clicked on

2018-12-26 15:52:20 - [TEST_STEP][PASSED] - delay(1): Delayed 1 second(s)

2018-12-26 15:52:21 - [MESSAGE][PASSED] - Delayed 1 second(s)

2018-12-26 15:52:21 - [TEST_STEP][FAILED] - try: Unable to set text '3391' of object 'Object Repository/Pre-Salary/driversListDropdownSearchBox' (Root cause: org.openqa.selenium.ElementNotVisibleException: element not interactable
  (Session info: chrome=71.0.3578.98)
  (Driver info: chromedriver=2.43.600210 (68dcf5eebde37173d4027fa8635e332711d2874a),platform=Windows NT 10.0.17134 x86_64) (WARNING: The server did not provide any stacktrace information)
Command duration or timeout: 0 milliseconds
Build info: version: '3.7.1', revision: '8a0099a', time: '2017-11-06T21:07:36.161Z'
System info: host: 'QA-PC', ip: '192.168.1.145', os.name: 'Windows 10', os.arch: 'amd64', os.version: '10.0', java.version: '1.8.0_181'
Driver info: com.kms.katalon.selenium.driver.CChromeDriver
Capabilities {acceptInsecureCerts: false, acceptSslCerts: false, applicationCacheEnabled: false, browserConnectionEnabled: false, browserName: chrome, chrome: {chromedriverVersion: 2.43.600210 (68dcf5eebde371..., userDataDir: C:\Users\leon.b\AppData\Loc...}, cssSelectorsEnabled: true, databaseEnabled: false, goog:chromeOptions: {debuggerAddress: localhost:62379}, handlesAlerts: true, hasTouchScreen: false, javascriptEnabled: true, locationContextEnabled: true, mobileEmulationEnabled: false, nativeEvents: true, networkConnectionEnabled: false, pageLoadStrategy: normal, platform: XP, platformName: XP, rotatable: false, setWindowRect: true, takesHeapSnapshot: true, takesScreenshot: true, unexpectedAlertBehaviour: , unhandledPromptBehavior: , version: 71.0.3578.98, webStorageEnabled: true}
Session ID: f32b3911f59e2ede0d9a07d9355d8c00)

2018-12-26 15:52:21 - [TEST_STEP][FAILED] - setText(findTestObject("Pre-Salary/driversListDropdownSearchBox"), driver_Id): Unable to set text '3391' of object 'Object Repository/Pre-Salary/driversListDropdownSearchBox' (Root cause: org.openqa.selenium.ElementNotVisibleException: element not interactable
  (Session info: chrome=71.0.3578.98)
  (Driver info: chromedriver=2.43.600210 (68dcf5eebde37173d4027fa8635e332711d2874a),platform=Windows NT 10.0.17134 x86_64) (WARNING: The server did not provide any stacktrace information)
Command duration or timeout: 0 milliseconds
Build info: version: '3.7.1', revision: '8a0099a', time: '2017-11-06T21:07:36.161Z'
System info: host: 'QA-PC', ip: '192.168.1.145', os.name: 'Windows 10', os.arch: 'amd64', os.version: '10.0', java.version: '1.8.0_181'
Driver info: com.kms.katalon.selenium.driver.CChromeDriver
Capabilities {acceptInsecureCerts: false, acceptSslCerts: false, applicationCacheEnabled: false, browserConnectionEnabled: false, browserName: chrome, chrome: {chromedriverVersion: 2.43.600210 (68dcf5eebde371..., userDataDir: C:\Users\leon.b\AppData\Loc...}, cssSelectorsEnabled: true, databaseEnabled: false, goog:chromeOptions: {debuggerAddress: localhost:62379}, handlesAlerts: true, hasTouchScreen: false, javascriptEnabled: true, locationContextEnabled: true, mobileEmulationEnabled: false, nativeEvents: true, networkConnectionEnabled: false, pageLoadStrategy: normal, platform: XP, platformName: XP, rotatable: false, setWindowRect: true, takesHeapSnapshot: true, takesScreenshot: true, unexpectedAlertBehaviour: , unhandledPromptBehavior: , version: 71.0.3578.98, webStorageEnabled: true}
Session ID: f32b3911f59e2ede0d9a07d9355d8c00)

2018-12-26 15:52:22 - [MESSAGE][FAILED] - Unable to set text '3391' of object 'Object Repository/Pre-Salary/driversListDropdownSearchBox' (Root cause: org.openqa.selenium.ElementNotVisibleException: element not interactable
  (Session info: chrome=71.0.3578.98)
  (Driver info: chromedriver=2.43.600210 (68dcf5eebde37173d4027fa8635e332711d2874a),platform=Windows NT 10.0.17134 x86_64) (WARNING: The server did not provide any stacktrace information)
Command duration or timeout: 0 milliseconds
Build info: version: '3.7.1', revision: '8a0099a', time: '2017-11-06T21:07:36.161Z'
System info: host: 'QA-PC', ip: '192.168.1.145', os.name: 'Windows 10', os.arch: 'amd64', os.version: '10.0', java.version: '1.8.0_181'
Driver info: com.kms.katalon.selenium.driver.CChromeDriver
Capabilities {acceptInsecureCerts: false, acceptSslCerts: false, applicationCacheEnabled: false, browserConnectionEnabled: false, browserName: chrome, chrome: {chromedriverVersion: 2.43.600210 (68dcf5eebde371..., userDataDir: C:\Users\leon.b\AppData\Loc...}, cssSelectorsEnabled: true, databaseEnabled: false, goog:chromeOptions: {debuggerAddress: localhost:62379}, handlesAlerts: true, hasTouchScreen: false, javascriptEnabled: true, locationContextEnabled: true, mobileEmulationEnabled: false, nativeEvents: true, networkConnectionEnabled: false, pageLoadStrategy: normal, platform: XP, platformName: XP, rotatable: false, setWindowRect: true, takesHeapSnapshot: true, takesScreenshot: true, unexpectedAlertBehaviour: , unhandledPromptBehavior: , version: 71.0.3578.98, webStorageEnabled: true}
Session ID: f32b3911f59e2ede0d9a07d9355d8c00)
[[ATTACHMENT|C:\\Users\\leon.b\\Katalon Studio\\Y-IT_TransIT\\Reports\\Pre-Salary\\with Test User\\20181226_155118\\1545832341797.png]]

2018-12-26 15:52:22 - [TEST_STEP][PASSED] - catch (Exception err): Text '3391' is set on object 'Object Repository/Pre-Salary/driversListDropdownSearchBox'

2018-12-26 15:52:22 - [TEST_STEP][PASSED] - delay(5): Delayed 5 second(s)

2018-12-26 15:52:27 - [MESSAGE][PASSED] - Delayed 5 second(s)

2018-12-26 15:52:27 - [TEST_STEP][PASSED] - setText(findTestObject("Pre-Salary/driversListDropdownSearchBox"), driver_Id): Text '3391' is set on object 'Object Repository/Pre-Salary/driversListDropdownSearchBox'

2018-12-26 15:52:27 - [MESSAGE][PASSED] - Text '3391' is set on object 'Object Repository/Pre-Salary/driversListDropdownSearchBox'

2018-12-26 15:52:27 - [TEST_STEP][PASSED] - delay(1): Delayed 1 second(s)

2018-12-26 15:52:28 - [MESSAGE][PASSED] - Delayed 1 second(s)

2018-12-26 15:52:28 - [TEST_STEP][PASSED] - click(findTestObject("Pre-Salary/driversListDropdownSelectFirstDriver")): Object: 'Object Repository/Pre-Salary/driversListDropdownSelectFirstDriver' is clicked on

2018-12-26 15:52:28 - [MESSAGE][PASSED] - Object: 'Object Repository/Pre-Salary/driversListDropdownSelectFirstDriver' is clicked on

2018-12-26 15:52:28 - [TEST_STEP][PASSED] - delay(1): Delayed 1 second(s)

2018-12-26 15:52:29 - [MESSAGE][PASSED] - Delayed 1 second(s)

2018-12-26 15:52:29 - [TEST_STEP][PASSED] - click(findTestObject("Pre-Salary/importButton")): Object: 'Object Repository/Pre-Salary/importButton' is clicked on

2018-12-26 15:52:29 - [MESSAGE][PASSED] - Object: 'Object Repository/Pre-Salary/importButton' is clicked on

2018-12-26 15:52:29 - [TEST_STEP][PASSED] - delay(1): Delayed 1 second(s)

2018-12-26 15:52:30 - [MESSAGE][PASSED] - Delayed 1 second(s)

2018-12-26 15:52:30 - [TEST_STEP][PASSED] - try: Object: 'Object Repository/Pre-Salary/firstDriverInCalculationSummeryTable' is double clicked on

2018-12-26 15:52:30 - [TEST_STEP][PASSED] - waitForElementPresent(findTestObject("Pre-Salary/firstDriverInCalculationSummeryTable"), 20): Object 'Object Repository/Pre-Salary/firstDriverInCalculationSummeryTable' is present

2018-12-26 15:52:38 - [MESSAGE][PASSED] - Object 'Object Repository/Pre-Salary/firstDriverInCalculationSummeryTable' is present

2018-12-26 15:52:38 - [TEST_STEP][PASSED] - doubleClick(findTestObject("Pre-Salary/firstDriverInCalculationSummeryTable")): Object: 'Object Repository/Pre-Salary/firstDriverInCalculationSummeryTable' is double clicked on

2018-12-26 15:52:38 - [MESSAGE][PASSED] - Object: 'Object Repository/Pre-Salary/firstDriverInCalculationSummeryTable' is double clicked on

2018-12-26 15:52:38 - [TEST_STEP][PASSED] - waitForElementPresent(findTestObject("Pre-Salary/driversReportTable"), 20): Object 'Object Repository/Pre-Salary/driversReportTable' is present

2018-12-26 15:52:40 - [MESSAGE][PASSED] - Object 'Object Repository/Pre-Salary/driversReportTable' is present

2018-12-26 15:52:40 - [TEST_STEP][PASSED] - waitForElementPresent(findTestObject("Pre-Salary/driversReportTable"), 20): Object 'Object Repository/Pre-Salary/driversReportTable' is present

2018-12-26 15:52:40 - [MESSAGE][PASSED] - Object 'Object Repository/Pre-Salary/driversReportTable' is present

2018-12-26 15:52:40 - [TEST_STEP][PASSED] - verifyElementPresent(findTestObject("Pre-Salary/driversReportTable"), 2): Object 'Object Repository/Pre-Salary/driversReportTable' is present

2018-12-26 15:52:40 - [MESSAGE][PASSED] - Object 'Object Repository/Pre-Salary/driversReportTable' is present

2018-12-26 15:52:40 - [TEST_STEP][PASSED] - verifyElementPresent(findTestObject("Pre-Salary/driversCodeId_InDriversReportTableHeader"), 2): Object 'Object Repository/Pre-Salary/driversCodeId_InDriversReportTableHeader' is present

2018-12-26 15:52:40 - [MESSAGE][PASSED] - Object 'Object Repository/Pre-Salary/driversCodeId_InDriversReportTableHeader' is present

2018-12-26 15:52:40 - [TEST_STEP][PASSED] - driverCodeFromReport = getText(findTestObject("Pre-Salary/driversCodeId_InDriversReportTableHeader")): Text of object 'Object Repository/Pre-Salary/driversCodeId_InDriversReportTableHeader' is: '3391'

2018-12-26 15:52:40 - [MESSAGE][PASSED] - Text of object 'Object Repository/Pre-Salary/driversCodeId_InDriversReportTableHeader' is: '3391'

2018-12-26 15:52:40 - [TEST_STEP][PASSED] - if (driverCodeFromReport != driver_Id): null

2018-12-26 15:52:40 - [TEST_STEP][PASSED] - closeBrowser(): Browser is closed

2018-12-26 15:52:41 - [MESSAGE][PASSED] - Browser is closed]]></system-out>
         <system-err><![CDATA[]]></system-err>
      </testcase>
      <system-out><![CDATA[2018-12-26 15:51:20 - [TEST_SUITE][PASSED] - with Test User: Test Cases/Pre-Salary/Driver Calc with Test User]]></system-out>
      <system-err><![CDATA[]]></system-err>
   </testsuite>
</testsuites>
