<?xml version="1.0" encoding="UTF-8"?>
<testsuites name="Kiosk Sanity Login Test" time="150" tests="2" failures="2" errors="0">
   <testsuite name="Kiosk Sanity Login Test" tests="2" failures="2" errors="0" time="150" timestamp="2019-01-24 15:07:51" hostname="leon.b - QA-PC.Y-it.Local" id="Test Suites/Production/Kiosk Sanity Login Test">
      <properties>
         <property name="deviceName" value=""/>
         <property name="devicePlatform" value=""/>
         <property name="logFolder" value="C:\\Users\\leon.b\\Katalon Studio\\Y-IT_TransIT\\Reports\\Production\\Kiosk Sanity Login Test\\20190124_150749"/>
         <property name="logFiles" value="C:\\Users\\leon.b\\Katalon Studio\\Y-IT_TransIT\\Reports\\Production\\Kiosk Sanity Login Test\\20190124_150749\\execution0.log"/>
         <property name="attachments" value="C:\\Users\\leon.b\\Katalon Studio\\Y-IT_TransIT\\Reports\\Production\\Kiosk Sanity Login Test\\20190124_150749\\1548335352826.png, C:\\Users\\leon.b\\Katalon Studio\\Y-IT_TransIT\\Reports\\Production\\Kiosk Sanity Login Test\\20190124_150749\\1548335353182.png, C:\\Users\\leon.b\\Katalon Studio\\Y-IT_TransIT\\Reports\\Production\\Kiosk Sanity Login Test\\20190124_150749\\1548335405771.png, C:\\Users\\leon.b\\Katalon Studio\\Y-IT_TransIT\\Reports\\Production\\Kiosk Sanity Login Test\\20190124_150749\\1548335406167.png"/>
         <property name="hostName" value="leon.b - QA-PC.Y-it.Local"/>
         <property name="os" value="Windows 10 64bit"/>
         <property name="katalonVersion" value="5.10.1.1"/>
         <property name="browser" value="Chrome 71.0.3578.98"/>
         <property name="hostAddress" value="192.168.1.145"/>
         <property name="sessionId" value="1bfdd357ef5af61298ba43fef612565d"/>
         <property name="seleniumVersion" value="3.7.1"/>
         <property name="proxyInformation" value="ProxyInformation{proxyOption=NO_PROXY, proxyServerType=HTTP, password=, proxyServerAddress=, proxyServerPort=0}"/>
         <property name="platform" value="Windows 10"/>
      </properties>
      <testcase name="Test Cases/kiosk/kiosk sanity" classname="Test Cases/kiosk/kiosk sanity" status="PASSED">
         <system-out><![CDATA[2019-01-24 15:07:52 - [TEST_CASE][PASSED] - Test Cases/kiosk/kiosk sanity: Test Cases/kiosk/kiosk sanity

2019-01-24 15:07:52 - [TEST_STEP][PASSED] - openBrowser(site): Browser is opened with url: 'eggedtaavura.kiosk.y-it.co.il/login'

2019-01-24 15:07:53 - [MESSAGE][INFO] - Starting 'Chrome' driver

2019-01-24 15:07:53 - [MESSAGE][INFO] - Action delay is set to 0 seconds

2019-01-24 15:08:00 - [MESSAGE][PASSED] - Browser is opened with url: 'eggedtaavura.kiosk.y-it.co.il/login'

2019-01-24 15:08:00 - [TEST_STEP][PASSED] - maximizeWindow(): Current window maximized

2019-01-24 15:08:01 - [MESSAGE][PASSED] - Current window maximized

2019-01-24 15:08:01 - [TEST_STEP][PASSED] - waitForElementVisible(findTestObject("Kiosk/Login/Code Plus Id/driverCodeInput"), 15): Object 'Object Repository/Kiosk/Login/Code Plus Id/driverCodeInput' is visible

2019-01-24 15:08:01 - [MESSAGE][PASSED] - Object 'Object Repository/Kiosk/Login/Code Plus Id/driverCodeInput' is visible

2019-01-24 15:08:01 - [TEST_STEP][PASSED] - waitForElementVisible(findTestObject("Kiosk/Login/Code Plus Id/driverIdInput"), 15): Object 'Object Repository/Kiosk/Login/Code Plus Id/driverIdInput' is visible

2019-01-24 15:08:01 - [MESSAGE][PASSED] - Object 'Object Repository/Kiosk/Login/Code Plus Id/driverIdInput' is visible

2019-01-24 15:08:01 - [TEST_STEP][PASSED] - waitForElementVisible(findTestObject("Kiosk/Login/Code Plus Id/enterButton"), 15): Object 'Object Repository/Kiosk/Login/Code Plus Id/enterButton' is visible

2019-01-24 15:08:01 - [MESSAGE][PASSED] - Object 'Object Repository/Kiosk/Login/Code Plus Id/enterButton' is visible

2019-01-24 15:08:01 - [TEST_STEP][PASSED] - delay(1): Delayed 1 second(s)

2019-01-24 15:08:02 - [MESSAGE][PASSED] - Delayed 1 second(s)

2019-01-24 15:08:02 - [TEST_STEP][PASSED] - setText(findTestObject("Kiosk/Login/Code Plus Id/driverCodeInput"), driverCode): Text '52' is set on object 'Object Repository/Kiosk/Login/Code Plus Id/driverCodeInput'

2019-01-24 15:08:02 - [MESSAGE][PASSED] - Text '52' is set on object 'Object Repository/Kiosk/Login/Code Plus Id/driverCodeInput'

2019-01-24 15:08:02 - [TEST_STEP][PASSED] - setText(findTestObject("Kiosk/Login/Code Plus Id/driverIdInput"), driverId): Text '053028841' is set on object 'Object Repository/Kiosk/Login/Code Plus Id/driverIdInput'

2019-01-24 15:08:02 - [MESSAGE][PASSED] - Text '053028841' is set on object 'Object Repository/Kiosk/Login/Code Plus Id/driverIdInput'

2019-01-24 15:08:02 - [TEST_STEP][PASSED] - delay(1): Delayed 1 second(s)

2019-01-24 15:08:03 - [MESSAGE][PASSED] - Delayed 1 second(s)

2019-01-24 15:08:03 - [TEST_STEP][PASSED] - click(findTestObject("Kiosk/Login/Code Plus Id/enterButton")): Object: 'Object Repository/Kiosk/Login/Code Plus Id/enterButton' is clicked on

2019-01-24 15:08:03 - [MESSAGE][PASSED] - Object: 'Object Repository/Kiosk/Login/Code Plus Id/enterButton' is clicked on

2019-01-24 15:08:03 - [TEST_STEP][PASSED] - waitForElementVisible(findTestObject("Kiosk/Lobby/header"), 15): Object 'Object Repository/Kiosk/Lobby/header' is visible

2019-01-24 15:08:05 - [MESSAGE][PASSED] - Object 'Object Repository/Kiosk/Lobby/header' is visible

2019-01-24 15:08:05 - [TEST_STEP][PASSED] - verifyElementVisibleInViewport(findTestObject("Kiosk/Lobby/header"), 5): Object 'Object Repository/Kiosk/Lobby/header' is present and visible in viewport

2019-01-24 15:08:05 - [MESSAGE][PASSED] - Object 'Object Repository/Kiosk/Lobby/header' is present and visible in viewport

2019-01-24 15:08:05 - [TEST_STEP][PASSED] - waitForElementVisible(findTestObject("Kiosk/Lobby/workTicketButton"), 15): Object 'Object Repository/Kiosk/Lobby/workTicketButton' is visible

2019-01-24 15:08:05 - [MESSAGE][PASSED] - Object 'Object Repository/Kiosk/Lobby/workTicketButton' is visible

2019-01-24 15:08:05 - [TEST_STEP][PASSED] - verifyElementClickable(findTestObject("Kiosk/Lobby/workTicketButton"), STOP_ON_FAILURE): Object 'Object Repository/Kiosk/Lobby/workTicketButton' is clickable

2019-01-24 15:08:05 - [MESSAGE][PASSED] - Object 'Object Repository/Kiosk/Lobby/workTicketButton' is clickable

2019-01-24 15:08:05 - [TEST_STEP][PASSED] - delay(1): Delayed 1 second(s)

2019-01-24 15:08:06 - [MESSAGE][PASSED] - Delayed 1 second(s)

2019-01-24 15:08:06 - [TEST_STEP][PASSED] - click(findTestObject("Kiosk/Lobby/workTicketButton")): Object: 'Object Repository/Kiosk/Lobby/workTicketButton' is clicked on

2019-01-24 15:08:06 - [MESSAGE][PASSED] - Object: 'Object Repository/Kiosk/Lobby/workTicketButton' is clicked on

2019-01-24 15:08:06 - [TEST_STEP][PASSED] - waitForElementVisible(findTestObject("Kiosk/Work Ticket/statusDropdown"), 15): Object 'Object Repository/Kiosk/Work Ticket/statusDropdown' is visible

2019-01-24 15:08:06 - [MESSAGE][PASSED] - Object 'Object Repository/Kiosk/Work Ticket/statusDropdown' is visible

2019-01-24 15:08:06 - [TEST_STEP][PASSED] - verifyElementVisibleInViewport(findTestObject("Kiosk/Work Ticket/statusDropdown"), 5): Object 'Object Repository/Kiosk/Work Ticket/statusDropdown' is present and visible in viewport

2019-01-24 15:08:06 - [MESSAGE][PASSED] - Object 'Object Repository/Kiosk/Work Ticket/statusDropdown' is present and visible in viewport

2019-01-24 15:08:06 - [TEST_STEP][PASSED] - waitForElementVisible(findTestObject("Kiosk/Work Ticket/datesTableFirstRow"), 15): Object 'Object Repository/Kiosk/Work Ticket/datesTableFirstRow' is visible

2019-01-24 15:08:08 - [MESSAGE][PASSED] - Object 'Object Repository/Kiosk/Work Ticket/datesTableFirstRow' is visible

2019-01-24 15:08:08 - [TEST_STEP][PASSED] - verifyElementVisibleInViewport(findTestObject("Kiosk/Work Ticket/datesTableFirstRow"), 5): Object 'Object Repository/Kiosk/Work Ticket/datesTableFirstRow' is present and visible in viewport

2019-01-24 15:08:08 - [MESSAGE][PASSED] - Object 'Object Repository/Kiosk/Work Ticket/datesTableFirstRow' is present and visible in viewport

2019-01-24 15:08:08 - [TEST_STEP][PASSED] - waitForElementVisible(findTestObject("Kiosk/Work Ticket/mainTableFirstRow"), 15): Object 'Object Repository/Kiosk/Work Ticket/mainTableFirstRow' is visible

2019-01-24 15:08:08 - [MESSAGE][PASSED] - Object 'Object Repository/Kiosk/Work Ticket/mainTableFirstRow' is visible

2019-01-24 15:08:08 - [TEST_STEP][PASSED] - verifyElementVisibleInViewport(findTestObject("Kiosk/Work Ticket/mainTableFirstRow"), 5): Object 'Object Repository/Kiosk/Work Ticket/mainTableFirstRow' is present and visible in viewport

2019-01-24 15:08:08 - [MESSAGE][PASSED] - Object 'Object Repository/Kiosk/Work Ticket/mainTableFirstRow' is present and visible in viewport

2019-01-24 15:08:08 - [TEST_STEP][PASSED] - waitForElementVisible(findTestObject("Kiosk/Work Ticket/back button"), 15): Object 'Object Repository/Kiosk/Work Ticket/back button' is visible

2019-01-24 15:08:08 - [MESSAGE][PASSED] - Object 'Object Repository/Kiosk/Work Ticket/back button' is visible

2019-01-24 15:08:08 - [TEST_STEP][PASSED] - verifyElementVisibleInViewport(findTestObject("Kiosk/Work Ticket/back button"), 5): Object 'Object Repository/Kiosk/Work Ticket/back button' is present and visible in viewport

2019-01-24 15:08:08 - [MESSAGE][PASSED] - Object 'Object Repository/Kiosk/Work Ticket/back button' is present and visible in viewport

2019-01-24 15:08:08 - [TEST_STEP][PASSED] - delay(1): Delayed 1 second(s)

2019-01-24 15:08:09 - [MESSAGE][PASSED] - Delayed 1 second(s)

2019-01-24 15:08:09 - [TEST_STEP][PASSED] - click(findTestObject("Kiosk/Work Ticket/back button")): Object: 'Object Repository/Kiosk/Work Ticket/back button' is clicked on

2019-01-24 15:08:09 - [MESSAGE][PASSED] - Object: 'Object Repository/Kiosk/Work Ticket/back button' is clicked on

2019-01-24 15:08:09 - [TEST_STEP][PASSED] - waitForElementVisible(findTestObject("Kiosk/Lobby/header"), 15): Object 'Object Repository/Kiosk/Lobby/header' is visible

2019-01-24 15:08:09 - [MESSAGE][PASSED] - Object 'Object Repository/Kiosk/Lobby/header' is visible

2019-01-24 15:08:09 - [TEST_STEP][PASSED] - verifyElementVisibleInViewport(findTestObject("Kiosk/Lobby/header"), 5): Object 'Object Repository/Kiosk/Lobby/header' is present and visible in viewport

2019-01-24 15:08:09 - [MESSAGE][PASSED] - Object 'Object Repository/Kiosk/Lobby/header' is present and visible in viewport

2019-01-24 15:08:09 - [TEST_STEP][PASSED] - waitForElementVisible(findTestObject("Kiosk/Lobby/workTicketButton"), 15): Object 'Object Repository/Kiosk/Lobby/workTicketButton' is visible

2019-01-24 15:08:09 - [MESSAGE][PASSED] - Object 'Object Repository/Kiosk/Lobby/workTicketButton' is visible

2019-01-24 15:08:09 - [TEST_STEP][PASSED] - verifyElementClickable(findTestObject("Kiosk/Lobby/workTicketButton"), STOP_ON_FAILURE): Object 'Object Repository/Kiosk/Lobby/workTicketButton' is clickable

2019-01-24 15:08:09 - [MESSAGE][PASSED] - Object 'Object Repository/Kiosk/Lobby/workTicketButton' is clickable

2019-01-24 15:08:09 - [TEST_STEP][PASSED] - waitForElementVisible(findTestObject("Kiosk/Lobby/logoutButton"), 15): Object 'Object Repository/Kiosk/Lobby/logoutButton' is visible

2019-01-24 15:08:09 - [MESSAGE][PASSED] - Object 'Object Repository/Kiosk/Lobby/logoutButton' is visible

2019-01-24 15:08:09 - [TEST_STEP][PASSED] - verifyElementClickable(findTestObject("Kiosk/Lobby/logoutButton"), STOP_ON_FAILURE): Object 'Object Repository/Kiosk/Lobby/logoutButton' is clickable

2019-01-24 15:08:09 - [MESSAGE][PASSED] - Object 'Object Repository/Kiosk/Lobby/logoutButton' is clickable

2019-01-24 15:08:09 - [TEST_STEP][PASSED] - click(findTestObject("Kiosk/Lobby/logoutButton")): Object: 'Object Repository/Kiosk/Lobby/logoutButton' is clicked on

2019-01-24 15:08:09 - [MESSAGE][PASSED] - Object: 'Object Repository/Kiosk/Lobby/logoutButton' is clicked on

2019-01-24 15:08:09 - [TEST_STEP][PASSED] - waitForElementVisible(findTestObject("Kiosk/Login/Code Plus Id/enterButton"), 15): Object 'Object Repository/Kiosk/Login/Code Plus Id/enterButton' is visible

2019-01-24 15:08:09 - [MESSAGE][PASSED] - Object 'Object Repository/Kiosk/Login/Code Plus Id/enterButton' is visible

2019-01-24 15:08:09 - [TEST_STEP][PASSED] - closeBrowser(): Browser is closed

2019-01-24 15:08:10 - [MESSAGE][PASSED] - Browser is closed]]></system-out>
         <system-err><![CDATA[]]></system-err>
      </testcase>
      <testcase name="Test Cases/kiosk/kiosk sanity" classname="Test Cases/kiosk/kiosk sanity" status="PASSED">
         <system-out><![CDATA[2019-01-24 15:08:10 - [TEST_CASE][PASSED] - Test Cases/kiosk/kiosk sanity: Test Cases/kiosk/kiosk sanity

2019-01-24 15:08:10 - [TEST_STEP][PASSED] - openBrowser(site): Browser is opened with url: 'afikim.kiosk.y-it.co.il/login'

2019-01-24 15:08:10 - [MESSAGE][INFO] - Starting 'Chrome' driver

2019-01-24 15:08:16 - [MESSAGE][PASSED] - Browser is opened with url: 'afikim.kiosk.y-it.co.il/login'

2019-01-24 15:08:16 - [TEST_STEP][PASSED] - maximizeWindow(): Current window maximized

2019-01-24 15:08:18 - [MESSAGE][PASSED] - Current window maximized

2019-01-24 15:08:18 - [TEST_STEP][PASSED] - waitForElementVisible(findTestObject("Kiosk/Login/Code Plus Id/driverCodeInput"), 15): Object 'Object Repository/Kiosk/Login/Code Plus Id/driverCodeInput' is visible

2019-01-24 15:08:18 - [MESSAGE][PASSED] - Object 'Object Repository/Kiosk/Login/Code Plus Id/driverCodeInput' is visible

2019-01-24 15:08:18 - [TEST_STEP][PASSED] - waitForElementVisible(findTestObject("Kiosk/Login/Code Plus Id/driverIdInput"), 15): Object 'Object Repository/Kiosk/Login/Code Plus Id/driverIdInput' is visible

2019-01-24 15:08:18 - [MESSAGE][PASSED] - Object 'Object Repository/Kiosk/Login/Code Plus Id/driverIdInput' is visible

2019-01-24 15:08:18 - [TEST_STEP][PASSED] - waitForElementVisible(findTestObject("Kiosk/Login/Code Plus Id/enterButton"), 15): Object 'Object Repository/Kiosk/Login/Code Plus Id/enterButton' is visible

2019-01-24 15:08:18 - [MESSAGE][PASSED] - Object 'Object Repository/Kiosk/Login/Code Plus Id/enterButton' is visible

2019-01-24 15:08:18 - [TEST_STEP][PASSED] - delay(1): Delayed 1 second(s)

2019-01-24 15:08:19 - [MESSAGE][PASSED] - Delayed 1 second(s)

2019-01-24 15:08:19 - [TEST_STEP][PASSED] - setText(findTestObject("Kiosk/Login/Code Plus Id/driverCodeInput"), driverCode): Text '9628' is set on object 'Object Repository/Kiosk/Login/Code Plus Id/driverCodeInput'

2019-01-24 15:08:19 - [MESSAGE][PASSED] - Text '9628' is set on object 'Object Repository/Kiosk/Login/Code Plus Id/driverCodeInput'

2019-01-24 15:08:19 - [TEST_STEP][PASSED] - setText(findTestObject("Kiosk/Login/Code Plus Id/driverIdInput"), driverId): Text '028377000' is set on object 'Object Repository/Kiosk/Login/Code Plus Id/driverIdInput'

2019-01-24 15:08:19 - [MESSAGE][PASSED] - Text '028377000' is set on object 'Object Repository/Kiosk/Login/Code Plus Id/driverIdInput'

2019-01-24 15:08:19 - [TEST_STEP][PASSED] - delay(1): Delayed 1 second(s)

2019-01-24 15:08:20 - [MESSAGE][PASSED] - Delayed 1 second(s)

2019-01-24 15:08:20 - [TEST_STEP][PASSED] - click(findTestObject("Kiosk/Login/Code Plus Id/enterButton")): Object: 'Object Repository/Kiosk/Login/Code Plus Id/enterButton' is clicked on

2019-01-24 15:08:20 - [MESSAGE][PASSED] - Object: 'Object Repository/Kiosk/Login/Code Plus Id/enterButton' is clicked on

2019-01-24 15:08:20 - [TEST_STEP][PASSED] - waitForElementVisible(findTestObject("Kiosk/Lobby/header"), 15): Object 'Object Repository/Kiosk/Lobby/header' is visible

2019-01-24 15:08:21 - [MESSAGE][PASSED] - Object 'Object Repository/Kiosk/Lobby/header' is visible

2019-01-24 15:08:21 - [TEST_STEP][PASSED] - verifyElementVisibleInViewport(findTestObject("Kiosk/Lobby/header"), 5): Object 'Object Repository/Kiosk/Lobby/header' is present and visible in viewport

2019-01-24 15:08:21 - [MESSAGE][PASSED] - Object 'Object Repository/Kiosk/Lobby/header' is present and visible in viewport

2019-01-24 15:08:21 - [TEST_STEP][PASSED] - waitForElementVisible(findTestObject("Kiosk/Lobby/workTicketButton"), 15): Object 'Object Repository/Kiosk/Lobby/workTicketButton' is visible

2019-01-24 15:08:21 - [MESSAGE][PASSED] - Object 'Object Repository/Kiosk/Lobby/workTicketButton' is visible

2019-01-24 15:08:21 - [TEST_STEP][PASSED] - verifyElementClickable(findTestObject("Kiosk/Lobby/workTicketButton"), STOP_ON_FAILURE): Object 'Object Repository/Kiosk/Lobby/workTicketButton' is clickable

2019-01-24 15:08:21 - [MESSAGE][PASSED] - Object 'Object Repository/Kiosk/Lobby/workTicketButton' is clickable

2019-01-24 15:08:21 - [TEST_STEP][PASSED] - delay(1): Delayed 1 second(s)

2019-01-24 15:08:22 - [MESSAGE][PASSED] - Delayed 1 second(s)

2019-01-24 15:08:22 - [TEST_STEP][PASSED] - click(findTestObject("Kiosk/Lobby/workTicketButton")): Object: 'Object Repository/Kiosk/Lobby/workTicketButton' is clicked on

2019-01-24 15:08:22 - [MESSAGE][PASSED] - Object: 'Object Repository/Kiosk/Lobby/workTicketButton' is clicked on

2019-01-24 15:08:22 - [TEST_STEP][PASSED] - waitForElementVisible(findTestObject("Kiosk/Work Ticket/statusDropdown"), 15): Object 'Object Repository/Kiosk/Work Ticket/statusDropdown' is visible

2019-01-24 15:08:22 - [MESSAGE][PASSED] - Object 'Object Repository/Kiosk/Work Ticket/statusDropdown' is visible

2019-01-24 15:08:22 - [TEST_STEP][PASSED] - verifyElementVisibleInViewport(findTestObject("Kiosk/Work Ticket/statusDropdown"), 5): Object 'Object Repository/Kiosk/Work Ticket/statusDropdown' is present and visible in viewport

2019-01-24 15:08:22 - [MESSAGE][PASSED] - Object 'Object Repository/Kiosk/Work Ticket/statusDropdown' is present and visible in viewport

2019-01-24 15:08:22 - [TEST_STEP][PASSED] - waitForElementVisible(findTestObject("Kiosk/Work Ticket/datesTableFirstRow"), 15): Object 'Object Repository/Kiosk/Work Ticket/datesTableFirstRow' is visible

2019-01-24 15:08:23 - [MESSAGE][PASSED] - Object 'Object Repository/Kiosk/Work Ticket/datesTableFirstRow' is visible

2019-01-24 15:08:23 - [TEST_STEP][PASSED] - verifyElementVisibleInViewport(findTestObject("Kiosk/Work Ticket/datesTableFirstRow"), 5): Object 'Object Repository/Kiosk/Work Ticket/datesTableFirstRow' is present and visible in viewport

2019-01-24 15:08:23 - [MESSAGE][PASSED] - Object 'Object Repository/Kiosk/Work Ticket/datesTableFirstRow' is present and visible in viewport

2019-01-24 15:08:23 - [TEST_STEP][PASSED] - waitForElementVisible(findTestObject("Kiosk/Work Ticket/mainTableFirstRow"), 15): Object 'Object Repository/Kiosk/Work Ticket/mainTableFirstRow' is visible

2019-01-24 15:08:23 - [MESSAGE][PASSED] - Object 'Object Repository/Kiosk/Work Ticket/mainTableFirstRow' is visible

2019-01-24 15:08:23 - [TEST_STEP][PASSED] - verifyElementVisibleInViewport(findTestObject("Kiosk/Work Ticket/mainTableFirstRow"), 5): Object 'Object Repository/Kiosk/Work Ticket/mainTableFirstRow' is present and visible in viewport

2019-01-24 15:08:23 - [MESSAGE][PASSED] - Object 'Object Repository/Kiosk/Work Ticket/mainTableFirstRow' is present and visible in viewport

2019-01-24 15:08:23 - [TEST_STEP][PASSED] - waitForElementVisible(findTestObject("Kiosk/Work Ticket/back button"), 15): Object 'Object Repository/Kiosk/Work Ticket/back button' is visible

2019-01-24 15:08:23 - [MESSAGE][PASSED] - Object 'Object Repository/Kiosk/Work Ticket/back button' is visible

2019-01-24 15:08:23 - [TEST_STEP][PASSED] - verifyElementVisibleInViewport(findTestObject("Kiosk/Work Ticket/back button"), 5): Object 'Object Repository/Kiosk/Work Ticket/back button' is present and visible in viewport

2019-01-24 15:08:23 - [MESSAGE][PASSED] - Object 'Object Repository/Kiosk/Work Ticket/back button' is present and visible in viewport

2019-01-24 15:08:23 - [TEST_STEP][PASSED] - delay(1): Delayed 1 second(s)

2019-01-24 15:08:24 - [MESSAGE][PASSED] - Delayed 1 second(s)

2019-01-24 15:08:24 - [TEST_STEP][PASSED] - click(findTestObject("Kiosk/Work Ticket/back button")): Object: 'Object Repository/Kiosk/Work Ticket/back button' is clicked on

2019-01-24 15:08:24 - [MESSAGE][PASSED] - Object: 'Object Repository/Kiosk/Work Ticket/back button' is clicked on

2019-01-24 15:08:24 - [TEST_STEP][PASSED] - waitForElementVisible(findTestObject("Kiosk/Lobby/header"), 15): Object 'Object Repository/Kiosk/Lobby/header' is visible

2019-01-24 15:08:24 - [MESSAGE][PASSED] - Object 'Object Repository/Kiosk/Lobby/header' is visible

2019-01-24 15:08:24 - [TEST_STEP][PASSED] - verifyElementVisibleInViewport(findTestObject("Kiosk/Lobby/header"), 5): Object 'Object Repository/Kiosk/Lobby/header' is present and visible in viewport

2019-01-24 15:08:24 - [MESSAGE][PASSED] - Object 'Object Repository/Kiosk/Lobby/header' is present and visible in viewport

2019-01-24 15:08:24 - [TEST_STEP][PASSED] - waitForElementVisible(findTestObject("Kiosk/Lobby/workTicketButton"), 15): Object 'Object Repository/Kiosk/Lobby/workTicketButton' is visible

2019-01-24 15:08:24 - [MESSAGE][PASSED] - Object 'Object Repository/Kiosk/Lobby/workTicketButton' is visible

2019-01-24 15:08:24 - [TEST_STEP][PASSED] - verifyElementClickable(findTestObject("Kiosk/Lobby/workTicketButton"), STOP_ON_FAILURE): Object 'Object Repository/Kiosk/Lobby/workTicketButton' is clickable

2019-01-24 15:08:24 - [MESSAGE][PASSED] - Object 'Object Repository/Kiosk/Lobby/workTicketButton' is clickable

2019-01-24 15:08:24 - [TEST_STEP][PASSED] - waitForElementVisible(findTestObject("Kiosk/Lobby/logoutButton"), 15): Object 'Object Repository/Kiosk/Lobby/logoutButton' is visible

2019-01-24 15:08:24 - [MESSAGE][PASSED] - Object 'Object Repository/Kiosk/Lobby/logoutButton' is visible

2019-01-24 15:08:24 - [TEST_STEP][PASSED] - verifyElementClickable(findTestObject("Kiosk/Lobby/logoutButton"), STOP_ON_FAILURE): Object 'Object Repository/Kiosk/Lobby/logoutButton' is clickable

2019-01-24 15:08:24 - [MESSAGE][PASSED] - Object 'Object Repository/Kiosk/Lobby/logoutButton' is clickable

2019-01-24 15:08:24 - [TEST_STEP][PASSED] - click(findTestObject("Kiosk/Lobby/logoutButton")): Object: 'Object Repository/Kiosk/Lobby/logoutButton' is clicked on

2019-01-24 15:08:24 - [MESSAGE][PASSED] - Object: 'Object Repository/Kiosk/Lobby/logoutButton' is clicked on

2019-01-24 15:08:24 - [TEST_STEP][PASSED] - waitForElementVisible(findTestObject("Kiosk/Login/Code Plus Id/enterButton"), 15): Object 'Object Repository/Kiosk/Login/Code Plus Id/enterButton' is visible

2019-01-24 15:08:25 - [MESSAGE][PASSED] - Object 'Object Repository/Kiosk/Login/Code Plus Id/enterButton' is visible

2019-01-24 15:08:25 - [TEST_STEP][PASSED] - closeBrowser(): Browser is closed

2019-01-24 15:08:25 - [MESSAGE][PASSED] - Browser is closed]]></system-out>
         <system-err><![CDATA[]]></system-err>
      </testcase>
      <testcase name="Test Cases/kiosk/kiosk rfid" classname="Test Cases/kiosk/kiosk rfid" status="FAILED">
         <failure type="FAILED" message="Test Cases/kiosk/kiosk rfid FAILED.
Reason:
com.kms.katalon.core.exception.StepFailedException: Unable to verify object 'Object Repository/Kiosk/Lobby/workTicketButton' to be clickable (Root cause: com.kms.katalon.core.exception.StepFailedException: Web element with id: 'Object Repository/Kiosk/Lobby/workTicketButton' located by 'By.cssSelector: yit-lobby > div:nth-of-type(1) > div:nth-of-type(2) > div:nth-of-type(1).btn-lubby' not found)
	at com.kms.katalon.core.keyword.internal.KeywordMain.stepFailed(KeywordMain.groovy:36)
	at com.kms.katalon.core.webui.keyword.internal.WebUIKeywordMain.stepFailed(WebUIKeywordMain.groovy:65)
	at com.kms.katalon.core.webui.keyword.internal.WebUIKeywordMain.runKeyword(WebUIKeywordMain.groovy:27)
	at com.kms.katalon.core.webui.keyword.builtin.VerifyElementClickableKeyword.verifyElementClickable(VerifyElementClickableKeyword.groovy:96)
	at com.kms.katalon.core.webui.keyword.builtin.VerifyElementClickableKeyword.execute(VerifyElementClickableKeyword.groovy:67)
	at com.kms.katalon.core.keyword.internal.KeywordExecutor.executeKeywordForPlatform(KeywordExecutor.groovy:53)
	at com.kms.katalon.core.webui.keyword.WebUiBuiltInKeywords.verifyElementClickable(WebUiBuiltInKeywords.groovy:548)
	at com.kms.katalon.core.webui.keyword.WebUiBuiltInKeywords$verifyElementClickable$5.call(Unknown Source)
	at kiosk rfid.run(kiosk rfid:48)
	at com.kms.katalon.core.main.ScriptEngine.run(ScriptEngine.java:194)
	at com.kms.katalon.core.main.ScriptEngine.runScriptAsRawText(ScriptEngine.java:119)
	at com.kms.katalon.core.main.TestCaseExecutor.runScript(TestCaseExecutor.java:328)
	at com.kms.katalon.core.main.TestCaseExecutor.doExecute(TestCaseExecutor.java:319)
	at com.kms.katalon.core.main.TestCaseExecutor.processExecutionPhase(TestCaseExecutor.java:298)
	at com.kms.katalon.core.main.TestCaseExecutor.accessMainPhase(TestCaseExecutor.java:290)
	at com.kms.katalon.core.main.TestCaseExecutor.execute(TestCaseExecutor.java:224)
	at com.kms.katalon.core.main.TestSuiteExecutor.accessTestCaseMainPhase(TestSuiteExecutor.java:129)
	at com.kms.katalon.core.main.TestSuiteExecutor.accessTestSuiteMainPhase(TestSuiteExecutor.java:112)
	at com.kms.katalon.core.main.TestSuiteExecutor.execute(TestSuiteExecutor.java:81)
	at com.kms.katalon.core.main.TestCaseMain.startTestSuite(TestCaseMain.java:149)
	at com.kms.katalon.core.main.TestCaseMain$startTestSuite$0.call(Unknown Source)
	at TempTestSuite1548335269743.run(TempTestSuite1548335269743.groovy:36)
"/>
         <system-out><![CDATA[2019-01-24 15:08:25 - [TEST_CASE][FAILED] - Test Cases/kiosk/kiosk rfid: Test Cases/kiosk/kiosk rfid FAILED.
Reason:
com.kms.katalon.core.exception.StepFailedException: Unable to verify object 'Object Repository/Kiosk/Lobby/workTicketButton' to be clickable (Root cause: com.kms.katalon.core.exception.StepFailedException: Web element with id: 'Object Repository/Kiosk/Lobby/workTicketButton' located by 'By.cssSelector: yit-lobby > div:nth-of-type(1) > div:nth-of-type(2) > div:nth-of-type(1).btn-lubby' not found)
	at com.kms.katalon.core.keyword.internal.KeywordMain.stepFailed(KeywordMain.groovy:36)
	at com.kms.katalon.core.webui.keyword.internal.WebUIKeywordMain.stepFailed(WebUIKeywordMain.groovy:65)
	at com.kms.katalon.core.webui.keyword.internal.WebUIKeywordMain.runKeyword(WebUIKeywordMain.groovy:27)
	at com.kms.katalon.core.webui.keyword.builtin.VerifyElementClickableKeyword.verifyElementClickable(VerifyElementClickableKeyword.groovy:96)
	at com.kms.katalon.core.webui.keyword.builtin.VerifyElementClickableKeyword.execute(VerifyElementClickableKeyword.groovy:67)
	at com.kms.katalon.core.keyword.internal.KeywordExecutor.executeKeywordForPlatform(KeywordExecutor.groovy:53)
	at com.kms.katalon.core.webui.keyword.WebUiBuiltInKeywords.verifyElementClickable(WebUiBuiltInKeywords.groovy:548)
	at com.kms.katalon.core.webui.keyword.WebUiBuiltInKeywords$verifyElementClickable$5.call(Unknown Source)
	at kiosk rfid.run(kiosk rfid:48)
	at com.kms.katalon.core.main.ScriptEngine.run(ScriptEngine.java:194)
	at com.kms.katalon.core.main.ScriptEngine.runScriptAsRawText(ScriptEngine.java:119)
	at com.kms.katalon.core.main.TestCaseExecutor.runScript(TestCaseExecutor.java:328)
	at com.kms.katalon.core.main.TestCaseExecutor.doExecute(TestCaseExecutor.java:319)
	at com.kms.katalon.core.main.TestCaseExecutor.processExecutionPhase(TestCaseExecutor.java:298)
	at com.kms.katalon.core.main.TestCaseExecutor.accessMainPhase(TestCaseExecutor.java:290)
	at com.kms.katalon.core.main.TestCaseExecutor.execute(TestCaseExecutor.java:224)
	at com.kms.katalon.core.main.TestSuiteExecutor.accessTestCaseMainPhase(TestSuiteExecutor.java:129)
	at com.kms.katalon.core.main.TestSuiteExecutor.accessTestSuiteMainPhase(TestSuiteExecutor.java:112)
	at com.kms.katalon.core.main.TestSuiteExecutor.execute(TestSuiteExecutor.java:81)
	at com.kms.katalon.core.main.TestCaseMain.startTestSuite(TestCaseMain.java:149)
	at com.kms.katalon.core.main.TestCaseMain$startTestSuite$0.call(Unknown Source)
	at TempTestSuite1548335269743.run(TempTestSuite1548335269743.groovy:36)


2019-01-24 15:08:25 - [TEST_STEP][PASSED] - openBrowser(rfidSite): Browser is opened with url: 'eggedtaavura.kiosk.y-it.co.il/loginByRfid'

2019-01-24 15:08:25 - [MESSAGE][INFO] - Starting 'Chrome' driver

2019-01-24 15:08:32 - [MESSAGE][PASSED] - Browser is opened with url: 'eggedtaavura.kiosk.y-it.co.il/loginByRfid'

2019-01-24 15:08:32 - [TEST_STEP][PASSED] - maximizeWindow(): Current window maximized

2019-01-24 15:08:33 - [MESSAGE][PASSED] - Current window maximized

2019-01-24 15:08:33 - [TEST_STEP][PASSED] - waitForElementVisible(findTestObject("Kiosk/Login/Rfid/cardImage"), 30): Object 'Object Repository/Kiosk/Login/Rfid/cardImage' is visible

2019-01-24 15:08:33 - [MESSAGE][PASSED] - Object 'Object Repository/Kiosk/Login/Rfid/cardImage' is visible

2019-01-24 15:08:33 - [TEST_STEP][PASSED] - focus(findTestObject("Kiosk/Login/Rfid/cardImage")): Object: 'Object Repository/Kiosk/Login/Rfid/cardImage' is focused

2019-01-24 15:08:33 - [MESSAGE][PASSED] - Object: 'Object Repository/Kiosk/Login/Rfid/cardImage' is focused

2019-01-24 15:08:33 - [TEST_STEP][PASSED] - f_logInwithRfid(): null

2019-01-24 15:08:33 - [TEST_STEP][PASSED] - robot = new java.awt.Robot(): null

2019-01-24 15:08:33 - [TEST_STEP][PASSED] - rfidCodeArray = toString().toCharArray(): null

2019-01-24 15:08:33 - [TEST_STEP][PASSED] - delay(5): Delayed 5 second(s)

2019-01-24 15:08:38 - [MESSAGE][PASSED] - Delayed 5 second(s)

2019-01-24 15:08:38 - [TEST_STEP][PASSED] - for ([i = 0, i < length, (i++)]): null

2019-01-24 15:08:38 - [TEST_STEP][PASSED] - delay(1): Delayed 1 second(s)

2019-01-24 15:08:39 - [MESSAGE][PASSED] - Delayed 1 second(s)

2019-01-24 15:08:39 - [TEST_STEP][PASSED] - n = Integer.parseInt(rfidCodeArray[i].toString()): null

2019-01-24 15:08:39 - [TEST_STEP][PASSED] - switch (n): null

2019-01-24 15:08:39 - [TEST_STEP][PASSED] - case 0:: null

2019-01-24 15:08:39 - [TEST_STEP][PASSED] - robot.keyPress(VK_0): null

2019-01-24 15:08:39 - [TEST_STEP][PASSED] - break: null

2019-01-24 15:08:39 - [TEST_STEP][PASSED] - delay(1): Delayed 1 second(s)

2019-01-24 15:08:40 - [MESSAGE][PASSED] - Delayed 1 second(s)

2019-01-24 15:08:40 - [TEST_STEP][PASSED] - n = Integer.parseInt(rfidCodeArray[i].toString()): null

2019-01-24 15:08:40 - [TEST_STEP][PASSED] - switch (n): null

2019-01-24 15:08:40 - [TEST_STEP][PASSED] - case 2:: null

2019-01-24 15:08:40 - [TEST_STEP][PASSED] - robot.keyPress(VK_2): null

2019-01-24 15:08:40 - [TEST_STEP][PASSED] - break: null

2019-01-24 15:08:40 - [TEST_STEP][PASSED] - delay(1): Delayed 1 second(s)

2019-01-24 15:08:41 - [MESSAGE][PASSED] - Delayed 1 second(s)

2019-01-24 15:08:41 - [TEST_STEP][PASSED] - n = Integer.parseInt(rfidCodeArray[i].toString()): null

2019-01-24 15:08:41 - [TEST_STEP][PASSED] - switch (n): null

2019-01-24 15:08:41 - [TEST_STEP][PASSED] - case 6:: null

2019-01-24 15:08:41 - [TEST_STEP][PASSED] - robot.keyPress(VK_6): null

2019-01-24 15:08:41 - [TEST_STEP][PASSED] - break: null

2019-01-24 15:08:41 - [TEST_STEP][PASSED] - delay(1): Delayed 1 second(s)

2019-01-24 15:08:42 - [MESSAGE][PASSED] - Delayed 1 second(s)

2019-01-24 15:08:42 - [TEST_STEP][PASSED] - n = Integer.parseInt(rfidCodeArray[i].toString()): null

2019-01-24 15:08:42 - [TEST_STEP][PASSED] - switch (n): null

2019-01-24 15:08:42 - [TEST_STEP][PASSED] - case 0:: null

2019-01-24 15:08:42 - [TEST_STEP][PASSED] - robot.keyPress(VK_0): null

2019-01-24 15:08:42 - [TEST_STEP][PASSED] - break: null

2019-01-24 15:08:42 - [TEST_STEP][PASSED] - delay(1): Delayed 1 second(s)

2019-01-24 15:08:43 - [MESSAGE][PASSED] - Delayed 1 second(s)

2019-01-24 15:08:43 - [TEST_STEP][PASSED] - n = Integer.parseInt(rfidCodeArray[i].toString()): null

2019-01-24 15:08:43 - [TEST_STEP][PASSED] - switch (n): null

2019-01-24 15:08:43 - [TEST_STEP][PASSED] - case 0:: null

2019-01-24 15:08:43 - [TEST_STEP][PASSED] - robot.keyPress(VK_0): null

2019-01-24 15:08:43 - [TEST_STEP][PASSED] - break: null

2019-01-24 15:08:43 - [TEST_STEP][PASSED] - delay(1): Delayed 1 second(s)

2019-01-24 15:08:44 - [MESSAGE][PASSED] - Delayed 1 second(s)

2019-01-24 15:08:44 - [TEST_STEP][PASSED] - n = Integer.parseInt(rfidCodeArray[i].toString()): null

2019-01-24 15:08:44 - [TEST_STEP][PASSED] - switch (n): null

2019-01-24 15:08:44 - [TEST_STEP][PASSED] - case 0:: null

2019-01-24 15:08:44 - [TEST_STEP][PASSED] - robot.keyPress(VK_0): null

2019-01-24 15:08:44 - [TEST_STEP][PASSED] - break: null

2019-01-24 15:08:44 - [TEST_STEP][PASSED] - delay(1): Delayed 1 second(s)

2019-01-24 15:08:45 - [MESSAGE][PASSED] - Delayed 1 second(s)

2019-01-24 15:08:45 - [TEST_STEP][PASSED] - n = Integer.parseInt(rfidCodeArray[i].toString()): null

2019-01-24 15:08:45 - [TEST_STEP][PASSED] - switch (n): null

2019-01-24 15:08:45 - [TEST_STEP][PASSED] - case 2:: null

2019-01-24 15:08:45 - [TEST_STEP][PASSED] - robot.keyPress(VK_2): null

2019-01-24 15:08:45 - [TEST_STEP][PASSED] - break: null

2019-01-24 15:08:45 - [TEST_STEP][PASSED] - delay(1): Delayed 1 second(s)

2019-01-24 15:08:46 - [MESSAGE][PASSED] - Delayed 1 second(s)

2019-01-24 15:08:46 - [TEST_STEP][PASSED] - n = Integer.parseInt(rfidCodeArray[i].toString()): null

2019-01-24 15:08:46 - [TEST_STEP][PASSED] - switch (n): null

2019-01-24 15:08:46 - [TEST_STEP][PASSED] - case 2:: null

2019-01-24 15:08:46 - [TEST_STEP][PASSED] - robot.keyPress(VK_2): null

2019-01-24 15:08:46 - [TEST_STEP][PASSED] - break: null

2019-01-24 15:08:46 - [TEST_STEP][PASSED] - delay(1): Delayed 1 second(s)

2019-01-24 15:08:47 - [MESSAGE][PASSED] - Delayed 1 second(s)

2019-01-24 15:08:47 - [TEST_STEP][PASSED] - n = Integer.parseInt(rfidCodeArray[i].toString()): null

2019-01-24 15:08:47 - [TEST_STEP][PASSED] - switch (n): null

2019-01-24 15:08:47 - [TEST_STEP][PASSED] - case 4:: null

2019-01-24 15:08:47 - [TEST_STEP][PASSED] - robot.keyPress(VK_4): null

2019-01-24 15:08:47 - [TEST_STEP][PASSED] - break: null

2019-01-24 15:08:47 - [TEST_STEP][PASSED] - delay(1): Delayed 1 second(s)

2019-01-24 15:08:48 - [MESSAGE][PASSED] - Delayed 1 second(s)

2019-01-24 15:08:48 - [TEST_STEP][PASSED] - n = Integer.parseInt(rfidCodeArray[i].toString()): null

2019-01-24 15:08:48 - [TEST_STEP][PASSED] - switch (n): null

2019-01-24 15:08:48 - [TEST_STEP][PASSED] - case 0:: null

2019-01-24 15:08:48 - [TEST_STEP][PASSED] - robot.keyPress(VK_0): null

2019-01-24 15:08:48 - [TEST_STEP][PASSED] - break: null

2019-01-24 15:08:48 - [TEST_STEP][PASSED] - delay(1): Delayed 1 second(s)

2019-01-24 15:08:49 - [MESSAGE][PASSED] - Delayed 1 second(s)

2019-01-24 15:08:49 - [TEST_STEP][PASSED] - n = Integer.parseInt(rfidCodeArray[i].toString()): null

2019-01-24 15:08:49 - [TEST_STEP][PASSED] - switch (n): null

2019-01-24 15:08:49 - [TEST_STEP][PASSED] - case 0:: null

2019-01-24 15:08:49 - [TEST_STEP][PASSED] - robot.keyPress(VK_0): null

2019-01-24 15:08:49 - [TEST_STEP][PASSED] - break: null

2019-01-24 15:08:49 - [TEST_STEP][PASSED] - delay(1): Delayed 1 second(s)

2019-01-24 15:08:50 - [MESSAGE][PASSED] - Delayed 1 second(s)

2019-01-24 15:08:50 - [TEST_STEP][PASSED] - n = Integer.parseInt(rfidCodeArray[i].toString()): null

2019-01-24 15:08:50 - [TEST_STEP][PASSED] - switch (n): null

2019-01-24 15:08:50 - [TEST_STEP][PASSED] - case 1:: null

2019-01-24 15:08:50 - [TEST_STEP][PASSED] - robot.keyPress(VK_1): null

2019-01-24 15:08:50 - [TEST_STEP][PASSED] - break: null

2019-01-24 15:08:50 - [TEST_STEP][PASSED] - delay(1): Delayed 1 second(s)

2019-01-24 15:08:51 - [MESSAGE][PASSED] - Delayed 1 second(s)

2019-01-24 15:08:51 - [TEST_STEP][PASSED] - n = Integer.parseInt(rfidCodeArray[i].toString()): null

2019-01-24 15:08:51 - [TEST_STEP][PASSED] - switch (n): null

2019-01-24 15:08:51 - [TEST_STEP][PASSED] - case 2:: null

2019-01-24 15:08:51 - [TEST_STEP][PASSED] - robot.keyPress(VK_2): null

2019-01-24 15:08:51 - [TEST_STEP][PASSED] - break: null

2019-01-24 15:08:51 - [TEST_STEP][PASSED] - delay(1): Delayed 1 second(s)

2019-01-24 15:08:52 - [MESSAGE][PASSED] - Delayed 1 second(s)

2019-01-24 15:08:52 - [TEST_STEP][PASSED] - robot.keyPress(VK_ENTER): null

2019-01-24 15:08:52 - [TEST_STEP][FAILED] - try: Unable to verify if object 'Object Repository/Kiosk/Lobby/header' is visible in viewport (Root cause: com.kms.katalon.core.exception.StepFailedException: Object 'Object Repository/Kiosk/Lobby/header' is not present)

2019-01-24 15:08:52 - [TEST_STEP][PASSED] - waitForElementVisible(findTestObject("Kiosk/Lobby/header"), 15): Web element with id: 'Object Repository/Kiosk/Lobby/header' located by 'By.cssSelector: yit-header > div:nth-of-type(1) > div:nth-of-type(2)' not found

2019-01-24 15:09:07 - [MESSAGE][INFO] - Unable to find the element located by 'By.cssSelector: yit-header > div:nth-of-type(1) > div:nth-of-type(2)'. Please recheck the objects properties to make sure the desired element is located. 

2019-01-24 15:09:07 - [MESSAGE][WARNING] - Web element with id: 'Object Repository/Kiosk/Lobby/header' located by 'By.cssSelector: yit-header > div:nth-of-type(1) > div:nth-of-type(2)' not found

2019-01-24 15:09:07 - [TEST_STEP][FAILED] - verifyElementVisibleInViewport(findTestObject("Kiosk/Lobby/header"), 5): Unable to verify if object 'Object Repository/Kiosk/Lobby/header' is visible in viewport (Root cause: com.kms.katalon.core.exception.StepFailedException: Object 'Object Repository/Kiosk/Lobby/header' is not present)

2019-01-24 15:09:12 - [MESSAGE][INFO] - Unable to find the element located by 'By.cssSelector: yit-header > div:nth-of-type(1) > div:nth-of-type(2)'. Please recheck the objects properties to make sure the desired element is located. 

2019-01-24 15:09:13 - [MESSAGE][FAILED] - Object 'Object Repository/Kiosk/Lobby/header' is not present
[[ATTACHMENT|C:\\Users\\leon.b\\Katalon Studio\\Y-IT_TransIT\\Reports\\Production\\Kiosk Sanity Login Test\\20190124_150749\\1548335352826.png]]

2019-01-24 15:09:13 - [MESSAGE][FAILED] - Unable to verify if object 'Object Repository/Kiosk/Lobby/header' is visible in viewport (Root cause: com.kms.katalon.core.exception.StepFailedException: Object 'Object Repository/Kiosk/Lobby/header' is not present)
[[ATTACHMENT|C:\\Users\\leon.b\\Katalon Studio\\Y-IT_TransIT\\Reports\\Production\\Kiosk Sanity Login Test\\20190124_150749\\1548335353182.png]]

2019-01-24 15:09:13 - [TEST_STEP][PASSED] - catch (Exception e): null

2019-01-24 15:09:13 - [TEST_STEP][PASSED] - refresh(): Refresh successfully

2019-01-24 15:09:16 - [MESSAGE][PASSED] - Refresh successfully

2019-01-24 15:09:16 - [TEST_STEP][PASSED] - waitForElementVisible(findTestObject("Kiosk/Login/Rfid/cardImage"), 30): Object 'Object Repository/Kiosk/Login/Rfid/cardImage' is visible

2019-01-24 15:09:16 - [MESSAGE][PASSED] - Object 'Object Repository/Kiosk/Login/Rfid/cardImage' is visible

2019-01-24 15:09:16 - [TEST_STEP][PASSED] - f_logInwithRfid(): null

2019-01-24 15:09:16 - [TEST_STEP][PASSED] - robot = new java.awt.Robot(): null

2019-01-24 15:09:16 - [TEST_STEP][PASSED] - rfidCodeArray = toString().toCharArray(): null

2019-01-24 15:09:16 - [TEST_STEP][PASSED] - delay(5): Delayed 5 second(s)

2019-01-24 15:09:21 - [MESSAGE][PASSED] - Delayed 5 second(s)

2019-01-24 15:09:21 - [TEST_STEP][PASSED] - for ([i = 0, i < length, (i++)]): null

2019-01-24 15:09:21 - [TEST_STEP][PASSED] - delay(1): Delayed 1 second(s)

2019-01-24 15:09:22 - [MESSAGE][PASSED] - Delayed 1 second(s)

2019-01-24 15:09:22 - [TEST_STEP][PASSED] - n = Integer.parseInt(rfidCodeArray[i].toString()): null

2019-01-24 15:09:22 - [TEST_STEP][PASSED] - switch (n): null

2019-01-24 15:09:22 - [TEST_STEP][PASSED] - case 0:: null

2019-01-24 15:09:22 - [TEST_STEP][PASSED] - robot.keyPress(VK_0): null

2019-01-24 15:09:22 - [TEST_STEP][PASSED] - break: null

2019-01-24 15:09:22 - [TEST_STEP][PASSED] - delay(1): Delayed 1 second(s)

2019-01-24 15:09:23 - [MESSAGE][PASSED] - Delayed 1 second(s)

2019-01-24 15:09:23 - [TEST_STEP][PASSED] - n = Integer.parseInt(rfidCodeArray[i].toString()): null

2019-01-24 15:09:23 - [TEST_STEP][PASSED] - switch (n): null

2019-01-24 15:09:23 - [TEST_STEP][PASSED] - case 2:: null

2019-01-24 15:09:23 - [TEST_STEP][PASSED] - robot.keyPress(VK_2): null

2019-01-24 15:09:23 - [TEST_STEP][PASSED] - break: null

2019-01-24 15:09:23 - [TEST_STEP][PASSED] - delay(1): Delayed 1 second(s)

2019-01-24 15:09:24 - [MESSAGE][PASSED] - Delayed 1 second(s)

2019-01-24 15:09:24 - [TEST_STEP][PASSED] - n = Integer.parseInt(rfidCodeArray[i].toString()): null

2019-01-24 15:09:24 - [TEST_STEP][PASSED] - switch (n): null

2019-01-24 15:09:24 - [TEST_STEP][PASSED] - case 6:: null

2019-01-24 15:09:24 - [TEST_STEP][PASSED] - robot.keyPress(VK_6): null

2019-01-24 15:09:24 - [TEST_STEP][PASSED] - break: null

2019-01-24 15:09:24 - [TEST_STEP][PASSED] - delay(1): Delayed 1 second(s)

2019-01-24 15:09:25 - [MESSAGE][PASSED] - Delayed 1 second(s)

2019-01-24 15:09:25 - [TEST_STEP][PASSED] - n = Integer.parseInt(rfidCodeArray[i].toString()): null

2019-01-24 15:09:25 - [TEST_STEP][PASSED] - switch (n): null

2019-01-24 15:09:25 - [TEST_STEP][PASSED] - case 0:: null

2019-01-24 15:09:25 - [TEST_STEP][PASSED] - robot.keyPress(VK_0): null

2019-01-24 15:09:25 - [TEST_STEP][PASSED] - break: null

2019-01-24 15:09:25 - [TEST_STEP][PASSED] - delay(1): Delayed 1 second(s)

2019-01-24 15:09:26 - [MESSAGE][PASSED] - Delayed 1 second(s)

2019-01-24 15:09:26 - [TEST_STEP][PASSED] - n = Integer.parseInt(rfidCodeArray[i].toString()): null

2019-01-24 15:09:26 - [TEST_STEP][PASSED] - switch (n): null

2019-01-24 15:09:26 - [TEST_STEP][PASSED] - case 0:: null

2019-01-24 15:09:26 - [TEST_STEP][PASSED] - robot.keyPress(VK_0): null

2019-01-24 15:09:26 - [TEST_STEP][PASSED] - break: null

2019-01-24 15:09:26 - [TEST_STEP][PASSED] - delay(1): Delayed 1 second(s)

2019-01-24 15:09:27 - [MESSAGE][PASSED] - Delayed 1 second(s)

2019-01-24 15:09:27 - [TEST_STEP][PASSED] - n = Integer.parseInt(rfidCodeArray[i].toString()): null

2019-01-24 15:09:27 - [TEST_STEP][PASSED] - switch (n): null

2019-01-24 15:09:27 - [TEST_STEP][PASSED] - case 0:: null

2019-01-24 15:09:27 - [TEST_STEP][PASSED] - robot.keyPress(VK_0): null

2019-01-24 15:09:27 - [TEST_STEP][PASSED] - break: null

2019-01-24 15:09:27 - [TEST_STEP][PASSED] - delay(1): Delayed 1 second(s)

2019-01-24 15:09:28 - [MESSAGE][PASSED] - Delayed 1 second(s)

2019-01-24 15:09:28 - [TEST_STEP][PASSED] - n = Integer.parseInt(rfidCodeArray[i].toString()): null

2019-01-24 15:09:28 - [TEST_STEP][PASSED] - switch (n): null

2019-01-24 15:09:28 - [TEST_STEP][PASSED] - case 2:: null

2019-01-24 15:09:28 - [TEST_STEP][PASSED] - robot.keyPress(VK_2): null

2019-01-24 15:09:28 - [TEST_STEP][PASSED] - break: null

2019-01-24 15:09:28 - [TEST_STEP][PASSED] - delay(1): Delayed 1 second(s)

2019-01-24 15:09:29 - [MESSAGE][PASSED] - Delayed 1 second(s)

2019-01-24 15:09:29 - [TEST_STEP][PASSED] - n = Integer.parseInt(rfidCodeArray[i].toString()): null

2019-01-24 15:09:29 - [TEST_STEP][PASSED] - switch (n): null

2019-01-24 15:09:29 - [TEST_STEP][PASSED] - case 2:: null

2019-01-24 15:09:29 - [TEST_STEP][PASSED] - robot.keyPress(VK_2): null

2019-01-24 15:09:29 - [TEST_STEP][PASSED] - break: null

2019-01-24 15:09:29 - [TEST_STEP][PASSED] - delay(1): Delayed 1 second(s)

2019-01-24 15:09:30 - [MESSAGE][PASSED] - Delayed 1 second(s)

2019-01-24 15:09:30 - [TEST_STEP][PASSED] - n = Integer.parseInt(rfidCodeArray[i].toString()): null

2019-01-24 15:09:30 - [TEST_STEP][PASSED] - switch (n): null

2019-01-24 15:09:30 - [TEST_STEP][PASSED] - case 4:: null

2019-01-24 15:09:30 - [TEST_STEP][PASSED] - robot.keyPress(VK_4): null

2019-01-24 15:09:30 - [TEST_STEP][PASSED] - break: null

2019-01-24 15:09:30 - [TEST_STEP][PASSED] - delay(1): Delayed 1 second(s)

2019-01-24 15:09:31 - [MESSAGE][PASSED] - Delayed 1 second(s)

2019-01-24 15:09:31 - [TEST_STEP][PASSED] - n = Integer.parseInt(rfidCodeArray[i].toString()): null

2019-01-24 15:09:31 - [TEST_STEP][PASSED] - switch (n): null

2019-01-24 15:09:31 - [TEST_STEP][PASSED] - case 0:: null

2019-01-24 15:09:31 - [TEST_STEP][PASSED] - robot.keyPress(VK_0): null

2019-01-24 15:09:31 - [TEST_STEP][PASSED] - break: null

2019-01-24 15:09:31 - [TEST_STEP][PASSED] - delay(1): Delayed 1 second(s)

2019-01-24 15:09:32 - [MESSAGE][PASSED] - Delayed 1 second(s)

2019-01-24 15:09:32 - [TEST_STEP][PASSED] - n = Integer.parseInt(rfidCodeArray[i].toString()): null

2019-01-24 15:09:32 - [TEST_STEP][PASSED] - switch (n): null

2019-01-24 15:09:32 - [TEST_STEP][PASSED] - case 0:: null

2019-01-24 15:09:32 - [TEST_STEP][PASSED] - robot.keyPress(VK_0): null

2019-01-24 15:09:32 - [TEST_STEP][PASSED] - break: null

2019-01-24 15:09:32 - [TEST_STEP][PASSED] - delay(1): Delayed 1 second(s)

2019-01-24 15:09:33 - [MESSAGE][PASSED] - Delayed 1 second(s)

2019-01-24 15:09:33 - [TEST_STEP][PASSED] - n = Integer.parseInt(rfidCodeArray[i].toString()): null

2019-01-24 15:09:33 - [TEST_STEP][PASSED] - switch (n): null

2019-01-24 15:09:33 - [TEST_STEP][PASSED] - case 1:: null

2019-01-24 15:09:33 - [TEST_STEP][PASSED] - robot.keyPress(VK_1): null

2019-01-24 15:09:33 - [TEST_STEP][PASSED] - break: null

2019-01-24 15:09:33 - [TEST_STEP][PASSED] - delay(1): Delayed 1 second(s)

2019-01-24 15:09:34 - [MESSAGE][PASSED] - Delayed 1 second(s)

2019-01-24 15:09:34 - [TEST_STEP][PASSED] - n = Integer.parseInt(rfidCodeArray[i].toString()): null

2019-01-24 15:09:34 - [TEST_STEP][PASSED] - switch (n): null

2019-01-24 15:09:34 - [TEST_STEP][PASSED] - case 2:: null

2019-01-24 15:09:34 - [TEST_STEP][PASSED] - robot.keyPress(VK_2): null

2019-01-24 15:09:34 - [TEST_STEP][PASSED] - break: null

2019-01-24 15:09:34 - [TEST_STEP][PASSED] - delay(1): Delayed 1 second(s)

2019-01-24 15:09:35 - [MESSAGE][PASSED] - Delayed 1 second(s)

2019-01-24 15:09:35 - [TEST_STEP][PASSED] - robot.keyPress(VK_ENTER): null

2019-01-24 15:09:35 - [TEST_STEP][PASSED] - waitForElementVisible(findTestObject("Kiosk/Lobby/workTicketButton"), 15): Web element with id: 'Object Repository/Kiosk/Lobby/workTicketButton' located by 'By.cssSelector: yit-lobby > div:nth-of-type(1) > div:nth-of-type(2) > div:nth-of-type(1).btn-lubby' not found

2019-01-24 15:09:50 - [MESSAGE][INFO] - Unable to find the element located by 'By.cssSelector: yit-lobby > div:nth-of-type(1) > div:nth-of-type(2) > div:nth-of-type(1).btn-lubby'. Please recheck the objects properties to make sure the desired element is located. 

2019-01-24 15:09:50 - [MESSAGE][WARNING] - Web element with id: 'Object Repository/Kiosk/Lobby/workTicketButton' located by 'By.cssSelector: yit-lobby > div:nth-of-type(1) > div:nth-of-type(2) > div:nth-of-type(1).btn-lubby' not found

2019-01-24 15:09:50 - [TEST_STEP][FAILED] - verifyElementClickable(findTestObject("Kiosk/Lobby/workTicketButton"), STOP_ON_FAILURE): verifyElementClickable(findTestObject("Kiosk/Lobby/workTicketButton"), STOP_ON_FAILURE) FAILED.
Reason:
com.kms.katalon.core.exception.StepFailedException: Unable to verify object 'Object Repository/Kiosk/Lobby/workTicketButton' to be clickable (Root cause: com.kms.katalon.core.exception.StepFailedException: Web element with id: 'Object Repository/Kiosk/Lobby/workTicketButton' located by 'By.cssSelector: yit-lobby > div:nth-of-type(1) > div:nth-of-type(2) > div:nth-of-type(1).btn-lubby' not found)
	at com.kms.katalon.core.keyword.internal.KeywordMain.stepFailed(KeywordMain.groovy:36)
	at com.kms.katalon.core.webui.keyword.internal.WebUIKeywordMain.stepFailed(WebUIKeywordMain.groovy:65)
	at com.kms.katalon.core.webui.keyword.internal.WebUIKeywordMain.runKeyword(WebUIKeywordMain.groovy:27)
	at com.kms.katalon.core.webui.keyword.builtin.VerifyElementClickableKeyword.verifyElementClickable(VerifyElementClickableKeyword.groovy:96)
	at com.kms.katalon.core.webui.keyword.builtin.VerifyElementClickableKeyword.execute(VerifyElementClickableKeyword.groovy:67)
	at com.kms.katalon.core.keyword.internal.KeywordExecutor.executeKeywordForPlatform(KeywordExecutor.groovy:53)
	at com.kms.katalon.core.webui.keyword.WebUiBuiltInKeywords.verifyElementClickable(WebUiBuiltInKeywords.groovy:548)
	at com.kms.katalon.core.webui.keyword.WebUiBuiltInKeywords$verifyElementClickable$5.call(Unknown Source)
	at kiosk rfid.run(kiosk rfid:48)
	at com.kms.katalon.core.main.ScriptEngine.run(ScriptEngine.java:194)
	at com.kms.katalon.core.main.ScriptEngine.runScriptAsRawText(ScriptEngine.java:119)
	at com.kms.katalon.core.main.TestCaseExecutor.runScript(TestCaseExecutor.java:328)
	at com.kms.katalon.core.main.TestCaseExecutor.doExecute(TestCaseExecutor.java:319)
	at com.kms.katalon.core.main.TestCaseExecutor.processExecutionPhase(TestCaseExecutor.java:298)
	at com.kms.katalon.core.main.TestCaseExecutor.accessMainPhase(TestCaseExecutor.java:290)
	at com.kms.katalon.core.main.TestCaseExecutor.execute(TestCaseExecutor.java:224)
	at com.kms.katalon.core.main.TestSuiteExecutor.accessTestCaseMainPhase(TestSuiteExecutor.java:129)
	at com.kms.katalon.core.main.TestSuiteExecutor.accessTestSuiteMainPhase(TestSuiteExecutor.java:112)
	at com.kms.katalon.core.main.TestSuiteExecutor.execute(TestSuiteExecutor.java:81)
	at com.kms.katalon.core.main.TestCaseMain.startTestSuite(TestCaseMain.java:149)
	at com.kms.katalon.core.main.TestCaseMain$startTestSuite$0.call(Unknown Source)
	at TempTestSuite1548335269743.run(TempTestSuite1548335269743.groovy:36)


2019-01-24 15:10:05 - [MESSAGE][INFO] - Unable to find the element located by 'By.cssSelector: yit-lobby > div:nth-of-type(1) > div:nth-of-type(2) > div:nth-of-type(1).btn-lubby'. Please recheck the objects properties to make sure the desired element is located. 

2019-01-24 15:10:06 - [MESSAGE][FAILED] - Web element with id: 'Object Repository/Kiosk/Lobby/workTicketButton' located by 'By.cssSelector: yit-lobby > div:nth-of-type(1) > div:nth-of-type(2) > div:nth-of-type(1).btn-lubby' not found
[[ATTACHMENT|C:\\Users\\leon.b\\Katalon Studio\\Y-IT_TransIT\\Reports\\Production\\Kiosk Sanity Login Test\\20190124_150749\\1548335405771.png]]

2019-01-24 15:10:06 - [MESSAGE][FAILED] - Unable to verify object 'Object Repository/Kiosk/Lobby/workTicketButton' to be clickable (Root cause: com.kms.katalon.core.exception.StepFailedException: Web element with id: 'Object Repository/Kiosk/Lobby/workTicketButton' located by 'By.cssSelector: yit-lobby > div:nth-of-type(1) > div:nth-of-type(2) > div:nth-of-type(1).btn-lubby' not found)
[[ATTACHMENT|C:\\Users\\leon.b\\Katalon Studio\\Y-IT_TransIT\\Reports\\Production\\Kiosk Sanity Login Test\\20190124_150749\\1548335406167.png]]

2019-01-24 15:10:06 - [MESSAGE][FAILED] - verifyElementClickable(findTestObject("Kiosk/Lobby/workTicketButton"), STOP_ON_FAILURE) FAILED.
Reason:
com.kms.katalon.core.exception.StepFailedException: Unable to verify object 'Object Repository/Kiosk/Lobby/workTicketButton' to be clickable (Root cause: com.kms.katalon.core.exception.StepFailedException: Web element with id: 'Object Repository/Kiosk/Lobby/workTicketButton' located by 'By.cssSelector: yit-lobby > div:nth-of-type(1) > div:nth-of-type(2) > div:nth-of-type(1).btn-lubby' not found)
	at com.kms.katalon.core.keyword.internal.KeywordMain.stepFailed(KeywordMain.groovy:36)
	at com.kms.katalon.core.webui.keyword.internal.WebUIKeywordMain.stepFailed(WebUIKeywordMain.groovy:65)
	at com.kms.katalon.core.webui.keyword.internal.WebUIKeywordMain.runKeyword(WebUIKeywordMain.groovy:27)
	at com.kms.katalon.core.webui.keyword.builtin.VerifyElementClickableKeyword.verifyElementClickable(VerifyElementClickableKeyword.groovy:96)
	at com.kms.katalon.core.webui.keyword.builtin.VerifyElementClickableKeyword.execute(VerifyElementClickableKeyword.groovy:67)
	at com.kms.katalon.core.keyword.internal.KeywordExecutor.executeKeywordForPlatform(KeywordExecutor.groovy:53)
	at com.kms.katalon.core.webui.keyword.WebUiBuiltInKeywords.verifyElementClickable(WebUiBuiltInKeywords.groovy:548)
	at com.kms.katalon.core.webui.keyword.WebUiBuiltInKeywords$verifyElementClickable$5.call(Unknown Source)
	at kiosk rfid.run(kiosk rfid:48)
	at com.kms.katalon.core.main.ScriptEngine.run(ScriptEngine.java:194)
	at com.kms.katalon.core.main.ScriptEngine.runScriptAsRawText(ScriptEngine.java:119)
	at com.kms.katalon.core.main.TestCaseExecutor.runScript(TestCaseExecutor.java:328)
	at com.kms.katalon.core.main.TestCaseExecutor.doExecute(TestCaseExecutor.java:319)
	at com.kms.katalon.core.main.TestCaseExecutor.processExecutionPhase(TestCaseExecutor.java:298)
	at com.kms.katalon.core.main.TestCaseExecutor.accessMainPhase(TestCaseExecutor.java:290)
	at com.kms.katalon.core.main.TestCaseExecutor.execute(TestCaseExecutor.java:224)
	at com.kms.katalon.core.main.TestSuiteExecutor.accessTestCaseMainPhase(TestSuiteExecutor.java:129)
	at com.kms.katalon.core.main.TestSuiteExecutor.accessTestSuiteMainPhase(TestSuiteExecutor.java:112)
	at com.kms.katalon.core.main.TestSuiteExecutor.execute(TestSuiteExecutor.java:81)
	at com.kms.katalon.core.main.TestCaseMain.startTestSuite(TestCaseMain.java:149)
	at com.kms.katalon.core.main.TestCaseMain$startTestSuite$0.call(Unknown Source)
	at TempTestSuite1548335269743.run(TempTestSuite1548335269743.groovy:36)]]></system-out>
         <system-err><![CDATA[2019-01-24 15:08:25 - [TEST_CASE][FAILED] - Test Cases/kiosk/kiosk rfid: Test Cases/kiosk/kiosk rfid FAILED.
Reason:
com.kms.katalon.core.exception.StepFailedException: Unable to verify object 'Object Repository/Kiosk/Lobby/workTicketButton' to be clickable (Root cause: com.kms.katalon.core.exception.StepFailedException: Web element with id: 'Object Repository/Kiosk/Lobby/workTicketButton' located by 'By.cssSelector: yit-lobby > div:nth-of-type(1) > div:nth-of-type(2) > div:nth-of-type(1).btn-lubby' not found)
	at com.kms.katalon.core.keyword.internal.KeywordMain.stepFailed(KeywordMain.groovy:36)
	at com.kms.katalon.core.webui.keyword.internal.WebUIKeywordMain.stepFailed(WebUIKeywordMain.groovy:65)
	at com.kms.katalon.core.webui.keyword.internal.WebUIKeywordMain.runKeyword(WebUIKeywordMain.groovy:27)
	at com.kms.katalon.core.webui.keyword.builtin.VerifyElementClickableKeyword.verifyElementClickable(VerifyElementClickableKeyword.groovy:96)
	at com.kms.katalon.core.webui.keyword.builtin.VerifyElementClickableKeyword.execute(VerifyElementClickableKeyword.groovy:67)
	at com.kms.katalon.core.keyword.internal.KeywordExecutor.executeKeywordForPlatform(KeywordExecutor.groovy:53)
	at com.kms.katalon.core.webui.keyword.WebUiBuiltInKeywords.verifyElementClickable(WebUiBuiltInKeywords.groovy:548)
	at com.kms.katalon.core.webui.keyword.WebUiBuiltInKeywords$verifyElementClickable$5.call(Unknown Source)
	at kiosk rfid.run(kiosk rfid:48)
	at com.kms.katalon.core.main.ScriptEngine.run(ScriptEngine.java:194)
	at com.kms.katalon.core.main.ScriptEngine.runScriptAsRawText(ScriptEngine.java:119)
	at com.kms.katalon.core.main.TestCaseExecutor.runScript(TestCaseExecutor.java:328)
	at com.kms.katalon.core.main.TestCaseExecutor.doExecute(TestCaseExecutor.java:319)
	at com.kms.katalon.core.main.TestCaseExecutor.processExecutionPhase(TestCaseExecutor.java:298)
	at com.kms.katalon.core.main.TestCaseExecutor.accessMainPhase(TestCaseExecutor.java:290)
	at com.kms.katalon.core.main.TestCaseExecutor.execute(TestCaseExecutor.java:224)
	at com.kms.katalon.core.main.TestSuiteExecutor.accessTestCaseMainPhase(TestSuiteExecutor.java:129)
	at com.kms.katalon.core.main.TestSuiteExecutor.accessTestSuiteMainPhase(TestSuiteExecutor.java:112)
	at com.kms.katalon.core.main.TestSuiteExecutor.execute(TestSuiteExecutor.java:81)
	at com.kms.katalon.core.main.TestCaseMain.startTestSuite(TestCaseMain.java:149)
	at com.kms.katalon.core.main.TestCaseMain$startTestSuite$0.call(Unknown Source)
	at TempTestSuite1548335269743.run(TempTestSuite1548335269743.groovy:36)]]></system-err>
      </testcase>
      <testcase name="Test Cases/kiosk/kiosk rfid" classname="Test Cases/kiosk/kiosk rfid" status="FAILED">
         <failure type="FAILED" message="Test Cases/kiosk/kiosk rfid FAILED.
Reason:
com.kms.katalon.core.exception.StepFailedException: Unable to wait for object 'Object Repository/Kiosk/Login/Rfid/cardImage' to be visible (Root cause: org.openqa.selenium.NoSuchWindowException: no such window: target window already closed
from unknown error: web view not found
  (Session info: chrome=71.0.3578.98)
  (Driver info: chromedriver=2.43.600210 (68dcf5eebde37173d4027fa8635e332711d2874a),platform=Windows NT 10.0.17134 x86_64) (WARNING: The server did not provide any stacktrace information)
Command duration or timeout: 0 milliseconds
Build info: version: '3.7.1', revision: '8a0099a', time: '2017-11-06T21:07:36.161Z'
System info: host: 'QA-PC', ip: '192.168.1.145', os.name: 'Windows 10', os.arch: 'amd64', os.version: '10.0', java.version: '1.8.0_181'
Driver info: com.kms.katalon.selenium.driver.CChromeDriver
Capabilities {acceptInsecureCerts: false, acceptSslCerts: false, applicationCacheEnabled: false, browserConnectionEnabled: false, browserName: chrome, chrome: {chromedriverVersion: 2.43.600210 (68dcf5eebde371..., userDataDir: C:\Users\leon.b\AppData\Loc...}, cssSelectorsEnabled: true, databaseEnabled: false, goog:chromeOptions: {debuggerAddress: localhost:52620}, handlesAlerts: true, hasTouchScreen: false, javascriptEnabled: true, locationContextEnabled: true, mobileEmulationEnabled: false, nativeEvents: true, networkConnectionEnabled: false, pageLoadStrategy: normal, platform: XP, platformName: XP, rotatable: false, setWindowRect: true, takesHeapSnapshot: true, takesScreenshot: true, unexpectedAlertBehaviour: , unhandledPromptBehavior: , version: 71.0.3578.98, webStorageEnabled: true}
Session ID: 1bfdd357ef5af61298ba43fef612565d
*** Element info: {Using=css selector, value=kiosk-app .login-body img})
	at com.kms.katalon.core.keyword.internal.KeywordMain.stepFailed(KeywordMain.groovy:36)
	at com.kms.katalon.core.webui.keyword.internal.WebUIKeywordMain.stepFailed(WebUIKeywordMain.groovy:65)
	at com.kms.katalon.core.webui.keyword.internal.WebUIKeywordMain.runKeyword(WebUIKeywordMain.groovy:27)
	at com.kms.katalon.core.webui.keyword.builtin.WaitForElementVisibleKeyword.waitForElementVisible(WaitForElementVisibleKeyword.groovy:99)
	at com.kms.katalon.core.webui.keyword.builtin.WaitForElementVisibleKeyword.execute(WaitForElementVisibleKeyword.groovy:68)
	at com.kms.katalon.core.keyword.internal.KeywordExecutor.executeKeywordForPlatform(KeywordExecutor.groovy:53)
	at com.kms.katalon.core.webui.keyword.WebUiBuiltInKeywords.waitForElementVisible(WebUiBuiltInKeywords.groovy:434)
	at com.kms.katalon.core.webui.keyword.WebUiBuiltInKeywords$waitForElementVisible$1.call(Unknown Source)
	at kiosk rfid.run(kiosk rfid:24)
	at com.kms.katalon.core.main.ScriptEngine.run(ScriptEngine.java:194)
	at com.kms.katalon.core.main.ScriptEngine.runScriptAsRawText(ScriptEngine.java:119)
	at com.kms.katalon.core.main.TestCaseExecutor.runScript(TestCaseExecutor.java:328)
	at com.kms.katalon.core.main.TestCaseExecutor.doExecute(TestCaseExecutor.java:319)
	at com.kms.katalon.core.main.TestCaseExecutor.processExecutionPhase(TestCaseExecutor.java:298)
	at com.kms.katalon.core.main.TestCaseExecutor.accessMainPhase(TestCaseExecutor.java:290)
	at com.kms.katalon.core.main.TestCaseExecutor.execute(TestCaseExecutor.java:224)
	at com.kms.katalon.core.main.TestSuiteExecutor.accessTestCaseMainPhase(TestSuiteExecutor.java:129)
	at com.kms.katalon.core.main.TestSuiteExecutor.accessTestSuiteMainPhase(TestSuiteExecutor.java:112)
	at com.kms.katalon.core.main.TestSuiteExecutor.execute(TestSuiteExecutor.java:81)
	at com.kms.katalon.core.main.TestCaseMain.startTestSuite(TestCaseMain.java:149)
	at com.kms.katalon.core.main.TestCaseMain$startTestSuite$0.call(Unknown Source)
	at TempTestSuite1548335269743.run(TempTestSuite1548335269743.groovy:36)
"/>
         <system-out><![CDATA[2019-01-24 15:10:06 - [TEST_CASE][FAILED] - Test Cases/kiosk/kiosk rfid: Test Cases/kiosk/kiosk rfid FAILED.
Reason:
com.kms.katalon.core.exception.StepFailedException: Unable to wait for object 'Object Repository/Kiosk/Login/Rfid/cardImage' to be visible (Root cause: org.openqa.selenium.NoSuchWindowException: no such window: target window already closed
from unknown error: web view not found
  (Session info: chrome=71.0.3578.98)
  (Driver info: chromedriver=2.43.600210 (68dcf5eebde37173d4027fa8635e332711d2874a),platform=Windows NT 10.0.17134 x86_64) (WARNING: The server did not provide any stacktrace information)
Command duration or timeout: 0 milliseconds
Build info: version: '3.7.1', revision: '8a0099a', time: '2017-11-06T21:07:36.161Z'
System info: host: 'QA-PC', ip: '192.168.1.145', os.name: 'Windows 10', os.arch: 'amd64', os.version: '10.0', java.version: '1.8.0_181'
Driver info: com.kms.katalon.selenium.driver.CChromeDriver
Capabilities {acceptInsecureCerts: false, acceptSslCerts: false, applicationCacheEnabled: false, browserConnectionEnabled: false, browserName: chrome, chrome: {chromedriverVersion: 2.43.600210 (68dcf5eebde371..., userDataDir: C:\Users\leon.b\AppData\Loc...}, cssSelectorsEnabled: true, databaseEnabled: false, goog:chromeOptions: {debuggerAddress: localhost:52620}, handlesAlerts: true, hasTouchScreen: false, javascriptEnabled: true, locationContextEnabled: true, mobileEmulationEnabled: false, nativeEvents: true, networkConnectionEnabled: false, pageLoadStrategy: normal, platform: XP, platformName: XP, rotatable: false, setWindowRect: true, takesHeapSnapshot: true, takesScreenshot: true, unexpectedAlertBehaviour: , unhandledPromptBehavior: , version: 71.0.3578.98, webStorageEnabled: true}
Session ID: 1bfdd357ef5af61298ba43fef612565d
*** Element info: {Using=css selector, value=kiosk-app .login-body img})
	at com.kms.katalon.core.keyword.internal.KeywordMain.stepFailed(KeywordMain.groovy:36)
	at com.kms.katalon.core.webui.keyword.internal.WebUIKeywordMain.stepFailed(WebUIKeywordMain.groovy:65)
	at com.kms.katalon.core.webui.keyword.internal.WebUIKeywordMain.runKeyword(WebUIKeywordMain.groovy:27)
	at com.kms.katalon.core.webui.keyword.builtin.WaitForElementVisibleKeyword.waitForElementVisible(WaitForElementVisibleKeyword.groovy:99)
	at com.kms.katalon.core.webui.keyword.builtin.WaitForElementVisibleKeyword.execute(WaitForElementVisibleKeyword.groovy:68)
	at com.kms.katalon.core.keyword.internal.KeywordExecutor.executeKeywordForPlatform(KeywordExecutor.groovy:53)
	at com.kms.katalon.core.webui.keyword.WebUiBuiltInKeywords.waitForElementVisible(WebUiBuiltInKeywords.groovy:434)
	at com.kms.katalon.core.webui.keyword.WebUiBuiltInKeywords$waitForElementVisible$1.call(Unknown Source)
	at kiosk rfid.run(kiosk rfid:24)
	at com.kms.katalon.core.main.ScriptEngine.run(ScriptEngine.java:194)
	at com.kms.katalon.core.main.ScriptEngine.runScriptAsRawText(ScriptEngine.java:119)
	at com.kms.katalon.core.main.TestCaseExecutor.runScript(TestCaseExecutor.java:328)
	at com.kms.katalon.core.main.TestCaseExecutor.doExecute(TestCaseExecutor.java:319)
	at com.kms.katalon.core.main.TestCaseExecutor.processExecutionPhase(TestCaseExecutor.java:298)
	at com.kms.katalon.core.main.TestCaseExecutor.accessMainPhase(TestCaseExecutor.java:290)
	at com.kms.katalon.core.main.TestCaseExecutor.execute(TestCaseExecutor.java:224)
	at com.kms.katalon.core.main.TestSuiteExecutor.accessTestCaseMainPhase(TestSuiteExecutor.java:129)
	at com.kms.katalon.core.main.TestSuiteExecutor.accessTestSuiteMainPhase(TestSuiteExecutor.java:112)
	at com.kms.katalon.core.main.TestSuiteExecutor.execute(TestSuiteExecutor.java:81)
	at com.kms.katalon.core.main.TestCaseMain.startTestSuite(TestCaseMain.java:149)
	at com.kms.katalon.core.main.TestCaseMain$startTestSuite$0.call(Unknown Source)
	at TempTestSuite1548335269743.run(TempTestSuite1548335269743.groovy:36)


2019-01-24 15:10:06 - [TEST_STEP][PASSED] - openBrowser(rfidSite): Browser is opened with url: 'danbr7.kiosk.y-it.co.il/loginByRfid'

2019-01-24 15:10:06 - [MESSAGE][WARNING] - A browser is already opened. Closing browser and opening a new one

2019-01-24 15:10:07 - [MESSAGE][INFO] - Starting 'Chrome' driver

2019-01-24 15:10:11 - [MESSAGE][PASSED] - Browser is opened with url: 'danbr7.kiosk.y-it.co.il/loginByRfid'

2019-01-24 15:10:11 - [TEST_STEP][PASSED] - maximizeWindow(): Current window maximized

2019-01-24 15:10:21 - [MESSAGE][PASSED] - Current window maximized

2019-01-24 15:10:21 - [TEST_STEP][FAILED] - waitForElementVisible(findTestObject("Kiosk/Login/Rfid/cardImage"), 30): waitForElementVisible(findTestObject("Kiosk/Login/Rfid/cardImage"), 30) FAILED.
Reason:
com.kms.katalon.core.exception.StepFailedException: Unable to wait for object 'Object Repository/Kiosk/Login/Rfid/cardImage' to be visible (Root cause: org.openqa.selenium.NoSuchWindowException: no such window: target window already closed
from unknown error: web view not found
  (Session info: chrome=71.0.3578.98)
  (Driver info: chromedriver=2.43.600210 (68dcf5eebde37173d4027fa8635e332711d2874a),platform=Windows NT 10.0.17134 x86_64) (WARNING: The server did not provide any stacktrace information)
Command duration or timeout: 0 milliseconds
Build info: version: '3.7.1', revision: '8a0099a', time: '2017-11-06T21:07:36.161Z'
System info: host: 'QA-PC', ip: '192.168.1.145', os.name: 'Windows 10', os.arch: 'amd64', os.version: '10.0', java.version: '1.8.0_181'
Driver info: com.kms.katalon.selenium.driver.CChromeDriver
Capabilities {acceptInsecureCerts: false, acceptSslCerts: false, applicationCacheEnabled: false, browserConnectionEnabled: false, browserName: chrome, chrome: {chromedriverVersion: 2.43.600210 (68dcf5eebde371..., userDataDir: C:\Users\leon.b\AppData\Loc...}, cssSelectorsEnabled: true, databaseEnabled: false, goog:chromeOptions: {debuggerAddress: localhost:52620}, handlesAlerts: true, hasTouchScreen: false, javascriptEnabled: true, locationContextEnabled: true, mobileEmulationEnabled: false, nativeEvents: true, networkConnectionEnabled: false, pageLoadStrategy: normal, platform: XP, platformName: XP, rotatable: false, setWindowRect: true, takesHeapSnapshot: true, takesScreenshot: true, unexpectedAlertBehaviour: , unhandledPromptBehavior: , version: 71.0.3578.98, webStorageEnabled: true}
Session ID: 1bfdd357ef5af61298ba43fef612565d
*** Element info: {Using=css selector, value=kiosk-app .login-body img})
	at com.kms.katalon.core.keyword.internal.KeywordMain.stepFailed(KeywordMain.groovy:36)
	at com.kms.katalon.core.webui.keyword.internal.WebUIKeywordMain.stepFailed(WebUIKeywordMain.groovy:65)
	at com.kms.katalon.core.webui.keyword.internal.WebUIKeywordMain.runKeyword(WebUIKeywordMain.groovy:27)
	at com.kms.katalon.core.webui.keyword.builtin.WaitForElementVisibleKeyword.waitForElementVisible(WaitForElementVisibleKeyword.groovy:99)
	at com.kms.katalon.core.webui.keyword.builtin.WaitForElementVisibleKeyword.execute(WaitForElementVisibleKeyword.groovy:68)
	at com.kms.katalon.core.keyword.internal.KeywordExecutor.executeKeywordForPlatform(KeywordExecutor.groovy:53)
	at com.kms.katalon.core.webui.keyword.WebUiBuiltInKeywords.waitForElementVisible(WebUiBuiltInKeywords.groovy:434)
	at com.kms.katalon.core.webui.keyword.WebUiBuiltInKeywords$waitForElementVisible$1.call(Unknown Source)
	at kiosk rfid.run(kiosk rfid:24)
	at com.kms.katalon.core.main.ScriptEngine.run(ScriptEngine.java:194)
	at com.kms.katalon.core.main.ScriptEngine.runScriptAsRawText(ScriptEngine.java:119)
	at com.kms.katalon.core.main.TestCaseExecutor.runScript(TestCaseExecutor.java:328)
	at com.kms.katalon.core.main.TestCaseExecutor.doExecute(TestCaseExecutor.java:319)
	at com.kms.katalon.core.main.TestCaseExecutor.processExecutionPhase(TestCaseExecutor.java:298)
	at com.kms.katalon.core.main.TestCaseExecutor.accessMainPhase(TestCaseExecutor.java:290)
	at com.kms.katalon.core.main.TestCaseExecutor.execute(TestCaseExecutor.java:224)
	at com.kms.katalon.core.main.TestSuiteExecutor.accessTestCaseMainPhase(TestSuiteExecutor.java:129)
	at com.kms.katalon.core.main.TestSuiteExecutor.accessTestSuiteMainPhase(TestSuiteExecutor.java:112)
	at com.kms.katalon.core.main.TestSuiteExecutor.execute(TestSuiteExecutor.java:81)
	at com.kms.katalon.core.main.TestCaseMain.startTestSuite(TestCaseMain.java:149)
	at com.kms.katalon.core.main.TestCaseMain$startTestSuite$0.call(Unknown Source)
	at TempTestSuite1548335269743.run(TempTestSuite1548335269743.groovy:36)


2019-01-24 15:10:21 - [MESSAGE][WARNING] - Cannot take screenshot

2019-01-24 15:10:21 - [MESSAGE][FAILED] - Unable to wait for object 'Object Repository/Kiosk/Login/Rfid/cardImage' to be visible (Root cause: org.openqa.selenium.NoSuchWindowException: no such window: target window already closed
from unknown error: web view not found
  (Session info: chrome=71.0.3578.98)
  (Driver info: chromedriver=2.43.600210 (68dcf5eebde37173d4027fa8635e332711d2874a),platform=Windows NT 10.0.17134 x86_64) (WARNING: The server did not provide any stacktrace information)
Command duration or timeout: 0 milliseconds
Build info: version: '3.7.1', revision: '8a0099a', time: '2017-11-06T21:07:36.161Z'
System info: host: 'QA-PC', ip: '192.168.1.145', os.name: 'Windows 10', os.arch: 'amd64', os.version: '10.0', java.version: '1.8.0_181'
Driver info: com.kms.katalon.selenium.driver.CChromeDriver
Capabilities {acceptInsecureCerts: false, acceptSslCerts: false, applicationCacheEnabled: false, browserConnectionEnabled: false, browserName: chrome, chrome: {chromedriverVersion: 2.43.600210 (68dcf5eebde371..., userDataDir: C:\Users\leon.b\AppData\Loc...}, cssSelectorsEnabled: true, databaseEnabled: false, goog:chromeOptions: {debuggerAddress: localhost:52620}, handlesAlerts: true, hasTouchScreen: false, javascriptEnabled: true, locationContextEnabled: true, mobileEmulationEnabled: false, nativeEvents: true, networkConnectionEnabled: false, pageLoadStrategy: normal, platform: XP, platformName: XP, rotatable: false, setWindowRect: true, takesHeapSnapshot: true, takesScreenshot: true, unexpectedAlertBehaviour: , unhandledPromptBehavior: , version: 71.0.3578.98, webStorageEnabled: true}
Session ID: 1bfdd357ef5af61298ba43fef612565d
*** Element info: {Using=css selector, value=kiosk-app .login-body img})

2019-01-24 15:10:21 - [MESSAGE][FAILED] - waitForElementVisible(findTestObject("Kiosk/Login/Rfid/cardImage"), 30) FAILED.
Reason:
com.kms.katalon.core.exception.StepFailedException: Unable to wait for object 'Object Repository/Kiosk/Login/Rfid/cardImage' to be visible (Root cause: org.openqa.selenium.NoSuchWindowException: no such window: target window already closed
from unknown error: web view not found
  (Session info: chrome=71.0.3578.98)
  (Driver info: chromedriver=2.43.600210 (68dcf5eebde37173d4027fa8635e332711d2874a),platform=Windows NT 10.0.17134 x86_64) (WARNING: The server did not provide any stacktrace information)
Command duration or timeout: 0 milliseconds
Build info: version: '3.7.1', revision: '8a0099a', time: '2017-11-06T21:07:36.161Z'
System info: host: 'QA-PC', ip: '192.168.1.145', os.name: 'Windows 10', os.arch: 'amd64', os.version: '10.0', java.version: '1.8.0_181'
Driver info: com.kms.katalon.selenium.driver.CChromeDriver
Capabilities {acceptInsecureCerts: false, acceptSslCerts: false, applicationCacheEnabled: false, browserConnectionEnabled: false, browserName: chrome, chrome: {chromedriverVersion: 2.43.600210 (68dcf5eebde371..., userDataDir: C:\Users\leon.b\AppData\Loc...}, cssSelectorsEnabled: true, databaseEnabled: false, goog:chromeOptions: {debuggerAddress: localhost:52620}, handlesAlerts: true, hasTouchScreen: false, javascriptEnabled: true, locationContextEnabled: true, mobileEmulationEnabled: false, nativeEvents: true, networkConnectionEnabled: false, pageLoadStrategy: normal, platform: XP, platformName: XP, rotatable: false, setWindowRect: true, takesHeapSnapshot: true, takesScreenshot: true, unexpectedAlertBehaviour: , unhandledPromptBehavior: , version: 71.0.3578.98, webStorageEnabled: true}
Session ID: 1bfdd357ef5af61298ba43fef612565d
*** Element info: {Using=css selector, value=kiosk-app .login-body img})
	at com.kms.katalon.core.keyword.internal.KeywordMain.stepFailed(KeywordMain.groovy:36)
	at com.kms.katalon.core.webui.keyword.internal.WebUIKeywordMain.stepFailed(WebUIKeywordMain.groovy:65)
	at com.kms.katalon.core.webui.keyword.internal.WebUIKeywordMain.runKeyword(WebUIKeywordMain.groovy:27)
	at com.kms.katalon.core.webui.keyword.builtin.WaitForElementVisibleKeyword.waitForElementVisible(WaitForElementVisibleKeyword.groovy:99)
	at com.kms.katalon.core.webui.keyword.builtin.WaitForElementVisibleKeyword.execute(WaitForElementVisibleKeyword.groovy:68)
	at com.kms.katalon.core.keyword.internal.KeywordExecutor.executeKeywordForPlatform(KeywordExecutor.groovy:53)
	at com.kms.katalon.core.webui.keyword.WebUiBuiltInKeywords.waitForElementVisible(WebUiBuiltInKeywords.groovy:434)
	at com.kms.katalon.core.webui.keyword.WebUiBuiltInKeywords$waitForElementVisible$1.call(Unknown Source)
	at kiosk rfid.run(kiosk rfid:24)
	at com.kms.katalon.core.main.ScriptEngine.run(ScriptEngine.java:194)
	at com.kms.katalon.core.main.ScriptEngine.runScriptAsRawText(ScriptEngine.java:119)
	at com.kms.katalon.core.main.TestCaseExecutor.runScript(TestCaseExecutor.java:328)
	at com.kms.katalon.core.main.TestCaseExecutor.doExecute(TestCaseExecutor.java:319)
	at com.kms.katalon.core.main.TestCaseExecutor.processExecutionPhase(TestCaseExecutor.java:298)
	at com.kms.katalon.core.main.TestCaseExecutor.accessMainPhase(TestCaseExecutor.java:290)
	at com.kms.katalon.core.main.TestCaseExecutor.execute(TestCaseExecutor.java:224)
	at com.kms.katalon.core.main.TestSuiteExecutor.accessTestCaseMainPhase(TestSuiteExecutor.java:129)
	at com.kms.katalon.core.main.TestSuiteExecutor.accessTestSuiteMainPhase(TestSuiteExecutor.java:112)
	at com.kms.katalon.core.main.TestSuiteExecutor.execute(TestSuiteExecutor.java:81)
	at com.kms.katalon.core.main.TestCaseMain.startTestSuite(TestCaseMain.java:149)
	at com.kms.katalon.core.main.TestCaseMain$startTestSuite$0.call(Unknown Source)
	at TempTestSuite1548335269743.run(TempTestSuite1548335269743.groovy:36)]]></system-out>
         <system-err><![CDATA[2019-01-24 15:10:06 - [TEST_CASE][FAILED] - Test Cases/kiosk/kiosk rfid: Test Cases/kiosk/kiosk rfid FAILED.
Reason:
com.kms.katalon.core.exception.StepFailedException: Unable to wait for object 'Object Repository/Kiosk/Login/Rfid/cardImage' to be visible (Root cause: org.openqa.selenium.NoSuchWindowException: no such window: target window already closed
from unknown error: web view not found
  (Session info: chrome=71.0.3578.98)
  (Driver info: chromedriver=2.43.600210 (68dcf5eebde37173d4027fa8635e332711d2874a),platform=Windows NT 10.0.17134 x86_64) (WARNING: The server did not provide any stacktrace information)
Command duration or timeout: 0 milliseconds
Build info: version: '3.7.1', revision: '8a0099a', time: '2017-11-06T21:07:36.161Z'
System info: host: 'QA-PC', ip: '192.168.1.145', os.name: 'Windows 10', os.arch: 'amd64', os.version: '10.0', java.version: '1.8.0_181'
Driver info: com.kms.katalon.selenium.driver.CChromeDriver
Capabilities {acceptInsecureCerts: false, acceptSslCerts: false, applicationCacheEnabled: false, browserConnectionEnabled: false, browserName: chrome, chrome: {chromedriverVersion: 2.43.600210 (68dcf5eebde371..., userDataDir: C:\Users\leon.b\AppData\Loc...}, cssSelectorsEnabled: true, databaseEnabled: false, goog:chromeOptions: {debuggerAddress: localhost:52620}, handlesAlerts: true, hasTouchScreen: false, javascriptEnabled: true, locationContextEnabled: true, mobileEmulationEnabled: false, nativeEvents: true, networkConnectionEnabled: false, pageLoadStrategy: normal, platform: XP, platformName: XP, rotatable: false, setWindowRect: true, takesHeapSnapshot: true, takesScreenshot: true, unexpectedAlertBehaviour: , unhandledPromptBehavior: , version: 71.0.3578.98, webStorageEnabled: true}
Session ID: 1bfdd357ef5af61298ba43fef612565d
*** Element info: {Using=css selector, value=kiosk-app .login-body img})
	at com.kms.katalon.core.keyword.internal.KeywordMain.stepFailed(KeywordMain.groovy:36)
	at com.kms.katalon.core.webui.keyword.internal.WebUIKeywordMain.stepFailed(WebUIKeywordMain.groovy:65)
	at com.kms.katalon.core.webui.keyword.internal.WebUIKeywordMain.runKeyword(WebUIKeywordMain.groovy:27)
	at com.kms.katalon.core.webui.keyword.builtin.WaitForElementVisibleKeyword.waitForElementVisible(WaitForElementVisibleKeyword.groovy:99)
	at com.kms.katalon.core.webui.keyword.builtin.WaitForElementVisibleKeyword.execute(WaitForElementVisibleKeyword.groovy:68)
	at com.kms.katalon.core.keyword.internal.KeywordExecutor.executeKeywordForPlatform(KeywordExecutor.groovy:53)
	at com.kms.katalon.core.webui.keyword.WebUiBuiltInKeywords.waitForElementVisible(WebUiBuiltInKeywords.groovy:434)
	at com.kms.katalon.core.webui.keyword.WebUiBuiltInKeywords$waitForElementVisible$1.call(Unknown Source)
	at kiosk rfid.run(kiosk rfid:24)
	at com.kms.katalon.core.main.ScriptEngine.run(ScriptEngine.java:194)
	at com.kms.katalon.core.main.ScriptEngine.runScriptAsRawText(ScriptEngine.java:119)
	at com.kms.katalon.core.main.TestCaseExecutor.runScript(TestCaseExecutor.java:328)
	at com.kms.katalon.core.main.TestCaseExecutor.doExecute(TestCaseExecutor.java:319)
	at com.kms.katalon.core.main.TestCaseExecutor.processExecutionPhase(TestCaseExecutor.java:298)
	at com.kms.katalon.core.main.TestCaseExecutor.accessMainPhase(TestCaseExecutor.java:290)
	at com.kms.katalon.core.main.TestCaseExecutor.execute(TestCaseExecutor.java:224)
	at com.kms.katalon.core.main.TestSuiteExecutor.accessTestCaseMainPhase(TestSuiteExecutor.java:129)
	at com.kms.katalon.core.main.TestSuiteExecutor.accessTestSuiteMainPhase(TestSuiteExecutor.java:112)
	at com.kms.katalon.core.main.TestSuiteExecutor.execute(TestSuiteExecutor.java:81)
	at com.kms.katalon.core.main.TestCaseMain.startTestSuite(TestCaseMain.java:149)
	at com.kms.katalon.core.main.TestCaseMain$startTestSuite$0.call(Unknown Source)
	at TempTestSuite1548335269743.run(TempTestSuite1548335269743.groovy:36)]]></system-err>
      </testcase>
      <system-out><![CDATA[2019-01-24 15:07:51 - [TEST_SUITE][FAILED] - Kiosk Sanity Login Test: Test Cases/kiosk/kiosk rfid FAILED.
Reason:
com.kms.katalon.core.exception.StepFailedException: Unable to verify object 'Object Repository/Kiosk/Lobby/workTicketButton' to be clickable (Root cause: com.kms.katalon.core.exception.StepFailedException: Web element with id: 'Object Repository/Kiosk/Lobby/workTicketButton' located by 'By.cssSelector: yit-lobby > div:nth-of-type(1) > div:nth-of-type(2) > div:nth-of-type(1).btn-lubby' not found)
	at com.kms.katalon.core.keyword.internal.KeywordMain.stepFailed(KeywordMain.groovy:36)
	at com.kms.katalon.core.webui.keyword.internal.WebUIKeywordMain.stepFailed(WebUIKeywordMain.groovy:65)
	at com.kms.katalon.core.webui.keyword.internal.WebUIKeywordMain.runKeyword(WebUIKeywordMain.groovy:27)
	at com.kms.katalon.core.webui.keyword.builtin.VerifyElementClickableKeyword.verifyElementClickable(VerifyElementClickableKeyword.groovy:96)
	at com.kms.katalon.core.webui.keyword.builtin.VerifyElementClickableKeyword.execute(VerifyElementClickableKeyword.groovy:67)
	at com.kms.katalon.core.keyword.internal.KeywordExecutor.executeKeywordForPlatform(KeywordExecutor.groovy:53)
	at com.kms.katalon.core.webui.keyword.WebUiBuiltInKeywords.verifyElementClickable(WebUiBuiltInKeywords.groovy:548)
	at com.kms.katalon.core.webui.keyword.WebUiBuiltInKeywords$verifyElementClickable$5.call(Unknown Source)
	at kiosk rfid.run(kiosk rfid:48)
	at com.kms.katalon.core.main.ScriptEngine.run(ScriptEngine.java:194)
	at com.kms.katalon.core.main.ScriptEngine.runScriptAsRawText(ScriptEngine.java:119)
	at com.kms.katalon.core.main.TestCaseExecutor.runScript(TestCaseExecutor.java:328)
	at com.kms.katalon.core.main.TestCaseExecutor.doExecute(TestCaseExecutor.java:319)
	at com.kms.katalon.core.main.TestCaseExecutor.processExecutionPhase(TestCaseExecutor.java:298)
	at com.kms.katalon.core.main.TestCaseExecutor.accessMainPhase(TestCaseExecutor.java:290)
	at com.kms.katalon.core.main.TestCaseExecutor.execute(TestCaseExecutor.java:224)
	at com.kms.katalon.core.main.TestSuiteExecutor.accessTestCaseMainPhase(TestSuiteExecutor.java:129)
	at com.kms.katalon.core.main.TestSuiteExecutor.accessTestSuiteMainPhase(TestSuiteExecutor.java:112)
	at com.kms.katalon.core.main.TestSuiteExecutor.execute(TestSuiteExecutor.java:81)
	at com.kms.katalon.core.main.TestCaseMain.startTestSuite(TestCaseMain.java:149)
	at com.kms.katalon.core.main.TestCaseMain$startTestSuite$0.call(Unknown Source)
	at TempTestSuite1548335269743.run(TempTestSuite1548335269743.groovy:36)]]></system-out>
      <system-err><![CDATA[2019-01-24 15:07:51 - [TEST_SUITE][FAILED] - Kiosk Sanity Login Test: Test Cases/kiosk/kiosk rfid FAILED.
Reason:
com.kms.katalon.core.exception.StepFailedException: Unable to verify object 'Object Repository/Kiosk/Lobby/workTicketButton' to be clickable (Root cause: com.kms.katalon.core.exception.StepFailedException: Web element with id: 'Object Repository/Kiosk/Lobby/workTicketButton' located by 'By.cssSelector: yit-lobby > div:nth-of-type(1) > div:nth-of-type(2) > div:nth-of-type(1).btn-lubby' not found)
	at com.kms.katalon.core.keyword.internal.KeywordMain.stepFailed(KeywordMain.groovy:36)
	at com.kms.katalon.core.webui.keyword.internal.WebUIKeywordMain.stepFailed(WebUIKeywordMain.groovy:65)
	at com.kms.katalon.core.webui.keyword.internal.WebUIKeywordMain.runKeyword(WebUIKeywordMain.groovy:27)
	at com.kms.katalon.core.webui.keyword.builtin.VerifyElementClickableKeyword.verifyElementClickable(VerifyElementClickableKeyword.groovy:96)
	at com.kms.katalon.core.webui.keyword.builtin.VerifyElementClickableKeyword.execute(VerifyElementClickableKeyword.groovy:67)
	at com.kms.katalon.core.keyword.internal.KeywordExecutor.executeKeywordForPlatform(KeywordExecutor.groovy:53)
	at com.kms.katalon.core.webui.keyword.WebUiBuiltInKeywords.verifyElementClickable(WebUiBuiltInKeywords.groovy:548)
	at com.kms.katalon.core.webui.keyword.WebUiBuiltInKeywords$verifyElementClickable$5.call(Unknown Source)
	at kiosk rfid.run(kiosk rfid:48)
	at com.kms.katalon.core.main.ScriptEngine.run(ScriptEngine.java:194)
	at com.kms.katalon.core.main.ScriptEngine.runScriptAsRawText(ScriptEngine.java:119)
	at com.kms.katalon.core.main.TestCaseExecutor.runScript(TestCaseExecutor.java:328)
	at com.kms.katalon.core.main.TestCaseExecutor.doExecute(TestCaseExecutor.java:319)
	at com.kms.katalon.core.main.TestCaseExecutor.processExecutionPhase(TestCaseExecutor.java:298)
	at com.kms.katalon.core.main.TestCaseExecutor.accessMainPhase(TestCaseExecutor.java:290)
	at com.kms.katalon.core.main.TestCaseExecutor.execute(TestCaseExecutor.java:224)
	at com.kms.katalon.core.main.TestSuiteExecutor.accessTestCaseMainPhase(TestSuiteExecutor.java:129)
	at com.kms.katalon.core.main.TestSuiteExecutor.accessTestSuiteMainPhase(TestSuiteExecutor.java:112)
	at com.kms.katalon.core.main.TestSuiteExecutor.execute(TestSuiteExecutor.java:81)
	at com.kms.katalon.core.main.TestCaseMain.startTestSuite(TestCaseMain.java:149)
	at com.kms.katalon.core.main.TestCaseMain$startTestSuite$0.call(Unknown Source)
	at TempTestSuite1548335269743.run(TempTestSuite1548335269743.groovy:36)]]></system-err>
   </testsuite>
</testsuites>
