<?xml version="1.0" encoding="UTF-8"?>
<testsuites name="Kiosk Sanity Login Test" time="136" tests="3" failures="1" errors="0">
   <testsuite name="Kiosk Sanity Login Test" tests="3" failures="1" errors="0" time="136" timestamp="2019-01-24 15:25:25" hostname="leon.b - QA-PC.Y-it.Local" id="Test Suites/Production/Kiosk Sanity Login Test">
      <properties>
         <property name="deviceName" value=""/>
         <property name="devicePlatform" value=""/>
         <property name="logFolder" value="C:\\Users\\leon.b\\Katalon Studio\\Y-IT_TransIT\\Reports\\Production\\Kiosk Sanity Login Test\\20190124_152523"/>
         <property name="logFiles" value="C:\\Users\\leon.b\\Katalon Studio\\Y-IT_TransIT\\Reports\\Production\\Kiosk Sanity Login Test\\20190124_152523\\execution0.log"/>
         <property name="attachments" value="C:\\Users\\leon.b\\Katalon Studio\\Y-IT_TransIT\\Reports\\Production\\Kiosk Sanity Login Test\\20190124_152523\\1548336427383.png, C:\\Users\\leon.b\\Katalon Studio\\Y-IT_TransIT\\Reports\\Production\\Kiosk Sanity Login Test\\20190124_152523\\1548336427737.png, C:\\Users\\leon.b\\Katalon Studio\\Y-IT_TransIT\\Reports\\Production\\Kiosk Sanity Login Test\\20190124_152523\\1548336461045.png, C:\\Users\\leon.b\\Katalon Studio\\Y-IT_TransIT\\Reports\\Production\\Kiosk Sanity Login Test\\20190124_152523\\1548336461447.png"/>
         <property name="hostName" value="leon.b - QA-PC.Y-it.Local"/>
         <property name="os" value="Windows 10 64bit"/>
         <property name="katalonVersion" value="5.10.1.1"/>
         <property name="browser" value="Chrome 71.0.3578.98"/>
         <property name="hostAddress" value="192.168.1.145"/>
         <property name="sessionId" value="e567e18501f5f40f1e1c3d9247670cf0"/>
         <property name="seleniumVersion" value="3.7.1"/>
         <property name="proxyInformation" value="ProxyInformation{proxyOption=NO_PROXY, proxyServerType=HTTP, password=, proxyServerAddress=, proxyServerPort=0}"/>
         <property name="platform" value="Windows 10"/>
      </properties>
      <testcase name="Test Cases/kiosk/kiosk sanity" classname="Test Cases/kiosk/kiosk sanity" status="PASSED">
         <system-out><![CDATA[2019-01-24 15:25:26 - [TEST_CASE][PASSED] - Test Cases/kiosk/kiosk sanity: Test Cases/kiosk/kiosk sanity

2019-01-24 15:25:26 - [TEST_STEP][PASSED] - openBrowser(site): Browser is opened with url: 'eggedtaavura.kiosk.y-it.co.il/login'

2019-01-24 15:25:27 - [MESSAGE][INFO] - Starting 'Chrome' driver

2019-01-24 15:25:27 - [MESSAGE][INFO] - Action delay is set to 0 seconds

2019-01-24 15:25:34 - [MESSAGE][PASSED] - Browser is opened with url: 'eggedtaavura.kiosk.y-it.co.il/login'

2019-01-24 15:25:34 - [TEST_STEP][PASSED] - maximizeWindow(): Current window maximized

2019-01-24 15:25:35 - [MESSAGE][PASSED] - Current window maximized

2019-01-24 15:25:35 - [TEST_STEP][PASSED] - waitForElementVisible(findTestObject("Kiosk/Login/Code Plus Id/driverCodeInput"), 15): Object 'Object Repository/Kiosk/Login/Code Plus Id/driverCodeInput' is visible

2019-01-24 15:25:35 - [MESSAGE][PASSED] - Object 'Object Repository/Kiosk/Login/Code Plus Id/driverCodeInput' is visible

2019-01-24 15:25:35 - [TEST_STEP][PASSED] - waitForElementVisible(findTestObject("Kiosk/Login/Code Plus Id/driverIdInput"), 15): Object 'Object Repository/Kiosk/Login/Code Plus Id/driverIdInput' is visible

2019-01-24 15:25:35 - [MESSAGE][PASSED] - Object 'Object Repository/Kiosk/Login/Code Plus Id/driverIdInput' is visible

2019-01-24 15:25:35 - [TEST_STEP][PASSED] - waitForElementVisible(findTestObject("Kiosk/Login/Code Plus Id/enterButton"), 15): Object 'Object Repository/Kiosk/Login/Code Plus Id/enterButton' is visible

2019-01-24 15:25:35 - [MESSAGE][PASSED] - Object 'Object Repository/Kiosk/Login/Code Plus Id/enterButton' is visible

2019-01-24 15:25:35 - [TEST_STEP][PASSED] - delay(1): Delayed 1 second(s)

2019-01-24 15:25:36 - [MESSAGE][PASSED] - Delayed 1 second(s)

2019-01-24 15:25:36 - [TEST_STEP][PASSED] - setText(findTestObject("Kiosk/Login/Code Plus Id/driverCodeInput"), driverCode): Text '52' is set on object 'Object Repository/Kiosk/Login/Code Plus Id/driverCodeInput'

2019-01-24 15:25:36 - [MESSAGE][PASSED] - Text '52' is set on object 'Object Repository/Kiosk/Login/Code Plus Id/driverCodeInput'

2019-01-24 15:25:36 - [TEST_STEP][PASSED] - setText(findTestObject("Kiosk/Login/Code Plus Id/driverIdInput"), driverId): Text '053028841' is set on object 'Object Repository/Kiosk/Login/Code Plus Id/driverIdInput'

2019-01-24 15:25:37 - [MESSAGE][PASSED] - Text '053028841' is set on object 'Object Repository/Kiosk/Login/Code Plus Id/driverIdInput'

2019-01-24 15:25:37 - [TEST_STEP][PASSED] - delay(1): Delayed 1 second(s)

2019-01-24 15:25:38 - [MESSAGE][PASSED] - Delayed 1 second(s)

2019-01-24 15:25:38 - [TEST_STEP][PASSED] - click(findTestObject("Kiosk/Login/Code Plus Id/enterButton")): Object: 'Object Repository/Kiosk/Login/Code Plus Id/enterButton' is clicked on

2019-01-24 15:25:38 - [MESSAGE][PASSED] - Object: 'Object Repository/Kiosk/Login/Code Plus Id/enterButton' is clicked on

2019-01-24 15:25:38 - [TEST_STEP][PASSED] - waitForElementVisible(findTestObject("Kiosk/Lobby/header"), 15): Object 'Object Repository/Kiosk/Lobby/header' is visible

2019-01-24 15:25:39 - [MESSAGE][PASSED] - Object 'Object Repository/Kiosk/Lobby/header' is visible

2019-01-24 15:25:39 - [TEST_STEP][PASSED] - verifyElementVisibleInViewport(findTestObject("Kiosk/Lobby/header"), 5): Object 'Object Repository/Kiosk/Lobby/header' is present and visible in viewport

2019-01-24 15:25:39 - [MESSAGE][PASSED] - Object 'Object Repository/Kiosk/Lobby/header' is present and visible in viewport

2019-01-24 15:25:39 - [TEST_STEP][PASSED] - waitForElementVisible(findTestObject("Kiosk/Lobby/workTicketButton"), 15): Object 'Object Repository/Kiosk/Lobby/workTicketButton' is visible

2019-01-24 15:25:39 - [MESSAGE][PASSED] - Object 'Object Repository/Kiosk/Lobby/workTicketButton' is visible

2019-01-24 15:25:39 - [TEST_STEP][PASSED] - verifyElementClickable(findTestObject("Kiosk/Lobby/workTicketButton"), STOP_ON_FAILURE): Object 'Object Repository/Kiosk/Lobby/workTicketButton' is clickable

2019-01-24 15:25:39 - [MESSAGE][PASSED] - Object 'Object Repository/Kiosk/Lobby/workTicketButton' is clickable

2019-01-24 15:25:39 - [TEST_STEP][PASSED] - delay(1): Delayed 1 second(s)

2019-01-24 15:25:40 - [MESSAGE][PASSED] - Delayed 1 second(s)

2019-01-24 15:25:40 - [TEST_STEP][PASSED] - click(findTestObject("Kiosk/Lobby/workTicketButton")): Object: 'Object Repository/Kiosk/Lobby/workTicketButton' is clicked on

2019-01-24 15:25:41 - [MESSAGE][PASSED] - Object: 'Object Repository/Kiosk/Lobby/workTicketButton' is clicked on

2019-01-24 15:25:41 - [TEST_STEP][PASSED] - waitForElementVisible(findTestObject("Kiosk/Work Ticket/statusDropdown"), 15): Object 'Object Repository/Kiosk/Work Ticket/statusDropdown' is visible

2019-01-24 15:25:41 - [MESSAGE][PASSED] - Object 'Object Repository/Kiosk/Work Ticket/statusDropdown' is visible

2019-01-24 15:25:41 - [TEST_STEP][PASSED] - verifyElementVisibleInViewport(findTestObject("Kiosk/Work Ticket/statusDropdown"), 5): Object 'Object Repository/Kiosk/Work Ticket/statusDropdown' is present and visible in viewport

2019-01-24 15:25:41 - [MESSAGE][PASSED] - Object 'Object Repository/Kiosk/Work Ticket/statusDropdown' is present and visible in viewport

2019-01-24 15:25:41 - [TEST_STEP][PASSED] - waitForElementVisible(findTestObject("Kiosk/Work Ticket/datesTableFirstRow"), 15): Object 'Object Repository/Kiosk/Work Ticket/datesTableFirstRow' is visible

2019-01-24 15:25:42 - [MESSAGE][PASSED] - Object 'Object Repository/Kiosk/Work Ticket/datesTableFirstRow' is visible

2019-01-24 15:25:42 - [TEST_STEP][PASSED] - verifyElementVisibleInViewport(findTestObject("Kiosk/Work Ticket/datesTableFirstRow"), 5): Object 'Object Repository/Kiosk/Work Ticket/datesTableFirstRow' is present and visible in viewport

2019-01-24 15:25:42 - [MESSAGE][PASSED] - Object 'Object Repository/Kiosk/Work Ticket/datesTableFirstRow' is present and visible in viewport

2019-01-24 15:25:42 - [TEST_STEP][PASSED] - waitForElementVisible(findTestObject("Kiosk/Work Ticket/mainTableFirstRow"), 15): Object 'Object Repository/Kiosk/Work Ticket/mainTableFirstRow' is visible

2019-01-24 15:25:42 - [MESSAGE][PASSED] - Object 'Object Repository/Kiosk/Work Ticket/mainTableFirstRow' is visible

2019-01-24 15:25:42 - [TEST_STEP][PASSED] - verifyElementVisibleInViewport(findTestObject("Kiosk/Work Ticket/mainTableFirstRow"), 5): Object 'Object Repository/Kiosk/Work Ticket/mainTableFirstRow' is present and visible in viewport

2019-01-24 15:25:43 - [MESSAGE][PASSED] - Object 'Object Repository/Kiosk/Work Ticket/mainTableFirstRow' is present and visible in viewport

2019-01-24 15:25:43 - [TEST_STEP][PASSED] - waitForElementVisible(findTestObject("Kiosk/Work Ticket/back button"), 15): Object 'Object Repository/Kiosk/Work Ticket/back button' is visible

2019-01-24 15:25:43 - [MESSAGE][PASSED] - Object 'Object Repository/Kiosk/Work Ticket/back button' is visible

2019-01-24 15:25:43 - [TEST_STEP][PASSED] - verifyElementVisibleInViewport(findTestObject("Kiosk/Work Ticket/back button"), 5): Object 'Object Repository/Kiosk/Work Ticket/back button' is present and visible in viewport

2019-01-24 15:25:43 - [MESSAGE][PASSED] - Object 'Object Repository/Kiosk/Work Ticket/back button' is present and visible in viewport

2019-01-24 15:25:43 - [TEST_STEP][PASSED] - delay(1): Delayed 1 second(s)

2019-01-24 15:25:44 - [MESSAGE][PASSED] - Delayed 1 second(s)

2019-01-24 15:25:44 - [TEST_STEP][PASSED] - click(findTestObject("Kiosk/Work Ticket/back button")): Object: 'Object Repository/Kiosk/Work Ticket/back button' is clicked on

2019-01-24 15:25:44 - [MESSAGE][PASSED] - Object: 'Object Repository/Kiosk/Work Ticket/back button' is clicked on

2019-01-24 15:25:44 - [TEST_STEP][PASSED] - waitForElementVisible(findTestObject("Kiosk/Lobby/header"), 15): Object 'Object Repository/Kiosk/Lobby/header' is visible

2019-01-24 15:25:44 - [MESSAGE][PASSED] - Object 'Object Repository/Kiosk/Lobby/header' is visible

2019-01-24 15:25:44 - [TEST_STEP][PASSED] - verifyElementVisibleInViewport(findTestObject("Kiosk/Lobby/header"), 5): Object 'Object Repository/Kiosk/Lobby/header' is present and visible in viewport

2019-01-24 15:25:44 - [MESSAGE][PASSED] - Object 'Object Repository/Kiosk/Lobby/header' is present and visible in viewport

2019-01-24 15:25:44 - [TEST_STEP][PASSED] - waitForElementVisible(findTestObject("Kiosk/Lobby/workTicketButton"), 15): Object 'Object Repository/Kiosk/Lobby/workTicketButton' is visible

2019-01-24 15:25:44 - [MESSAGE][PASSED] - Object 'Object Repository/Kiosk/Lobby/workTicketButton' is visible

2019-01-24 15:25:44 - [TEST_STEP][PASSED] - verifyElementClickable(findTestObject("Kiosk/Lobby/workTicketButton"), STOP_ON_FAILURE): Object 'Object Repository/Kiosk/Lobby/workTicketButton' is clickable

2019-01-24 15:25:44 - [MESSAGE][PASSED] - Object 'Object Repository/Kiosk/Lobby/workTicketButton' is clickable

2019-01-24 15:25:44 - [TEST_STEP][PASSED] - waitForElementVisible(findTestObject("Kiosk/Lobby/logoutButton"), 15): Object 'Object Repository/Kiosk/Lobby/logoutButton' is visible

2019-01-24 15:25:44 - [MESSAGE][PASSED] - Object 'Object Repository/Kiosk/Lobby/logoutButton' is visible

2019-01-24 15:25:44 - [TEST_STEP][PASSED] - verifyElementClickable(findTestObject("Kiosk/Lobby/logoutButton"), STOP_ON_FAILURE): Object 'Object Repository/Kiosk/Lobby/logoutButton' is clickable

2019-01-24 15:25:44 - [MESSAGE][PASSED] - Object 'Object Repository/Kiosk/Lobby/logoutButton' is clickable

2019-01-24 15:25:44 - [TEST_STEP][PASSED] - click(findTestObject("Kiosk/Lobby/logoutButton")): Object: 'Object Repository/Kiosk/Lobby/logoutButton' is clicked on

2019-01-24 15:25:44 - [MESSAGE][PASSED] - Object: 'Object Repository/Kiosk/Lobby/logoutButton' is clicked on

2019-01-24 15:25:44 - [TEST_STEP][PASSED] - waitForElementVisible(findTestObject("Kiosk/Login/Code Plus Id/enterButton"), 15): Object 'Object Repository/Kiosk/Login/Code Plus Id/enterButton' is visible

2019-01-24 15:25:44 - [MESSAGE][PASSED] - Object 'Object Repository/Kiosk/Login/Code Plus Id/enterButton' is visible

2019-01-24 15:25:44 - [TEST_STEP][PASSED] - closeBrowser(): Browser is closed

2019-01-24 15:25:45 - [MESSAGE][PASSED] - Browser is closed]]></system-out>
         <system-err><![CDATA[]]></system-err>
      </testcase>
      <testcase name="Test Cases/kiosk/kiosk sanity" classname="Test Cases/kiosk/kiosk sanity" status="PASSED">
         <system-out><![CDATA[2019-01-24 15:25:45 - [TEST_CASE][PASSED] - Test Cases/kiosk/kiosk sanity: Test Cases/kiosk/kiosk sanity

2019-01-24 15:25:45 - [TEST_STEP][PASSED] - openBrowser(site): Browser is opened with url: 'afikim.kiosk.y-it.co.il/login'

2019-01-24 15:25:45 - [MESSAGE][INFO] - Starting 'Chrome' driver

2019-01-24 15:25:51 - [MESSAGE][PASSED] - Browser is opened with url: 'afikim.kiosk.y-it.co.il/login'

2019-01-24 15:25:51 - [TEST_STEP][PASSED] - maximizeWindow(): Current window maximized

2019-01-24 15:25:52 - [MESSAGE][PASSED] - Current window maximized

2019-01-24 15:25:52 - [TEST_STEP][PASSED] - waitForElementVisible(findTestObject("Kiosk/Login/Code Plus Id/driverCodeInput"), 15): Object 'Object Repository/Kiosk/Login/Code Plus Id/driverCodeInput' is visible

2019-01-24 15:25:52 - [MESSAGE][PASSED] - Object 'Object Repository/Kiosk/Login/Code Plus Id/driverCodeInput' is visible

2019-01-24 15:25:52 - [TEST_STEP][PASSED] - waitForElementVisible(findTestObject("Kiosk/Login/Code Plus Id/driverIdInput"), 15): Object 'Object Repository/Kiosk/Login/Code Plus Id/driverIdInput' is visible

2019-01-24 15:25:52 - [MESSAGE][PASSED] - Object 'Object Repository/Kiosk/Login/Code Plus Id/driverIdInput' is visible

2019-01-24 15:25:52 - [TEST_STEP][PASSED] - waitForElementVisible(findTestObject("Kiosk/Login/Code Plus Id/enterButton"), 15): Object 'Object Repository/Kiosk/Login/Code Plus Id/enterButton' is visible

2019-01-24 15:25:52 - [MESSAGE][PASSED] - Object 'Object Repository/Kiosk/Login/Code Plus Id/enterButton' is visible

2019-01-24 15:25:52 - [TEST_STEP][PASSED] - delay(1): Delayed 1 second(s)

2019-01-24 15:25:53 - [MESSAGE][PASSED] - Delayed 1 second(s)

2019-01-24 15:25:53 - [TEST_STEP][PASSED] - setText(findTestObject("Kiosk/Login/Code Plus Id/driverCodeInput"), driverCode): Text '9628' is set on object 'Object Repository/Kiosk/Login/Code Plus Id/driverCodeInput'

2019-01-24 15:25:53 - [MESSAGE][PASSED] - Text '9628' is set on object 'Object Repository/Kiosk/Login/Code Plus Id/driverCodeInput'

2019-01-24 15:25:53 - [TEST_STEP][PASSED] - setText(findTestObject("Kiosk/Login/Code Plus Id/driverIdInput"), driverId): Text '028377000' is set on object 'Object Repository/Kiosk/Login/Code Plus Id/driverIdInput'

2019-01-24 15:25:53 - [MESSAGE][PASSED] - Text '028377000' is set on object 'Object Repository/Kiosk/Login/Code Plus Id/driverIdInput'

2019-01-24 15:25:53 - [TEST_STEP][PASSED] - delay(1): Delayed 1 second(s)

2019-01-24 15:25:55 - [MESSAGE][PASSED] - Delayed 1 second(s)

2019-01-24 15:25:55 - [TEST_STEP][PASSED] - click(findTestObject("Kiosk/Login/Code Plus Id/enterButton")): Object: 'Object Repository/Kiosk/Login/Code Plus Id/enterButton' is clicked on

2019-01-24 15:25:55 - [MESSAGE][PASSED] - Object: 'Object Repository/Kiosk/Login/Code Plus Id/enterButton' is clicked on

2019-01-24 15:25:55 - [TEST_STEP][PASSED] - waitForElementVisible(findTestObject("Kiosk/Lobby/header"), 15): Object 'Object Repository/Kiosk/Lobby/header' is visible

2019-01-24 15:25:56 - [MESSAGE][PASSED] - Object 'Object Repository/Kiosk/Lobby/header' is visible

2019-01-24 15:25:56 - [TEST_STEP][PASSED] - verifyElementVisibleInViewport(findTestObject("Kiosk/Lobby/header"), 5): Object 'Object Repository/Kiosk/Lobby/header' is present and visible in viewport

2019-01-24 15:25:56 - [MESSAGE][PASSED] - Object 'Object Repository/Kiosk/Lobby/header' is present and visible in viewport

2019-01-24 15:25:56 - [TEST_STEP][PASSED] - waitForElementVisible(findTestObject("Kiosk/Lobby/workTicketButton"), 15): Object 'Object Repository/Kiosk/Lobby/workTicketButton' is visible

2019-01-24 15:25:56 - [MESSAGE][PASSED] - Object 'Object Repository/Kiosk/Lobby/workTicketButton' is visible

2019-01-24 15:25:56 - [TEST_STEP][PASSED] - verifyElementClickable(findTestObject("Kiosk/Lobby/workTicketButton"), STOP_ON_FAILURE): Object 'Object Repository/Kiosk/Lobby/workTicketButton' is clickable

2019-01-24 15:25:56 - [MESSAGE][PASSED] - Object 'Object Repository/Kiosk/Lobby/workTicketButton' is clickable

2019-01-24 15:25:56 - [TEST_STEP][PASSED] - delay(1): Delayed 1 second(s)

2019-01-24 15:25:57 - [MESSAGE][PASSED] - Delayed 1 second(s)

2019-01-24 15:25:57 - [TEST_STEP][PASSED] - click(findTestObject("Kiosk/Lobby/workTicketButton")): Object: 'Object Repository/Kiosk/Lobby/workTicketButton' is clicked on

2019-01-24 15:25:57 - [MESSAGE][PASSED] - Object: 'Object Repository/Kiosk/Lobby/workTicketButton' is clicked on

2019-01-24 15:25:57 - [TEST_STEP][PASSED] - waitForElementVisible(findTestObject("Kiosk/Work Ticket/statusDropdown"), 15): Object 'Object Repository/Kiosk/Work Ticket/statusDropdown' is visible

2019-01-24 15:25:57 - [MESSAGE][PASSED] - Object 'Object Repository/Kiosk/Work Ticket/statusDropdown' is visible

2019-01-24 15:25:57 - [TEST_STEP][PASSED] - verifyElementVisibleInViewport(findTestObject("Kiosk/Work Ticket/statusDropdown"), 5): Object 'Object Repository/Kiosk/Work Ticket/statusDropdown' is present and visible in viewport

2019-01-24 15:25:57 - [MESSAGE][PASSED] - Object 'Object Repository/Kiosk/Work Ticket/statusDropdown' is present and visible in viewport

2019-01-24 15:25:57 - [TEST_STEP][PASSED] - waitForElementVisible(findTestObject("Kiosk/Work Ticket/datesTableFirstRow"), 15): Object 'Object Repository/Kiosk/Work Ticket/datesTableFirstRow' is visible

2019-01-24 15:25:58 - [MESSAGE][PASSED] - Object 'Object Repository/Kiosk/Work Ticket/datesTableFirstRow' is visible

2019-01-24 15:25:58 - [TEST_STEP][PASSED] - verifyElementVisibleInViewport(findTestObject("Kiosk/Work Ticket/datesTableFirstRow"), 5): Object 'Object Repository/Kiosk/Work Ticket/datesTableFirstRow' is present and visible in viewport

2019-01-24 15:25:58 - [MESSAGE][PASSED] - Object 'Object Repository/Kiosk/Work Ticket/datesTableFirstRow' is present and visible in viewport

2019-01-24 15:25:58 - [TEST_STEP][PASSED] - waitForElementVisible(findTestObject("Kiosk/Work Ticket/mainTableFirstRow"), 15): Object 'Object Repository/Kiosk/Work Ticket/mainTableFirstRow' is visible

2019-01-24 15:25:58 - [MESSAGE][PASSED] - Object 'Object Repository/Kiosk/Work Ticket/mainTableFirstRow' is visible

2019-01-24 15:25:58 - [TEST_STEP][PASSED] - verifyElementVisibleInViewport(findTestObject("Kiosk/Work Ticket/mainTableFirstRow"), 5): Object 'Object Repository/Kiosk/Work Ticket/mainTableFirstRow' is present and visible in viewport

2019-01-24 15:25:58 - [MESSAGE][PASSED] - Object 'Object Repository/Kiosk/Work Ticket/mainTableFirstRow' is present and visible in viewport

2019-01-24 15:25:58 - [TEST_STEP][PASSED] - waitForElementVisible(findTestObject("Kiosk/Work Ticket/back button"), 15): Object 'Object Repository/Kiosk/Work Ticket/back button' is visible

2019-01-24 15:25:58 - [MESSAGE][PASSED] - Object 'Object Repository/Kiosk/Work Ticket/back button' is visible

2019-01-24 15:25:58 - [TEST_STEP][PASSED] - verifyElementVisibleInViewport(findTestObject("Kiosk/Work Ticket/back button"), 5): Object 'Object Repository/Kiosk/Work Ticket/back button' is present and visible in viewport

2019-01-24 15:25:58 - [MESSAGE][PASSED] - Object 'Object Repository/Kiosk/Work Ticket/back button' is present and visible in viewport

2019-01-24 15:25:58 - [TEST_STEP][PASSED] - delay(1): Delayed 1 second(s)

2019-01-24 15:25:59 - [MESSAGE][PASSED] - Delayed 1 second(s)

2019-01-24 15:25:59 - [TEST_STEP][PASSED] - click(findTestObject("Kiosk/Work Ticket/back button")): Object: 'Object Repository/Kiosk/Work Ticket/back button' is clicked on

2019-01-24 15:25:59 - [MESSAGE][PASSED] - Object: 'Object Repository/Kiosk/Work Ticket/back button' is clicked on

2019-01-24 15:25:59 - [TEST_STEP][PASSED] - waitForElementVisible(findTestObject("Kiosk/Lobby/header"), 15): Object 'Object Repository/Kiosk/Lobby/header' is visible

2019-01-24 15:25:59 - [MESSAGE][PASSED] - Object 'Object Repository/Kiosk/Lobby/header' is visible

2019-01-24 15:25:59 - [TEST_STEP][PASSED] - verifyElementVisibleInViewport(findTestObject("Kiosk/Lobby/header"), 5): Object 'Object Repository/Kiosk/Lobby/header' is present and visible in viewport

2019-01-24 15:25:59 - [MESSAGE][PASSED] - Object 'Object Repository/Kiosk/Lobby/header' is present and visible in viewport

2019-01-24 15:25:59 - [TEST_STEP][PASSED] - waitForElementVisible(findTestObject("Kiosk/Lobby/workTicketButton"), 15): Object 'Object Repository/Kiosk/Lobby/workTicketButton' is visible

2019-01-24 15:25:59 - [MESSAGE][PASSED] - Object 'Object Repository/Kiosk/Lobby/workTicketButton' is visible

2019-01-24 15:25:59 - [TEST_STEP][PASSED] - verifyElementClickable(findTestObject("Kiosk/Lobby/workTicketButton"), STOP_ON_FAILURE): Object 'Object Repository/Kiosk/Lobby/workTicketButton' is clickable

2019-01-24 15:25:59 - [MESSAGE][PASSED] - Object 'Object Repository/Kiosk/Lobby/workTicketButton' is clickable

2019-01-24 15:25:59 - [TEST_STEP][PASSED] - waitForElementVisible(findTestObject("Kiosk/Lobby/logoutButton"), 15): Object 'Object Repository/Kiosk/Lobby/logoutButton' is visible

2019-01-24 15:25:59 - [MESSAGE][PASSED] - Object 'Object Repository/Kiosk/Lobby/logoutButton' is visible

2019-01-24 15:25:59 - [TEST_STEP][PASSED] - verifyElementClickable(findTestObject("Kiosk/Lobby/logoutButton"), STOP_ON_FAILURE): Object 'Object Repository/Kiosk/Lobby/logoutButton' is clickable

2019-01-24 15:25:59 - [MESSAGE][PASSED] - Object 'Object Repository/Kiosk/Lobby/logoutButton' is clickable

2019-01-24 15:25:59 - [TEST_STEP][PASSED] - click(findTestObject("Kiosk/Lobby/logoutButton")): Object: 'Object Repository/Kiosk/Lobby/logoutButton' is clicked on

2019-01-24 15:26:00 - [MESSAGE][PASSED] - Object: 'Object Repository/Kiosk/Lobby/logoutButton' is clicked on

2019-01-24 15:26:00 - [TEST_STEP][PASSED] - waitForElementVisible(findTestObject("Kiosk/Login/Code Plus Id/enterButton"), 15): Object 'Object Repository/Kiosk/Login/Code Plus Id/enterButton' is visible

2019-01-24 15:26:00 - [MESSAGE][PASSED] - Object 'Object Repository/Kiosk/Login/Code Plus Id/enterButton' is visible

2019-01-24 15:26:00 - [TEST_STEP][PASSED] - closeBrowser(): Browser is closed

2019-01-24 15:26:00 - [MESSAGE][PASSED] - Browser is closed]]></system-out>
         <system-err><![CDATA[]]></system-err>
      </testcase>
      <testcase name="Test Cases/kiosk/kiosk rfid" classname="Test Cases/kiosk/kiosk rfid" status="PASSED">
         <system-out><![CDATA[2019-01-24 15:26:00 - [TEST_CASE][PASSED] - Test Cases/kiosk/kiosk rfid: Test Cases/kiosk/kiosk rfid

2019-01-24 15:26:00 - [TEST_STEP][PASSED] - openBrowser(rfidSite): Browser is opened with url: 'eggedtaavura.kiosk.y-it.co.il/loginByRfid'

2019-01-24 15:26:00 - [MESSAGE][INFO] - Starting 'Chrome' driver

2019-01-24 15:26:07 - [MESSAGE][PASSED] - Browser is opened with url: 'eggedtaavura.kiosk.y-it.co.il/loginByRfid'

2019-01-24 15:26:07 - [TEST_STEP][PASSED] - maximizeWindow(): Current window maximized

2019-01-24 15:26:08 - [MESSAGE][PASSED] - Current window maximized

2019-01-24 15:26:08 - [TEST_STEP][PASSED] - waitForElementVisible(findTestObject("Kiosk/Login/Rfid/cardImage"), 30): Object 'Object Repository/Kiosk/Login/Rfid/cardImage' is visible

2019-01-24 15:26:08 - [MESSAGE][PASSED] - Object 'Object Repository/Kiosk/Login/Rfid/cardImage' is visible

2019-01-24 15:26:08 - [TEST_STEP][PASSED] - focus(findTestObject("Kiosk/Login/Rfid/cardImage")): Object: 'Object Repository/Kiosk/Login/Rfid/cardImage' is focused

2019-01-24 15:26:09 - [MESSAGE][PASSED] - Object: 'Object Repository/Kiosk/Login/Rfid/cardImage' is focused

2019-01-24 15:26:09 - [TEST_STEP][PASSED] - f_logInwithRfid(): null

2019-01-24 15:26:09 - [TEST_STEP][PASSED] - robot = new java.awt.Robot(): null

2019-01-24 15:26:09 - [TEST_STEP][PASSED] - rfidCodeArray = toString().toCharArray(): null

2019-01-24 15:26:09 - [TEST_STEP][PASSED] - delay(5): Delayed 5 second(s)

2019-01-24 15:26:14 - [MESSAGE][PASSED] - Delayed 5 second(s)

2019-01-24 15:26:14 - [TEST_STEP][PASSED] - for ([i = 0, i < length, (i++)]): null

2019-01-24 15:26:14 - [TEST_STEP][PASSED] - delay(1): Delayed 1 second(s)

2019-01-24 15:26:15 - [MESSAGE][PASSED] - Delayed 1 second(s)

2019-01-24 15:26:15 - [TEST_STEP][PASSED] - n = Integer.parseInt(rfidCodeArray[i].toString()): null

2019-01-24 15:26:15 - [TEST_STEP][PASSED] - switch (n): null

2019-01-24 15:26:15 - [TEST_STEP][PASSED] - case 0:: null

2019-01-24 15:26:15 - [TEST_STEP][PASSED] - robot.keyPress(VK_0): null

2019-01-24 15:26:15 - [TEST_STEP][PASSED] - break: null

2019-01-24 15:26:15 - [TEST_STEP][PASSED] - delay(1): Delayed 1 second(s)

2019-01-24 15:26:16 - [MESSAGE][PASSED] - Delayed 1 second(s)

2019-01-24 15:26:16 - [TEST_STEP][PASSED] - n = Integer.parseInt(rfidCodeArray[i].toString()): null

2019-01-24 15:26:16 - [TEST_STEP][PASSED] - switch (n): null

2019-01-24 15:26:16 - [TEST_STEP][PASSED] - case 2:: null

2019-01-24 15:26:16 - [TEST_STEP][PASSED] - robot.keyPress(VK_2): null

2019-01-24 15:26:16 - [TEST_STEP][PASSED] - break: null

2019-01-24 15:26:16 - [TEST_STEP][PASSED] - delay(1): Delayed 1 second(s)

2019-01-24 15:26:17 - [MESSAGE][PASSED] - Delayed 1 second(s)

2019-01-24 15:26:17 - [TEST_STEP][PASSED] - n = Integer.parseInt(rfidCodeArray[i].toString()): null

2019-01-24 15:26:17 - [TEST_STEP][PASSED] - switch (n): null

2019-01-24 15:26:17 - [TEST_STEP][PASSED] - case 6:: null

2019-01-24 15:26:17 - [TEST_STEP][PASSED] - robot.keyPress(VK_6): null

2019-01-24 15:26:17 - [TEST_STEP][PASSED] - break: null

2019-01-24 15:26:17 - [TEST_STEP][PASSED] - delay(1): Delayed 1 second(s)

2019-01-24 15:26:18 - [MESSAGE][PASSED] - Delayed 1 second(s)

2019-01-24 15:26:18 - [TEST_STEP][PASSED] - n = Integer.parseInt(rfidCodeArray[i].toString()): null

2019-01-24 15:26:18 - [TEST_STEP][PASSED] - switch (n): null

2019-01-24 15:26:18 - [TEST_STEP][PASSED] - case 0:: null

2019-01-24 15:26:18 - [TEST_STEP][PASSED] - robot.keyPress(VK_0): null

2019-01-24 15:26:18 - [TEST_STEP][PASSED] - break: null

2019-01-24 15:26:18 - [TEST_STEP][PASSED] - delay(1): Delayed 1 second(s)

2019-01-24 15:26:19 - [MESSAGE][PASSED] - Delayed 1 second(s)

2019-01-24 15:26:19 - [TEST_STEP][PASSED] - n = Integer.parseInt(rfidCodeArray[i].toString()): null

2019-01-24 15:26:19 - [TEST_STEP][PASSED] - switch (n): null

2019-01-24 15:26:19 - [TEST_STEP][PASSED] - case 0:: null

2019-01-24 15:26:19 - [TEST_STEP][PASSED] - robot.keyPress(VK_0): null

2019-01-24 15:26:19 - [TEST_STEP][PASSED] - break: null

2019-01-24 15:26:19 - [TEST_STEP][PASSED] - delay(1): Delayed 1 second(s)

2019-01-24 15:26:20 - [MESSAGE][PASSED] - Delayed 1 second(s)

2019-01-24 15:26:20 - [TEST_STEP][PASSED] - n = Integer.parseInt(rfidCodeArray[i].toString()): null

2019-01-24 15:26:20 - [TEST_STEP][PASSED] - switch (n): null

2019-01-24 15:26:20 - [TEST_STEP][PASSED] - case 0:: null

2019-01-24 15:26:20 - [TEST_STEP][PASSED] - robot.keyPress(VK_0): null

2019-01-24 15:26:20 - [TEST_STEP][PASSED] - break: null

2019-01-24 15:26:20 - [TEST_STEP][PASSED] - delay(1): Delayed 1 second(s)

2019-01-24 15:26:21 - [MESSAGE][PASSED] - Delayed 1 second(s)

2019-01-24 15:26:21 - [TEST_STEP][PASSED] - n = Integer.parseInt(rfidCodeArray[i].toString()): null

2019-01-24 15:26:21 - [TEST_STEP][PASSED] - switch (n): null

2019-01-24 15:26:21 - [TEST_STEP][PASSED] - case 2:: null

2019-01-24 15:26:21 - [TEST_STEP][PASSED] - robot.keyPress(VK_2): null

2019-01-24 15:26:21 - [TEST_STEP][PASSED] - break: null

2019-01-24 15:26:21 - [TEST_STEP][PASSED] - delay(1): Delayed 1 second(s)

2019-01-24 15:26:22 - [MESSAGE][PASSED] - Delayed 1 second(s)

2019-01-24 15:26:22 - [TEST_STEP][PASSED] - n = Integer.parseInt(rfidCodeArray[i].toString()): null

2019-01-24 15:26:22 - [TEST_STEP][PASSED] - switch (n): null

2019-01-24 15:26:22 - [TEST_STEP][PASSED] - case 2:: null

2019-01-24 15:26:22 - [TEST_STEP][PASSED] - robot.keyPress(VK_2): null

2019-01-24 15:26:22 - [TEST_STEP][PASSED] - break: null

2019-01-24 15:26:22 - [TEST_STEP][PASSED] - delay(1): Delayed 1 second(s)

2019-01-24 15:26:23 - [MESSAGE][PASSED] - Delayed 1 second(s)

2019-01-24 15:26:23 - [TEST_STEP][PASSED] - n = Integer.parseInt(rfidCodeArray[i].toString()): null

2019-01-24 15:26:23 - [TEST_STEP][PASSED] - switch (n): null

2019-01-24 15:26:23 - [TEST_STEP][PASSED] - case 4:: null

2019-01-24 15:26:23 - [TEST_STEP][PASSED] - robot.keyPress(VK_4): null

2019-01-24 15:26:23 - [TEST_STEP][PASSED] - break: null

2019-01-24 15:26:23 - [TEST_STEP][PASSED] - delay(1): Delayed 1 second(s)

2019-01-24 15:26:24 - [MESSAGE][PASSED] - Delayed 1 second(s)

2019-01-24 15:26:24 - [TEST_STEP][PASSED] - n = Integer.parseInt(rfidCodeArray[i].toString()): null

2019-01-24 15:26:24 - [TEST_STEP][PASSED] - switch (n): null

2019-01-24 15:26:24 - [TEST_STEP][PASSED] - case 0:: null

2019-01-24 15:26:24 - [TEST_STEP][PASSED] - robot.keyPress(VK_0): null

2019-01-24 15:26:24 - [TEST_STEP][PASSED] - break: null

2019-01-24 15:26:24 - [TEST_STEP][PASSED] - delay(1): Delayed 1 second(s)

2019-01-24 15:26:25 - [MESSAGE][PASSED] - Delayed 1 second(s)

2019-01-24 15:26:25 - [TEST_STEP][PASSED] - n = Integer.parseInt(rfidCodeArray[i].toString()): null

2019-01-24 15:26:25 - [TEST_STEP][PASSED] - switch (n): null

2019-01-24 15:26:25 - [TEST_STEP][PASSED] - case 0:: null

2019-01-24 15:26:25 - [TEST_STEP][PASSED] - robot.keyPress(VK_0): null

2019-01-24 15:26:25 - [TEST_STEP][PASSED] - break: null

2019-01-24 15:26:25 - [TEST_STEP][PASSED] - delay(1): Delayed 1 second(s)

2019-01-24 15:26:26 - [MESSAGE][PASSED] - Delayed 1 second(s)

2019-01-24 15:26:26 - [TEST_STEP][PASSED] - n = Integer.parseInt(rfidCodeArray[i].toString()): null

2019-01-24 15:26:26 - [TEST_STEP][PASSED] - switch (n): null

2019-01-24 15:26:26 - [TEST_STEP][PASSED] - case 1:: null

2019-01-24 15:26:26 - [TEST_STEP][PASSED] - robot.keyPress(VK_1): null

2019-01-24 15:26:26 - [TEST_STEP][PASSED] - break: null

2019-01-24 15:26:26 - [TEST_STEP][PASSED] - delay(1): Delayed 1 second(s)

2019-01-24 15:26:27 - [MESSAGE][PASSED] - Delayed 1 second(s)

2019-01-24 15:26:27 - [TEST_STEP][PASSED] - n = Integer.parseInt(rfidCodeArray[i].toString()): null

2019-01-24 15:26:27 - [TEST_STEP][PASSED] - switch (n): null

2019-01-24 15:26:27 - [TEST_STEP][PASSED] - case 2:: null

2019-01-24 15:26:27 - [TEST_STEP][PASSED] - robot.keyPress(VK_2): null

2019-01-24 15:26:27 - [TEST_STEP][PASSED] - break: null

2019-01-24 15:26:27 - [TEST_STEP][PASSED] - delay(1): Delayed 1 second(s)

2019-01-24 15:26:28 - [MESSAGE][PASSED] - Delayed 1 second(s)

2019-01-24 15:26:28 - [TEST_STEP][PASSED] - robot.keyPress(VK_ENTER): null

2019-01-24 15:26:28 - [TEST_STEP][PASSED] - try: Object 'Object Repository/Kiosk/Lobby/header' is present and visible in viewport

2019-01-24 15:26:28 - [TEST_STEP][PASSED] - waitForElementVisible(findTestObject("Kiosk/Lobby/header"), 15): Object 'Object Repository/Kiosk/Lobby/header' is visible

2019-01-24 15:26:28 - [MESSAGE][PASSED] - Object 'Object Repository/Kiosk/Lobby/header' is visible

2019-01-24 15:26:28 - [TEST_STEP][PASSED] - verifyElementVisibleInViewport(findTestObject("Kiosk/Lobby/header"), 5): Object 'Object Repository/Kiosk/Lobby/header' is present and visible in viewport

2019-01-24 15:26:28 - [MESSAGE][PASSED] - Object 'Object Repository/Kiosk/Lobby/header' is present and visible in viewport

2019-01-24 15:26:28 - [TEST_STEP][PASSED] - waitForElementVisible(findTestObject("Kiosk/Lobby/workTicketButton"), 15): Object 'Object Repository/Kiosk/Lobby/workTicketButton' is visible

2019-01-24 15:26:28 - [MESSAGE][PASSED] - Object 'Object Repository/Kiosk/Lobby/workTicketButton' is visible

2019-01-24 15:26:28 - [TEST_STEP][PASSED] - verifyElementClickable(findTestObject("Kiosk/Lobby/workTicketButton"), STOP_ON_FAILURE): Object 'Object Repository/Kiosk/Lobby/workTicketButton' is clickable

2019-01-24 15:26:28 - [MESSAGE][PASSED] - Object 'Object Repository/Kiosk/Lobby/workTicketButton' is clickable

2019-01-24 15:26:28 - [TEST_STEP][PASSED] - waitForElementVisible(findTestObject("Kiosk/Lobby/logoutButton"), 15): Object 'Object Repository/Kiosk/Lobby/logoutButton' is visible

2019-01-24 15:26:28 - [MESSAGE][PASSED] - Object 'Object Repository/Kiosk/Lobby/logoutButton' is visible

2019-01-24 15:26:28 - [TEST_STEP][PASSED] - verifyElementClickable(findTestObject("Kiosk/Lobby/logoutButton"), STOP_ON_FAILURE): Object 'Object Repository/Kiosk/Lobby/logoutButton' is clickable

2019-01-24 15:26:28 - [MESSAGE][PASSED] - Object 'Object Repository/Kiosk/Lobby/logoutButton' is clickable

2019-01-24 15:26:28 - [TEST_STEP][PASSED] - click(findTestObject("Kiosk/Lobby/logoutButton")): Object: 'Object Repository/Kiosk/Lobby/logoutButton' is clicked on

2019-01-24 15:26:28 - [MESSAGE][PASSED] - Object: 'Object Repository/Kiosk/Lobby/logoutButton' is clicked on

2019-01-24 15:26:28 - [TEST_STEP][PASSED] - waitForElementVisible(findTestObject("Kiosk/Login/Rfid/cardImage"), 30): Object 'Object Repository/Kiosk/Login/Rfid/cardImage' is visible

2019-01-24 15:26:28 - [MESSAGE][PASSED] - Object 'Object Repository/Kiosk/Login/Rfid/cardImage' is visible

2019-01-24 15:26:28 - [TEST_STEP][PASSED] - closeBrowser(): Browser is closed

2019-01-24 15:26:29 - [MESSAGE][PASSED] - Browser is closed]]></system-out>
         <system-err><![CDATA[]]></system-err>
      </testcase>
      <testcase name="Test Cases/kiosk/kiosk rfid" classname="Test Cases/kiosk/kiosk rfid" status="FAILED">
         <failure type="FAILED" message="Test Cases/kiosk/kiosk rfid FAILED.
Reason:
com.kms.katalon.core.exception.StepFailedException: Unable to verify object 'Object Repository/Kiosk/Lobby/workTicketButton' to be clickable (Root cause: com.kms.katalon.core.exception.StepFailedException: Web element with id: 'Object Repository/Kiosk/Lobby/workTicketButton' located by 'By.cssSelector: yit-lobby > div:nth-of-type(1) > div:nth-of-type(2) > div:nth-of-type(1).btn-lubby' not found)
	at com.kms.katalon.core.keyword.internal.KeywordMain.stepFailed(KeywordMain.groovy:36)
	at com.kms.katalon.core.webui.keyword.internal.WebUIKeywordMain.stepFailed(WebUIKeywordMain.groovy:65)
	at com.kms.katalon.core.webui.keyword.internal.WebUIKeywordMain.runKeyword(WebUIKeywordMain.groovy:27)
	at com.kms.katalon.core.webui.keyword.builtin.VerifyElementClickableKeyword.verifyElementClickable(VerifyElementClickableKeyword.groovy:96)
	at com.kms.katalon.core.webui.keyword.builtin.VerifyElementClickableKeyword.execute(VerifyElementClickableKeyword.groovy:67)
	at com.kms.katalon.core.keyword.internal.KeywordExecutor.executeKeywordForPlatform(KeywordExecutor.groovy:53)
	at com.kms.katalon.core.webui.keyword.WebUiBuiltInKeywords.verifyElementClickable(WebUiBuiltInKeywords.groovy:548)
	at com.kms.katalon.core.webui.keyword.WebUiBuiltInKeywords$verifyElementClickable$5.call(Unknown Source)
	at kiosk rfid.run(kiosk rfid:48)
	at com.kms.katalon.core.main.ScriptEngine.run(ScriptEngine.java:194)
	at com.kms.katalon.core.main.ScriptEngine.runScriptAsRawText(ScriptEngine.java:119)
	at com.kms.katalon.core.main.TestCaseExecutor.runScript(TestCaseExecutor.java:328)
	at com.kms.katalon.core.main.TestCaseExecutor.doExecute(TestCaseExecutor.java:319)
	at com.kms.katalon.core.main.TestCaseExecutor.processExecutionPhase(TestCaseExecutor.java:298)
	at com.kms.katalon.core.main.TestCaseExecutor.accessMainPhase(TestCaseExecutor.java:290)
	at com.kms.katalon.core.main.TestCaseExecutor.execute(TestCaseExecutor.java:224)
	at com.kms.katalon.core.main.TestSuiteExecutor.accessTestCaseMainPhase(TestSuiteExecutor.java:129)
	at com.kms.katalon.core.main.TestSuiteExecutor.accessTestSuiteMainPhase(TestSuiteExecutor.java:112)
	at com.kms.katalon.core.main.TestSuiteExecutor.execute(TestSuiteExecutor.java:81)
	at com.kms.katalon.core.main.TestCaseMain.startTestSuite(TestCaseMain.java:149)
	at com.kms.katalon.core.main.TestCaseMain$startTestSuite$0.call(Unknown Source)
	at TempTestSuite1548336323743.run(TempTestSuite1548336323743.groovy:36)
"/>
         <system-out><![CDATA[2019-01-24 15:26:29 - [TEST_CASE][FAILED] - Test Cases/kiosk/kiosk rfid: Test Cases/kiosk/kiosk rfid FAILED.
Reason:
com.kms.katalon.core.exception.StepFailedException: Unable to verify object 'Object Repository/Kiosk/Lobby/workTicketButton' to be clickable (Root cause: com.kms.katalon.core.exception.StepFailedException: Web element with id: 'Object Repository/Kiosk/Lobby/workTicketButton' located by 'By.cssSelector: yit-lobby > div:nth-of-type(1) > div:nth-of-type(2) > div:nth-of-type(1).btn-lubby' not found)
	at com.kms.katalon.core.keyword.internal.KeywordMain.stepFailed(KeywordMain.groovy:36)
	at com.kms.katalon.core.webui.keyword.internal.WebUIKeywordMain.stepFailed(WebUIKeywordMain.groovy:65)
	at com.kms.katalon.core.webui.keyword.internal.WebUIKeywordMain.runKeyword(WebUIKeywordMain.groovy:27)
	at com.kms.katalon.core.webui.keyword.builtin.VerifyElementClickableKeyword.verifyElementClickable(VerifyElementClickableKeyword.groovy:96)
	at com.kms.katalon.core.webui.keyword.builtin.VerifyElementClickableKeyword.execute(VerifyElementClickableKeyword.groovy:67)
	at com.kms.katalon.core.keyword.internal.KeywordExecutor.executeKeywordForPlatform(KeywordExecutor.groovy:53)
	at com.kms.katalon.core.webui.keyword.WebUiBuiltInKeywords.verifyElementClickable(WebUiBuiltInKeywords.groovy:548)
	at com.kms.katalon.core.webui.keyword.WebUiBuiltInKeywords$verifyElementClickable$5.call(Unknown Source)
	at kiosk rfid.run(kiosk rfid:48)
	at com.kms.katalon.core.main.ScriptEngine.run(ScriptEngine.java:194)
	at com.kms.katalon.core.main.ScriptEngine.runScriptAsRawText(ScriptEngine.java:119)
	at com.kms.katalon.core.main.TestCaseExecutor.runScript(TestCaseExecutor.java:328)
	at com.kms.katalon.core.main.TestCaseExecutor.doExecute(TestCaseExecutor.java:319)
	at com.kms.katalon.core.main.TestCaseExecutor.processExecutionPhase(TestCaseExecutor.java:298)
	at com.kms.katalon.core.main.TestCaseExecutor.accessMainPhase(TestCaseExecutor.java:290)
	at com.kms.katalon.core.main.TestCaseExecutor.execute(TestCaseExecutor.java:224)
	at com.kms.katalon.core.main.TestSuiteExecutor.accessTestCaseMainPhase(TestSuiteExecutor.java:129)
	at com.kms.katalon.core.main.TestSuiteExecutor.accessTestSuiteMainPhase(TestSuiteExecutor.java:112)
	at com.kms.katalon.core.main.TestSuiteExecutor.execute(TestSuiteExecutor.java:81)
	at com.kms.katalon.core.main.TestCaseMain.startTestSuite(TestCaseMain.java:149)
	at com.kms.katalon.core.main.TestCaseMain$startTestSuite$0.call(Unknown Source)
	at TempTestSuite1548336323743.run(TempTestSuite1548336323743.groovy:36)


2019-01-24 15:26:29 - [TEST_STEP][PASSED] - openBrowser(rfidSite): Browser is opened with url: 'danbr7.kiosk.y-it.co.il/loginByRfid'

2019-01-24 15:26:29 - [MESSAGE][INFO] - Starting 'Chrome' driver

2019-01-24 15:26:35 - [MESSAGE][PASSED] - Browser is opened with url: 'danbr7.kiosk.y-it.co.il/loginByRfid'

2019-01-24 15:26:35 - [TEST_STEP][PASSED] - maximizeWindow(): Current window maximized

2019-01-24 15:26:36 - [MESSAGE][PASSED] - Current window maximized

2019-01-24 15:26:36 - [TEST_STEP][PASSED] - waitForElementVisible(findTestObject("Kiosk/Login/Rfid/cardImage"), 30): Object 'Object Repository/Kiosk/Login/Rfid/cardImage' is visible

2019-01-24 15:26:36 - [MESSAGE][PASSED] - Object 'Object Repository/Kiosk/Login/Rfid/cardImage' is visible

2019-01-24 15:26:36 - [TEST_STEP][PASSED] - focus(findTestObject("Kiosk/Login/Rfid/cardImage")): Object: 'Object Repository/Kiosk/Login/Rfid/cardImage' is focused

2019-01-24 15:26:36 - [MESSAGE][PASSED] - Object: 'Object Repository/Kiosk/Login/Rfid/cardImage' is focused

2019-01-24 15:26:36 - [TEST_STEP][PASSED] - f_logInwithRfid(): null

2019-01-24 15:26:36 - [TEST_STEP][PASSED] - robot = new java.awt.Robot(): null

2019-01-24 15:26:36 - [TEST_STEP][PASSED] - rfidCodeArray = toString().toCharArray(): null

2019-01-24 15:26:36 - [TEST_STEP][PASSED] - delay(5): Delayed 5 second(s)

2019-01-24 15:26:41 - [MESSAGE][PASSED] - Delayed 5 second(s)

2019-01-24 15:26:41 - [TEST_STEP][PASSED] - for ([i = 0, i < length, (i++)]): null

2019-01-24 15:26:41 - [TEST_STEP][PASSED] - delay(1): Delayed 1 second(s)

2019-01-24 15:26:42 - [MESSAGE][PASSED] - Delayed 1 second(s)

2019-01-24 15:26:42 - [TEST_STEP][PASSED] - n = Integer.parseInt(rfidCodeArray[i].toString()): null

2019-01-24 15:26:42 - [TEST_STEP][PASSED] - switch (n): null

2019-01-24 15:26:42 - [TEST_STEP][PASSED] - case 4:: null

2019-01-24 15:26:42 - [TEST_STEP][PASSED] - robot.keyPress(VK_4): null

2019-01-24 15:26:42 - [TEST_STEP][PASSED] - break: null

2019-01-24 15:26:42 - [TEST_STEP][PASSED] - delay(1): Delayed 1 second(s)

2019-01-24 15:26:43 - [MESSAGE][PASSED] - Delayed 1 second(s)

2019-01-24 15:26:43 - [TEST_STEP][PASSED] - n = Integer.parseInt(rfidCodeArray[i].toString()): null

2019-01-24 15:26:43 - [TEST_STEP][PASSED] - switch (n): null

2019-01-24 15:26:43 - [TEST_STEP][PASSED] - case 0:: null

2019-01-24 15:26:43 - [TEST_STEP][PASSED] - robot.keyPress(VK_0): null

2019-01-24 15:26:43 - [TEST_STEP][PASSED] - break: null

2019-01-24 15:26:43 - [TEST_STEP][PASSED] - delay(1): Delayed 1 second(s)

2019-01-24 15:26:44 - [MESSAGE][PASSED] - Delayed 1 second(s)

2019-01-24 15:26:44 - [TEST_STEP][PASSED] - n = Integer.parseInt(rfidCodeArray[i].toString()): null

2019-01-24 15:26:44 - [TEST_STEP][PASSED] - switch (n): null

2019-01-24 15:26:44 - [TEST_STEP][PASSED] - case 5:: null

2019-01-24 15:26:44 - [TEST_STEP][PASSED] - robot.keyPress(VK_5): null

2019-01-24 15:26:44 - [TEST_STEP][PASSED] - break: null

2019-01-24 15:26:44 - [TEST_STEP][PASSED] - delay(1): Delayed 1 second(s)

2019-01-24 15:26:45 - [MESSAGE][PASSED] - Delayed 1 second(s)

2019-01-24 15:26:45 - [TEST_STEP][PASSED] - n = Integer.parseInt(rfidCodeArray[i].toString()): null

2019-01-24 15:26:45 - [TEST_STEP][PASSED] - switch (n): null

2019-01-24 15:26:45 - [TEST_STEP][PASSED] - case 4:: null

2019-01-24 15:26:45 - [TEST_STEP][PASSED] - robot.keyPress(VK_4): null

2019-01-24 15:26:45 - [TEST_STEP][PASSED] - break: null

2019-01-24 15:26:45 - [TEST_STEP][PASSED] - delay(1): Delayed 1 second(s)

2019-01-24 15:26:46 - [MESSAGE][PASSED] - Delayed 1 second(s)

2019-01-24 15:26:46 - [TEST_STEP][PASSED] - robot.keyPress(VK_ENTER): null

2019-01-24 15:26:46 - [TEST_STEP][FAILED] - try: Unable to verify if object 'Object Repository/Kiosk/Lobby/header' is visible in viewport (Root cause: com.kms.katalon.core.exception.StepFailedException: Object 'Object Repository/Kiosk/Lobby/header' is not present)

2019-01-24 15:26:46 - [TEST_STEP][PASSED] - waitForElementVisible(findTestObject("Kiosk/Lobby/header"), 15): Web element with id: 'Object Repository/Kiosk/Lobby/header' located by 'By.cssSelector: yit-header > div:nth-of-type(1) > div:nth-of-type(2)' not found

2019-01-24 15:27:02 - [MESSAGE][INFO] - Unable to find the element located by 'By.cssSelector: yit-header > div:nth-of-type(1) > div:nth-of-type(2)'. Please recheck the objects properties to make sure the desired element is located. 

2019-01-24 15:27:02 - [MESSAGE][WARNING] - Web element with id: 'Object Repository/Kiosk/Lobby/header' located by 'By.cssSelector: yit-header > div:nth-of-type(1) > div:nth-of-type(2)' not found

2019-01-24 15:27:02 - [TEST_STEP][FAILED] - verifyElementVisibleInViewport(findTestObject("Kiosk/Lobby/header"), 5): Unable to verify if object 'Object Repository/Kiosk/Lobby/header' is visible in viewport (Root cause: com.kms.katalon.core.exception.StepFailedException: Object 'Object Repository/Kiosk/Lobby/header' is not present)

2019-01-24 15:27:07 - [MESSAGE][INFO] - Unable to find the element located by 'By.cssSelector: yit-header > div:nth-of-type(1) > div:nth-of-type(2)'. Please recheck the objects properties to make sure the desired element is located. 

2019-01-24 15:27:07 - [MESSAGE][FAILED] - Object 'Object Repository/Kiosk/Lobby/header' is not present
[[ATTACHMENT|C:\\Users\\leon.b\\Katalon Studio\\Y-IT_TransIT\\Reports\\Production\\Kiosk Sanity Login Test\\20190124_152523\\1548336427383.png]]

2019-01-24 15:27:08 - [MESSAGE][FAILED] - Unable to verify if object 'Object Repository/Kiosk/Lobby/header' is visible in viewport (Root cause: com.kms.katalon.core.exception.StepFailedException: Object 'Object Repository/Kiosk/Lobby/header' is not present)
[[ATTACHMENT|C:\\Users\\leon.b\\Katalon Studio\\Y-IT_TransIT\\Reports\\Production\\Kiosk Sanity Login Test\\20190124_152523\\1548336427737.png]]

2019-01-24 15:27:08 - [TEST_STEP][PASSED] - catch (Exception e): null

2019-01-24 15:27:08 - [TEST_STEP][PASSED] - refresh(): Refresh successfully

2019-01-24 15:27:10 - [MESSAGE][PASSED] - Refresh successfully

2019-01-24 15:27:10 - [TEST_STEP][PASSED] - waitForElementVisible(findTestObject("Kiosk/Login/Rfid/cardImage"), 30): Object 'Object Repository/Kiosk/Login/Rfid/cardImage' is visible

2019-01-24 15:27:10 - [MESSAGE][PASSED] - Object 'Object Repository/Kiosk/Login/Rfid/cardImage' is visible

2019-01-24 15:27:10 - [TEST_STEP][PASSED] - f_logInwithRfid(): null

2019-01-24 15:27:10 - [TEST_STEP][PASSED] - robot = new java.awt.Robot(): null

2019-01-24 15:27:10 - [TEST_STEP][PASSED] - rfidCodeArray = toString().toCharArray(): null

2019-01-24 15:27:10 - [TEST_STEP][PASSED] - delay(5): Delayed 5 second(s)

2019-01-24 15:27:15 - [MESSAGE][PASSED] - Delayed 5 second(s)

2019-01-24 15:27:15 - [TEST_STEP][PASSED] - for ([i = 0, i < length, (i++)]): null

2019-01-24 15:27:15 - [TEST_STEP][PASSED] - delay(1): Delayed 1 second(s)

2019-01-24 15:27:16 - [MESSAGE][PASSED] - Delayed 1 second(s)

2019-01-24 15:27:16 - [TEST_STEP][PASSED] - n = Integer.parseInt(rfidCodeArray[i].toString()): null

2019-01-24 15:27:16 - [TEST_STEP][PASSED] - switch (n): null

2019-01-24 15:27:16 - [TEST_STEP][PASSED] - case 4:: null

2019-01-24 15:27:16 - [TEST_STEP][PASSED] - robot.keyPress(VK_4): null

2019-01-24 15:27:16 - [TEST_STEP][PASSED] - break: null

2019-01-24 15:27:16 - [TEST_STEP][PASSED] - delay(1): Delayed 1 second(s)

2019-01-24 15:27:17 - [MESSAGE][PASSED] - Delayed 1 second(s)

2019-01-24 15:27:17 - [TEST_STEP][PASSED] - n = Integer.parseInt(rfidCodeArray[i].toString()): null

2019-01-24 15:27:17 - [TEST_STEP][PASSED] - switch (n): null

2019-01-24 15:27:17 - [TEST_STEP][PASSED] - case 0:: null

2019-01-24 15:27:17 - [TEST_STEP][PASSED] - robot.keyPress(VK_0): null

2019-01-24 15:27:17 - [TEST_STEP][PASSED] - break: null

2019-01-24 15:27:17 - [TEST_STEP][PASSED] - delay(1): Delayed 1 second(s)

2019-01-24 15:27:18 - [MESSAGE][PASSED] - Delayed 1 second(s)

2019-01-24 15:27:18 - [TEST_STEP][PASSED] - n = Integer.parseInt(rfidCodeArray[i].toString()): null

2019-01-24 15:27:18 - [TEST_STEP][PASSED] - switch (n): null

2019-01-24 15:27:18 - [TEST_STEP][PASSED] - case 5:: null

2019-01-24 15:27:18 - [TEST_STEP][PASSED] - robot.keyPress(VK_5): null

2019-01-24 15:27:18 - [TEST_STEP][PASSED] - break: null

2019-01-24 15:27:18 - [TEST_STEP][PASSED] - delay(1): Delayed 1 second(s)

2019-01-24 15:27:19 - [MESSAGE][PASSED] - Delayed 1 second(s)

2019-01-24 15:27:19 - [TEST_STEP][PASSED] - n = Integer.parseInt(rfidCodeArray[i].toString()): null

2019-01-24 15:27:19 - [TEST_STEP][PASSED] - switch (n): null

2019-01-24 15:27:19 - [TEST_STEP][PASSED] - case 4:: null

2019-01-24 15:27:19 - [TEST_STEP][PASSED] - robot.keyPress(VK_4): null

2019-01-24 15:27:19 - [TEST_STEP][PASSED] - break: null

2019-01-24 15:27:19 - [TEST_STEP][PASSED] - delay(1): Delayed 1 second(s)

2019-01-24 15:27:20 - [MESSAGE][PASSED] - Delayed 1 second(s)

2019-01-24 15:27:20 - [TEST_STEP][PASSED] - robot.keyPress(VK_ENTER): null

2019-01-24 15:27:20 - [TEST_STEP][PASSED] - waitForElementVisible(findTestObject("Kiosk/Lobby/workTicketButton"), 15): Web element with id: 'Object Repository/Kiosk/Lobby/workTicketButton' located by 'By.cssSelector: yit-lobby > div:nth-of-type(1) > div:nth-of-type(2) > div:nth-of-type(1).btn-lubby' not found

2019-01-24 15:27:35 - [MESSAGE][INFO] - Unable to find the element located by 'By.cssSelector: yit-lobby > div:nth-of-type(1) > div:nth-of-type(2) > div:nth-of-type(1).btn-lubby'. Please recheck the objects properties to make sure the desired element is located. 

2019-01-24 15:27:35 - [MESSAGE][WARNING] - Web element with id: 'Object Repository/Kiosk/Lobby/workTicketButton' located by 'By.cssSelector: yit-lobby > div:nth-of-type(1) > div:nth-of-type(2) > div:nth-of-type(1).btn-lubby' not found

2019-01-24 15:27:35 - [TEST_STEP][FAILED] - verifyElementClickable(findTestObject("Kiosk/Lobby/workTicketButton"), STOP_ON_FAILURE): verifyElementClickable(findTestObject("Kiosk/Lobby/workTicketButton"), STOP_ON_FAILURE) FAILED.
Reason:
com.kms.katalon.core.exception.StepFailedException: Unable to verify object 'Object Repository/Kiosk/Lobby/workTicketButton' to be clickable (Root cause: com.kms.katalon.core.exception.StepFailedException: Web element with id: 'Object Repository/Kiosk/Lobby/workTicketButton' located by 'By.cssSelector: yit-lobby > div:nth-of-type(1) > div:nth-of-type(2) > div:nth-of-type(1).btn-lubby' not found)
	at com.kms.katalon.core.keyword.internal.KeywordMain.stepFailed(KeywordMain.groovy:36)
	at com.kms.katalon.core.webui.keyword.internal.WebUIKeywordMain.stepFailed(WebUIKeywordMain.groovy:65)
	at com.kms.katalon.core.webui.keyword.internal.WebUIKeywordMain.runKeyword(WebUIKeywordMain.groovy:27)
	at com.kms.katalon.core.webui.keyword.builtin.VerifyElementClickableKeyword.verifyElementClickable(VerifyElementClickableKeyword.groovy:96)
	at com.kms.katalon.core.webui.keyword.builtin.VerifyElementClickableKeyword.execute(VerifyElementClickableKeyword.groovy:67)
	at com.kms.katalon.core.keyword.internal.KeywordExecutor.executeKeywordForPlatform(KeywordExecutor.groovy:53)
	at com.kms.katalon.core.webui.keyword.WebUiBuiltInKeywords.verifyElementClickable(WebUiBuiltInKeywords.groovy:548)
	at com.kms.katalon.core.webui.keyword.WebUiBuiltInKeywords$verifyElementClickable$5.call(Unknown Source)
	at kiosk rfid.run(kiosk rfid:48)
	at com.kms.katalon.core.main.ScriptEngine.run(ScriptEngine.java:194)
	at com.kms.katalon.core.main.ScriptEngine.runScriptAsRawText(ScriptEngine.java:119)
	at com.kms.katalon.core.main.TestCaseExecutor.runScript(TestCaseExecutor.java:328)
	at com.kms.katalon.core.main.TestCaseExecutor.doExecute(TestCaseExecutor.java:319)
	at com.kms.katalon.core.main.TestCaseExecutor.processExecutionPhase(TestCaseExecutor.java:298)
	at com.kms.katalon.core.main.TestCaseExecutor.accessMainPhase(TestCaseExecutor.java:290)
	at com.kms.katalon.core.main.TestCaseExecutor.execute(TestCaseExecutor.java:224)
	at com.kms.katalon.core.main.TestSuiteExecutor.accessTestCaseMainPhase(TestSuiteExecutor.java:129)
	at com.kms.katalon.core.main.TestSuiteExecutor.accessTestSuiteMainPhase(TestSuiteExecutor.java:112)
	at com.kms.katalon.core.main.TestSuiteExecutor.execute(TestSuiteExecutor.java:81)
	at com.kms.katalon.core.main.TestCaseMain.startTestSuite(TestCaseMain.java:149)
	at com.kms.katalon.core.main.TestCaseMain$startTestSuite$0.call(Unknown Source)
	at TempTestSuite1548336323743.run(TempTestSuite1548336323743.groovy:36)


2019-01-24 15:27:41 - [MESSAGE][INFO] - Unable to find the element located by 'By.cssSelector: yit-lobby > div:nth-of-type(1) > div:nth-of-type(2) > div:nth-of-type(1).btn-lubby'. Please recheck the objects properties to make sure the desired element is located. 

2019-01-24 15:27:41 - [MESSAGE][FAILED] - Web element with id: 'Object Repository/Kiosk/Lobby/workTicketButton' located by 'By.cssSelector: yit-lobby > div:nth-of-type(1) > div:nth-of-type(2) > div:nth-of-type(1).btn-lubby' not found
[[ATTACHMENT|C:\\Users\\leon.b\\Katalon Studio\\Y-IT_TransIT\\Reports\\Production\\Kiosk Sanity Login Test\\20190124_152523\\1548336461045.png]]

2019-01-24 15:27:41 - [MESSAGE][FAILED] - Unable to verify object 'Object Repository/Kiosk/Lobby/workTicketButton' to be clickable (Root cause: com.kms.katalon.core.exception.StepFailedException: Web element with id: 'Object Repository/Kiosk/Lobby/workTicketButton' located by 'By.cssSelector: yit-lobby > div:nth-of-type(1) > div:nth-of-type(2) > div:nth-of-type(1).btn-lubby' not found)
[[ATTACHMENT|C:\\Users\\leon.b\\Katalon Studio\\Y-IT_TransIT\\Reports\\Production\\Kiosk Sanity Login Test\\20190124_152523\\1548336461447.png]]

2019-01-24 15:27:41 - [MESSAGE][FAILED] - verifyElementClickable(findTestObject("Kiosk/Lobby/workTicketButton"), STOP_ON_FAILURE) FAILED.
Reason:
com.kms.katalon.core.exception.StepFailedException: Unable to verify object 'Object Repository/Kiosk/Lobby/workTicketButton' to be clickable (Root cause: com.kms.katalon.core.exception.StepFailedException: Web element with id: 'Object Repository/Kiosk/Lobby/workTicketButton' located by 'By.cssSelector: yit-lobby > div:nth-of-type(1) > div:nth-of-type(2) > div:nth-of-type(1).btn-lubby' not found)
	at com.kms.katalon.core.keyword.internal.KeywordMain.stepFailed(KeywordMain.groovy:36)
	at com.kms.katalon.core.webui.keyword.internal.WebUIKeywordMain.stepFailed(WebUIKeywordMain.groovy:65)
	at com.kms.katalon.core.webui.keyword.internal.WebUIKeywordMain.runKeyword(WebUIKeywordMain.groovy:27)
	at com.kms.katalon.core.webui.keyword.builtin.VerifyElementClickableKeyword.verifyElementClickable(VerifyElementClickableKeyword.groovy:96)
	at com.kms.katalon.core.webui.keyword.builtin.VerifyElementClickableKeyword.execute(VerifyElementClickableKeyword.groovy:67)
	at com.kms.katalon.core.keyword.internal.KeywordExecutor.executeKeywordForPlatform(KeywordExecutor.groovy:53)
	at com.kms.katalon.core.webui.keyword.WebUiBuiltInKeywords.verifyElementClickable(WebUiBuiltInKeywords.groovy:548)
	at com.kms.katalon.core.webui.keyword.WebUiBuiltInKeywords$verifyElementClickable$5.call(Unknown Source)
	at kiosk rfid.run(kiosk rfid:48)
	at com.kms.katalon.core.main.ScriptEngine.run(ScriptEngine.java:194)
	at com.kms.katalon.core.main.ScriptEngine.runScriptAsRawText(ScriptEngine.java:119)
	at com.kms.katalon.core.main.TestCaseExecutor.runScript(TestCaseExecutor.java:328)
	at com.kms.katalon.core.main.TestCaseExecutor.doExecute(TestCaseExecutor.java:319)
	at com.kms.katalon.core.main.TestCaseExecutor.processExecutionPhase(TestCaseExecutor.java:298)
	at com.kms.katalon.core.main.TestCaseExecutor.accessMainPhase(TestCaseExecutor.java:290)
	at com.kms.katalon.core.main.TestCaseExecutor.execute(TestCaseExecutor.java:224)
	at com.kms.katalon.core.main.TestSuiteExecutor.accessTestCaseMainPhase(TestSuiteExecutor.java:129)
	at com.kms.katalon.core.main.TestSuiteExecutor.accessTestSuiteMainPhase(TestSuiteExecutor.java:112)
	at com.kms.katalon.core.main.TestSuiteExecutor.execute(TestSuiteExecutor.java:81)
	at com.kms.katalon.core.main.TestCaseMain.startTestSuite(TestCaseMain.java:149)
	at com.kms.katalon.core.main.TestCaseMain$startTestSuite$0.call(Unknown Source)
	at TempTestSuite1548336323743.run(TempTestSuite1548336323743.groovy:36)]]></system-out>
         <system-err><![CDATA[2019-01-24 15:26:29 - [TEST_CASE][FAILED] - Test Cases/kiosk/kiosk rfid: Test Cases/kiosk/kiosk rfid FAILED.
Reason:
com.kms.katalon.core.exception.StepFailedException: Unable to verify object 'Object Repository/Kiosk/Lobby/workTicketButton' to be clickable (Root cause: com.kms.katalon.core.exception.StepFailedException: Web element with id: 'Object Repository/Kiosk/Lobby/workTicketButton' located by 'By.cssSelector: yit-lobby > div:nth-of-type(1) > div:nth-of-type(2) > div:nth-of-type(1).btn-lubby' not found)
	at com.kms.katalon.core.keyword.internal.KeywordMain.stepFailed(KeywordMain.groovy:36)
	at com.kms.katalon.core.webui.keyword.internal.WebUIKeywordMain.stepFailed(WebUIKeywordMain.groovy:65)
	at com.kms.katalon.core.webui.keyword.internal.WebUIKeywordMain.runKeyword(WebUIKeywordMain.groovy:27)
	at com.kms.katalon.core.webui.keyword.builtin.VerifyElementClickableKeyword.verifyElementClickable(VerifyElementClickableKeyword.groovy:96)
	at com.kms.katalon.core.webui.keyword.builtin.VerifyElementClickableKeyword.execute(VerifyElementClickableKeyword.groovy:67)
	at com.kms.katalon.core.keyword.internal.KeywordExecutor.executeKeywordForPlatform(KeywordExecutor.groovy:53)
	at com.kms.katalon.core.webui.keyword.WebUiBuiltInKeywords.verifyElementClickable(WebUiBuiltInKeywords.groovy:548)
	at com.kms.katalon.core.webui.keyword.WebUiBuiltInKeywords$verifyElementClickable$5.call(Unknown Source)
	at kiosk rfid.run(kiosk rfid:48)
	at com.kms.katalon.core.main.ScriptEngine.run(ScriptEngine.java:194)
	at com.kms.katalon.core.main.ScriptEngine.runScriptAsRawText(ScriptEngine.java:119)
	at com.kms.katalon.core.main.TestCaseExecutor.runScript(TestCaseExecutor.java:328)
	at com.kms.katalon.core.main.TestCaseExecutor.doExecute(TestCaseExecutor.java:319)
	at com.kms.katalon.core.main.TestCaseExecutor.processExecutionPhase(TestCaseExecutor.java:298)
	at com.kms.katalon.core.main.TestCaseExecutor.accessMainPhase(TestCaseExecutor.java:290)
	at com.kms.katalon.core.main.TestCaseExecutor.execute(TestCaseExecutor.java:224)
	at com.kms.katalon.core.main.TestSuiteExecutor.accessTestCaseMainPhase(TestSuiteExecutor.java:129)
	at com.kms.katalon.core.main.TestSuiteExecutor.accessTestSuiteMainPhase(TestSuiteExecutor.java:112)
	at com.kms.katalon.core.main.TestSuiteExecutor.execute(TestSuiteExecutor.java:81)
	at com.kms.katalon.core.main.TestCaseMain.startTestSuite(TestCaseMain.java:149)
	at com.kms.katalon.core.main.TestCaseMain$startTestSuite$0.call(Unknown Source)
	at TempTestSuite1548336323743.run(TempTestSuite1548336323743.groovy:36)]]></system-err>
      </testcase>
      <system-out><![CDATA[2019-01-24 15:25:25 - [TEST_SUITE][FAILED] - Kiosk Sanity Login Test: Test Cases/kiosk/kiosk rfid FAILED.
Reason:
com.kms.katalon.core.exception.StepFailedException: Unable to verify object 'Object Repository/Kiosk/Lobby/workTicketButton' to be clickable (Root cause: com.kms.katalon.core.exception.StepFailedException: Web element with id: 'Object Repository/Kiosk/Lobby/workTicketButton' located by 'By.cssSelector: yit-lobby > div:nth-of-type(1) > div:nth-of-type(2) > div:nth-of-type(1).btn-lubby' not found)
	at com.kms.katalon.core.keyword.internal.KeywordMain.stepFailed(KeywordMain.groovy:36)
	at com.kms.katalon.core.webui.keyword.internal.WebUIKeywordMain.stepFailed(WebUIKeywordMain.groovy:65)
	at com.kms.katalon.core.webui.keyword.internal.WebUIKeywordMain.runKeyword(WebUIKeywordMain.groovy:27)
	at com.kms.katalon.core.webui.keyword.builtin.VerifyElementClickableKeyword.verifyElementClickable(VerifyElementClickableKeyword.groovy:96)
	at com.kms.katalon.core.webui.keyword.builtin.VerifyElementClickableKeyword.execute(VerifyElementClickableKeyword.groovy:67)
	at com.kms.katalon.core.keyword.internal.KeywordExecutor.executeKeywordForPlatform(KeywordExecutor.groovy:53)
	at com.kms.katalon.core.webui.keyword.WebUiBuiltInKeywords.verifyElementClickable(WebUiBuiltInKeywords.groovy:548)
	at com.kms.katalon.core.webui.keyword.WebUiBuiltInKeywords$verifyElementClickable$5.call(Unknown Source)
	at kiosk rfid.run(kiosk rfid:48)
	at com.kms.katalon.core.main.ScriptEngine.run(ScriptEngine.java:194)
	at com.kms.katalon.core.main.ScriptEngine.runScriptAsRawText(ScriptEngine.java:119)
	at com.kms.katalon.core.main.TestCaseExecutor.runScript(TestCaseExecutor.java:328)
	at com.kms.katalon.core.main.TestCaseExecutor.doExecute(TestCaseExecutor.java:319)
	at com.kms.katalon.core.main.TestCaseExecutor.processExecutionPhase(TestCaseExecutor.java:298)
	at com.kms.katalon.core.main.TestCaseExecutor.accessMainPhase(TestCaseExecutor.java:290)
	at com.kms.katalon.core.main.TestCaseExecutor.execute(TestCaseExecutor.java:224)
	at com.kms.katalon.core.main.TestSuiteExecutor.accessTestCaseMainPhase(TestSuiteExecutor.java:129)
	at com.kms.katalon.core.main.TestSuiteExecutor.accessTestSuiteMainPhase(TestSuiteExecutor.java:112)
	at com.kms.katalon.core.main.TestSuiteExecutor.execute(TestSuiteExecutor.java:81)
	at com.kms.katalon.core.main.TestCaseMain.startTestSuite(TestCaseMain.java:149)
	at com.kms.katalon.core.main.TestCaseMain$startTestSuite$0.call(Unknown Source)
	at TempTestSuite1548336323743.run(TempTestSuite1548336323743.groovy:36)]]></system-out>
      <system-err><![CDATA[2019-01-24 15:25:25 - [TEST_SUITE][FAILED] - Kiosk Sanity Login Test: Test Cases/kiosk/kiosk rfid FAILED.
Reason:
com.kms.katalon.core.exception.StepFailedException: Unable to verify object 'Object Repository/Kiosk/Lobby/workTicketButton' to be clickable (Root cause: com.kms.katalon.core.exception.StepFailedException: Web element with id: 'Object Repository/Kiosk/Lobby/workTicketButton' located by 'By.cssSelector: yit-lobby > div:nth-of-type(1) > div:nth-of-type(2) > div:nth-of-type(1).btn-lubby' not found)
	at com.kms.katalon.core.keyword.internal.KeywordMain.stepFailed(KeywordMain.groovy:36)
	at com.kms.katalon.core.webui.keyword.internal.WebUIKeywordMain.stepFailed(WebUIKeywordMain.groovy:65)
	at com.kms.katalon.core.webui.keyword.internal.WebUIKeywordMain.runKeyword(WebUIKeywordMain.groovy:27)
	at com.kms.katalon.core.webui.keyword.builtin.VerifyElementClickableKeyword.verifyElementClickable(VerifyElementClickableKeyword.groovy:96)
	at com.kms.katalon.core.webui.keyword.builtin.VerifyElementClickableKeyword.execute(VerifyElementClickableKeyword.groovy:67)
	at com.kms.katalon.core.keyword.internal.KeywordExecutor.executeKeywordForPlatform(KeywordExecutor.groovy:53)
	at com.kms.katalon.core.webui.keyword.WebUiBuiltInKeywords.verifyElementClickable(WebUiBuiltInKeywords.groovy:548)
	at com.kms.katalon.core.webui.keyword.WebUiBuiltInKeywords$verifyElementClickable$5.call(Unknown Source)
	at kiosk rfid.run(kiosk rfid:48)
	at com.kms.katalon.core.main.ScriptEngine.run(ScriptEngine.java:194)
	at com.kms.katalon.core.main.ScriptEngine.runScriptAsRawText(ScriptEngine.java:119)
	at com.kms.katalon.core.main.TestCaseExecutor.runScript(TestCaseExecutor.java:328)
	at com.kms.katalon.core.main.TestCaseExecutor.doExecute(TestCaseExecutor.java:319)
	at com.kms.katalon.core.main.TestCaseExecutor.processExecutionPhase(TestCaseExecutor.java:298)
	at com.kms.katalon.core.main.TestCaseExecutor.accessMainPhase(TestCaseExecutor.java:290)
	at com.kms.katalon.core.main.TestCaseExecutor.execute(TestCaseExecutor.java:224)
	at com.kms.katalon.core.main.TestSuiteExecutor.accessTestCaseMainPhase(TestSuiteExecutor.java:129)
	at com.kms.katalon.core.main.TestSuiteExecutor.accessTestSuiteMainPhase(TestSuiteExecutor.java:112)
	at com.kms.katalon.core.main.TestSuiteExecutor.execute(TestSuiteExecutor.java:81)
	at com.kms.katalon.core.main.TestCaseMain.startTestSuite(TestCaseMain.java:149)
	at com.kms.katalon.core.main.TestCaseMain$startTestSuite$0.call(Unknown Source)
	at TempTestSuite1548336323743.run(TempTestSuite1548336323743.groovy:36)]]></system-err>
   </testsuite>
</testsuites>
