<?xml version="1.0" encoding="UTF-8"?>
<testsuites name="12-11-2018" time="200" tests="0" failures="4" errors="0">
   <testsuite name="12-11-2018" tests="0" failures="4" errors="0" time="200" timestamp="2018-12-30 12:07:38" hostname="leon.b - QA-PC.Y-it.Local" id="Test Suites/Presentation/12-11-2018">
      <properties>
         <property name="deviceName" value=""/>
         <property name="devicePlatform" value=""/>
         <property name="logFolder" value="C:\\Users\\leon.b\\Katalon Studio\\Y-IT_TransIT\\Reports\\Presentation\\12-11-2018\\20181230_120735"/>
         <property name="logFiles" value="C:\\Users\\leon.b\\Katalon Studio\\Y-IT_TransIT\\Reports\\Presentation\\12-11-2018\\20181230_120735\\execution0.log"/>
         <property name="attachments" value="C:\\Users\\leon.b\\Katalon Studio\\Y-IT_TransIT\\Reports\\Presentation\\12-11-2018\\20181230_120735\\1546164505564.png, C:\\Users\\leon.b\\Katalon Studio\\Y-IT_TransIT\\Reports\\Presentation\\12-11-2018\\20181230_120735\\1546164562793.png, C:\\Users\\leon.b\\Katalon Studio\\Y-IT_TransIT\\Reports\\Presentation\\12-11-2018\\20181230_120735\\1546164611892.png, C:\\Users\\leon.b\\Katalon Studio\\Y-IT_TransIT\\Reports\\Presentation\\12-11-2018\\20181230_120735\\1546164658085.png"/>
         <property name="hostName" value="leon.b - QA-PC.Y-it.Local"/>
         <property name="os" value="Windows 10 64bit"/>
         <property name="katalonVersion" value="5.10.0.1"/>
         <property name="browser" value="Chrome 71.0.3578.98"/>
         <property name="hostAddress" value="192.168.1.145"/>
         <property name="sessionId" value="c8e8a695c9423c96794bba2aaf73a40c"/>
         <property name="seleniumVersion" value="3.7.1"/>
         <property name="proxyInformation" value="ProxyInformation{proxyOption=NO_PROXY, proxyServerType=HTTP, password=, proxyServerAddress=, proxyServerPort=0}"/>
         <property name="platform" value="Windows 10"/>
      </properties>
      <testcase name="Test Cases/Basic/Log In" classname="Test Cases/Basic/Log In" status="FAILED">
         <failure type="FAILED" message="Test Cases/Basic/Log In FAILED.
Reason:
com.kms.katalon.core.exception.StepFailedException: Unable to click on object 'Object Repository/Nav Bar/catalogues' (Root cause: com.kms.katalon.core.webui.exception.WebElementNotFoundException: Web element with id: 'Object Repository/Nav Bar/catalogues' located by 'By.xpath: /html[@class=&quot;k-webkit k-webkit70 ks-webkit537 ks-webkit ks-chrome70 ks-chrome ng-scope&quot;]/body[@class=&quot;k-rtl&quot;]/div[@class=&quot;container-fluid ng-scope&quot;]/div[@class=&quot;row x-content pad-t-36 ng-scope&quot;]/div[@class=&quot;col-xs-1 pull-right x-main-nav pad-t-36 ng-isolate-scope&quot;]/ul[@class=&quot;nav nav-tabs nav-stacked text-center&quot;]/li[1]/a[1]' not found)
	at com.kms.katalon.core.keyword.internal.KeywordMain.stepFailed(KeywordMain.groovy:36)
	at com.kms.katalon.core.webui.keyword.internal.WebUIKeywordMain.stepFailed(WebUIKeywordMain.groovy:65)
	at com.kms.katalon.core.webui.keyword.internal.WebUIKeywordMain.runKeyword(WebUIKeywordMain.groovy:27)
	at com.kms.katalon.core.webui.keyword.builtin.ClickKeyword.click(ClickKeyword.groovy:86)
	at com.kms.katalon.core.webui.keyword.builtin.ClickKeyword.execute(ClickKeyword.groovy:67)
	at com.kms.katalon.core.keyword.internal.KeywordExecutor.executeKeywordForPlatform(KeywordExecutor.groovy:53)
	at com.kms.katalon.core.webui.keyword.WebUiBuiltInKeywords.click(WebUiBuiltInKeywords.groovy:616)
	at com.kms.katalon.core.webui.keyword.WebUiBuiltInKeywords$click$3.call(Unknown Source)
	at Log In.run(Log In:23)
	at com.kms.katalon.core.main.ScriptEngine.run(ScriptEngine.java:194)
	at com.kms.katalon.core.main.ScriptEngine.runScriptAsRawText(ScriptEngine.java:119)
	at com.kms.katalon.core.main.TestCaseExecutor.runScript(TestCaseExecutor.java:328)
	at com.kms.katalon.core.main.TestCaseExecutor.doExecute(TestCaseExecutor.java:319)
	at com.kms.katalon.core.main.TestCaseExecutor.processExecutionPhase(TestCaseExecutor.java:298)
	at com.kms.katalon.core.main.TestCaseExecutor.accessMainPhase(TestCaseExecutor.java:290)
	at com.kms.katalon.core.main.TestCaseExecutor.execute(TestCaseExecutor.java:224)
	at com.kms.katalon.core.main.TestSuiteExecutor.accessTestCaseMainPhase(TestSuiteExecutor.java:129)
	at com.kms.katalon.core.main.TestSuiteExecutor.accessTestSuiteMainPhase(TestSuiteExecutor.java:112)
	at com.kms.katalon.core.main.TestSuiteExecutor.execute(TestSuiteExecutor.java:81)
	at com.kms.katalon.core.main.TestCaseMain.startTestSuite(TestCaseMain.java:149)
	at com.kms.katalon.core.main.TestCaseMain$startTestSuite$0.call(Unknown Source)
	at TempTestSuite1546164455973.run(TempTestSuite1546164455973.groovy:36)
"/>
         <system-out><![CDATA[2018-12-30 12:07:38 - [TEST_CASE][FAILED] - Test Cases/Basic/Log In: Test Cases/Basic/Log In FAILED.
Reason:
com.kms.katalon.core.exception.StepFailedException: Unable to click on object 'Object Repository/Nav Bar/catalogues' (Root cause: com.kms.katalon.core.webui.exception.WebElementNotFoundException: Web element with id: 'Object Repository/Nav Bar/catalogues' located by 'By.xpath: /html[@class="k-webkit k-webkit70 ks-webkit537 ks-webkit ks-chrome70 ks-chrome ng-scope"]/body[@class="k-rtl"]/div[@class="container-fluid ng-scope"]/div[@class="row x-content pad-t-36 ng-scope"]/div[@class="col-xs-1 pull-right x-main-nav pad-t-36 ng-isolate-scope"]/ul[@class="nav nav-tabs nav-stacked text-center"]/li[1]/a[1]' not found)
	at com.kms.katalon.core.keyword.internal.KeywordMain.stepFailed(KeywordMain.groovy:36)
	at com.kms.katalon.core.webui.keyword.internal.WebUIKeywordMain.stepFailed(WebUIKeywordMain.groovy:65)
	at com.kms.katalon.core.webui.keyword.internal.WebUIKeywordMain.runKeyword(WebUIKeywordMain.groovy:27)
	at com.kms.katalon.core.webui.keyword.builtin.ClickKeyword.click(ClickKeyword.groovy:86)
	at com.kms.katalon.core.webui.keyword.builtin.ClickKeyword.execute(ClickKeyword.groovy:67)
	at com.kms.katalon.core.keyword.internal.KeywordExecutor.executeKeywordForPlatform(KeywordExecutor.groovy:53)
	at com.kms.katalon.core.webui.keyword.WebUiBuiltInKeywords.click(WebUiBuiltInKeywords.groovy:616)
	at com.kms.katalon.core.webui.keyword.WebUiBuiltInKeywords$click$3.call(Unknown Source)
	at Log In.run(Log In:23)
	at com.kms.katalon.core.main.ScriptEngine.run(ScriptEngine.java:194)
	at com.kms.katalon.core.main.ScriptEngine.runScriptAsRawText(ScriptEngine.java:119)
	at com.kms.katalon.core.main.TestCaseExecutor.runScript(TestCaseExecutor.java:328)
	at com.kms.katalon.core.main.TestCaseExecutor.doExecute(TestCaseExecutor.java:319)
	at com.kms.katalon.core.main.TestCaseExecutor.processExecutionPhase(TestCaseExecutor.java:298)
	at com.kms.katalon.core.main.TestCaseExecutor.accessMainPhase(TestCaseExecutor.java:290)
	at com.kms.katalon.core.main.TestCaseExecutor.execute(TestCaseExecutor.java:224)
	at com.kms.katalon.core.main.TestSuiteExecutor.accessTestCaseMainPhase(TestSuiteExecutor.java:129)
	at com.kms.katalon.core.main.TestSuiteExecutor.accessTestSuiteMainPhase(TestSuiteExecutor.java:112)
	at com.kms.katalon.core.main.TestSuiteExecutor.execute(TestSuiteExecutor.java:81)
	at com.kms.katalon.core.main.TestCaseMain.startTestSuite(TestCaseMain.java:149)
	at com.kms.katalon.core.main.TestCaseMain$startTestSuite$0.call(Unknown Source)
	at TempTestSuite1546164455973.run(TempTestSuite1546164455973.groovy:36)


2018-12-30 12:07:39 - [TEST_STEP][PASSED] - login.c_login.logIn(site, userName, userPass): login.c_login.logIn is PASSED

2018-12-30 12:07:40 - [MESSAGE][INFO] - Starting 'Chrome' driver

2018-12-30 12:07:40 - [MESSAGE][INFO] - Action delay is set to 0 seconds

2018-12-30 12:07:51 - [MESSAGE][PASSED] - Browser is opened with url: 'https://aws_test.y-it.co.il/#/login'

2018-12-30 12:07:53 - [MESSAGE][PASSED] - Current window maximized

2018-12-30 12:07:53 - [MESSAGE][PASSED] - Text 'admin' is set on object 'Object Repository/Y-IT Log In/input_ _userName'

2018-12-30 12:07:53 - [MESSAGE][PASSED] - Text ****** has been set on object 'Object Repository/Y-IT Log In/input_ _password'

2018-12-30 12:07:53 - [MESSAGE][PASSED] - Object: 'Object Repository/Y-IT Log In/input_  _submit' is clicked on

2018-12-30 12:07:53 - [MESSAGE][PASSED] - login.c_login.logIn is PASSED

2018-12-30 12:07:53 - [TEST_STEP][PASSED] - waitForElementPresent(findTestObject("Nav Bar/catalogues"), 15, CONTINUE_ON_FAILURE): Object 'Object Repository/Nav Bar/catalogues' is not present after 15 second(s)

2018-12-30 12:08:09 - [MESSAGE][INFO] - Unable to find the element located by 'By.xpath: /html[@class="k-webkit k-webkit70 ks-webkit537 ks-webkit ks-chrome70 ks-chrome ng-scope"]/body[@class="k-rtl"]/div[@class="container-fluid ng-scope"]/div[@class="row x-content pad-t-36 ng-scope"]/div[@class="col-xs-1 pull-right x-main-nav pad-t-36 ng-isolate-scope"]/ul[@class="nav nav-tabs nav-stacked text-center"]/li[1]/a[1]'. Please recheck the objects properties to make sure the desired element is located. 

2018-12-30 12:08:09 - [MESSAGE][WARNING] - Object 'Object Repository/Nav Bar/catalogues' is not present after 15 second(s)

2018-12-30 12:08:09 - [TEST_STEP][PASSED] - delay(1): Delayed 1 second(s)

2018-12-30 12:08:10 - [MESSAGE][PASSED] - Delayed 1 second(s)

2018-12-30 12:08:10 - [TEST_STEP][FAILED] - click(findTestObject("Nav Bar/catalogues")): click(findTestObject("Nav Bar/catalogues")) FAILED.
Reason:
com.kms.katalon.core.exception.StepFailedException: Unable to click on object 'Object Repository/Nav Bar/catalogues' (Root cause: com.kms.katalon.core.webui.exception.WebElementNotFoundException: Web element with id: 'Object Repository/Nav Bar/catalogues' located by 'By.xpath: /html[@class="k-webkit k-webkit70 ks-webkit537 ks-webkit ks-chrome70 ks-chrome ng-scope"]/body[@class="k-rtl"]/div[@class="container-fluid ng-scope"]/div[@class="row x-content pad-t-36 ng-scope"]/div[@class="col-xs-1 pull-right x-main-nav pad-t-36 ng-isolate-scope"]/ul[@class="nav nav-tabs nav-stacked text-center"]/li[1]/a[1]' not found)
	at com.kms.katalon.core.keyword.internal.KeywordMain.stepFailed(KeywordMain.groovy:36)
	at com.kms.katalon.core.webui.keyword.internal.WebUIKeywordMain.stepFailed(WebUIKeywordMain.groovy:65)
	at com.kms.katalon.core.webui.keyword.internal.WebUIKeywordMain.runKeyword(WebUIKeywordMain.groovy:27)
	at com.kms.katalon.core.webui.keyword.builtin.ClickKeyword.click(ClickKeyword.groovy:86)
	at com.kms.katalon.core.webui.keyword.builtin.ClickKeyword.execute(ClickKeyword.groovy:67)
	at com.kms.katalon.core.keyword.internal.KeywordExecutor.executeKeywordForPlatform(KeywordExecutor.groovy:53)
	at com.kms.katalon.core.webui.keyword.WebUiBuiltInKeywords.click(WebUiBuiltInKeywords.groovy:616)
	at com.kms.katalon.core.webui.keyword.WebUiBuiltInKeywords$click$3.call(Unknown Source)
	at Log In.run(Log In:23)
	at com.kms.katalon.core.main.ScriptEngine.run(ScriptEngine.java:194)
	at com.kms.katalon.core.main.ScriptEngine.runScriptAsRawText(ScriptEngine.java:119)
	at com.kms.katalon.core.main.TestCaseExecutor.runScript(TestCaseExecutor.java:328)
	at com.kms.katalon.core.main.TestCaseExecutor.doExecute(TestCaseExecutor.java:319)
	at com.kms.katalon.core.main.TestCaseExecutor.processExecutionPhase(TestCaseExecutor.java:298)
	at com.kms.katalon.core.main.TestCaseExecutor.accessMainPhase(TestCaseExecutor.java:290)
	at com.kms.katalon.core.main.TestCaseExecutor.execute(TestCaseExecutor.java:224)
	at com.kms.katalon.core.main.TestSuiteExecutor.accessTestCaseMainPhase(TestSuiteExecutor.java:129)
	at com.kms.katalon.core.main.TestSuiteExecutor.accessTestSuiteMainPhase(TestSuiteExecutor.java:112)
	at com.kms.katalon.core.main.TestSuiteExecutor.execute(TestSuiteExecutor.java:81)
	at com.kms.katalon.core.main.TestCaseMain.startTestSuite(TestCaseMain.java:149)
	at com.kms.katalon.core.main.TestCaseMain$startTestSuite$0.call(Unknown Source)
	at TempTestSuite1546164455973.run(TempTestSuite1546164455973.groovy:36)


2018-12-30 12:08:25 - [MESSAGE][INFO] - Unable to find the element located by 'By.xpath: /html[@class="k-webkit k-webkit70 ks-webkit537 ks-webkit ks-chrome70 ks-chrome ng-scope"]/body[@class="k-rtl"]/div[@class="container-fluid ng-scope"]/div[@class="row x-content pad-t-36 ng-scope"]/div[@class="col-xs-1 pull-right x-main-nav pad-t-36 ng-isolate-scope"]/ul[@class="nav nav-tabs nav-stacked text-center"]/li[1]/a[1]'. Please recheck the objects properties to make sure the desired element is located. 

2018-12-30 12:08:26 - [MESSAGE][FAILED] - Unable to click on object 'Object Repository/Nav Bar/catalogues' (Root cause: com.kms.katalon.core.webui.exception.WebElementNotFoundException: Web element with id: 'Object Repository/Nav Bar/catalogues' located by 'By.xpath: /html[@class="k-webkit k-webkit70 ks-webkit537 ks-webkit ks-chrome70 ks-chrome ng-scope"]/body[@class="k-rtl"]/div[@class="container-fluid ng-scope"]/div[@class="row x-content pad-t-36 ng-scope"]/div[@class="col-xs-1 pull-right x-main-nav pad-t-36 ng-isolate-scope"]/ul[@class="nav nav-tabs nav-stacked text-center"]/li[1]/a[1]' not found)
[[ATTACHMENT|C:\\Users\\leon.b\\Katalon Studio\\Y-IT_TransIT\\Reports\\Presentation\\12-11-2018\\20181230_120735\\1546164505564.png]]

2018-12-30 12:08:26 - [MESSAGE][FAILED] - click(findTestObject("Nav Bar/catalogues")) FAILED.
Reason:
com.kms.katalon.core.exception.StepFailedException: Unable to click on object 'Object Repository/Nav Bar/catalogues' (Root cause: com.kms.katalon.core.webui.exception.WebElementNotFoundException: Web element with id: 'Object Repository/Nav Bar/catalogues' located by 'By.xpath: /html[@class="k-webkit k-webkit70 ks-webkit537 ks-webkit ks-chrome70 ks-chrome ng-scope"]/body[@class="k-rtl"]/div[@class="container-fluid ng-scope"]/div[@class="row x-content pad-t-36 ng-scope"]/div[@class="col-xs-1 pull-right x-main-nav pad-t-36 ng-isolate-scope"]/ul[@class="nav nav-tabs nav-stacked text-center"]/li[1]/a[1]' not found)
	at com.kms.katalon.core.keyword.internal.KeywordMain.stepFailed(KeywordMain.groovy:36)
	at com.kms.katalon.core.webui.keyword.internal.WebUIKeywordMain.stepFailed(WebUIKeywordMain.groovy:65)
	at com.kms.katalon.core.webui.keyword.internal.WebUIKeywordMain.runKeyword(WebUIKeywordMain.groovy:27)
	at com.kms.katalon.core.webui.keyword.builtin.ClickKeyword.click(ClickKeyword.groovy:86)
	at com.kms.katalon.core.webui.keyword.builtin.ClickKeyword.execute(ClickKeyword.groovy:67)
	at com.kms.katalon.core.keyword.internal.KeywordExecutor.executeKeywordForPlatform(KeywordExecutor.groovy:53)
	at com.kms.katalon.core.webui.keyword.WebUiBuiltInKeywords.click(WebUiBuiltInKeywords.groovy:616)
	at com.kms.katalon.core.webui.keyword.WebUiBuiltInKeywords$click$3.call(Unknown Source)
	at Log In.run(Log In:23)
	at com.kms.katalon.core.main.ScriptEngine.run(ScriptEngine.java:194)
	at com.kms.katalon.core.main.ScriptEngine.runScriptAsRawText(ScriptEngine.java:119)
	at com.kms.katalon.core.main.TestCaseExecutor.runScript(TestCaseExecutor.java:328)
	at com.kms.katalon.core.main.TestCaseExecutor.doExecute(TestCaseExecutor.java:319)
	at com.kms.katalon.core.main.TestCaseExecutor.processExecutionPhase(TestCaseExecutor.java:298)
	at com.kms.katalon.core.main.TestCaseExecutor.accessMainPhase(TestCaseExecutor.java:290)
	at com.kms.katalon.core.main.TestCaseExecutor.execute(TestCaseExecutor.java:224)
	at com.kms.katalon.core.main.TestSuiteExecutor.accessTestCaseMainPhase(TestSuiteExecutor.java:129)
	at com.kms.katalon.core.main.TestSuiteExecutor.accessTestSuiteMainPhase(TestSuiteExecutor.java:112)
	at com.kms.katalon.core.main.TestSuiteExecutor.execute(TestSuiteExecutor.java:81)
	at com.kms.katalon.core.main.TestCaseMain.startTestSuite(TestCaseMain.java:149)
	at com.kms.katalon.core.main.TestCaseMain$startTestSuite$0.call(Unknown Source)
	at TempTestSuite1546164455973.run(TempTestSuite1546164455973.groovy:36)]]></system-out>
         <system-err><![CDATA[2018-12-30 12:07:38 - [TEST_CASE][FAILED] - Test Cases/Basic/Log In: Test Cases/Basic/Log In FAILED.
Reason:
com.kms.katalon.core.exception.StepFailedException: Unable to click on object 'Object Repository/Nav Bar/catalogues' (Root cause: com.kms.katalon.core.webui.exception.WebElementNotFoundException: Web element with id: 'Object Repository/Nav Bar/catalogues' located by 'By.xpath: /html[@class="k-webkit k-webkit70 ks-webkit537 ks-webkit ks-chrome70 ks-chrome ng-scope"]/body[@class="k-rtl"]/div[@class="container-fluid ng-scope"]/div[@class="row x-content pad-t-36 ng-scope"]/div[@class="col-xs-1 pull-right x-main-nav pad-t-36 ng-isolate-scope"]/ul[@class="nav nav-tabs nav-stacked text-center"]/li[1]/a[1]' not found)
	at com.kms.katalon.core.keyword.internal.KeywordMain.stepFailed(KeywordMain.groovy:36)
	at com.kms.katalon.core.webui.keyword.internal.WebUIKeywordMain.stepFailed(WebUIKeywordMain.groovy:65)
	at com.kms.katalon.core.webui.keyword.internal.WebUIKeywordMain.runKeyword(WebUIKeywordMain.groovy:27)
	at com.kms.katalon.core.webui.keyword.builtin.ClickKeyword.click(ClickKeyword.groovy:86)
	at com.kms.katalon.core.webui.keyword.builtin.ClickKeyword.execute(ClickKeyword.groovy:67)
	at com.kms.katalon.core.keyword.internal.KeywordExecutor.executeKeywordForPlatform(KeywordExecutor.groovy:53)
	at com.kms.katalon.core.webui.keyword.WebUiBuiltInKeywords.click(WebUiBuiltInKeywords.groovy:616)
	at com.kms.katalon.core.webui.keyword.WebUiBuiltInKeywords$click$3.call(Unknown Source)
	at Log In.run(Log In:23)
	at com.kms.katalon.core.main.ScriptEngine.run(ScriptEngine.java:194)
	at com.kms.katalon.core.main.ScriptEngine.runScriptAsRawText(ScriptEngine.java:119)
	at com.kms.katalon.core.main.TestCaseExecutor.runScript(TestCaseExecutor.java:328)
	at com.kms.katalon.core.main.TestCaseExecutor.doExecute(TestCaseExecutor.java:319)
	at com.kms.katalon.core.main.TestCaseExecutor.processExecutionPhase(TestCaseExecutor.java:298)
	at com.kms.katalon.core.main.TestCaseExecutor.accessMainPhase(TestCaseExecutor.java:290)
	at com.kms.katalon.core.main.TestCaseExecutor.execute(TestCaseExecutor.java:224)
	at com.kms.katalon.core.main.TestSuiteExecutor.accessTestCaseMainPhase(TestSuiteExecutor.java:129)
	at com.kms.katalon.core.main.TestSuiteExecutor.accessTestSuiteMainPhase(TestSuiteExecutor.java:112)
	at com.kms.katalon.core.main.TestSuiteExecutor.execute(TestSuiteExecutor.java:81)
	at com.kms.katalon.core.main.TestCaseMain.startTestSuite(TestCaseMain.java:149)
	at com.kms.katalon.core.main.TestCaseMain$startTestSuite$0.call(Unknown Source)
	at TempTestSuite1546164455973.run(TempTestSuite1546164455973.groovy:36)]]></system-err>
      </testcase>
      <testcase name="Test Cases/Basic/Config Change" classname="Test Cases/Basic/Config Change" status="FAILED">
         <failure type="FAILED" message="Test Cases/Basic/Config Change FAILED.
Reason:
com.kms.katalon.core.exception.StepFailedException: Unable to click on object 'Object Repository/Nav Bar/settings' (Root cause: com.kms.katalon.core.webui.exception.WebElementNotFoundException: Web element with id: 'Object Repository/Nav Bar/settings' located by 'By.xpath: /html[@class=&quot;k-webkit k-webkit70 ks-webkit537 ks-webkit ks-chrome70 ks-chrome ng-scope&quot;]/body[@class=&quot;k-rtl&quot;]/div[@class=&quot;container-fluid ng-scope&quot;]/div[@class=&quot;row x-content pad-t-36 ng-scope&quot;]/div[@class=&quot;col-xs-1 pull-right x-main-nav pad-t-36 ng-isolate-scope&quot;]/ul[@class=&quot;nav nav-tabs nav-stacked text-center&quot;]/li[8]/a' not found)
	at com.kms.katalon.core.keyword.internal.KeywordMain.stepFailed(KeywordMain.groovy:36)
	at com.kms.katalon.core.webui.keyword.internal.WebUIKeywordMain.stepFailed(WebUIKeywordMain.groovy:65)
	at com.kms.katalon.core.webui.keyword.internal.WebUIKeywordMain.runKeyword(WebUIKeywordMain.groovy:27)
	at com.kms.katalon.core.webui.keyword.builtin.ClickKeyword.click(ClickKeyword.groovy:86)
	at com.kms.katalon.core.webui.keyword.builtin.ClickKeyword.execute(ClickKeyword.groovy:67)
	at com.kms.katalon.core.keyword.internal.KeywordExecutor.executeKeywordForPlatform(KeywordExecutor.groovy:53)
	at com.kms.katalon.core.webui.keyword.WebUiBuiltInKeywords.click(WebUiBuiltInKeywords.groovy:616)
	at com.kms.katalon.core.webui.keyword.WebUiBuiltInKeywords$click$3.call(Unknown Source)
	at Config Change.run(Config Change:26)
	at com.kms.katalon.core.main.ScriptEngine.run(ScriptEngine.java:194)
	at com.kms.katalon.core.main.ScriptEngine.runScriptAsRawText(ScriptEngine.java:119)
	at com.kms.katalon.core.main.TestCaseExecutor.runScript(TestCaseExecutor.java:328)
	at com.kms.katalon.core.main.TestCaseExecutor.doExecute(TestCaseExecutor.java:319)
	at com.kms.katalon.core.main.TestCaseExecutor.processExecutionPhase(TestCaseExecutor.java:298)
	at com.kms.katalon.core.main.TestCaseExecutor.accessMainPhase(TestCaseExecutor.java:290)
	at com.kms.katalon.core.main.TestCaseExecutor.execute(TestCaseExecutor.java:224)
	at com.kms.katalon.core.main.TestSuiteExecutor.accessTestCaseMainPhase(TestSuiteExecutor.java:129)
	at com.kms.katalon.core.main.TestSuiteExecutor.accessTestSuiteMainPhase(TestSuiteExecutor.java:112)
	at com.kms.katalon.core.main.TestSuiteExecutor.execute(TestSuiteExecutor.java:81)
	at com.kms.katalon.core.main.TestCaseMain.startTestSuite(TestCaseMain.java:149)
	at com.kms.katalon.core.main.TestCaseMain$startTestSuite$0.call(Unknown Source)
	at TempTestSuite1546164455973.run(TempTestSuite1546164455973.groovy:36)
"/>
         <system-out><![CDATA[2018-12-30 12:08:26 - [TEST_CASE][FAILED] - Test Cases/Basic/Config Change: Test Cases/Basic/Config Change FAILED.
Reason:
com.kms.katalon.core.exception.StepFailedException: Unable to click on object 'Object Repository/Nav Bar/settings' (Root cause: com.kms.katalon.core.webui.exception.WebElementNotFoundException: Web element with id: 'Object Repository/Nav Bar/settings' located by 'By.xpath: /html[@class="k-webkit k-webkit70 ks-webkit537 ks-webkit ks-chrome70 ks-chrome ng-scope"]/body[@class="k-rtl"]/div[@class="container-fluid ng-scope"]/div[@class="row x-content pad-t-36 ng-scope"]/div[@class="col-xs-1 pull-right x-main-nav pad-t-36 ng-isolate-scope"]/ul[@class="nav nav-tabs nav-stacked text-center"]/li[8]/a' not found)
	at com.kms.katalon.core.keyword.internal.KeywordMain.stepFailed(KeywordMain.groovy:36)
	at com.kms.katalon.core.webui.keyword.internal.WebUIKeywordMain.stepFailed(WebUIKeywordMain.groovy:65)
	at com.kms.katalon.core.webui.keyword.internal.WebUIKeywordMain.runKeyword(WebUIKeywordMain.groovy:27)
	at com.kms.katalon.core.webui.keyword.builtin.ClickKeyword.click(ClickKeyword.groovy:86)
	at com.kms.katalon.core.webui.keyword.builtin.ClickKeyword.execute(ClickKeyword.groovy:67)
	at com.kms.katalon.core.keyword.internal.KeywordExecutor.executeKeywordForPlatform(KeywordExecutor.groovy:53)
	at com.kms.katalon.core.webui.keyword.WebUiBuiltInKeywords.click(WebUiBuiltInKeywords.groovy:616)
	at com.kms.katalon.core.webui.keyword.WebUiBuiltInKeywords$click$3.call(Unknown Source)
	at Config Change.run(Config Change:26)
	at com.kms.katalon.core.main.ScriptEngine.run(ScriptEngine.java:194)
	at com.kms.katalon.core.main.ScriptEngine.runScriptAsRawText(ScriptEngine.java:119)
	at com.kms.katalon.core.main.TestCaseExecutor.runScript(TestCaseExecutor.java:328)
	at com.kms.katalon.core.main.TestCaseExecutor.doExecute(TestCaseExecutor.java:319)
	at com.kms.katalon.core.main.TestCaseExecutor.processExecutionPhase(TestCaseExecutor.java:298)
	at com.kms.katalon.core.main.TestCaseExecutor.accessMainPhase(TestCaseExecutor.java:290)
	at com.kms.katalon.core.main.TestCaseExecutor.execute(TestCaseExecutor.java:224)
	at com.kms.katalon.core.main.TestSuiteExecutor.accessTestCaseMainPhase(TestSuiteExecutor.java:129)
	at com.kms.katalon.core.main.TestSuiteExecutor.accessTestSuiteMainPhase(TestSuiteExecutor.java:112)
	at com.kms.katalon.core.main.TestSuiteExecutor.execute(TestSuiteExecutor.java:81)
	at com.kms.katalon.core.main.TestCaseMain.startTestSuite(TestCaseMain.java:149)
	at com.kms.katalon.core.main.TestCaseMain$startTestSuite$0.call(Unknown Source)
	at TempTestSuite1546164455973.run(TempTestSuite1546164455973.groovy:36)


2018-12-30 12:08:26 - [TEST_STEP][PASSED] - randomNumberInt = Math.floor(Math.random() * 999 - 100 + 1) + 100: null

2018-12-30 12:08:26 - [TEST_STEP][PASSED] - randomNumber = randomNumberInt.toString(): null

2018-12-30 12:08:26 - [TEST_STEP][PASSED] - login.c_login.logIn(site, userName, userPass): login.c_login.logIn is PASSED

2018-12-30 12:08:26 - [MESSAGE][WARNING] - A browser is already opened. Closing browser and opening a new one

2018-12-30 12:08:27 - [MESSAGE][INFO] - Starting 'Chrome' driver

2018-12-30 12:08:49 - [MESSAGE][PASSED] - Browser is opened with url: 'https://aws_test.y-it.co.il/#/login'

2018-12-30 12:08:50 - [MESSAGE][PASSED] - Current window maximized

2018-12-30 12:08:50 - [MESSAGE][PASSED] - Text 'admin' is set on object 'Object Repository/Y-IT Log In/input_ _userName'

2018-12-30 12:08:50 - [MESSAGE][PASSED] - Text ****** has been set on object 'Object Repository/Y-IT Log In/input_ _password'

2018-12-30 12:08:50 - [MESSAGE][PASSED] - Object: 'Object Repository/Y-IT Log In/input_  _submit' is clicked on

2018-12-30 12:08:50 - [MESSAGE][PASSED] - login.c_login.logIn is PASSED

2018-12-30 12:08:50 - [TEST_STEP][PASSED] - waitForElementPresent(findTestObject("Nav Bar/settings"), 15, CONTINUE_ON_FAILURE): Object 'Object Repository/Nav Bar/settings' is not present after 15 second(s)

2018-12-30 12:09:06 - [MESSAGE][INFO] - Unable to find the element located by 'By.xpath: /html[@class="k-webkit k-webkit70 ks-webkit537 ks-webkit ks-chrome70 ks-chrome ng-scope"]/body[@class="k-rtl"]/div[@class="container-fluid ng-scope"]/div[@class="row x-content pad-t-36 ng-scope"]/div[@class="col-xs-1 pull-right x-main-nav pad-t-36 ng-isolate-scope"]/ul[@class="nav nav-tabs nav-stacked text-center"]/li[8]/a'. Please recheck the objects properties to make sure the desired element is located. 

2018-12-30 12:09:06 - [MESSAGE][WARNING] - Object 'Object Repository/Nav Bar/settings' is not present after 15 second(s)

2018-12-30 12:09:06 - [TEST_STEP][PASSED] - delay(1): Delayed 1 second(s)

2018-12-30 12:09:07 - [MESSAGE][PASSED] - Delayed 1 second(s)

2018-12-30 12:09:07 - [TEST_STEP][FAILED] - click(findTestObject("Nav Bar/settings")): click(findTestObject("Nav Bar/settings")) FAILED.
Reason:
com.kms.katalon.core.exception.StepFailedException: Unable to click on object 'Object Repository/Nav Bar/settings' (Root cause: com.kms.katalon.core.webui.exception.WebElementNotFoundException: Web element with id: 'Object Repository/Nav Bar/settings' located by 'By.xpath: /html[@class="k-webkit k-webkit70 ks-webkit537 ks-webkit ks-chrome70 ks-chrome ng-scope"]/body[@class="k-rtl"]/div[@class="container-fluid ng-scope"]/div[@class="row x-content pad-t-36 ng-scope"]/div[@class="col-xs-1 pull-right x-main-nav pad-t-36 ng-isolate-scope"]/ul[@class="nav nav-tabs nav-stacked text-center"]/li[8]/a' not found)
	at com.kms.katalon.core.keyword.internal.KeywordMain.stepFailed(KeywordMain.groovy:36)
	at com.kms.katalon.core.webui.keyword.internal.WebUIKeywordMain.stepFailed(WebUIKeywordMain.groovy:65)
	at com.kms.katalon.core.webui.keyword.internal.WebUIKeywordMain.runKeyword(WebUIKeywordMain.groovy:27)
	at com.kms.katalon.core.webui.keyword.builtin.ClickKeyword.click(ClickKeyword.groovy:86)
	at com.kms.katalon.core.webui.keyword.builtin.ClickKeyword.execute(ClickKeyword.groovy:67)
	at com.kms.katalon.core.keyword.internal.KeywordExecutor.executeKeywordForPlatform(KeywordExecutor.groovy:53)
	at com.kms.katalon.core.webui.keyword.WebUiBuiltInKeywords.click(WebUiBuiltInKeywords.groovy:616)
	at com.kms.katalon.core.webui.keyword.WebUiBuiltInKeywords$click$3.call(Unknown Source)
	at Config Change.run(Config Change:26)
	at com.kms.katalon.core.main.ScriptEngine.run(ScriptEngine.java:194)
	at com.kms.katalon.core.main.ScriptEngine.runScriptAsRawText(ScriptEngine.java:119)
	at com.kms.katalon.core.main.TestCaseExecutor.runScript(TestCaseExecutor.java:328)
	at com.kms.katalon.core.main.TestCaseExecutor.doExecute(TestCaseExecutor.java:319)
	at com.kms.katalon.core.main.TestCaseExecutor.processExecutionPhase(TestCaseExecutor.java:298)
	at com.kms.katalon.core.main.TestCaseExecutor.accessMainPhase(TestCaseExecutor.java:290)
	at com.kms.katalon.core.main.TestCaseExecutor.execute(TestCaseExecutor.java:224)
	at com.kms.katalon.core.main.TestSuiteExecutor.accessTestCaseMainPhase(TestSuiteExecutor.java:129)
	at com.kms.katalon.core.main.TestSuiteExecutor.accessTestSuiteMainPhase(TestSuiteExecutor.java:112)
	at com.kms.katalon.core.main.TestSuiteExecutor.execute(TestSuiteExecutor.java:81)
	at com.kms.katalon.core.main.TestCaseMain.startTestSuite(TestCaseMain.java:149)
	at com.kms.katalon.core.main.TestCaseMain$startTestSuite$0.call(Unknown Source)
	at TempTestSuite1546164455973.run(TempTestSuite1546164455973.groovy:36)


2018-12-30 12:09:22 - [MESSAGE][INFO] - Unable to find the element located by 'By.xpath: /html[@class="k-webkit k-webkit70 ks-webkit537 ks-webkit ks-chrome70 ks-chrome ng-scope"]/body[@class="k-rtl"]/div[@class="container-fluid ng-scope"]/div[@class="row x-content pad-t-36 ng-scope"]/div[@class="col-xs-1 pull-right x-main-nav pad-t-36 ng-isolate-scope"]/ul[@class="nav nav-tabs nav-stacked text-center"]/li[8]/a'. Please recheck the objects properties to make sure the desired element is located. 

2018-12-30 12:09:23 - [MESSAGE][FAILED] - Unable to click on object 'Object Repository/Nav Bar/settings' (Root cause: com.kms.katalon.core.webui.exception.WebElementNotFoundException: Web element with id: 'Object Repository/Nav Bar/settings' located by 'By.xpath: /html[@class="k-webkit k-webkit70 ks-webkit537 ks-webkit ks-chrome70 ks-chrome ng-scope"]/body[@class="k-rtl"]/div[@class="container-fluid ng-scope"]/div[@class="row x-content pad-t-36 ng-scope"]/div[@class="col-xs-1 pull-right x-main-nav pad-t-36 ng-isolate-scope"]/ul[@class="nav nav-tabs nav-stacked text-center"]/li[8]/a' not found)
[[ATTACHMENT|C:\\Users\\leon.b\\Katalon Studio\\Y-IT_TransIT\\Reports\\Presentation\\12-11-2018\\20181230_120735\\1546164562793.png]]

2018-12-30 12:09:23 - [MESSAGE][FAILED] - click(findTestObject("Nav Bar/settings")) FAILED.
Reason:
com.kms.katalon.core.exception.StepFailedException: Unable to click on object 'Object Repository/Nav Bar/settings' (Root cause: com.kms.katalon.core.webui.exception.WebElementNotFoundException: Web element with id: 'Object Repository/Nav Bar/settings' located by 'By.xpath: /html[@class="k-webkit k-webkit70 ks-webkit537 ks-webkit ks-chrome70 ks-chrome ng-scope"]/body[@class="k-rtl"]/div[@class="container-fluid ng-scope"]/div[@class="row x-content pad-t-36 ng-scope"]/div[@class="col-xs-1 pull-right x-main-nav pad-t-36 ng-isolate-scope"]/ul[@class="nav nav-tabs nav-stacked text-center"]/li[8]/a' not found)
	at com.kms.katalon.core.keyword.internal.KeywordMain.stepFailed(KeywordMain.groovy:36)
	at com.kms.katalon.core.webui.keyword.internal.WebUIKeywordMain.stepFailed(WebUIKeywordMain.groovy:65)
	at com.kms.katalon.core.webui.keyword.internal.WebUIKeywordMain.runKeyword(WebUIKeywordMain.groovy:27)
	at com.kms.katalon.core.webui.keyword.builtin.ClickKeyword.click(ClickKeyword.groovy:86)
	at com.kms.katalon.core.webui.keyword.builtin.ClickKeyword.execute(ClickKeyword.groovy:67)
	at com.kms.katalon.core.keyword.internal.KeywordExecutor.executeKeywordForPlatform(KeywordExecutor.groovy:53)
	at com.kms.katalon.core.webui.keyword.WebUiBuiltInKeywords.click(WebUiBuiltInKeywords.groovy:616)
	at com.kms.katalon.core.webui.keyword.WebUiBuiltInKeywords$click$3.call(Unknown Source)
	at Config Change.run(Config Change:26)
	at com.kms.katalon.core.main.ScriptEngine.run(ScriptEngine.java:194)
	at com.kms.katalon.core.main.ScriptEngine.runScriptAsRawText(ScriptEngine.java:119)
	at com.kms.katalon.core.main.TestCaseExecutor.runScript(TestCaseExecutor.java:328)
	at com.kms.katalon.core.main.TestCaseExecutor.doExecute(TestCaseExecutor.java:319)
	at com.kms.katalon.core.main.TestCaseExecutor.processExecutionPhase(TestCaseExecutor.java:298)
	at com.kms.katalon.core.main.TestCaseExecutor.accessMainPhase(TestCaseExecutor.java:290)
	at com.kms.katalon.core.main.TestCaseExecutor.execute(TestCaseExecutor.java:224)
	at com.kms.katalon.core.main.TestSuiteExecutor.accessTestCaseMainPhase(TestSuiteExecutor.java:129)
	at com.kms.katalon.core.main.TestSuiteExecutor.accessTestSuiteMainPhase(TestSuiteExecutor.java:112)
	at com.kms.katalon.core.main.TestSuiteExecutor.execute(TestSuiteExecutor.java:81)
	at com.kms.katalon.core.main.TestCaseMain.startTestSuite(TestCaseMain.java:149)
	at com.kms.katalon.core.main.TestCaseMain$startTestSuite$0.call(Unknown Source)
	at TempTestSuite1546164455973.run(TempTestSuite1546164455973.groovy:36)]]></system-out>
         <system-err><![CDATA[2018-12-30 12:08:26 - [TEST_CASE][FAILED] - Test Cases/Basic/Config Change: Test Cases/Basic/Config Change FAILED.
Reason:
com.kms.katalon.core.exception.StepFailedException: Unable to click on object 'Object Repository/Nav Bar/settings' (Root cause: com.kms.katalon.core.webui.exception.WebElementNotFoundException: Web element with id: 'Object Repository/Nav Bar/settings' located by 'By.xpath: /html[@class="k-webkit k-webkit70 ks-webkit537 ks-webkit ks-chrome70 ks-chrome ng-scope"]/body[@class="k-rtl"]/div[@class="container-fluid ng-scope"]/div[@class="row x-content pad-t-36 ng-scope"]/div[@class="col-xs-1 pull-right x-main-nav pad-t-36 ng-isolate-scope"]/ul[@class="nav nav-tabs nav-stacked text-center"]/li[8]/a' not found)
	at com.kms.katalon.core.keyword.internal.KeywordMain.stepFailed(KeywordMain.groovy:36)
	at com.kms.katalon.core.webui.keyword.internal.WebUIKeywordMain.stepFailed(WebUIKeywordMain.groovy:65)
	at com.kms.katalon.core.webui.keyword.internal.WebUIKeywordMain.runKeyword(WebUIKeywordMain.groovy:27)
	at com.kms.katalon.core.webui.keyword.builtin.ClickKeyword.click(ClickKeyword.groovy:86)
	at com.kms.katalon.core.webui.keyword.builtin.ClickKeyword.execute(ClickKeyword.groovy:67)
	at com.kms.katalon.core.keyword.internal.KeywordExecutor.executeKeywordForPlatform(KeywordExecutor.groovy:53)
	at com.kms.katalon.core.webui.keyword.WebUiBuiltInKeywords.click(WebUiBuiltInKeywords.groovy:616)
	at com.kms.katalon.core.webui.keyword.WebUiBuiltInKeywords$click$3.call(Unknown Source)
	at Config Change.run(Config Change:26)
	at com.kms.katalon.core.main.ScriptEngine.run(ScriptEngine.java:194)
	at com.kms.katalon.core.main.ScriptEngine.runScriptAsRawText(ScriptEngine.java:119)
	at com.kms.katalon.core.main.TestCaseExecutor.runScript(TestCaseExecutor.java:328)
	at com.kms.katalon.core.main.TestCaseExecutor.doExecute(TestCaseExecutor.java:319)
	at com.kms.katalon.core.main.TestCaseExecutor.processExecutionPhase(TestCaseExecutor.java:298)
	at com.kms.katalon.core.main.TestCaseExecutor.accessMainPhase(TestCaseExecutor.java:290)
	at com.kms.katalon.core.main.TestCaseExecutor.execute(TestCaseExecutor.java:224)
	at com.kms.katalon.core.main.TestSuiteExecutor.accessTestCaseMainPhase(TestSuiteExecutor.java:129)
	at com.kms.katalon.core.main.TestSuiteExecutor.accessTestSuiteMainPhase(TestSuiteExecutor.java:112)
	at com.kms.katalon.core.main.TestSuiteExecutor.execute(TestSuiteExecutor.java:81)
	at com.kms.katalon.core.main.TestCaseMain.startTestSuite(TestCaseMain.java:149)
	at com.kms.katalon.core.main.TestCaseMain$startTestSuite$0.call(Unknown Source)
	at TempTestSuite1546164455973.run(TempTestSuite1546164455973.groovy:36)]]></system-err>
      </testcase>
      <testcase name="Test Cases/Entities Creator/Create Personnel" classname="Test Cases/Entities Creator/Create Personnel" status="FAILED">
         <failure type="FAILED" message="Test Cases/Entities Creator/Create Personnel FAILED.
Reason:
com.kms.katalon.core.exception.StepFailedException: Unable to click on object 'Object Repository/Nav Bar/catalogues' (Root cause: com.kms.katalon.core.webui.exception.WebElementNotFoundException: Web element with id: 'Object Repository/Nav Bar/catalogues' located by 'By.xpath: /html[@class=&quot;k-webkit k-webkit70 ks-webkit537 ks-webkit ks-chrome70 ks-chrome ng-scope&quot;]/body[@class=&quot;k-rtl&quot;]/div[@class=&quot;container-fluid ng-scope&quot;]/div[@class=&quot;row x-content pad-t-36 ng-scope&quot;]/div[@class=&quot;col-xs-1 pull-right x-main-nav pad-t-36 ng-isolate-scope&quot;]/ul[@class=&quot;nav nav-tabs nav-stacked text-center&quot;]/li[1]/a[1]' not found)
	at com.kms.katalon.core.keyword.internal.KeywordMain.stepFailed(KeywordMain.groovy:36)
	at com.kms.katalon.core.webui.keyword.internal.WebUIKeywordMain.stepFailed(WebUIKeywordMain.groovy:65)
	at com.kms.katalon.core.webui.keyword.internal.WebUIKeywordMain.runKeyword(WebUIKeywordMain.groovy:27)
	at com.kms.katalon.core.webui.keyword.builtin.ClickKeyword.click(ClickKeyword.groovy:86)
	at com.kms.katalon.core.webui.keyword.builtin.ClickKeyword.execute(ClickKeyword.groovy:67)
	at com.kms.katalon.core.keyword.internal.KeywordExecutor.executeKeywordForPlatform(KeywordExecutor.groovy:53)
	at com.kms.katalon.core.webui.keyword.WebUiBuiltInKeywords.click(WebUiBuiltInKeywords.groovy:616)
	at com.kms.katalon.core.webui.keyword.WebUiBuiltInKeywords$click$3.call(Unknown Source)
	at Create Personnel.run(Create Personnel:51)
	at com.kms.katalon.core.main.ScriptEngine.run(ScriptEngine.java:194)
	at com.kms.katalon.core.main.ScriptEngine.runScriptAsRawText(ScriptEngine.java:119)
	at com.kms.katalon.core.main.TestCaseExecutor.runScript(TestCaseExecutor.java:328)
	at com.kms.katalon.core.main.TestCaseExecutor.doExecute(TestCaseExecutor.java:319)
	at com.kms.katalon.core.main.TestCaseExecutor.processExecutionPhase(TestCaseExecutor.java:298)
	at com.kms.katalon.core.main.TestCaseExecutor.accessMainPhase(TestCaseExecutor.java:290)
	at com.kms.katalon.core.main.TestCaseExecutor.execute(TestCaseExecutor.java:224)
	at com.kms.katalon.core.main.TestSuiteExecutor.accessTestCaseMainPhase(TestSuiteExecutor.java:129)
	at com.kms.katalon.core.main.TestSuiteExecutor.accessTestSuiteMainPhase(TestSuiteExecutor.java:112)
	at com.kms.katalon.core.main.TestSuiteExecutor.execute(TestSuiteExecutor.java:81)
	at com.kms.katalon.core.main.TestCaseMain.startTestSuite(TestCaseMain.java:149)
	at com.kms.katalon.core.main.TestCaseMain$startTestSuite$0.call(Unknown Source)
	at TempTestSuite1546164455973.run(TempTestSuite1546164455973.groovy:36)
"/>
         <system-out><![CDATA[2018-12-30 12:09:23 - [TEST_CASE][FAILED] - Test Cases/Entities Creator/Create Personnel: Test Cases/Entities Creator/Create Personnel FAILED.
Reason:
com.kms.katalon.core.exception.StepFailedException: Unable to click on object 'Object Repository/Nav Bar/catalogues' (Root cause: com.kms.katalon.core.webui.exception.WebElementNotFoundException: Web element with id: 'Object Repository/Nav Bar/catalogues' located by 'By.xpath: /html[@class="k-webkit k-webkit70 ks-webkit537 ks-webkit ks-chrome70 ks-chrome ng-scope"]/body[@class="k-rtl"]/div[@class="container-fluid ng-scope"]/div[@class="row x-content pad-t-36 ng-scope"]/div[@class="col-xs-1 pull-right x-main-nav pad-t-36 ng-isolate-scope"]/ul[@class="nav nav-tabs nav-stacked text-center"]/li[1]/a[1]' not found)
	at com.kms.katalon.core.keyword.internal.KeywordMain.stepFailed(KeywordMain.groovy:36)
	at com.kms.katalon.core.webui.keyword.internal.WebUIKeywordMain.stepFailed(WebUIKeywordMain.groovy:65)
	at com.kms.katalon.core.webui.keyword.internal.WebUIKeywordMain.runKeyword(WebUIKeywordMain.groovy:27)
	at com.kms.katalon.core.webui.keyword.builtin.ClickKeyword.click(ClickKeyword.groovy:86)
	at com.kms.katalon.core.webui.keyword.builtin.ClickKeyword.execute(ClickKeyword.groovy:67)
	at com.kms.katalon.core.keyword.internal.KeywordExecutor.executeKeywordForPlatform(KeywordExecutor.groovy:53)
	at com.kms.katalon.core.webui.keyword.WebUiBuiltInKeywords.click(WebUiBuiltInKeywords.groovy:616)
	at com.kms.katalon.core.webui.keyword.WebUiBuiltInKeywords$click$3.call(Unknown Source)
	at Create Personnel.run(Create Personnel:51)
	at com.kms.katalon.core.main.ScriptEngine.run(ScriptEngine.java:194)
	at com.kms.katalon.core.main.ScriptEngine.runScriptAsRawText(ScriptEngine.java:119)
	at com.kms.katalon.core.main.TestCaseExecutor.runScript(TestCaseExecutor.java:328)
	at com.kms.katalon.core.main.TestCaseExecutor.doExecute(TestCaseExecutor.java:319)
	at com.kms.katalon.core.main.TestCaseExecutor.processExecutionPhase(TestCaseExecutor.java:298)
	at com.kms.katalon.core.main.TestCaseExecutor.accessMainPhase(TestCaseExecutor.java:290)
	at com.kms.katalon.core.main.TestCaseExecutor.execute(TestCaseExecutor.java:224)
	at com.kms.katalon.core.main.TestSuiteExecutor.accessTestCaseMainPhase(TestSuiteExecutor.java:129)
	at com.kms.katalon.core.main.TestSuiteExecutor.accessTestSuiteMainPhase(TestSuiteExecutor.java:112)
	at com.kms.katalon.core.main.TestSuiteExecutor.execute(TestSuiteExecutor.java:81)
	at com.kms.katalon.core.main.TestCaseMain.startTestSuite(TestCaseMain.java:149)
	at com.kms.katalon.core.main.TestCaseMain$startTestSuite$0.call(Unknown Source)
	at TempTestSuite1546164455973.run(TempTestSuite1546164455973.groovy:36)


2018-12-30 12:09:23 - [TEST_STEP][PASSED] - nowStr = newDate.c_nowStr.getNowStr(): newDate.c_nowStr.getNowStr is PASSED

2018-12-30 12:09:23 - [MESSAGE][PASSED] - newDate.c_nowStr.getNowStr is PASSED

2018-12-30 12:09:23 - [TEST_STEP][PASSED] - city = address.c_address.getCity(): address.c_address.getCity is PASSED

2018-12-30 12:09:23 - [MESSAGE][PASSED] - address.c_address.getCity is PASSED

2018-12-30 12:09:23 - [TEST_STEP][PASSED] - street = address.c_address.getStreet(): address.c_address.getStreet is PASSED

2018-12-30 12:09:23 - [MESSAGE][PASSED] - address.c_address.getStreet is PASSED

2018-12-30 12:09:23 - [TEST_STEP][PASSED] - houseNum = address.c_address.getHouseNum(): address.c_address.getHouseNum is PASSED

2018-12-30 12:09:23 - [MESSAGE][PASSED] - address.c_address.getHouseNum is PASSED

2018-12-30 12:09:23 - [TEST_STEP][PASSED] - apartmentNum = address.c_address.getApartmentNum(): address.c_address.getApartmentNum is PASSED

2018-12-30 12:09:23 - [MESSAGE][PASSED] - address.c_address.getApartmentNum is PASSED

2018-12-30 12:09:23 - [TEST_STEP][PASSED] - entrance = address.c_address.getEntrance(): address.c_address.getEntrance is PASSED

2018-12-30 12:09:23 - [MESSAGE][PASSED] - address.c_address.getEntrance is PASSED

2018-12-30 12:09:23 - [TEST_STEP][PASSED] - mailbox = address.c_address.getMailbox(): address.c_address.getMailbox is PASSED

2018-12-30 12:09:23 - [MESSAGE][PASSED] - address.c_address.getMailbox is PASSED

2018-12-30 12:09:23 - [TEST_STEP][PASSED] - zipCode = address.c_address.getZipCode(): address.c_address.getZipCode is PASSED

2018-12-30 12:09:23 - [MESSAGE][PASSED] - address.c_address.getZipCode is PASSED

2018-12-30 12:09:23 - [TEST_STEP][PASSED] - email = communication.c_communication.getEmail(): communication.c_communication.getEmail is PASSED

2018-12-30 12:09:23 - [MESSAGE][PASSED] - communication.c_communication.getEmail is PASSED

2018-12-30 12:09:23 - [TEST_STEP][PASSED] - mobilePhone = communication.c_communication.getMobilePhone(): communication.c_communication.getMobilePhone is PASSED

2018-12-30 12:09:23 - [MESSAGE][PASSED] - communication.c_communication.getMobilePhone is PASSED

2018-12-30 12:09:23 - [TEST_STEP][PASSED] - homePhone = communication.c_communication.getHomePhone(): communication.c_communication.getHomePhone is PASSED

2018-12-30 12:09:23 - [MESSAGE][PASSED] - communication.c_communication.getHomePhone is PASSED

2018-12-30 12:09:23 - [TEST_STEP][PASSED] - officePhone = communication.c_communication.getOfficePhone(): communication.c_communication.getOfficePhone is PASSED

2018-12-30 12:09:23 - [MESSAGE][PASSED] - communication.c_communication.getOfficePhone is PASSED

2018-12-30 12:09:23 - [TEST_STEP][PASSED] - phoneExten = communication.c_communication.getPhoneExten(): communication.c_communication.getPhoneExten is PASSED

2018-12-30 12:09:23 - [MESSAGE][PASSED] - communication.c_communication.getPhoneExten is PASSED

2018-12-30 12:09:23 - [TEST_STEP][PASSED] - faxNum = communication.c_communication.getFaxNum(): communication.c_communication.getFaxNum is PASSED

2018-12-30 12:09:23 - [MESSAGE][PASSED] - communication.c_communication.getFaxNum is PASSED

2018-12-30 12:09:23 - [TEST_STEP][PASSED] - login.c_login.logIn(site, userName, userPass): login.c_login.logIn is PASSED

2018-12-30 12:09:23 - [MESSAGE][WARNING] - A browser is already opened. Closing browser and opening a new one

2018-12-30 12:09:24 - [MESSAGE][INFO] - Starting 'Chrome' driver

2018-12-30 12:09:38 - [MESSAGE][PASSED] - Browser is opened with url: 'https://aws_test.y-it.co.il/#/login'

2018-12-30 12:09:39 - [MESSAGE][PASSED] - Current window maximized

2018-12-30 12:09:39 - [MESSAGE][PASSED] - Text 'admin' is set on object 'Object Repository/Y-IT Log In/input_ _userName'

2018-12-30 12:09:39 - [MESSAGE][PASSED] - Text ****** has been set on object 'Object Repository/Y-IT Log In/input_ _password'

2018-12-30 12:09:39 - [MESSAGE][PASSED] - Object: 'Object Repository/Y-IT Log In/input_  _submit' is clicked on

2018-12-30 12:09:39 - [MESSAGE][PASSED] - login.c_login.logIn is PASSED

2018-12-30 12:09:39 - [TEST_STEP][PASSED] - waitForElementPresent(findTestObject("Nav Bar/catalogues"), 15, CONTINUE_ON_FAILURE): Object 'Object Repository/Nav Bar/catalogues' is not present after 15 second(s)

2018-12-30 12:09:55 - [MESSAGE][INFO] - Unable to find the element located by 'By.xpath: /html[@class="k-webkit k-webkit70 ks-webkit537 ks-webkit ks-chrome70 ks-chrome ng-scope"]/body[@class="k-rtl"]/div[@class="container-fluid ng-scope"]/div[@class="row x-content pad-t-36 ng-scope"]/div[@class="col-xs-1 pull-right x-main-nav pad-t-36 ng-isolate-scope"]/ul[@class="nav nav-tabs nav-stacked text-center"]/li[1]/a[1]'. Please recheck the objects properties to make sure the desired element is located. 

2018-12-30 12:09:55 - [MESSAGE][WARNING] - Object 'Object Repository/Nav Bar/catalogues' is not present after 15 second(s)

2018-12-30 12:09:55 - [TEST_STEP][PASSED] - delay(1): Delayed 1 second(s)

2018-12-30 12:09:56 - [MESSAGE][PASSED] - Delayed 1 second(s)

2018-12-30 12:09:56 - [TEST_STEP][FAILED] - click(findTestObject("Nav Bar/catalogues")): click(findTestObject("Nav Bar/catalogues")) FAILED.
Reason:
com.kms.katalon.core.exception.StepFailedException: Unable to click on object 'Object Repository/Nav Bar/catalogues' (Root cause: com.kms.katalon.core.webui.exception.WebElementNotFoundException: Web element with id: 'Object Repository/Nav Bar/catalogues' located by 'By.xpath: /html[@class="k-webkit k-webkit70 ks-webkit537 ks-webkit ks-chrome70 ks-chrome ng-scope"]/body[@class="k-rtl"]/div[@class="container-fluid ng-scope"]/div[@class="row x-content pad-t-36 ng-scope"]/div[@class="col-xs-1 pull-right x-main-nav pad-t-36 ng-isolate-scope"]/ul[@class="nav nav-tabs nav-stacked text-center"]/li[1]/a[1]' not found)
	at com.kms.katalon.core.keyword.internal.KeywordMain.stepFailed(KeywordMain.groovy:36)
	at com.kms.katalon.core.webui.keyword.internal.WebUIKeywordMain.stepFailed(WebUIKeywordMain.groovy:65)
	at com.kms.katalon.core.webui.keyword.internal.WebUIKeywordMain.runKeyword(WebUIKeywordMain.groovy:27)
	at com.kms.katalon.core.webui.keyword.builtin.ClickKeyword.click(ClickKeyword.groovy:86)
	at com.kms.katalon.core.webui.keyword.builtin.ClickKeyword.execute(ClickKeyword.groovy:67)
	at com.kms.katalon.core.keyword.internal.KeywordExecutor.executeKeywordForPlatform(KeywordExecutor.groovy:53)
	at com.kms.katalon.core.webui.keyword.WebUiBuiltInKeywords.click(WebUiBuiltInKeywords.groovy:616)
	at com.kms.katalon.core.webui.keyword.WebUiBuiltInKeywords$click$3.call(Unknown Source)
	at Create Personnel.run(Create Personnel:51)
	at com.kms.katalon.core.main.ScriptEngine.run(ScriptEngine.java:194)
	at com.kms.katalon.core.main.ScriptEngine.runScriptAsRawText(ScriptEngine.java:119)
	at com.kms.katalon.core.main.TestCaseExecutor.runScript(TestCaseExecutor.java:328)
	at com.kms.katalon.core.main.TestCaseExecutor.doExecute(TestCaseExecutor.java:319)
	at com.kms.katalon.core.main.TestCaseExecutor.processExecutionPhase(TestCaseExecutor.java:298)
	at com.kms.katalon.core.main.TestCaseExecutor.accessMainPhase(TestCaseExecutor.java:290)
	at com.kms.katalon.core.main.TestCaseExecutor.execute(TestCaseExecutor.java:224)
	at com.kms.katalon.core.main.TestSuiteExecutor.accessTestCaseMainPhase(TestSuiteExecutor.java:129)
	at com.kms.katalon.core.main.TestSuiteExecutor.accessTestSuiteMainPhase(TestSuiteExecutor.java:112)
	at com.kms.katalon.core.main.TestSuiteExecutor.execute(TestSuiteExecutor.java:81)
	at com.kms.katalon.core.main.TestCaseMain.startTestSuite(TestCaseMain.java:149)
	at com.kms.katalon.core.main.TestCaseMain$startTestSuite$0.call(Unknown Source)
	at TempTestSuite1546164455973.run(TempTestSuite1546164455973.groovy:36)


2018-12-30 12:10:11 - [MESSAGE][INFO] - Unable to find the element located by 'By.xpath: /html[@class="k-webkit k-webkit70 ks-webkit537 ks-webkit ks-chrome70 ks-chrome ng-scope"]/body[@class="k-rtl"]/div[@class="container-fluid ng-scope"]/div[@class="row x-content pad-t-36 ng-scope"]/div[@class="col-xs-1 pull-right x-main-nav pad-t-36 ng-isolate-scope"]/ul[@class="nav nav-tabs nav-stacked text-center"]/li[1]/a[1]'. Please recheck the objects properties to make sure the desired element is located. 

2018-12-30 12:10:12 - [MESSAGE][FAILED] - Unable to click on object 'Object Repository/Nav Bar/catalogues' (Root cause: com.kms.katalon.core.webui.exception.WebElementNotFoundException: Web element with id: 'Object Repository/Nav Bar/catalogues' located by 'By.xpath: /html[@class="k-webkit k-webkit70 ks-webkit537 ks-webkit ks-chrome70 ks-chrome ng-scope"]/body[@class="k-rtl"]/div[@class="container-fluid ng-scope"]/div[@class="row x-content pad-t-36 ng-scope"]/div[@class="col-xs-1 pull-right x-main-nav pad-t-36 ng-isolate-scope"]/ul[@class="nav nav-tabs nav-stacked text-center"]/li[1]/a[1]' not found)
[[ATTACHMENT|C:\\Users\\leon.b\\Katalon Studio\\Y-IT_TransIT\\Reports\\Presentation\\12-11-2018\\20181230_120735\\1546164611892.png]]

2018-12-30 12:10:12 - [MESSAGE][FAILED] - click(findTestObject("Nav Bar/catalogues")) FAILED.
Reason:
com.kms.katalon.core.exception.StepFailedException: Unable to click on object 'Object Repository/Nav Bar/catalogues' (Root cause: com.kms.katalon.core.webui.exception.WebElementNotFoundException: Web element with id: 'Object Repository/Nav Bar/catalogues' located by 'By.xpath: /html[@class="k-webkit k-webkit70 ks-webkit537 ks-webkit ks-chrome70 ks-chrome ng-scope"]/body[@class="k-rtl"]/div[@class="container-fluid ng-scope"]/div[@class="row x-content pad-t-36 ng-scope"]/div[@class="col-xs-1 pull-right x-main-nav pad-t-36 ng-isolate-scope"]/ul[@class="nav nav-tabs nav-stacked text-center"]/li[1]/a[1]' not found)
	at com.kms.katalon.core.keyword.internal.KeywordMain.stepFailed(KeywordMain.groovy:36)
	at com.kms.katalon.core.webui.keyword.internal.WebUIKeywordMain.stepFailed(WebUIKeywordMain.groovy:65)
	at com.kms.katalon.core.webui.keyword.internal.WebUIKeywordMain.runKeyword(WebUIKeywordMain.groovy:27)
	at com.kms.katalon.core.webui.keyword.builtin.ClickKeyword.click(ClickKeyword.groovy:86)
	at com.kms.katalon.core.webui.keyword.builtin.ClickKeyword.execute(ClickKeyword.groovy:67)
	at com.kms.katalon.core.keyword.internal.KeywordExecutor.executeKeywordForPlatform(KeywordExecutor.groovy:53)
	at com.kms.katalon.core.webui.keyword.WebUiBuiltInKeywords.click(WebUiBuiltInKeywords.groovy:616)
	at com.kms.katalon.core.webui.keyword.WebUiBuiltInKeywords$click$3.call(Unknown Source)
	at Create Personnel.run(Create Personnel:51)
	at com.kms.katalon.core.main.ScriptEngine.run(ScriptEngine.java:194)
	at com.kms.katalon.core.main.ScriptEngine.runScriptAsRawText(ScriptEngine.java:119)
	at com.kms.katalon.core.main.TestCaseExecutor.runScript(TestCaseExecutor.java:328)
	at com.kms.katalon.core.main.TestCaseExecutor.doExecute(TestCaseExecutor.java:319)
	at com.kms.katalon.core.main.TestCaseExecutor.processExecutionPhase(TestCaseExecutor.java:298)
	at com.kms.katalon.core.main.TestCaseExecutor.accessMainPhase(TestCaseExecutor.java:290)
	at com.kms.katalon.core.main.TestCaseExecutor.execute(TestCaseExecutor.java:224)
	at com.kms.katalon.core.main.TestSuiteExecutor.accessTestCaseMainPhase(TestSuiteExecutor.java:129)
	at com.kms.katalon.core.main.TestSuiteExecutor.accessTestSuiteMainPhase(TestSuiteExecutor.java:112)
	at com.kms.katalon.core.main.TestSuiteExecutor.execute(TestSuiteExecutor.java:81)
	at com.kms.katalon.core.main.TestCaseMain.startTestSuite(TestCaseMain.java:149)
	at com.kms.katalon.core.main.TestCaseMain$startTestSuite$0.call(Unknown Source)
	at TempTestSuite1546164455973.run(TempTestSuite1546164455973.groovy:36)]]></system-out>
         <system-err><![CDATA[2018-12-30 12:09:23 - [TEST_CASE][FAILED] - Test Cases/Entities Creator/Create Personnel: Test Cases/Entities Creator/Create Personnel FAILED.
Reason:
com.kms.katalon.core.exception.StepFailedException: Unable to click on object 'Object Repository/Nav Bar/catalogues' (Root cause: com.kms.katalon.core.webui.exception.WebElementNotFoundException: Web element with id: 'Object Repository/Nav Bar/catalogues' located by 'By.xpath: /html[@class="k-webkit k-webkit70 ks-webkit537 ks-webkit ks-chrome70 ks-chrome ng-scope"]/body[@class="k-rtl"]/div[@class="container-fluid ng-scope"]/div[@class="row x-content pad-t-36 ng-scope"]/div[@class="col-xs-1 pull-right x-main-nav pad-t-36 ng-isolate-scope"]/ul[@class="nav nav-tabs nav-stacked text-center"]/li[1]/a[1]' not found)
	at com.kms.katalon.core.keyword.internal.KeywordMain.stepFailed(KeywordMain.groovy:36)
	at com.kms.katalon.core.webui.keyword.internal.WebUIKeywordMain.stepFailed(WebUIKeywordMain.groovy:65)
	at com.kms.katalon.core.webui.keyword.internal.WebUIKeywordMain.runKeyword(WebUIKeywordMain.groovy:27)
	at com.kms.katalon.core.webui.keyword.builtin.ClickKeyword.click(ClickKeyword.groovy:86)
	at com.kms.katalon.core.webui.keyword.builtin.ClickKeyword.execute(ClickKeyword.groovy:67)
	at com.kms.katalon.core.keyword.internal.KeywordExecutor.executeKeywordForPlatform(KeywordExecutor.groovy:53)
	at com.kms.katalon.core.webui.keyword.WebUiBuiltInKeywords.click(WebUiBuiltInKeywords.groovy:616)
	at com.kms.katalon.core.webui.keyword.WebUiBuiltInKeywords$click$3.call(Unknown Source)
	at Create Personnel.run(Create Personnel:51)
	at com.kms.katalon.core.main.ScriptEngine.run(ScriptEngine.java:194)
	at com.kms.katalon.core.main.ScriptEngine.runScriptAsRawText(ScriptEngine.java:119)
	at com.kms.katalon.core.main.TestCaseExecutor.runScript(TestCaseExecutor.java:328)
	at com.kms.katalon.core.main.TestCaseExecutor.doExecute(TestCaseExecutor.java:319)
	at com.kms.katalon.core.main.TestCaseExecutor.processExecutionPhase(TestCaseExecutor.java:298)
	at com.kms.katalon.core.main.TestCaseExecutor.accessMainPhase(TestCaseExecutor.java:290)
	at com.kms.katalon.core.main.TestCaseExecutor.execute(TestCaseExecutor.java:224)
	at com.kms.katalon.core.main.TestSuiteExecutor.accessTestCaseMainPhase(TestSuiteExecutor.java:129)
	at com.kms.katalon.core.main.TestSuiteExecutor.accessTestSuiteMainPhase(TestSuiteExecutor.java:112)
	at com.kms.katalon.core.main.TestSuiteExecutor.execute(TestSuiteExecutor.java:81)
	at com.kms.katalon.core.main.TestCaseMain.startTestSuite(TestCaseMain.java:149)
	at com.kms.katalon.core.main.TestCaseMain$startTestSuite$0.call(Unknown Source)
	at TempTestSuite1546164455973.run(TempTestSuite1546164455973.groovy:36)]]></system-err>
      </testcase>
      <testcase name="Test Cases/Entities Creator/Create Personnel - fail" classname="Test Cases/Entities Creator/Create Personnel - fail" status="FAILED">
         <failure type="FAILED" message="Test Cases/Entities Creator/Create Personnel - fail FAILED.
Reason:
com.kms.katalon.core.exception.StepFailedException: Unable to click on object 'Object Repository/Nav Bar/catalogues' (Root cause: com.kms.katalon.core.webui.exception.WebElementNotFoundException: Web element with id: 'Object Repository/Nav Bar/catalogues' located by 'By.xpath: /html[@class=&quot;k-webkit k-webkit70 ks-webkit537 ks-webkit ks-chrome70 ks-chrome ng-scope&quot;]/body[@class=&quot;k-rtl&quot;]/div[@class=&quot;container-fluid ng-scope&quot;]/div[@class=&quot;row x-content pad-t-36 ng-scope&quot;]/div[@class=&quot;col-xs-1 pull-right x-main-nav pad-t-36 ng-isolate-scope&quot;]/ul[@class=&quot;nav nav-tabs nav-stacked text-center&quot;]/li[1]/a[1]' not found)
	at com.kms.katalon.core.keyword.internal.KeywordMain.stepFailed(KeywordMain.groovy:36)
	at com.kms.katalon.core.webui.keyword.internal.WebUIKeywordMain.stepFailed(WebUIKeywordMain.groovy:65)
	at com.kms.katalon.core.webui.keyword.internal.WebUIKeywordMain.runKeyword(WebUIKeywordMain.groovy:27)
	at com.kms.katalon.core.webui.keyword.builtin.ClickKeyword.click(ClickKeyword.groovy:86)
	at com.kms.katalon.core.webui.keyword.builtin.ClickKeyword.execute(ClickKeyword.groovy:67)
	at com.kms.katalon.core.keyword.internal.KeywordExecutor.executeKeywordForPlatform(KeywordExecutor.groovy:53)
	at com.kms.katalon.core.webui.keyword.WebUiBuiltInKeywords.click(WebUiBuiltInKeywords.groovy:616)
	at com.kms.katalon.core.webui.keyword.WebUiBuiltInKeywords$click$3.call(Unknown Source)
	at Create Personnel - fail.run(Create Personnel - fail:51)
	at com.kms.katalon.core.main.ScriptEngine.run(ScriptEngine.java:194)
	at com.kms.katalon.core.main.ScriptEngine.runScriptAsRawText(ScriptEngine.java:119)
	at com.kms.katalon.core.main.TestCaseExecutor.runScript(TestCaseExecutor.java:328)
	at com.kms.katalon.core.main.TestCaseExecutor.doExecute(TestCaseExecutor.java:319)
	at com.kms.katalon.core.main.TestCaseExecutor.processExecutionPhase(TestCaseExecutor.java:298)
	at com.kms.katalon.core.main.TestCaseExecutor.accessMainPhase(TestCaseExecutor.java:290)
	at com.kms.katalon.core.main.TestCaseExecutor.execute(TestCaseExecutor.java:224)
	at com.kms.katalon.core.main.TestSuiteExecutor.accessTestCaseMainPhase(TestSuiteExecutor.java:129)
	at com.kms.katalon.core.main.TestSuiteExecutor.accessTestSuiteMainPhase(TestSuiteExecutor.java:112)
	at com.kms.katalon.core.main.TestSuiteExecutor.execute(TestSuiteExecutor.java:81)
	at com.kms.katalon.core.main.TestCaseMain.startTestSuite(TestCaseMain.java:149)
	at com.kms.katalon.core.main.TestCaseMain$startTestSuite$0.call(Unknown Source)
	at TempTestSuite1546164455973.run(TempTestSuite1546164455973.groovy:36)
"/>
         <system-out><![CDATA[2018-12-30 12:10:12 - [TEST_CASE][FAILED] - Test Cases/Entities Creator/Create Personnel - fail: Test Cases/Entities Creator/Create Personnel - fail FAILED.
Reason:
com.kms.katalon.core.exception.StepFailedException: Unable to click on object 'Object Repository/Nav Bar/catalogues' (Root cause: com.kms.katalon.core.webui.exception.WebElementNotFoundException: Web element with id: 'Object Repository/Nav Bar/catalogues' located by 'By.xpath: /html[@class="k-webkit k-webkit70 ks-webkit537 ks-webkit ks-chrome70 ks-chrome ng-scope"]/body[@class="k-rtl"]/div[@class="container-fluid ng-scope"]/div[@class="row x-content pad-t-36 ng-scope"]/div[@class="col-xs-1 pull-right x-main-nav pad-t-36 ng-isolate-scope"]/ul[@class="nav nav-tabs nav-stacked text-center"]/li[1]/a[1]' not found)
	at com.kms.katalon.core.keyword.internal.KeywordMain.stepFailed(KeywordMain.groovy:36)
	at com.kms.katalon.core.webui.keyword.internal.WebUIKeywordMain.stepFailed(WebUIKeywordMain.groovy:65)
	at com.kms.katalon.core.webui.keyword.internal.WebUIKeywordMain.runKeyword(WebUIKeywordMain.groovy:27)
	at com.kms.katalon.core.webui.keyword.builtin.ClickKeyword.click(ClickKeyword.groovy:86)
	at com.kms.katalon.core.webui.keyword.builtin.ClickKeyword.execute(ClickKeyword.groovy:67)
	at com.kms.katalon.core.keyword.internal.KeywordExecutor.executeKeywordForPlatform(KeywordExecutor.groovy:53)
	at com.kms.katalon.core.webui.keyword.WebUiBuiltInKeywords.click(WebUiBuiltInKeywords.groovy:616)
	at com.kms.katalon.core.webui.keyword.WebUiBuiltInKeywords$click$3.call(Unknown Source)
	at Create Personnel - fail.run(Create Personnel - fail:51)
	at com.kms.katalon.core.main.ScriptEngine.run(ScriptEngine.java:194)
	at com.kms.katalon.core.main.ScriptEngine.runScriptAsRawText(ScriptEngine.java:119)
	at com.kms.katalon.core.main.TestCaseExecutor.runScript(TestCaseExecutor.java:328)
	at com.kms.katalon.core.main.TestCaseExecutor.doExecute(TestCaseExecutor.java:319)
	at com.kms.katalon.core.main.TestCaseExecutor.processExecutionPhase(TestCaseExecutor.java:298)
	at com.kms.katalon.core.main.TestCaseExecutor.accessMainPhase(TestCaseExecutor.java:290)
	at com.kms.katalon.core.main.TestCaseExecutor.execute(TestCaseExecutor.java:224)
	at com.kms.katalon.core.main.TestSuiteExecutor.accessTestCaseMainPhase(TestSuiteExecutor.java:129)
	at com.kms.katalon.core.main.TestSuiteExecutor.accessTestSuiteMainPhase(TestSuiteExecutor.java:112)
	at com.kms.katalon.core.main.TestSuiteExecutor.execute(TestSuiteExecutor.java:81)
	at com.kms.katalon.core.main.TestCaseMain.startTestSuite(TestCaseMain.java:149)
	at com.kms.katalon.core.main.TestCaseMain$startTestSuite$0.call(Unknown Source)
	at TempTestSuite1546164455973.run(TempTestSuite1546164455973.groovy:36)


2018-12-30 12:10:12 - [TEST_STEP][PASSED] - nowStr = newDate.c_nowStr.getNowStr(): newDate.c_nowStr.getNowStr is PASSED

2018-12-30 12:10:12 - [MESSAGE][PASSED] - newDate.c_nowStr.getNowStr is PASSED

2018-12-30 12:10:12 - [TEST_STEP][PASSED] - city = address.c_address.getCity(): address.c_address.getCity is PASSED

2018-12-30 12:10:12 - [MESSAGE][PASSED] - address.c_address.getCity is PASSED

2018-12-30 12:10:12 - [TEST_STEP][PASSED] - street = address.c_address.getStreet(): address.c_address.getStreet is PASSED

2018-12-30 12:10:12 - [MESSAGE][PASSED] - address.c_address.getStreet is PASSED

2018-12-30 12:10:12 - [TEST_STEP][PASSED] - houseNum = address.c_address.getHouseNum(): address.c_address.getHouseNum is PASSED

2018-12-30 12:10:12 - [MESSAGE][PASSED] - address.c_address.getHouseNum is PASSED

2018-12-30 12:10:12 - [TEST_STEP][PASSED] - apartmentNum = address.c_address.getApartmentNum(): address.c_address.getApartmentNum is PASSED

2018-12-30 12:10:12 - [MESSAGE][PASSED] - address.c_address.getApartmentNum is PASSED

2018-12-30 12:10:12 - [TEST_STEP][PASSED] - entrance = address.c_address.getEntrance(): address.c_address.getEntrance is PASSED

2018-12-30 12:10:12 - [MESSAGE][PASSED] - address.c_address.getEntrance is PASSED

2018-12-30 12:10:12 - [TEST_STEP][PASSED] - mailbox = address.c_address.getMailbox(): address.c_address.getMailbox is PASSED

2018-12-30 12:10:12 - [MESSAGE][PASSED] - address.c_address.getMailbox is PASSED

2018-12-30 12:10:12 - [TEST_STEP][PASSED] - zipCode = address.c_address.getZipCode(): address.c_address.getZipCode is PASSED

2018-12-30 12:10:12 - [MESSAGE][PASSED] - address.c_address.getZipCode is PASSED

2018-12-30 12:10:12 - [TEST_STEP][PASSED] - email = communication.c_communication.getEmail(): communication.c_communication.getEmail is PASSED

2018-12-30 12:10:12 - [MESSAGE][PASSED] - communication.c_communication.getEmail is PASSED

2018-12-30 12:10:12 - [TEST_STEP][PASSED] - mobilePhone = communication.c_communication.getMobilePhone(): communication.c_communication.getMobilePhone is PASSED

2018-12-30 12:10:12 - [MESSAGE][PASSED] - communication.c_communication.getMobilePhone is PASSED

2018-12-30 12:10:12 - [TEST_STEP][PASSED] - homePhone = communication.c_communication.getHomePhone(): communication.c_communication.getHomePhone is PASSED

2018-12-30 12:10:12 - [MESSAGE][PASSED] - communication.c_communication.getHomePhone is PASSED

2018-12-30 12:10:12 - [TEST_STEP][PASSED] - officePhone = communication.c_communication.getOfficePhone(): communication.c_communication.getOfficePhone is PASSED

2018-12-30 12:10:12 - [MESSAGE][PASSED] - communication.c_communication.getOfficePhone is PASSED

2018-12-30 12:10:12 - [TEST_STEP][PASSED] - phoneExten = communication.c_communication.getPhoneExten(): communication.c_communication.getPhoneExten is PASSED

2018-12-30 12:10:12 - [MESSAGE][PASSED] - communication.c_communication.getPhoneExten is PASSED

2018-12-30 12:10:12 - [TEST_STEP][PASSED] - faxNum = communication.c_communication.getFaxNum(): communication.c_communication.getFaxNum is PASSED

2018-12-30 12:10:12 - [MESSAGE][PASSED] - communication.c_communication.getFaxNum is PASSED

2018-12-30 12:10:12 - [TEST_STEP][PASSED] - login.c_login.logIn(site, userName, userPass): login.c_login.logIn is PASSED

2018-12-30 12:10:12 - [MESSAGE][WARNING] - A browser is already opened. Closing browser and opening a new one

2018-12-30 12:10:13 - [MESSAGE][INFO] - Starting 'Chrome' driver

2018-12-30 12:10:24 - [MESSAGE][PASSED] - Browser is opened with url: 'https://aws_test.y-it.co.il/#/login'

2018-12-30 12:10:25 - [MESSAGE][PASSED] - Current window maximized

2018-12-30 12:10:25 - [MESSAGE][PASSED] - Text 'admin' is set on object 'Object Repository/Y-IT Log In/input_ _userName'

2018-12-30 12:10:25 - [MESSAGE][PASSED] - Text ****** has been set on object 'Object Repository/Y-IT Log In/input_ _password'

2018-12-30 12:10:25 - [MESSAGE][PASSED] - Object: 'Object Repository/Y-IT Log In/input_  _submit' is clicked on

2018-12-30 12:10:25 - [MESSAGE][PASSED] - login.c_login.logIn is PASSED

2018-12-30 12:10:25 - [TEST_STEP][PASSED] - waitForElementPresent(findTestObject("Nav Bar/catalogues"), 15, CONTINUE_ON_FAILURE): Object 'Object Repository/Nav Bar/catalogues' is not present after 15 second(s)

2018-12-30 12:10:41 - [MESSAGE][INFO] - Unable to find the element located by 'By.xpath: /html[@class="k-webkit k-webkit70 ks-webkit537 ks-webkit ks-chrome70 ks-chrome ng-scope"]/body[@class="k-rtl"]/div[@class="container-fluid ng-scope"]/div[@class="row x-content pad-t-36 ng-scope"]/div[@class="col-xs-1 pull-right x-main-nav pad-t-36 ng-isolate-scope"]/ul[@class="nav nav-tabs nav-stacked text-center"]/li[1]/a[1]'. Please recheck the objects properties to make sure the desired element is located. 

2018-12-30 12:10:41 - [MESSAGE][WARNING] - Object 'Object Repository/Nav Bar/catalogues' is not present after 15 second(s)

2018-12-30 12:10:41 - [TEST_STEP][PASSED] - delay(1): Delayed 1 second(s)

2018-12-30 12:10:42 - [MESSAGE][PASSED] - Delayed 1 second(s)

2018-12-30 12:10:42 - [TEST_STEP][FAILED] - click(findTestObject("Nav Bar/catalogues")): click(findTestObject("Nav Bar/catalogues")) FAILED.
Reason:
com.kms.katalon.core.exception.StepFailedException: Unable to click on object 'Object Repository/Nav Bar/catalogues' (Root cause: com.kms.katalon.core.webui.exception.WebElementNotFoundException: Web element with id: 'Object Repository/Nav Bar/catalogues' located by 'By.xpath: /html[@class="k-webkit k-webkit70 ks-webkit537 ks-webkit ks-chrome70 ks-chrome ng-scope"]/body[@class="k-rtl"]/div[@class="container-fluid ng-scope"]/div[@class="row x-content pad-t-36 ng-scope"]/div[@class="col-xs-1 pull-right x-main-nav pad-t-36 ng-isolate-scope"]/ul[@class="nav nav-tabs nav-stacked text-center"]/li[1]/a[1]' not found)
	at com.kms.katalon.core.keyword.internal.KeywordMain.stepFailed(KeywordMain.groovy:36)
	at com.kms.katalon.core.webui.keyword.internal.WebUIKeywordMain.stepFailed(WebUIKeywordMain.groovy:65)
	at com.kms.katalon.core.webui.keyword.internal.WebUIKeywordMain.runKeyword(WebUIKeywordMain.groovy:27)
	at com.kms.katalon.core.webui.keyword.builtin.ClickKeyword.click(ClickKeyword.groovy:86)
	at com.kms.katalon.core.webui.keyword.builtin.ClickKeyword.execute(ClickKeyword.groovy:67)
	at com.kms.katalon.core.keyword.internal.KeywordExecutor.executeKeywordForPlatform(KeywordExecutor.groovy:53)
	at com.kms.katalon.core.webui.keyword.WebUiBuiltInKeywords.click(WebUiBuiltInKeywords.groovy:616)
	at com.kms.katalon.core.webui.keyword.WebUiBuiltInKeywords$click$3.call(Unknown Source)
	at Create Personnel - fail.run(Create Personnel - fail:51)
	at com.kms.katalon.core.main.ScriptEngine.run(ScriptEngine.java:194)
	at com.kms.katalon.core.main.ScriptEngine.runScriptAsRawText(ScriptEngine.java:119)
	at com.kms.katalon.core.main.TestCaseExecutor.runScript(TestCaseExecutor.java:328)
	at com.kms.katalon.core.main.TestCaseExecutor.doExecute(TestCaseExecutor.java:319)
	at com.kms.katalon.core.main.TestCaseExecutor.processExecutionPhase(TestCaseExecutor.java:298)
	at com.kms.katalon.core.main.TestCaseExecutor.accessMainPhase(TestCaseExecutor.java:290)
	at com.kms.katalon.core.main.TestCaseExecutor.execute(TestCaseExecutor.java:224)
	at com.kms.katalon.core.main.TestSuiteExecutor.accessTestCaseMainPhase(TestSuiteExecutor.java:129)
	at com.kms.katalon.core.main.TestSuiteExecutor.accessTestSuiteMainPhase(TestSuiteExecutor.java:112)
	at com.kms.katalon.core.main.TestSuiteExecutor.execute(TestSuiteExecutor.java:81)
	at com.kms.katalon.core.main.TestCaseMain.startTestSuite(TestCaseMain.java:149)
	at com.kms.katalon.core.main.TestCaseMain$startTestSuite$0.call(Unknown Source)
	at TempTestSuite1546164455973.run(TempTestSuite1546164455973.groovy:36)


2018-12-30 12:10:58 - [MESSAGE][INFO] - Unable to find the element located by 'By.xpath: /html[@class="k-webkit k-webkit70 ks-webkit537 ks-webkit ks-chrome70 ks-chrome ng-scope"]/body[@class="k-rtl"]/div[@class="container-fluid ng-scope"]/div[@class="row x-content pad-t-36 ng-scope"]/div[@class="col-xs-1 pull-right x-main-nav pad-t-36 ng-isolate-scope"]/ul[@class="nav nav-tabs nav-stacked text-center"]/li[1]/a[1]'. Please recheck the objects properties to make sure the desired element is located. 

2018-12-30 12:10:58 - [MESSAGE][FAILED] - Unable to click on object 'Object Repository/Nav Bar/catalogues' (Root cause: com.kms.katalon.core.webui.exception.WebElementNotFoundException: Web element with id: 'Object Repository/Nav Bar/catalogues' located by 'By.xpath: /html[@class="k-webkit k-webkit70 ks-webkit537 ks-webkit ks-chrome70 ks-chrome ng-scope"]/body[@class="k-rtl"]/div[@class="container-fluid ng-scope"]/div[@class="row x-content pad-t-36 ng-scope"]/div[@class="col-xs-1 pull-right x-main-nav pad-t-36 ng-isolate-scope"]/ul[@class="nav nav-tabs nav-stacked text-center"]/li[1]/a[1]' not found)
[[ATTACHMENT|C:\\Users\\leon.b\\Katalon Studio\\Y-IT_TransIT\\Reports\\Presentation\\12-11-2018\\20181230_120735\\1546164658085.png]]

2018-12-30 12:10:58 - [MESSAGE][FAILED] - click(findTestObject("Nav Bar/catalogues")) FAILED.
Reason:
com.kms.katalon.core.exception.StepFailedException: Unable to click on object 'Object Repository/Nav Bar/catalogues' (Root cause: com.kms.katalon.core.webui.exception.WebElementNotFoundException: Web element with id: 'Object Repository/Nav Bar/catalogues' located by 'By.xpath: /html[@class="k-webkit k-webkit70 ks-webkit537 ks-webkit ks-chrome70 ks-chrome ng-scope"]/body[@class="k-rtl"]/div[@class="container-fluid ng-scope"]/div[@class="row x-content pad-t-36 ng-scope"]/div[@class="col-xs-1 pull-right x-main-nav pad-t-36 ng-isolate-scope"]/ul[@class="nav nav-tabs nav-stacked text-center"]/li[1]/a[1]' not found)
	at com.kms.katalon.core.keyword.internal.KeywordMain.stepFailed(KeywordMain.groovy:36)
	at com.kms.katalon.core.webui.keyword.internal.WebUIKeywordMain.stepFailed(WebUIKeywordMain.groovy:65)
	at com.kms.katalon.core.webui.keyword.internal.WebUIKeywordMain.runKeyword(WebUIKeywordMain.groovy:27)
	at com.kms.katalon.core.webui.keyword.builtin.ClickKeyword.click(ClickKeyword.groovy:86)
	at com.kms.katalon.core.webui.keyword.builtin.ClickKeyword.execute(ClickKeyword.groovy:67)
	at com.kms.katalon.core.keyword.internal.KeywordExecutor.executeKeywordForPlatform(KeywordExecutor.groovy:53)
	at com.kms.katalon.core.webui.keyword.WebUiBuiltInKeywords.click(WebUiBuiltInKeywords.groovy:616)
	at com.kms.katalon.core.webui.keyword.WebUiBuiltInKeywords$click$3.call(Unknown Source)
	at Create Personnel - fail.run(Create Personnel - fail:51)
	at com.kms.katalon.core.main.ScriptEngine.run(ScriptEngine.java:194)
	at com.kms.katalon.core.main.ScriptEngine.runScriptAsRawText(ScriptEngine.java:119)
	at com.kms.katalon.core.main.TestCaseExecutor.runScript(TestCaseExecutor.java:328)
	at com.kms.katalon.core.main.TestCaseExecutor.doExecute(TestCaseExecutor.java:319)
	at com.kms.katalon.core.main.TestCaseExecutor.processExecutionPhase(TestCaseExecutor.java:298)
	at com.kms.katalon.core.main.TestCaseExecutor.accessMainPhase(TestCaseExecutor.java:290)
	at com.kms.katalon.core.main.TestCaseExecutor.execute(TestCaseExecutor.java:224)
	at com.kms.katalon.core.main.TestSuiteExecutor.accessTestCaseMainPhase(TestSuiteExecutor.java:129)
	at com.kms.katalon.core.main.TestSuiteExecutor.accessTestSuiteMainPhase(TestSuiteExecutor.java:112)
	at com.kms.katalon.core.main.TestSuiteExecutor.execute(TestSuiteExecutor.java:81)
	at com.kms.katalon.core.main.TestCaseMain.startTestSuite(TestCaseMain.java:149)
	at com.kms.katalon.core.main.TestCaseMain$startTestSuite$0.call(Unknown Source)
	at TempTestSuite1546164455973.run(TempTestSuite1546164455973.groovy:36)]]></system-out>
         <system-err><![CDATA[2018-12-30 12:10:12 - [TEST_CASE][FAILED] - Test Cases/Entities Creator/Create Personnel - fail: Test Cases/Entities Creator/Create Personnel - fail FAILED.
Reason:
com.kms.katalon.core.exception.StepFailedException: Unable to click on object 'Object Repository/Nav Bar/catalogues' (Root cause: com.kms.katalon.core.webui.exception.WebElementNotFoundException: Web element with id: 'Object Repository/Nav Bar/catalogues' located by 'By.xpath: /html[@class="k-webkit k-webkit70 ks-webkit537 ks-webkit ks-chrome70 ks-chrome ng-scope"]/body[@class="k-rtl"]/div[@class="container-fluid ng-scope"]/div[@class="row x-content pad-t-36 ng-scope"]/div[@class="col-xs-1 pull-right x-main-nav pad-t-36 ng-isolate-scope"]/ul[@class="nav nav-tabs nav-stacked text-center"]/li[1]/a[1]' not found)
	at com.kms.katalon.core.keyword.internal.KeywordMain.stepFailed(KeywordMain.groovy:36)
	at com.kms.katalon.core.webui.keyword.internal.WebUIKeywordMain.stepFailed(WebUIKeywordMain.groovy:65)
	at com.kms.katalon.core.webui.keyword.internal.WebUIKeywordMain.runKeyword(WebUIKeywordMain.groovy:27)
	at com.kms.katalon.core.webui.keyword.builtin.ClickKeyword.click(ClickKeyword.groovy:86)
	at com.kms.katalon.core.webui.keyword.builtin.ClickKeyword.execute(ClickKeyword.groovy:67)
	at com.kms.katalon.core.keyword.internal.KeywordExecutor.executeKeywordForPlatform(KeywordExecutor.groovy:53)
	at com.kms.katalon.core.webui.keyword.WebUiBuiltInKeywords.click(WebUiBuiltInKeywords.groovy:616)
	at com.kms.katalon.core.webui.keyword.WebUiBuiltInKeywords$click$3.call(Unknown Source)
	at Create Personnel - fail.run(Create Personnel - fail:51)
	at com.kms.katalon.core.main.ScriptEngine.run(ScriptEngine.java:194)
	at com.kms.katalon.core.main.ScriptEngine.runScriptAsRawText(ScriptEngine.java:119)
	at com.kms.katalon.core.main.TestCaseExecutor.runScript(TestCaseExecutor.java:328)
	at com.kms.katalon.core.main.TestCaseExecutor.doExecute(TestCaseExecutor.java:319)
	at com.kms.katalon.core.main.TestCaseExecutor.processExecutionPhase(TestCaseExecutor.java:298)
	at com.kms.katalon.core.main.TestCaseExecutor.accessMainPhase(TestCaseExecutor.java:290)
	at com.kms.katalon.core.main.TestCaseExecutor.execute(TestCaseExecutor.java:224)
	at com.kms.katalon.core.main.TestSuiteExecutor.accessTestCaseMainPhase(TestSuiteExecutor.java:129)
	at com.kms.katalon.core.main.TestSuiteExecutor.accessTestSuiteMainPhase(TestSuiteExecutor.java:112)
	at com.kms.katalon.core.main.TestSuiteExecutor.execute(TestSuiteExecutor.java:81)
	at com.kms.katalon.core.main.TestCaseMain.startTestSuite(TestCaseMain.java:149)
	at com.kms.katalon.core.main.TestCaseMain$startTestSuite$0.call(Unknown Source)
	at TempTestSuite1546164455973.run(TempTestSuite1546164455973.groovy:36)]]></system-err>
      </testcase>
      <system-out><![CDATA[2018-12-30 12:07:38 - [TEST_SUITE][FAILED] - 12-11-2018: Test Cases/Basic/Log In FAILED.
Reason:
com.kms.katalon.core.exception.StepFailedException: Unable to click on object 'Object Repository/Nav Bar/catalogues' (Root cause: com.kms.katalon.core.webui.exception.WebElementNotFoundException: Web element with id: 'Object Repository/Nav Bar/catalogues' located by 'By.xpath: /html[@class="k-webkit k-webkit70 ks-webkit537 ks-webkit ks-chrome70 ks-chrome ng-scope"]/body[@class="k-rtl"]/div[@class="container-fluid ng-scope"]/div[@class="row x-content pad-t-36 ng-scope"]/div[@class="col-xs-1 pull-right x-main-nav pad-t-36 ng-isolate-scope"]/ul[@class="nav nav-tabs nav-stacked text-center"]/li[1]/a[1]' not found)
	at com.kms.katalon.core.keyword.internal.KeywordMain.stepFailed(KeywordMain.groovy:36)
	at com.kms.katalon.core.webui.keyword.internal.WebUIKeywordMain.stepFailed(WebUIKeywordMain.groovy:65)
	at com.kms.katalon.core.webui.keyword.internal.WebUIKeywordMain.runKeyword(WebUIKeywordMain.groovy:27)
	at com.kms.katalon.core.webui.keyword.builtin.ClickKeyword.click(ClickKeyword.groovy:86)
	at com.kms.katalon.core.webui.keyword.builtin.ClickKeyword.execute(ClickKeyword.groovy:67)
	at com.kms.katalon.core.keyword.internal.KeywordExecutor.executeKeywordForPlatform(KeywordExecutor.groovy:53)
	at com.kms.katalon.core.webui.keyword.WebUiBuiltInKeywords.click(WebUiBuiltInKeywords.groovy:616)
	at com.kms.katalon.core.webui.keyword.WebUiBuiltInKeywords$click$3.call(Unknown Source)
	at Log In.run(Log In:23)
	at com.kms.katalon.core.main.ScriptEngine.run(ScriptEngine.java:194)
	at com.kms.katalon.core.main.ScriptEngine.runScriptAsRawText(ScriptEngine.java:119)
	at com.kms.katalon.core.main.TestCaseExecutor.runScript(TestCaseExecutor.java:328)
	at com.kms.katalon.core.main.TestCaseExecutor.doExecute(TestCaseExecutor.java:319)
	at com.kms.katalon.core.main.TestCaseExecutor.processExecutionPhase(TestCaseExecutor.java:298)
	at com.kms.katalon.core.main.TestCaseExecutor.accessMainPhase(TestCaseExecutor.java:290)
	at com.kms.katalon.core.main.TestCaseExecutor.execute(TestCaseExecutor.java:224)
	at com.kms.katalon.core.main.TestSuiteExecutor.accessTestCaseMainPhase(TestSuiteExecutor.java:129)
	at com.kms.katalon.core.main.TestSuiteExecutor.accessTestSuiteMainPhase(TestSuiteExecutor.java:112)
	at com.kms.katalon.core.main.TestSuiteExecutor.execute(TestSuiteExecutor.java:81)
	at com.kms.katalon.core.main.TestCaseMain.startTestSuite(TestCaseMain.java:149)
	at com.kms.katalon.core.main.TestCaseMain$startTestSuite$0.call(Unknown Source)
	at TempTestSuite1546164455973.run(TempTestSuite1546164455973.groovy:36)]]></system-out>
      <system-err><![CDATA[2018-12-30 12:07:38 - [TEST_SUITE][FAILED] - 12-11-2018: Test Cases/Basic/Log In FAILED.
Reason:
com.kms.katalon.core.exception.StepFailedException: Unable to click on object 'Object Repository/Nav Bar/catalogues' (Root cause: com.kms.katalon.core.webui.exception.WebElementNotFoundException: Web element with id: 'Object Repository/Nav Bar/catalogues' located by 'By.xpath: /html[@class="k-webkit k-webkit70 ks-webkit537 ks-webkit ks-chrome70 ks-chrome ng-scope"]/body[@class="k-rtl"]/div[@class="container-fluid ng-scope"]/div[@class="row x-content pad-t-36 ng-scope"]/div[@class="col-xs-1 pull-right x-main-nav pad-t-36 ng-isolate-scope"]/ul[@class="nav nav-tabs nav-stacked text-center"]/li[1]/a[1]' not found)
	at com.kms.katalon.core.keyword.internal.KeywordMain.stepFailed(KeywordMain.groovy:36)
	at com.kms.katalon.core.webui.keyword.internal.WebUIKeywordMain.stepFailed(WebUIKeywordMain.groovy:65)
	at com.kms.katalon.core.webui.keyword.internal.WebUIKeywordMain.runKeyword(WebUIKeywordMain.groovy:27)
	at com.kms.katalon.core.webui.keyword.builtin.ClickKeyword.click(ClickKeyword.groovy:86)
	at com.kms.katalon.core.webui.keyword.builtin.ClickKeyword.execute(ClickKeyword.groovy:67)
	at com.kms.katalon.core.keyword.internal.KeywordExecutor.executeKeywordForPlatform(KeywordExecutor.groovy:53)
	at com.kms.katalon.core.webui.keyword.WebUiBuiltInKeywords.click(WebUiBuiltInKeywords.groovy:616)
	at com.kms.katalon.core.webui.keyword.WebUiBuiltInKeywords$click$3.call(Unknown Source)
	at Log In.run(Log In:23)
	at com.kms.katalon.core.main.ScriptEngine.run(ScriptEngine.java:194)
	at com.kms.katalon.core.main.ScriptEngine.runScriptAsRawText(ScriptEngine.java:119)
	at com.kms.katalon.core.main.TestCaseExecutor.runScript(TestCaseExecutor.java:328)
	at com.kms.katalon.core.main.TestCaseExecutor.doExecute(TestCaseExecutor.java:319)
	at com.kms.katalon.core.main.TestCaseExecutor.processExecutionPhase(TestCaseExecutor.java:298)
	at com.kms.katalon.core.main.TestCaseExecutor.accessMainPhase(TestCaseExecutor.java:290)
	at com.kms.katalon.core.main.TestCaseExecutor.execute(TestCaseExecutor.java:224)
	at com.kms.katalon.core.main.TestSuiteExecutor.accessTestCaseMainPhase(TestSuiteExecutor.java:129)
	at com.kms.katalon.core.main.TestSuiteExecutor.accessTestSuiteMainPhase(TestSuiteExecutor.java:112)
	at com.kms.katalon.core.main.TestSuiteExecutor.execute(TestSuiteExecutor.java:81)
	at com.kms.katalon.core.main.TestCaseMain.startTestSuite(TestCaseMain.java:149)
	at com.kms.katalon.core.main.TestCaseMain$startTestSuite$0.call(Unknown Source)
	at TempTestSuite1546164455973.run(TempTestSuite1546164455973.groovy:36)]]></system-err>
   </testsuite>
</testsuites>
