<?xml version="1.0" encoding="UTF-8"?>
<testsuites name="Working Ticket Confirmation" time="76" tests="0" failures="1" errors="0">
   <testsuite name="Working Ticket Confirmation" tests="0" failures="1" errors="0" time="76" timestamp="2019-05-15 00:36:58" hostname="leon.b - Leon-PC.Y-it.Local" id="Test Suites/Production/Working Ticket Confirmation">
      <properties>
         <property name="deviceName" value=""/>
         <property name="devicePlatform" value=""/>
         <property name="logFolder" value="C:\\Users\\leon.b\\git\\Y-IT_TransIT\\Reports\\Production\\Working Ticket Confirmation\\20190515_002256"/>
         <property name="logFiles" value="C:\\Users\\leon.b\\git\\Y-IT_TransIT\\Reports\\Production\\Working Ticket Confirmation\\20190515_002256\\execution0.log"/>
         <property name="attachments" value="C:\\Users\\leon.b\\git\\Y-IT_TransIT\\Reports\\Production\\Working Ticket Confirmation\\20190515_002256\\1557869893159.png, C:\\Users\\leon.b\\git\\Y-IT_TransIT\\Reports\\Production\\Working Ticket Confirmation\\20190515_002256\\1557869893691.png"/>
         <property name="hostName" value="leon.b - Leon-PC.Y-it.Local"/>
         <property name="os" value="Windows 10 64bit"/>
         <property name="katalonVersion" value="6.0.5.10"/>
         <property name="browser" value="Chrome 74.0.3729.131"/>
         <property name="hostAddress" value="169.254.139.61"/>
         <property name="sessionId" value="bf3122305ea85f71a52a0158fe7705fa"/>
         <property name="seleniumVersion" value="3.7.1"/>
         <property name="proxyInformation" value="ProxyInformation{proxyOption=NO_PROXY, proxyServerType=HTTP, password=, proxyServerAddress=, proxyServerPort=0}"/>
         <property name="platform" value="Windows 10"/>
      </properties>
      <testcase name="Test Cases/Working Tciket Confirmation/Working Ticket Sanity" classname="Test Cases/Working Tciket Confirmation/Working Ticket Sanity" status="FAILED">
         <failure type="FAILED" message="Test Cases/Working Tciket Confirmation/Working Ticket Sanity FAILED.
Reason:
com.kms.katalon.core.exception.StepFailedException: Unable to verify object 'Object Repository/General/gridLoadingBar' is not present
	at com.kms.katalon.core.keyword.internal.KeywordMain.stepFailed(KeywordMain.groovy:48)
	at com.kms.katalon.core.webui.keyword.internal.WebUIKeywordMain.stepFailed(WebUIKeywordMain.groovy:65)
	at com.kms.katalon.core.webui.keyword.internal.WebUIKeywordMain.runKeyword(WebUIKeywordMain.groovy:27)
	at com.kms.katalon.core.webui.keyword.builtin.VerifyElementNotPresentKeyword.verifyElementNotPresent(VerifyElementNotPresentKeyword.groovy:118)
	at com.kms.katalon.core.webui.keyword.builtin.VerifyElementNotPresentKeyword.execute(VerifyElementNotPresentKeyword.groovy:68)
	at com.kms.katalon.core.keyword.internal.KeywordExecutor.executeKeywordForPlatform(KeywordExecutor.groovy:56)
	at com.kms.katalon.core.webui.keyword.WebUiBuiltInKeywords.verifyElementNotPresent(WebUiBuiltInKeywords.groovy:1467)
	at com.kms.katalon.core.webui.keyword.WebUiBuiltInKeywords$verifyElementNotPresent$8.call(Unknown Source)
	at Working Ticket Sanity.run(Working Ticket Sanity:66)
	at com.kms.katalon.core.main.ScriptEngine.run(ScriptEngine.java:194)
	at com.kms.katalon.core.main.ScriptEngine.runScriptAsRawText(ScriptEngine.java:119)
	at com.kms.katalon.core.main.TestCaseExecutor.runScript(TestCaseExecutor.java:331)
	at com.kms.katalon.core.main.TestCaseExecutor.doExecute(TestCaseExecutor.java:322)
	at com.kms.katalon.core.main.TestCaseExecutor.processExecutionPhase(TestCaseExecutor.java:301)
	at com.kms.katalon.core.main.TestCaseExecutor.accessMainPhase(TestCaseExecutor.java:293)
	at com.kms.katalon.core.main.TestCaseExecutor.execute(TestCaseExecutor.java:227)
	at com.kms.katalon.core.main.TestSuiteExecutor.accessTestCaseMainPhase(TestSuiteExecutor.java:129)
	at com.kms.katalon.core.main.TestSuiteExecutor.accessTestSuiteMainPhase(TestSuiteExecutor.java:112)
	at com.kms.katalon.core.main.TestSuiteExecutor.execute(TestSuiteExecutor.java:81)
	at com.kms.katalon.core.main.TestCaseMain.startTestSuite(TestCaseMain.java:157)
	at com.kms.katalon.core.main.TestCaseMain$startTestSuite$0.call(Unknown Source)
	at TempTestSuite1557868985104.run(TempTestSuite1557868985104.groovy:35)
"/>
         <system-out><![CDATA[2019-05-15 00:36:58 - [TEST_CASE][FAILED] - Test Cases/Working Tciket Confirmation/Working Ticket Sanity: Test Cases/Working Tciket Confirmation/Working Ticket Sanity FAILED.
Reason:
com.kms.katalon.core.exception.StepFailedException: Unable to verify object 'Object Repository/General/gridLoadingBar' is not present
	at com.kms.katalon.core.keyword.internal.KeywordMain.stepFailed(KeywordMain.groovy:48)
	at com.kms.katalon.core.webui.keyword.internal.WebUIKeywordMain.stepFailed(WebUIKeywordMain.groovy:65)
	at com.kms.katalon.core.webui.keyword.internal.WebUIKeywordMain.runKeyword(WebUIKeywordMain.groovy:27)
	at com.kms.katalon.core.webui.keyword.builtin.VerifyElementNotPresentKeyword.verifyElementNotPresent(VerifyElementNotPresentKeyword.groovy:118)
	at com.kms.katalon.core.webui.keyword.builtin.VerifyElementNotPresentKeyword.execute(VerifyElementNotPresentKeyword.groovy:68)
	at com.kms.katalon.core.keyword.internal.KeywordExecutor.executeKeywordForPlatform(KeywordExecutor.groovy:56)
	at com.kms.katalon.core.webui.keyword.WebUiBuiltInKeywords.verifyElementNotPresent(WebUiBuiltInKeywords.groovy:1467)
	at com.kms.katalon.core.webui.keyword.WebUiBuiltInKeywords$verifyElementNotPresent$8.call(Unknown Source)
	at Working Ticket Sanity.run(Working Ticket Sanity:66)
	at com.kms.katalon.core.main.ScriptEngine.run(ScriptEngine.java:194)
	at com.kms.katalon.core.main.ScriptEngine.runScriptAsRawText(ScriptEngine.java:119)
	at com.kms.katalon.core.main.TestCaseExecutor.runScript(TestCaseExecutor.java:331)
	at com.kms.katalon.core.main.TestCaseExecutor.doExecute(TestCaseExecutor.java:322)
	at com.kms.katalon.core.main.TestCaseExecutor.processExecutionPhase(TestCaseExecutor.java:301)
	at com.kms.katalon.core.main.TestCaseExecutor.accessMainPhase(TestCaseExecutor.java:293)
	at com.kms.katalon.core.main.TestCaseExecutor.execute(TestCaseExecutor.java:227)
	at com.kms.katalon.core.main.TestSuiteExecutor.accessTestCaseMainPhase(TestSuiteExecutor.java:129)
	at com.kms.katalon.core.main.TestSuiteExecutor.accessTestSuiteMainPhase(TestSuiteExecutor.java:112)
	at com.kms.katalon.core.main.TestSuiteExecutor.execute(TestSuiteExecutor.java:81)
	at com.kms.katalon.core.main.TestCaseMain.startTestSuite(TestCaseMain.java:157)
	at com.kms.katalon.core.main.TestCaseMain$startTestSuite$0.call(Unknown Source)
	at TempTestSuite1557868985104.run(TempTestSuite1557868985104.groovy:35)


2019-05-15 00:36:59 - [TEST_STEP][PASSED] - login.c_login.logIn(site, userName, userPass): login.c_login.logIn is PASSED

2019-05-15 00:36:59 - [MESSAGE][INFO] - Starting 'Chrome' driver

2019-05-15 00:36:59 - [MESSAGE][INFO] - Action delay is set to 0 seconds

2019-05-15 00:37:15 - [MESSAGE][PASSED] - Browser is opened with url: 'afikim.y-it.co.il'

2019-05-15 00:37:16 - [MESSAGE][PASSED] - Current window maximized

2019-05-15 00:37:16 - [MESSAGE][PASSED] - Text 'admin' is set on object 'Object Repository/Y-IT Log In/input_ _userName'

2019-05-15 00:37:16 - [MESSAGE][PASSED] - Text ****** has been set on object 'Object Repository/Y-IT Log In/input_ _password'

2019-05-15 00:37:17 - [MESSAGE][PASSED] - Object: 'Object Repository/Y-IT Log In/input_  _submit' is clicked on

2019-05-15 00:37:17 - [MESSAGE][PASSED] - login.c_login.logIn is PASSED

2019-05-15 00:37:17 - [TEST_STEP][PASSED] - delay(1): Delayed 1 second(s)

2019-05-15 00:37:18 - [MESSAGE][PASSED] - Delayed 1 second(s)

2019-05-15 00:37:18 - [TEST_STEP][PASSED] - waitForElementPresent(findTestObject("General/mainEmptyBackground"), 15): Object 'Object Repository/General/mainEmptyBackground' is present

2019-05-15 00:37:25 - [MESSAGE][PASSED] - Object 'Object Repository/General/mainEmptyBackground' is present

2019-05-15 00:37:25 - [TEST_STEP][PASSED] - isWorkingTicketOpen = waitForElementPresent(findTestObject("Nav Bar/Nav Bar Funds/workingTicketConfirmation"), 5): Object 'Object Repository/Nav Bar/Nav Bar Funds/workingTicketConfirmation' is not present after 5 second(s)

2019-05-15 00:37:30 - [MESSAGE][INFO] - Unable to find the element located by 'By.cssSelector: [id="9769e73b-c2f9-4a90-9630-62966f6a5c69"]'. Please recheck the objects properties to make sure the desired element is located. 

2019-05-15 00:37:30 - [MESSAGE][WARNING] - Object 'Object Repository/Nav Bar/Nav Bar Funds/workingTicketConfirmation' is not present after 5 second(s)

2019-05-15 00:37:30 - [TEST_STEP][PASSED] - if (!(isWorkingTicketOpen)): Object: 'Object Repository/Nav Bar/Nav Bar Funds/workingTicketConfirmation' is clicked on

2019-05-15 00:37:30 - [TEST_STEP][PASSED] - waitForElementPresent(findTestObject("Nav Bar/funds"), 15): Object 'Object Repository/Nav Bar/funds' is present

2019-05-15 00:37:30 - [MESSAGE][PASSED] - Object 'Object Repository/Nav Bar/funds' is present

2019-05-15 00:37:30 - [TEST_STEP][PASSED] - click(findTestObject("Nav Bar/funds")): Object: 'Object Repository/Nav Bar/funds' is clicked on

2019-05-15 00:37:30 - [MESSAGE][PASSED] - Object: 'Object Repository/Nav Bar/funds' is clicked on

2019-05-15 00:37:30 - [TEST_STEP][PASSED] - delay(1): Delayed 1 second(s)

2019-05-15 00:37:31 - [MESSAGE][PASSED] - Delayed 1 second(s)

2019-05-15 00:37:31 - [TEST_STEP][PASSED] - try: Object: 'Object Repository/Nav Bar/Nav Bar Funds/workingTicketConfirmation' is clicked on

2019-05-15 00:37:31 - [TEST_STEP][PASSED] - waitForElementPresent(findTestObject("Nav Bar/Nav Bar Funds/workingTicketConfirmation"), 2): Object 'Object Repository/Nav Bar/Nav Bar Funds/workingTicketConfirmation' is not present after 2 second(s)

2019-05-15 00:37:33 - [MESSAGE][INFO] - Unable to find the element located by 'By.cssSelector: [id="9769e73b-c2f9-4a90-9630-62966f6a5c69"]'. Please recheck the objects properties to make sure the desired element is located. 

2019-05-15 00:37:33 - [MESSAGE][WARNING] - Object 'Object Repository/Nav Bar/Nav Bar Funds/workingTicketConfirmation' is not present after 2 second(s)

2019-05-15 00:37:33 - [TEST_STEP][PASSED] - click(findTestObject("Nav Bar/Nav Bar Funds/workingTicketConfirmation")): Object: 'Object Repository/Nav Bar/Nav Bar Funds/workingTicketConfirmation' is clicked on

2019-05-15 00:37:36 - [MESSAGE][PASSED] - Object: 'Object Repository/Nav Bar/Nav Bar Funds/workingTicketConfirmation' is clicked on

2019-05-15 00:37:36 - [TEST_STEP][PASSED] - delay(1): Delayed 1 second(s)

2019-05-15 00:37:37 - [MESSAGE][PASSED] - Delayed 1 second(s)

2019-05-15 00:37:37 - [TEST_STEP][PASSED] - waitForElementVisible(findTestObject("Driver Ticket Confirmation/driverTciketView"), 15): Object 'Object Repository/Driver Ticket Confirmation/driverTciketView' is visible

2019-05-15 00:37:37 - [MESSAGE][PASSED] - Object 'Object Repository/Driver Ticket Confirmation/driverTciketView' is visible

2019-05-15 00:37:37 - [TEST_STEP][PASSED] - waitForElementNotPresent(findTestObject("General/loadingBar"), 15): Web element with id: 'Object Repository/General/loadingBar' located by 'By.cssSelector: div[class="bar"][style~="width:"]' is present after '15' second(s)

2019-05-15 00:37:52 - [MESSAGE][WARNING] - Web element with id: 'Object Repository/General/loadingBar' located by 'By.cssSelector: div[class="bar"][style~="width:"]' is present after '15' second(s)

2019-05-15 00:37:52 - [TEST_STEP][PASSED] - verifyElementVisibleInViewport(findTestObject("Driver Ticket Confirmation/driverTciketView"), 5): Object 'Object Repository/Driver Ticket Confirmation/driverTciketView' is present and visible in viewport

2019-05-15 00:37:52 - [MESSAGE][PASSED] - Object 'Object Repository/Driver Ticket Confirmation/driverTciketView' is present and visible in viewport

2019-05-15 00:37:52 - [TEST_STEP][PASSED] - waitForElementNotPresent(findTestObject("General/dropdownListSpinner"), 15): Web element with id: 'Object Repository/General/dropdownListSpinner' located by 'By.cssSelector: class="k-icon k-i-arrow-60-down k-i-loading"' is not present after '15' second(s)

2019-05-15 00:37:52 - [MESSAGE][PASSED] - Web element with id: 'Object Repository/General/dropdownListSpinner' located by 'By.cssSelector: class="k-icon k-i-arrow-60-down k-i-loading"' is not present after '15' second(s)

2019-05-15 00:37:52 - [TEST_STEP][PASSED] - verifyElementNotPresent(findTestObject("General/dropdownListSpinner"), 5): Web element with id: 'Object Repository/General/dropdownListSpinner' located by 'By.cssSelector: class="k-icon k-i-arrow-60-down k-i-loading"' is not present after '5' second(s)

2019-05-15 00:37:52 - [MESSAGE][PASSED] - Web element with id: 'Object Repository/General/dropdownListSpinner' located by 'By.cssSelector: class="k-icon k-i-arrow-60-down k-i-loading"' is not present after '5' second(s)

2019-05-15 00:37:52 - [TEST_STEP][PASSED] - waitForElementNotPresent(findTestObject("General/gridLoadingBar"), 15): Web element with id: 'Object Repository/General/gridLoadingBar' located by 'By.cssSelector: .k-loading-mask:nth-of-type(1)' is present after '15' second(s)

2019-05-15 00:38:07 - [MESSAGE][WARNING] - Web element with id: 'Object Repository/General/gridLoadingBar' located by 'By.cssSelector: .k-loading-mask:nth-of-type(1)' is present after '15' second(s)

2019-05-15 00:38:07 - [TEST_STEP][FAILED] - verifyElementNotPresent(findTestObject("General/gridLoadingBar"), 5): verifyElementNotPresent(findTestObject("General/gridLoadingBar"), 5) FAILED.
Reason:
com.kms.katalon.core.exception.StepFailedException: Unable to verify object 'Object Repository/General/gridLoadingBar' is not present
	at com.kms.katalon.core.keyword.internal.KeywordMain.stepFailed(KeywordMain.groovy:48)
	at com.kms.katalon.core.webui.keyword.internal.WebUIKeywordMain.stepFailed(WebUIKeywordMain.groovy:65)
	at com.kms.katalon.core.webui.keyword.internal.WebUIKeywordMain.runKeyword(WebUIKeywordMain.groovy:27)
	at com.kms.katalon.core.webui.keyword.builtin.VerifyElementNotPresentKeyword.verifyElementNotPresent(VerifyElementNotPresentKeyword.groovy:118)
	at com.kms.katalon.core.webui.keyword.builtin.VerifyElementNotPresentKeyword.execute(VerifyElementNotPresentKeyword.groovy:68)
	at com.kms.katalon.core.keyword.internal.KeywordExecutor.executeKeywordForPlatform(KeywordExecutor.groovy:56)
	at com.kms.katalon.core.webui.keyword.WebUiBuiltInKeywords.verifyElementNotPresent(WebUiBuiltInKeywords.groovy:1467)
	at com.kms.katalon.core.webui.keyword.WebUiBuiltInKeywords$verifyElementNotPresent$8.call(Unknown Source)
	at Working Ticket Sanity.run(Working Ticket Sanity:66)
	at com.kms.katalon.core.main.ScriptEngine.run(ScriptEngine.java:194)
	at com.kms.katalon.core.main.ScriptEngine.runScriptAsRawText(ScriptEngine.java:119)
	at com.kms.katalon.core.main.TestCaseExecutor.runScript(TestCaseExecutor.java:331)
	at com.kms.katalon.core.main.TestCaseExecutor.doExecute(TestCaseExecutor.java:322)
	at com.kms.katalon.core.main.TestCaseExecutor.processExecutionPhase(TestCaseExecutor.java:301)
	at com.kms.katalon.core.main.TestCaseExecutor.accessMainPhase(TestCaseExecutor.java:293)
	at com.kms.katalon.core.main.TestCaseExecutor.execute(TestCaseExecutor.java:227)
	at com.kms.katalon.core.main.TestSuiteExecutor.accessTestCaseMainPhase(TestSuiteExecutor.java:129)
	at com.kms.katalon.core.main.TestSuiteExecutor.accessTestSuiteMainPhase(TestSuiteExecutor.java:112)
	at com.kms.katalon.core.main.TestSuiteExecutor.execute(TestSuiteExecutor.java:81)
	at com.kms.katalon.core.main.TestCaseMain.startTestSuite(TestCaseMain.java:157)
	at com.kms.katalon.core.main.TestCaseMain$startTestSuite$0.call(Unknown Source)
	at TempTestSuite1557868985104.run(TempTestSuite1557868985104.groovy:35)


2019-05-15 00:38:13 - [MESSAGE][FAILED] - Web element with id: 'Object Repository/General/gridLoadingBar' located by 'By.cssSelector: .k-loading-mask:nth-of-type(1)' is present after '5' second(s)
[[ATTACHMENT|C:\\Users\\leon.b\\git\\Y-IT_TransIT\\Reports\\Production\\Working Ticket Confirmation\\20190515_002256\\1557869893159.png]]

2019-05-15 00:38:14 - [MESSAGE][FAILED] - Unable to verify object 'Object Repository/General/gridLoadingBar' is not present
[[ATTACHMENT|C:\\Users\\leon.b\\git\\Y-IT_TransIT\\Reports\\Production\\Working Ticket Confirmation\\20190515_002256\\1557869893691.png]]

2019-05-15 00:38:14 - [MESSAGE][FAILED] - verifyElementNotPresent(findTestObject("General/gridLoadingBar"), 5) FAILED.
Reason:
com.kms.katalon.core.exception.StepFailedException: Unable to verify object 'Object Repository/General/gridLoadingBar' is not present
	at com.kms.katalon.core.keyword.internal.KeywordMain.stepFailed(KeywordMain.groovy:48)
	at com.kms.katalon.core.webui.keyword.internal.WebUIKeywordMain.stepFailed(WebUIKeywordMain.groovy:65)
	at com.kms.katalon.core.webui.keyword.internal.WebUIKeywordMain.runKeyword(WebUIKeywordMain.groovy:27)
	at com.kms.katalon.core.webui.keyword.builtin.VerifyElementNotPresentKeyword.verifyElementNotPresent(VerifyElementNotPresentKeyword.groovy:118)
	at com.kms.katalon.core.webui.keyword.builtin.VerifyElementNotPresentKeyword.execute(VerifyElementNotPresentKeyword.groovy:68)
	at com.kms.katalon.core.keyword.internal.KeywordExecutor.executeKeywordForPlatform(KeywordExecutor.groovy:56)
	at com.kms.katalon.core.webui.keyword.WebUiBuiltInKeywords.verifyElementNotPresent(WebUiBuiltInKeywords.groovy:1467)
	at com.kms.katalon.core.webui.keyword.WebUiBuiltInKeywords$verifyElementNotPresent$8.call(Unknown Source)
	at Working Ticket Sanity.run(Working Ticket Sanity:66)
	at com.kms.katalon.core.main.ScriptEngine.run(ScriptEngine.java:194)
	at com.kms.katalon.core.main.ScriptEngine.runScriptAsRawText(ScriptEngine.java:119)
	at com.kms.katalon.core.main.TestCaseExecutor.runScript(TestCaseExecutor.java:331)
	at com.kms.katalon.core.main.TestCaseExecutor.doExecute(TestCaseExecutor.java:322)
	at com.kms.katalon.core.main.TestCaseExecutor.processExecutionPhase(TestCaseExecutor.java:301)
	at com.kms.katalon.core.main.TestCaseExecutor.accessMainPhase(TestCaseExecutor.java:293)
	at com.kms.katalon.core.main.TestCaseExecutor.execute(TestCaseExecutor.java:227)
	at com.kms.katalon.core.main.TestSuiteExecutor.accessTestCaseMainPhase(TestSuiteExecutor.java:129)
	at com.kms.katalon.core.main.TestSuiteExecutor.accessTestSuiteMainPhase(TestSuiteExecutor.java:112)
	at com.kms.katalon.core.main.TestSuiteExecutor.execute(TestSuiteExecutor.java:81)
	at com.kms.katalon.core.main.TestCaseMain.startTestSuite(TestCaseMain.java:157)
	at com.kms.katalon.core.main.TestCaseMain$startTestSuite$0.call(Unknown Source)
	at TempTestSuite1557868985104.run(TempTestSuite1557868985104.groovy:35)]]></system-out>
         <system-err><![CDATA[2019-05-15 00:36:58 - [TEST_CASE][FAILED] - Test Cases/Working Tciket Confirmation/Working Ticket Sanity: Test Cases/Working Tciket Confirmation/Working Ticket Sanity FAILED.
Reason:
com.kms.katalon.core.exception.StepFailedException: Unable to verify object 'Object Repository/General/gridLoadingBar' is not present
	at com.kms.katalon.core.keyword.internal.KeywordMain.stepFailed(KeywordMain.groovy:48)
	at com.kms.katalon.core.webui.keyword.internal.WebUIKeywordMain.stepFailed(WebUIKeywordMain.groovy:65)
	at com.kms.katalon.core.webui.keyword.internal.WebUIKeywordMain.runKeyword(WebUIKeywordMain.groovy:27)
	at com.kms.katalon.core.webui.keyword.builtin.VerifyElementNotPresentKeyword.verifyElementNotPresent(VerifyElementNotPresentKeyword.groovy:118)
	at com.kms.katalon.core.webui.keyword.builtin.VerifyElementNotPresentKeyword.execute(VerifyElementNotPresentKeyword.groovy:68)
	at com.kms.katalon.core.keyword.internal.KeywordExecutor.executeKeywordForPlatform(KeywordExecutor.groovy:56)
	at com.kms.katalon.core.webui.keyword.WebUiBuiltInKeywords.verifyElementNotPresent(WebUiBuiltInKeywords.groovy:1467)
	at com.kms.katalon.core.webui.keyword.WebUiBuiltInKeywords$verifyElementNotPresent$8.call(Unknown Source)
	at Working Ticket Sanity.run(Working Ticket Sanity:66)
	at com.kms.katalon.core.main.ScriptEngine.run(ScriptEngine.java:194)
	at com.kms.katalon.core.main.ScriptEngine.runScriptAsRawText(ScriptEngine.java:119)
	at com.kms.katalon.core.main.TestCaseExecutor.runScript(TestCaseExecutor.java:331)
	at com.kms.katalon.core.main.TestCaseExecutor.doExecute(TestCaseExecutor.java:322)
	at com.kms.katalon.core.main.TestCaseExecutor.processExecutionPhase(TestCaseExecutor.java:301)
	at com.kms.katalon.core.main.TestCaseExecutor.accessMainPhase(TestCaseExecutor.java:293)
	at com.kms.katalon.core.main.TestCaseExecutor.execute(TestCaseExecutor.java:227)
	at com.kms.katalon.core.main.TestSuiteExecutor.accessTestCaseMainPhase(TestSuiteExecutor.java:129)
	at com.kms.katalon.core.main.TestSuiteExecutor.accessTestSuiteMainPhase(TestSuiteExecutor.java:112)
	at com.kms.katalon.core.main.TestSuiteExecutor.execute(TestSuiteExecutor.java:81)
	at com.kms.katalon.core.main.TestCaseMain.startTestSuite(TestCaseMain.java:157)
	at com.kms.katalon.core.main.TestCaseMain$startTestSuite$0.call(Unknown Source)
	at TempTestSuite1557868985104.run(TempTestSuite1557868985104.groovy:35)]]></system-err>
      </testcase>
      <system-out><![CDATA[2019-05-15 00:36:58 - [TEST_SUITE][FAILED] - Working Ticket Confirmation: Test Cases/Working Tciket Confirmation/Working Ticket Sanity FAILED.
Reason:
com.kms.katalon.core.exception.StepFailedException: Unable to verify object 'Object Repository/General/gridLoadingBar' is not present
	at com.kms.katalon.core.keyword.internal.KeywordMain.stepFailed(KeywordMain.groovy:48)
	at com.kms.katalon.core.webui.keyword.internal.WebUIKeywordMain.stepFailed(WebUIKeywordMain.groovy:65)
	at com.kms.katalon.core.webui.keyword.internal.WebUIKeywordMain.runKeyword(WebUIKeywordMain.groovy:27)
	at com.kms.katalon.core.webui.keyword.builtin.VerifyElementNotPresentKeyword.verifyElementNotPresent(VerifyElementNotPresentKeyword.groovy:118)
	at com.kms.katalon.core.webui.keyword.builtin.VerifyElementNotPresentKeyword.execute(VerifyElementNotPresentKeyword.groovy:68)
	at com.kms.katalon.core.keyword.internal.KeywordExecutor.executeKeywordForPlatform(KeywordExecutor.groovy:56)
	at com.kms.katalon.core.webui.keyword.WebUiBuiltInKeywords.verifyElementNotPresent(WebUiBuiltInKeywords.groovy:1467)
	at com.kms.katalon.core.webui.keyword.WebUiBuiltInKeywords$verifyElementNotPresent$8.call(Unknown Source)
	at Working Ticket Sanity.run(Working Ticket Sanity:66)
	at com.kms.katalon.core.main.ScriptEngine.run(ScriptEngine.java:194)
	at com.kms.katalon.core.main.ScriptEngine.runScriptAsRawText(ScriptEngine.java:119)
	at com.kms.katalon.core.main.TestCaseExecutor.runScript(TestCaseExecutor.java:331)
	at com.kms.katalon.core.main.TestCaseExecutor.doExecute(TestCaseExecutor.java:322)
	at com.kms.katalon.core.main.TestCaseExecutor.processExecutionPhase(TestCaseExecutor.java:301)
	at com.kms.katalon.core.main.TestCaseExecutor.accessMainPhase(TestCaseExecutor.java:293)
	at com.kms.katalon.core.main.TestCaseExecutor.execute(TestCaseExecutor.java:227)
	at com.kms.katalon.core.main.TestSuiteExecutor.accessTestCaseMainPhase(TestSuiteExecutor.java:129)
	at com.kms.katalon.core.main.TestSuiteExecutor.accessTestSuiteMainPhase(TestSuiteExecutor.java:112)
	at com.kms.katalon.core.main.TestSuiteExecutor.execute(TestSuiteExecutor.java:81)
	at com.kms.katalon.core.main.TestCaseMain.startTestSuite(TestCaseMain.java:157)
	at com.kms.katalon.core.main.TestCaseMain$startTestSuite$0.call(Unknown Source)
	at TempTestSuite1557868985104.run(TempTestSuite1557868985104.groovy:35)]]></system-out>
      <system-err><![CDATA[2019-05-15 00:36:58 - [TEST_SUITE][FAILED] - Working Ticket Confirmation: Test Cases/Working Tciket Confirmation/Working Ticket Sanity FAILED.
Reason:
com.kms.katalon.core.exception.StepFailedException: Unable to verify object 'Object Repository/General/gridLoadingBar' is not present
	at com.kms.katalon.core.keyword.internal.KeywordMain.stepFailed(KeywordMain.groovy:48)
	at com.kms.katalon.core.webui.keyword.internal.WebUIKeywordMain.stepFailed(WebUIKeywordMain.groovy:65)
	at com.kms.katalon.core.webui.keyword.internal.WebUIKeywordMain.runKeyword(WebUIKeywordMain.groovy:27)
	at com.kms.katalon.core.webui.keyword.builtin.VerifyElementNotPresentKeyword.verifyElementNotPresent(VerifyElementNotPresentKeyword.groovy:118)
	at com.kms.katalon.core.webui.keyword.builtin.VerifyElementNotPresentKeyword.execute(VerifyElementNotPresentKeyword.groovy:68)
	at com.kms.katalon.core.keyword.internal.KeywordExecutor.executeKeywordForPlatform(KeywordExecutor.groovy:56)
	at com.kms.katalon.core.webui.keyword.WebUiBuiltInKeywords.verifyElementNotPresent(WebUiBuiltInKeywords.groovy:1467)
	at com.kms.katalon.core.webui.keyword.WebUiBuiltInKeywords$verifyElementNotPresent$8.call(Unknown Source)
	at Working Ticket Sanity.run(Working Ticket Sanity:66)
	at com.kms.katalon.core.main.ScriptEngine.run(ScriptEngine.java:194)
	at com.kms.katalon.core.main.ScriptEngine.runScriptAsRawText(ScriptEngine.java:119)
	at com.kms.katalon.core.main.TestCaseExecutor.runScript(TestCaseExecutor.java:331)
	at com.kms.katalon.core.main.TestCaseExecutor.doExecute(TestCaseExecutor.java:322)
	at com.kms.katalon.core.main.TestCaseExecutor.processExecutionPhase(TestCaseExecutor.java:301)
	at com.kms.katalon.core.main.TestCaseExecutor.accessMainPhase(TestCaseExecutor.java:293)
	at com.kms.katalon.core.main.TestCaseExecutor.execute(TestCaseExecutor.java:227)
	at com.kms.katalon.core.main.TestSuiteExecutor.accessTestCaseMainPhase(TestSuiteExecutor.java:129)
	at com.kms.katalon.core.main.TestSuiteExecutor.accessTestSuiteMainPhase(TestSuiteExecutor.java:112)
	at com.kms.katalon.core.main.TestSuiteExecutor.execute(TestSuiteExecutor.java:81)
	at com.kms.katalon.core.main.TestCaseMain.startTestSuite(TestCaseMain.java:157)
	at com.kms.katalon.core.main.TestCaseMain$startTestSuite$0.call(Unknown Source)
	at TempTestSuite1557868985104.run(TempTestSuite1557868985104.groovy:35)]]></system-err>
   </testsuite>
</testsuites>
