<?xml version="1.0" encoding="UTF-8"?>
<testsuites name="One Driver Calc Test" time="97" tests="0" failures="2" errors="0">
   <testsuite name="One Driver Calc Test" tests="0" failures="2" errors="0" time="97" timestamp="2018-12-25 12:27:21" hostname="leon.b - QA-PC.Y-it.Local" id="Test Suites/Pre-Salary/One Driver Calc Test">
      <properties>
         <property name="deviceName" value=""/>
         <property name="devicePlatform" value=""/>
         <property name="logFolder" value="C:\\Users\\leon.b\\Katalon Studio\\Y-IT_TransIT\\Reports\\Pre-Salary\\One Driver Calc Test\\20181225_122718"/>
         <property name="logFiles" value="C:\\Users\\leon.b\\Katalon Studio\\Y-IT_TransIT\\Reports\\Pre-Salary\\One Driver Calc Test\\20181225_122718\\execution0.log"/>
         <property name="attachments" value="C:\\Users\\leon.b\\Katalon Studio\\Y-IT_TransIT\\Reports\\Pre-Salary\\One Driver Calc Test\\20181225_122718\\1545733656138.png, C:\\Users\\leon.b\\Katalon Studio\\Y-IT_TransIT\\Reports\\Pre-Salary\\One Driver Calc Test\\20181225_122718\\1545733688926.png, C:\\Users\\leon.b\\Katalon Studio\\Y-IT_TransIT\\Reports\\Pre-Salary\\One Driver Calc Test\\20181225_122718\\1545733703539.png, C:\\Users\\leon.b\\Katalon Studio\\Y-IT_TransIT\\Reports\\Pre-Salary\\One Driver Calc Test\\20181225_122718\\1545733736825.png"/>
         <property name="hostName" value="leon.b - QA-PC.Y-it.Local"/>
         <property name="os" value="Windows 10 64bit"/>
         <property name="katalonVersion" value="5.10.0.1"/>
         <property name="browser" value="Chrome 71.0.3578.98"/>
         <property name="hostAddress" value="192.168.1.145"/>
         <property name="sessionId" value="fe8073c5a6e96b88d9add23838a519e1"/>
         <property name="seleniumVersion" value="3.7.1"/>
         <property name="proxyInformation" value="ProxyInformation{proxyOption=NO_PROXY, proxyServerType=HTTP, password=, proxyServerAddress=, proxyServerPort=0}"/>
         <property name="platform" value="Windows 10"/>
      </properties>
      <testcase name="Test Cases/Basic/Log In - test" classname="Test Cases/Basic/Log In - test" status="FAILED">
         <failure type="FAILED" message="Test Cases/Basic/Log In - test FAILED.
Reason:
com.kms.katalon.core.exception.StepFailedException: Unable to click on object 'Object Repository/Nav Bar/catalogues' (Root cause: com.kms.katalon.core.webui.exception.WebElementNotFoundException: Web element with id: 'Object Repository/Nav Bar/catalogues' located by 'By.xpath: /html[@class=&quot;k-webkit k-webkit70 ks-webkit537 ks-webkit ks-chrome70 ks-chrome ng-scope&quot;]/body[@class=&quot;k-rtl&quot;]/div[@class=&quot;container-fluid ng-scope&quot;]/div[@class=&quot;row x-content pad-t-36 ng-scope&quot;]/div[@class=&quot;col-xs-1 pull-right x-main-nav pad-t-36 ng-isolate-scope&quot;]/ul[@class=&quot;nav nav-tabs nav-stacked text-center&quot;]/li[1]/a[1]' not found)
	at com.kms.katalon.core.keyword.internal.KeywordMain.stepFailed(KeywordMain.groovy:36)
	at com.kms.katalon.core.webui.keyword.internal.WebUIKeywordMain.stepFailed(WebUIKeywordMain.groovy:65)
	at com.kms.katalon.core.webui.keyword.internal.WebUIKeywordMain.runKeyword(WebUIKeywordMain.groovy:27)
	at com.kms.katalon.core.webui.keyword.builtin.ClickKeyword.click(ClickKeyword.groovy:86)
	at com.kms.katalon.core.webui.keyword.builtin.ClickKeyword.execute(ClickKeyword.groovy:67)
	at com.kms.katalon.core.keyword.internal.KeywordExecutor.executeKeywordForPlatform(KeywordExecutor.groovy:53)
	at com.kms.katalon.core.webui.keyword.WebUiBuiltInKeywords.click(WebUiBuiltInKeywords.groovy:616)
	at com.kms.katalon.core.webui.keyword.WebUiBuiltInKeywords$click$3.call(Unknown Source)
	at Log In - test.run(Log In - test:23)
	at com.kms.katalon.core.main.ScriptEngine.run(ScriptEngine.java:194)
	at com.kms.katalon.core.main.ScriptEngine.runScriptAsRawText(ScriptEngine.java:119)
	at com.kms.katalon.core.main.TestCaseExecutor.runScript(TestCaseExecutor.java:328)
	at com.kms.katalon.core.main.TestCaseExecutor.doExecute(TestCaseExecutor.java:319)
	at com.kms.katalon.core.main.TestCaseExecutor.processExecutionPhase(TestCaseExecutor.java:298)
	at com.kms.katalon.core.main.TestCaseExecutor.accessMainPhase(TestCaseExecutor.java:290)
	at com.kms.katalon.core.main.TestCaseExecutor.execute(TestCaseExecutor.java:224)
	at com.kms.katalon.core.main.TestSuiteExecutor.accessTestCaseMainPhase(TestSuiteExecutor.java:129)
	at com.kms.katalon.core.main.TestSuiteExecutor.accessTestSuiteMainPhase(TestSuiteExecutor.java:112)
	at com.kms.katalon.core.main.TestSuiteExecutor.execute(TestSuiteExecutor.java:81)
	at com.kms.katalon.core.main.TestCaseMain.startTestSuite(TestCaseMain.java:149)
	at com.kms.katalon.core.main.TestCaseMain$startTestSuite$0.call(Unknown Source)
	at TempTestSuite1545733638788.run(TempTestSuite1545733638788.groovy:36)
"/>
         <system-out><![CDATA[2018-12-25 12:27:21 - [TEST_CASE][FAILED] - Test Cases/Basic/Log In - test: Test Cases/Basic/Log In - test FAILED.
Reason:
com.kms.katalon.core.exception.StepFailedException: Unable to click on object 'Object Repository/Nav Bar/catalogues' (Root cause: com.kms.katalon.core.webui.exception.WebElementNotFoundException: Web element with id: 'Object Repository/Nav Bar/catalogues' located by 'By.xpath: /html[@class="k-webkit k-webkit70 ks-webkit537 ks-webkit ks-chrome70 ks-chrome ng-scope"]/body[@class="k-rtl"]/div[@class="container-fluid ng-scope"]/div[@class="row x-content pad-t-36 ng-scope"]/div[@class="col-xs-1 pull-right x-main-nav pad-t-36 ng-isolate-scope"]/ul[@class="nav nav-tabs nav-stacked text-center"]/li[1]/a[1]' not found)
	at com.kms.katalon.core.keyword.internal.KeywordMain.stepFailed(KeywordMain.groovy:36)
	at com.kms.katalon.core.webui.keyword.internal.WebUIKeywordMain.stepFailed(WebUIKeywordMain.groovy:65)
	at com.kms.katalon.core.webui.keyword.internal.WebUIKeywordMain.runKeyword(WebUIKeywordMain.groovy:27)
	at com.kms.katalon.core.webui.keyword.builtin.ClickKeyword.click(ClickKeyword.groovy:86)
	at com.kms.katalon.core.webui.keyword.builtin.ClickKeyword.execute(ClickKeyword.groovy:67)
	at com.kms.katalon.core.keyword.internal.KeywordExecutor.executeKeywordForPlatform(KeywordExecutor.groovy:53)
	at com.kms.katalon.core.webui.keyword.WebUiBuiltInKeywords.click(WebUiBuiltInKeywords.groovy:616)
	at com.kms.katalon.core.webui.keyword.WebUiBuiltInKeywords$click$3.call(Unknown Source)
	at Log In - test.run(Log In - test:23)
	at com.kms.katalon.core.main.ScriptEngine.run(ScriptEngine.java:194)
	at com.kms.katalon.core.main.ScriptEngine.runScriptAsRawText(ScriptEngine.java:119)
	at com.kms.katalon.core.main.TestCaseExecutor.runScript(TestCaseExecutor.java:328)
	at com.kms.katalon.core.main.TestCaseExecutor.doExecute(TestCaseExecutor.java:319)
	at com.kms.katalon.core.main.TestCaseExecutor.processExecutionPhase(TestCaseExecutor.java:298)
	at com.kms.katalon.core.main.TestCaseExecutor.accessMainPhase(TestCaseExecutor.java:290)
	at com.kms.katalon.core.main.TestCaseExecutor.execute(TestCaseExecutor.java:224)
	at com.kms.katalon.core.main.TestSuiteExecutor.accessTestCaseMainPhase(TestSuiteExecutor.java:129)
	at com.kms.katalon.core.main.TestSuiteExecutor.accessTestSuiteMainPhase(TestSuiteExecutor.java:112)
	at com.kms.katalon.core.main.TestSuiteExecutor.execute(TestSuiteExecutor.java:81)
	at com.kms.katalon.core.main.TestCaseMain.startTestSuite(TestCaseMain.java:149)
	at com.kms.katalon.core.main.TestCaseMain$startTestSuite$0.call(Unknown Source)
	at TempTestSuite1545733638788.run(TempTestSuite1545733638788.groovy:36)


2018-12-25 12:27:21 - [TEST_STEP][PASSED] - login.c_login.logIn(site, userName, userPass): login.c_login.logIn is PASSED

2018-12-25 12:27:22 - [MESSAGE][INFO] - Starting 'Chrome' driver

2018-12-25 12:27:22 - [MESSAGE][INFO] - Action delay is set to 0 seconds

2018-12-25 12:27:34 - [MESSAGE][PASSED] - Browser is opened with url: 'thegged.y-it.co.il'

2018-12-25 12:27:35 - [MESSAGE][PASSED] - Current window maximized

2018-12-25 12:27:36 - [MESSAGE][PASSED] - Text 'admin' is set on object 'Object Repository/Y-IT Log In/input_ _userName'

2018-12-25 12:27:36 - [MESSAGE][FAILED] - Unable to set encrypted text for object 'Object Repository/Y-IT Log In/input_ _password' (Root cause: javax.crypto.IllegalBlockSizeException: Input length must be multiple of 8 when decrypting with padded cipher)
[[ATTACHMENT|C:\\Users\\leon.b\\Katalon Studio\\Y-IT_TransIT\\Reports\\Pre-Salary\\One Driver Calc Test\\20181225_122718\\1545733656138.png]]

2018-12-25 12:27:36 - [MESSAGE][PASSED] - Text 'Ad159159' is set on object 'Object Repository/Y-IT Log In/input_ _password'

2018-12-25 12:27:36 - [MESSAGE][PASSED] - Object: 'Object Repository/Y-IT Log In/input_  _submit' is clicked on

2018-12-25 12:27:36 - [MESSAGE][PASSED] - login.c_login.logIn is PASSED

2018-12-25 12:27:36 - [TEST_STEP][PASSED] - waitForElementPresent(findTestObject("Nav Bar/catalogues"), 15, CONTINUE_ON_FAILURE): Object 'Object Repository/Nav Bar/catalogues' is not present after 15 second(s)

2018-12-25 12:27:52 - [MESSAGE][INFO] - Unable to find the element located by 'By.xpath: /html[@class="k-webkit k-webkit70 ks-webkit537 ks-webkit ks-chrome70 ks-chrome ng-scope"]/body[@class="k-rtl"]/div[@class="container-fluid ng-scope"]/div[@class="row x-content pad-t-36 ng-scope"]/div[@class="col-xs-1 pull-right x-main-nav pad-t-36 ng-isolate-scope"]/ul[@class="nav nav-tabs nav-stacked text-center"]/li[1]/a[1]'. Please recheck the objects properties to make sure the desired element is located. 

2018-12-25 12:27:52 - [MESSAGE][WARNING] - Object 'Object Repository/Nav Bar/catalogues' is not present after 15 second(s)

2018-12-25 12:27:52 - [TEST_STEP][PASSED] - delay(1): Delayed 1 second(s)

2018-12-25 12:27:53 - [MESSAGE][PASSED] - Delayed 1 second(s)

2018-12-25 12:27:53 - [TEST_STEP][FAILED] - click(findTestObject("Nav Bar/catalogues")): click(findTestObject("Nav Bar/catalogues")) FAILED.
Reason:
com.kms.katalon.core.exception.StepFailedException: Unable to click on object 'Object Repository/Nav Bar/catalogues' (Root cause: com.kms.katalon.core.webui.exception.WebElementNotFoundException: Web element with id: 'Object Repository/Nav Bar/catalogues' located by 'By.xpath: /html[@class="k-webkit k-webkit70 ks-webkit537 ks-webkit ks-chrome70 ks-chrome ng-scope"]/body[@class="k-rtl"]/div[@class="container-fluid ng-scope"]/div[@class="row x-content pad-t-36 ng-scope"]/div[@class="col-xs-1 pull-right x-main-nav pad-t-36 ng-isolate-scope"]/ul[@class="nav nav-tabs nav-stacked text-center"]/li[1]/a[1]' not found)
	at com.kms.katalon.core.keyword.internal.KeywordMain.stepFailed(KeywordMain.groovy:36)
	at com.kms.katalon.core.webui.keyword.internal.WebUIKeywordMain.stepFailed(WebUIKeywordMain.groovy:65)
	at com.kms.katalon.core.webui.keyword.internal.WebUIKeywordMain.runKeyword(WebUIKeywordMain.groovy:27)
	at com.kms.katalon.core.webui.keyword.builtin.ClickKeyword.click(ClickKeyword.groovy:86)
	at com.kms.katalon.core.webui.keyword.builtin.ClickKeyword.execute(ClickKeyword.groovy:67)
	at com.kms.katalon.core.keyword.internal.KeywordExecutor.executeKeywordForPlatform(KeywordExecutor.groovy:53)
	at com.kms.katalon.core.webui.keyword.WebUiBuiltInKeywords.click(WebUiBuiltInKeywords.groovy:616)
	at com.kms.katalon.core.webui.keyword.WebUiBuiltInKeywords$click$3.call(Unknown Source)
	at Log In - test.run(Log In - test:23)
	at com.kms.katalon.core.main.ScriptEngine.run(ScriptEngine.java:194)
	at com.kms.katalon.core.main.ScriptEngine.runScriptAsRawText(ScriptEngine.java:119)
	at com.kms.katalon.core.main.TestCaseExecutor.runScript(TestCaseExecutor.java:328)
	at com.kms.katalon.core.main.TestCaseExecutor.doExecute(TestCaseExecutor.java:319)
	at com.kms.katalon.core.main.TestCaseExecutor.processExecutionPhase(TestCaseExecutor.java:298)
	at com.kms.katalon.core.main.TestCaseExecutor.accessMainPhase(TestCaseExecutor.java:290)
	at com.kms.katalon.core.main.TestCaseExecutor.execute(TestCaseExecutor.java:224)
	at com.kms.katalon.core.main.TestSuiteExecutor.accessTestCaseMainPhase(TestSuiteExecutor.java:129)
	at com.kms.katalon.core.main.TestSuiteExecutor.accessTestSuiteMainPhase(TestSuiteExecutor.java:112)
	at com.kms.katalon.core.main.TestSuiteExecutor.execute(TestSuiteExecutor.java:81)
	at com.kms.katalon.core.main.TestCaseMain.startTestSuite(TestCaseMain.java:149)
	at com.kms.katalon.core.main.TestCaseMain$startTestSuite$0.call(Unknown Source)
	at TempTestSuite1545733638788.run(TempTestSuite1545733638788.groovy:36)


2018-12-25 12:28:08 - [MESSAGE][INFO] - Unable to find the element located by 'By.xpath: /html[@class="k-webkit k-webkit70 ks-webkit537 ks-webkit ks-chrome70 ks-chrome ng-scope"]/body[@class="k-rtl"]/div[@class="container-fluid ng-scope"]/div[@class="row x-content pad-t-36 ng-scope"]/div[@class="col-xs-1 pull-right x-main-nav pad-t-36 ng-isolate-scope"]/ul[@class="nav nav-tabs nav-stacked text-center"]/li[1]/a[1]'. Please recheck the objects properties to make sure the desired element is located. 

2018-12-25 12:28:09 - [MESSAGE][FAILED] - Unable to click on object 'Object Repository/Nav Bar/catalogues' (Root cause: com.kms.katalon.core.webui.exception.WebElementNotFoundException: Web element with id: 'Object Repository/Nav Bar/catalogues' located by 'By.xpath: /html[@class="k-webkit k-webkit70 ks-webkit537 ks-webkit ks-chrome70 ks-chrome ng-scope"]/body[@class="k-rtl"]/div[@class="container-fluid ng-scope"]/div[@class="row x-content pad-t-36 ng-scope"]/div[@class="col-xs-1 pull-right x-main-nav pad-t-36 ng-isolate-scope"]/ul[@class="nav nav-tabs nav-stacked text-center"]/li[1]/a[1]' not found)
[[ATTACHMENT|C:\\Users\\leon.b\\Katalon Studio\\Y-IT_TransIT\\Reports\\Pre-Salary\\One Driver Calc Test\\20181225_122718\\1545733688926.png]]

2018-12-25 12:28:09 - [MESSAGE][FAILED] - click(findTestObject("Nav Bar/catalogues")) FAILED.
Reason:
com.kms.katalon.core.exception.StepFailedException: Unable to click on object 'Object Repository/Nav Bar/catalogues' (Root cause: com.kms.katalon.core.webui.exception.WebElementNotFoundException: Web element with id: 'Object Repository/Nav Bar/catalogues' located by 'By.xpath: /html[@class="k-webkit k-webkit70 ks-webkit537 ks-webkit ks-chrome70 ks-chrome ng-scope"]/body[@class="k-rtl"]/div[@class="container-fluid ng-scope"]/div[@class="row x-content pad-t-36 ng-scope"]/div[@class="col-xs-1 pull-right x-main-nav pad-t-36 ng-isolate-scope"]/ul[@class="nav nav-tabs nav-stacked text-center"]/li[1]/a[1]' not found)
	at com.kms.katalon.core.keyword.internal.KeywordMain.stepFailed(KeywordMain.groovy:36)
	at com.kms.katalon.core.webui.keyword.internal.WebUIKeywordMain.stepFailed(WebUIKeywordMain.groovy:65)
	at com.kms.katalon.core.webui.keyword.internal.WebUIKeywordMain.runKeyword(WebUIKeywordMain.groovy:27)
	at com.kms.katalon.core.webui.keyword.builtin.ClickKeyword.click(ClickKeyword.groovy:86)
	at com.kms.katalon.core.webui.keyword.builtin.ClickKeyword.execute(ClickKeyword.groovy:67)
	at com.kms.katalon.core.keyword.internal.KeywordExecutor.executeKeywordForPlatform(KeywordExecutor.groovy:53)
	at com.kms.katalon.core.webui.keyword.WebUiBuiltInKeywords.click(WebUiBuiltInKeywords.groovy:616)
	at com.kms.katalon.core.webui.keyword.WebUiBuiltInKeywords$click$3.call(Unknown Source)
	at Log In - test.run(Log In - test:23)
	at com.kms.katalon.core.main.ScriptEngine.run(ScriptEngine.java:194)
	at com.kms.katalon.core.main.ScriptEngine.runScriptAsRawText(ScriptEngine.java:119)
	at com.kms.katalon.core.main.TestCaseExecutor.runScript(TestCaseExecutor.java:328)
	at com.kms.katalon.core.main.TestCaseExecutor.doExecute(TestCaseExecutor.java:319)
	at com.kms.katalon.core.main.TestCaseExecutor.processExecutionPhase(TestCaseExecutor.java:298)
	at com.kms.katalon.core.main.TestCaseExecutor.accessMainPhase(TestCaseExecutor.java:290)
	at com.kms.katalon.core.main.TestCaseExecutor.execute(TestCaseExecutor.java:224)
	at com.kms.katalon.core.main.TestSuiteExecutor.accessTestCaseMainPhase(TestSuiteExecutor.java:129)
	at com.kms.katalon.core.main.TestSuiteExecutor.accessTestSuiteMainPhase(TestSuiteExecutor.java:112)
	at com.kms.katalon.core.main.TestSuiteExecutor.execute(TestSuiteExecutor.java:81)
	at com.kms.katalon.core.main.TestCaseMain.startTestSuite(TestCaseMain.java:149)
	at com.kms.katalon.core.main.TestCaseMain$startTestSuite$0.call(Unknown Source)
	at TempTestSuite1545733638788.run(TempTestSuite1545733638788.groovy:36)]]></system-out>
         <system-err><![CDATA[2018-12-25 12:27:21 - [TEST_CASE][FAILED] - Test Cases/Basic/Log In - test: Test Cases/Basic/Log In - test FAILED.
Reason:
com.kms.katalon.core.exception.StepFailedException: Unable to click on object 'Object Repository/Nav Bar/catalogues' (Root cause: com.kms.katalon.core.webui.exception.WebElementNotFoundException: Web element with id: 'Object Repository/Nav Bar/catalogues' located by 'By.xpath: /html[@class="k-webkit k-webkit70 ks-webkit537 ks-webkit ks-chrome70 ks-chrome ng-scope"]/body[@class="k-rtl"]/div[@class="container-fluid ng-scope"]/div[@class="row x-content pad-t-36 ng-scope"]/div[@class="col-xs-1 pull-right x-main-nav pad-t-36 ng-isolate-scope"]/ul[@class="nav nav-tabs nav-stacked text-center"]/li[1]/a[1]' not found)
	at com.kms.katalon.core.keyword.internal.KeywordMain.stepFailed(KeywordMain.groovy:36)
	at com.kms.katalon.core.webui.keyword.internal.WebUIKeywordMain.stepFailed(WebUIKeywordMain.groovy:65)
	at com.kms.katalon.core.webui.keyword.internal.WebUIKeywordMain.runKeyword(WebUIKeywordMain.groovy:27)
	at com.kms.katalon.core.webui.keyword.builtin.ClickKeyword.click(ClickKeyword.groovy:86)
	at com.kms.katalon.core.webui.keyword.builtin.ClickKeyword.execute(ClickKeyword.groovy:67)
	at com.kms.katalon.core.keyword.internal.KeywordExecutor.executeKeywordForPlatform(KeywordExecutor.groovy:53)
	at com.kms.katalon.core.webui.keyword.WebUiBuiltInKeywords.click(WebUiBuiltInKeywords.groovy:616)
	at com.kms.katalon.core.webui.keyword.WebUiBuiltInKeywords$click$3.call(Unknown Source)
	at Log In - test.run(Log In - test:23)
	at com.kms.katalon.core.main.ScriptEngine.run(ScriptEngine.java:194)
	at com.kms.katalon.core.main.ScriptEngine.runScriptAsRawText(ScriptEngine.java:119)
	at com.kms.katalon.core.main.TestCaseExecutor.runScript(TestCaseExecutor.java:328)
	at com.kms.katalon.core.main.TestCaseExecutor.doExecute(TestCaseExecutor.java:319)
	at com.kms.katalon.core.main.TestCaseExecutor.processExecutionPhase(TestCaseExecutor.java:298)
	at com.kms.katalon.core.main.TestCaseExecutor.accessMainPhase(TestCaseExecutor.java:290)
	at com.kms.katalon.core.main.TestCaseExecutor.execute(TestCaseExecutor.java:224)
	at com.kms.katalon.core.main.TestSuiteExecutor.accessTestCaseMainPhase(TestSuiteExecutor.java:129)
	at com.kms.katalon.core.main.TestSuiteExecutor.accessTestSuiteMainPhase(TestSuiteExecutor.java:112)
	at com.kms.katalon.core.main.TestSuiteExecutor.execute(TestSuiteExecutor.java:81)
	at com.kms.katalon.core.main.TestCaseMain.startTestSuite(TestCaseMain.java:149)
	at com.kms.katalon.core.main.TestCaseMain$startTestSuite$0.call(Unknown Source)
	at TempTestSuite1545733638788.run(TempTestSuite1545733638788.groovy:36)]]></system-err>
      </testcase>
      <testcase name="Test Cases/Basic/Log In - test" classname="Test Cases/Basic/Log In - test" status="FAILED">
         <failure type="FAILED" message="Test Cases/Basic/Log In - test FAILED.
Reason:
com.kms.katalon.core.exception.StepFailedException: Unable to click on object 'Object Repository/Nav Bar/catalogues' (Root cause: com.kms.katalon.core.webui.exception.WebElementNotFoundException: Web element with id: 'Object Repository/Nav Bar/catalogues' located by 'By.xpath: /html[@class=&quot;k-webkit k-webkit70 ks-webkit537 ks-webkit ks-chrome70 ks-chrome ng-scope&quot;]/body[@class=&quot;k-rtl&quot;]/div[@class=&quot;container-fluid ng-scope&quot;]/div[@class=&quot;row x-content pad-t-36 ng-scope&quot;]/div[@class=&quot;col-xs-1 pull-right x-main-nav pad-t-36 ng-isolate-scope&quot;]/ul[@class=&quot;nav nav-tabs nav-stacked text-center&quot;]/li[1]/a[1]' not found)
	at com.kms.katalon.core.keyword.internal.KeywordMain.stepFailed(KeywordMain.groovy:36)
	at com.kms.katalon.core.webui.keyword.internal.WebUIKeywordMain.stepFailed(WebUIKeywordMain.groovy:65)
	at com.kms.katalon.core.webui.keyword.internal.WebUIKeywordMain.runKeyword(WebUIKeywordMain.groovy:27)
	at com.kms.katalon.core.webui.keyword.builtin.ClickKeyword.click(ClickKeyword.groovy:86)
	at com.kms.katalon.core.webui.keyword.builtin.ClickKeyword.execute(ClickKeyword.groovy:67)
	at com.kms.katalon.core.keyword.internal.KeywordExecutor.executeKeywordForPlatform(KeywordExecutor.groovy:53)
	at com.kms.katalon.core.webui.keyword.WebUiBuiltInKeywords.click(WebUiBuiltInKeywords.groovy:616)
	at com.kms.katalon.core.webui.keyword.WebUiBuiltInKeywords$click$3.call(Unknown Source)
	at Log In - test.run(Log In - test:23)
	at com.kms.katalon.core.main.ScriptEngine.run(ScriptEngine.java:194)
	at com.kms.katalon.core.main.ScriptEngine.runScriptAsRawText(ScriptEngine.java:119)
	at com.kms.katalon.core.main.TestCaseExecutor.runScript(TestCaseExecutor.java:328)
	at com.kms.katalon.core.main.TestCaseExecutor.doExecute(TestCaseExecutor.java:319)
	at com.kms.katalon.core.main.TestCaseExecutor.processExecutionPhase(TestCaseExecutor.java:298)
	at com.kms.katalon.core.main.TestCaseExecutor.accessMainPhase(TestCaseExecutor.java:290)
	at com.kms.katalon.core.main.TestCaseExecutor.execute(TestCaseExecutor.java:224)
	at com.kms.katalon.core.main.TestSuiteExecutor.accessTestCaseMainPhase(TestSuiteExecutor.java:129)
	at com.kms.katalon.core.main.TestSuiteExecutor.accessTestSuiteMainPhase(TestSuiteExecutor.java:112)
	at com.kms.katalon.core.main.TestSuiteExecutor.execute(TestSuiteExecutor.java:81)
	at com.kms.katalon.core.main.TestCaseMain.startTestSuite(TestCaseMain.java:149)
	at com.kms.katalon.core.main.TestCaseMain$startTestSuite$0.call(Unknown Source)
	at TempTestSuite1545733638788.run(TempTestSuite1545733638788.groovy:36)
"/>
         <system-out><![CDATA[2018-12-25 12:28:09 - [TEST_CASE][FAILED] - Test Cases/Basic/Log In - test: Test Cases/Basic/Log In - test FAILED.
Reason:
com.kms.katalon.core.exception.StepFailedException: Unable to click on object 'Object Repository/Nav Bar/catalogues' (Root cause: com.kms.katalon.core.webui.exception.WebElementNotFoundException: Web element with id: 'Object Repository/Nav Bar/catalogues' located by 'By.xpath: /html[@class="k-webkit k-webkit70 ks-webkit537 ks-webkit ks-chrome70 ks-chrome ng-scope"]/body[@class="k-rtl"]/div[@class="container-fluid ng-scope"]/div[@class="row x-content pad-t-36 ng-scope"]/div[@class="col-xs-1 pull-right x-main-nav pad-t-36 ng-isolate-scope"]/ul[@class="nav nav-tabs nav-stacked text-center"]/li[1]/a[1]' not found)
	at com.kms.katalon.core.keyword.internal.KeywordMain.stepFailed(KeywordMain.groovy:36)
	at com.kms.katalon.core.webui.keyword.internal.WebUIKeywordMain.stepFailed(WebUIKeywordMain.groovy:65)
	at com.kms.katalon.core.webui.keyword.internal.WebUIKeywordMain.runKeyword(WebUIKeywordMain.groovy:27)
	at com.kms.katalon.core.webui.keyword.builtin.ClickKeyword.click(ClickKeyword.groovy:86)
	at com.kms.katalon.core.webui.keyword.builtin.ClickKeyword.execute(ClickKeyword.groovy:67)
	at com.kms.katalon.core.keyword.internal.KeywordExecutor.executeKeywordForPlatform(KeywordExecutor.groovy:53)
	at com.kms.katalon.core.webui.keyword.WebUiBuiltInKeywords.click(WebUiBuiltInKeywords.groovy:616)
	at com.kms.katalon.core.webui.keyword.WebUiBuiltInKeywords$click$3.call(Unknown Source)
	at Log In - test.run(Log In - test:23)
	at com.kms.katalon.core.main.ScriptEngine.run(ScriptEngine.java:194)
	at com.kms.katalon.core.main.ScriptEngine.runScriptAsRawText(ScriptEngine.java:119)
	at com.kms.katalon.core.main.TestCaseExecutor.runScript(TestCaseExecutor.java:328)
	at com.kms.katalon.core.main.TestCaseExecutor.doExecute(TestCaseExecutor.java:319)
	at com.kms.katalon.core.main.TestCaseExecutor.processExecutionPhase(TestCaseExecutor.java:298)
	at com.kms.katalon.core.main.TestCaseExecutor.accessMainPhase(TestCaseExecutor.java:290)
	at com.kms.katalon.core.main.TestCaseExecutor.execute(TestCaseExecutor.java:224)
	at com.kms.katalon.core.main.TestSuiteExecutor.accessTestCaseMainPhase(TestSuiteExecutor.java:129)
	at com.kms.katalon.core.main.TestSuiteExecutor.accessTestSuiteMainPhase(TestSuiteExecutor.java:112)
	at com.kms.katalon.core.main.TestSuiteExecutor.execute(TestSuiteExecutor.java:81)
	at com.kms.katalon.core.main.TestCaseMain.startTestSuite(TestCaseMain.java:149)
	at com.kms.katalon.core.main.TestCaseMain$startTestSuite$0.call(Unknown Source)
	at TempTestSuite1545733638788.run(TempTestSuite1545733638788.groovy:36)


2018-12-25 12:28:09 - [TEST_STEP][PASSED] - login.c_login.logIn(site, userName, userPass): login.c_login.logIn is PASSED

2018-12-25 12:28:09 - [MESSAGE][WARNING] - A browser is already opened. Closing browser and opening a new one

2018-12-25 12:28:10 - [MESSAGE][INFO] - Starting 'Chrome' driver

2018-12-25 12:28:22 - [MESSAGE][PASSED] - Browser is opened with url: 'mayatour.y-it.co.il'

2018-12-25 12:28:23 - [MESSAGE][PASSED] - Current window maximized

2018-12-25 12:28:23 - [MESSAGE][PASSED] - Text 'admin' is set on object 'Object Repository/Y-IT Log In/input_ _userName'

2018-12-25 12:28:23 - [MESSAGE][FAILED] - Unable to set encrypted text for object 'Object Repository/Y-IT Log In/input_ _password' (Root cause: javax.crypto.IllegalBlockSizeException: Input length must be multiple of 8 when decrypting with padded cipher)
[[ATTACHMENT|C:\\Users\\leon.b\\Katalon Studio\\Y-IT_TransIT\\Reports\\Pre-Salary\\One Driver Calc Test\\20181225_122718\\1545733703539.png]]

2018-12-25 12:28:24 - [MESSAGE][PASSED] - Text 'ss120120' is set on object 'Object Repository/Y-IT Log In/input_ _password'

2018-12-25 12:28:24 - [MESSAGE][PASSED] - Object: 'Object Repository/Y-IT Log In/input_  _submit' is clicked on

2018-12-25 12:28:24 - [MESSAGE][PASSED] - login.c_login.logIn is PASSED

2018-12-25 12:28:24 - [TEST_STEP][PASSED] - waitForElementPresent(findTestObject("Nav Bar/catalogues"), 15, CONTINUE_ON_FAILURE): Object 'Object Repository/Nav Bar/catalogues' is not present after 15 second(s)

2018-12-25 12:28:40 - [MESSAGE][INFO] - Unable to find the element located by 'By.xpath: /html[@class="k-webkit k-webkit70 ks-webkit537 ks-webkit ks-chrome70 ks-chrome ng-scope"]/body[@class="k-rtl"]/div[@class="container-fluid ng-scope"]/div[@class="row x-content pad-t-36 ng-scope"]/div[@class="col-xs-1 pull-right x-main-nav pad-t-36 ng-isolate-scope"]/ul[@class="nav nav-tabs nav-stacked text-center"]/li[1]/a[1]'. Please recheck the objects properties to make sure the desired element is located. 

2018-12-25 12:28:40 - [MESSAGE][WARNING] - Object 'Object Repository/Nav Bar/catalogues' is not present after 15 second(s)

2018-12-25 12:28:40 - [TEST_STEP][PASSED] - delay(1): Delayed 1 second(s)

2018-12-25 12:28:41 - [MESSAGE][PASSED] - Delayed 1 second(s)

2018-12-25 12:28:41 - [TEST_STEP][FAILED] - click(findTestObject("Nav Bar/catalogues")): click(findTestObject("Nav Bar/catalogues")) FAILED.
Reason:
com.kms.katalon.core.exception.StepFailedException: Unable to click on object 'Object Repository/Nav Bar/catalogues' (Root cause: com.kms.katalon.core.webui.exception.WebElementNotFoundException: Web element with id: 'Object Repository/Nav Bar/catalogues' located by 'By.xpath: /html[@class="k-webkit k-webkit70 ks-webkit537 ks-webkit ks-chrome70 ks-chrome ng-scope"]/body[@class="k-rtl"]/div[@class="container-fluid ng-scope"]/div[@class="row x-content pad-t-36 ng-scope"]/div[@class="col-xs-1 pull-right x-main-nav pad-t-36 ng-isolate-scope"]/ul[@class="nav nav-tabs nav-stacked text-center"]/li[1]/a[1]' not found)
	at com.kms.katalon.core.keyword.internal.KeywordMain.stepFailed(KeywordMain.groovy:36)
	at com.kms.katalon.core.webui.keyword.internal.WebUIKeywordMain.stepFailed(WebUIKeywordMain.groovy:65)
	at com.kms.katalon.core.webui.keyword.internal.WebUIKeywordMain.runKeyword(WebUIKeywordMain.groovy:27)
	at com.kms.katalon.core.webui.keyword.builtin.ClickKeyword.click(ClickKeyword.groovy:86)
	at com.kms.katalon.core.webui.keyword.builtin.ClickKeyword.execute(ClickKeyword.groovy:67)
	at com.kms.katalon.core.keyword.internal.KeywordExecutor.executeKeywordForPlatform(KeywordExecutor.groovy:53)
	at com.kms.katalon.core.webui.keyword.WebUiBuiltInKeywords.click(WebUiBuiltInKeywords.groovy:616)
	at com.kms.katalon.core.webui.keyword.WebUiBuiltInKeywords$click$3.call(Unknown Source)
	at Log In - test.run(Log In - test:23)
	at com.kms.katalon.core.main.ScriptEngine.run(ScriptEngine.java:194)
	at com.kms.katalon.core.main.ScriptEngine.runScriptAsRawText(ScriptEngine.java:119)
	at com.kms.katalon.core.main.TestCaseExecutor.runScript(TestCaseExecutor.java:328)
	at com.kms.katalon.core.main.TestCaseExecutor.doExecute(TestCaseExecutor.java:319)
	at com.kms.katalon.core.main.TestCaseExecutor.processExecutionPhase(TestCaseExecutor.java:298)
	at com.kms.katalon.core.main.TestCaseExecutor.accessMainPhase(TestCaseExecutor.java:290)
	at com.kms.katalon.core.main.TestCaseExecutor.execute(TestCaseExecutor.java:224)
	at com.kms.katalon.core.main.TestSuiteExecutor.accessTestCaseMainPhase(TestSuiteExecutor.java:129)
	at com.kms.katalon.core.main.TestSuiteExecutor.accessTestSuiteMainPhase(TestSuiteExecutor.java:112)
	at com.kms.katalon.core.main.TestSuiteExecutor.execute(TestSuiteExecutor.java:81)
	at com.kms.katalon.core.main.TestCaseMain.startTestSuite(TestCaseMain.java:149)
	at com.kms.katalon.core.main.TestCaseMain$startTestSuite$0.call(Unknown Source)
	at TempTestSuite1545733638788.run(TempTestSuite1545733638788.groovy:36)


2018-12-25 12:28:56 - [MESSAGE][INFO] - Unable to find the element located by 'By.xpath: /html[@class="k-webkit k-webkit70 ks-webkit537 ks-webkit ks-chrome70 ks-chrome ng-scope"]/body[@class="k-rtl"]/div[@class="container-fluid ng-scope"]/div[@class="row x-content pad-t-36 ng-scope"]/div[@class="col-xs-1 pull-right x-main-nav pad-t-36 ng-isolate-scope"]/ul[@class="nav nav-tabs nav-stacked text-center"]/li[1]/a[1]'. Please recheck the objects properties to make sure the desired element is located. 

2018-12-25 12:28:57 - [MESSAGE][FAILED] - Unable to click on object 'Object Repository/Nav Bar/catalogues' (Root cause: com.kms.katalon.core.webui.exception.WebElementNotFoundException: Web element with id: 'Object Repository/Nav Bar/catalogues' located by 'By.xpath: /html[@class="k-webkit k-webkit70 ks-webkit537 ks-webkit ks-chrome70 ks-chrome ng-scope"]/body[@class="k-rtl"]/div[@class="container-fluid ng-scope"]/div[@class="row x-content pad-t-36 ng-scope"]/div[@class="col-xs-1 pull-right x-main-nav pad-t-36 ng-isolate-scope"]/ul[@class="nav nav-tabs nav-stacked text-center"]/li[1]/a[1]' not found)
[[ATTACHMENT|C:\\Users\\leon.b\\Katalon Studio\\Y-IT_TransIT\\Reports\\Pre-Salary\\One Driver Calc Test\\20181225_122718\\1545733736825.png]]

2018-12-25 12:28:57 - [MESSAGE][FAILED] - click(findTestObject("Nav Bar/catalogues")) FAILED.
Reason:
com.kms.katalon.core.exception.StepFailedException: Unable to click on object 'Object Repository/Nav Bar/catalogues' (Root cause: com.kms.katalon.core.webui.exception.WebElementNotFoundException: Web element with id: 'Object Repository/Nav Bar/catalogues' located by 'By.xpath: /html[@class="k-webkit k-webkit70 ks-webkit537 ks-webkit ks-chrome70 ks-chrome ng-scope"]/body[@class="k-rtl"]/div[@class="container-fluid ng-scope"]/div[@class="row x-content pad-t-36 ng-scope"]/div[@class="col-xs-1 pull-right x-main-nav pad-t-36 ng-isolate-scope"]/ul[@class="nav nav-tabs nav-stacked text-center"]/li[1]/a[1]' not found)
	at com.kms.katalon.core.keyword.internal.KeywordMain.stepFailed(KeywordMain.groovy:36)
	at com.kms.katalon.core.webui.keyword.internal.WebUIKeywordMain.stepFailed(WebUIKeywordMain.groovy:65)
	at com.kms.katalon.core.webui.keyword.internal.WebUIKeywordMain.runKeyword(WebUIKeywordMain.groovy:27)
	at com.kms.katalon.core.webui.keyword.builtin.ClickKeyword.click(ClickKeyword.groovy:86)
	at com.kms.katalon.core.webui.keyword.builtin.ClickKeyword.execute(ClickKeyword.groovy:67)
	at com.kms.katalon.core.keyword.internal.KeywordExecutor.executeKeywordForPlatform(KeywordExecutor.groovy:53)
	at com.kms.katalon.core.webui.keyword.WebUiBuiltInKeywords.click(WebUiBuiltInKeywords.groovy:616)
	at com.kms.katalon.core.webui.keyword.WebUiBuiltInKeywords$click$3.call(Unknown Source)
	at Log In - test.run(Log In - test:23)
	at com.kms.katalon.core.main.ScriptEngine.run(ScriptEngine.java:194)
	at com.kms.katalon.core.main.ScriptEngine.runScriptAsRawText(ScriptEngine.java:119)
	at com.kms.katalon.core.main.TestCaseExecutor.runScript(TestCaseExecutor.java:328)
	at com.kms.katalon.core.main.TestCaseExecutor.doExecute(TestCaseExecutor.java:319)
	at com.kms.katalon.core.main.TestCaseExecutor.processExecutionPhase(TestCaseExecutor.java:298)
	at com.kms.katalon.core.main.TestCaseExecutor.accessMainPhase(TestCaseExecutor.java:290)
	at com.kms.katalon.core.main.TestCaseExecutor.execute(TestCaseExecutor.java:224)
	at com.kms.katalon.core.main.TestSuiteExecutor.accessTestCaseMainPhase(TestSuiteExecutor.java:129)
	at com.kms.katalon.core.main.TestSuiteExecutor.accessTestSuiteMainPhase(TestSuiteExecutor.java:112)
	at com.kms.katalon.core.main.TestSuiteExecutor.execute(TestSuiteExecutor.java:81)
	at com.kms.katalon.core.main.TestCaseMain.startTestSuite(TestCaseMain.java:149)
	at com.kms.katalon.core.main.TestCaseMain$startTestSuite$0.call(Unknown Source)
	at TempTestSuite1545733638788.run(TempTestSuite1545733638788.groovy:36)]]></system-out>
         <system-err><![CDATA[2018-12-25 12:28:09 - [TEST_CASE][FAILED] - Test Cases/Basic/Log In - test: Test Cases/Basic/Log In - test FAILED.
Reason:
com.kms.katalon.core.exception.StepFailedException: Unable to click on object 'Object Repository/Nav Bar/catalogues' (Root cause: com.kms.katalon.core.webui.exception.WebElementNotFoundException: Web element with id: 'Object Repository/Nav Bar/catalogues' located by 'By.xpath: /html[@class="k-webkit k-webkit70 ks-webkit537 ks-webkit ks-chrome70 ks-chrome ng-scope"]/body[@class="k-rtl"]/div[@class="container-fluid ng-scope"]/div[@class="row x-content pad-t-36 ng-scope"]/div[@class="col-xs-1 pull-right x-main-nav pad-t-36 ng-isolate-scope"]/ul[@class="nav nav-tabs nav-stacked text-center"]/li[1]/a[1]' not found)
	at com.kms.katalon.core.keyword.internal.KeywordMain.stepFailed(KeywordMain.groovy:36)
	at com.kms.katalon.core.webui.keyword.internal.WebUIKeywordMain.stepFailed(WebUIKeywordMain.groovy:65)
	at com.kms.katalon.core.webui.keyword.internal.WebUIKeywordMain.runKeyword(WebUIKeywordMain.groovy:27)
	at com.kms.katalon.core.webui.keyword.builtin.ClickKeyword.click(ClickKeyword.groovy:86)
	at com.kms.katalon.core.webui.keyword.builtin.ClickKeyword.execute(ClickKeyword.groovy:67)
	at com.kms.katalon.core.keyword.internal.KeywordExecutor.executeKeywordForPlatform(KeywordExecutor.groovy:53)
	at com.kms.katalon.core.webui.keyword.WebUiBuiltInKeywords.click(WebUiBuiltInKeywords.groovy:616)
	at com.kms.katalon.core.webui.keyword.WebUiBuiltInKeywords$click$3.call(Unknown Source)
	at Log In - test.run(Log In - test:23)
	at com.kms.katalon.core.main.ScriptEngine.run(ScriptEngine.java:194)
	at com.kms.katalon.core.main.ScriptEngine.runScriptAsRawText(ScriptEngine.java:119)
	at com.kms.katalon.core.main.TestCaseExecutor.runScript(TestCaseExecutor.java:328)
	at com.kms.katalon.core.main.TestCaseExecutor.doExecute(TestCaseExecutor.java:319)
	at com.kms.katalon.core.main.TestCaseExecutor.processExecutionPhase(TestCaseExecutor.java:298)
	at com.kms.katalon.core.main.TestCaseExecutor.accessMainPhase(TestCaseExecutor.java:290)
	at com.kms.katalon.core.main.TestCaseExecutor.execute(TestCaseExecutor.java:224)
	at com.kms.katalon.core.main.TestSuiteExecutor.accessTestCaseMainPhase(TestSuiteExecutor.java:129)
	at com.kms.katalon.core.main.TestSuiteExecutor.accessTestSuiteMainPhase(TestSuiteExecutor.java:112)
	at com.kms.katalon.core.main.TestSuiteExecutor.execute(TestSuiteExecutor.java:81)
	at com.kms.katalon.core.main.TestCaseMain.startTestSuite(TestCaseMain.java:149)
	at com.kms.katalon.core.main.TestCaseMain$startTestSuite$0.call(Unknown Source)
	at TempTestSuite1545733638788.run(TempTestSuite1545733638788.groovy:36)]]></system-err>
      </testcase>
      <system-out><![CDATA[2018-12-25 12:27:21 - [TEST_SUITE][FAILED] - One Driver Calc Test: Test Cases/Basic/Log In - test FAILED.
Reason:
com.kms.katalon.core.exception.StepFailedException: Unable to click on object 'Object Repository/Nav Bar/catalogues' (Root cause: com.kms.katalon.core.webui.exception.WebElementNotFoundException: Web element with id: 'Object Repository/Nav Bar/catalogues' located by 'By.xpath: /html[@class="k-webkit k-webkit70 ks-webkit537 ks-webkit ks-chrome70 ks-chrome ng-scope"]/body[@class="k-rtl"]/div[@class="container-fluid ng-scope"]/div[@class="row x-content pad-t-36 ng-scope"]/div[@class="col-xs-1 pull-right x-main-nav pad-t-36 ng-isolate-scope"]/ul[@class="nav nav-tabs nav-stacked text-center"]/li[1]/a[1]' not found)
	at com.kms.katalon.core.keyword.internal.KeywordMain.stepFailed(KeywordMain.groovy:36)
	at com.kms.katalon.core.webui.keyword.internal.WebUIKeywordMain.stepFailed(WebUIKeywordMain.groovy:65)
	at com.kms.katalon.core.webui.keyword.internal.WebUIKeywordMain.runKeyword(WebUIKeywordMain.groovy:27)
	at com.kms.katalon.core.webui.keyword.builtin.ClickKeyword.click(ClickKeyword.groovy:86)
	at com.kms.katalon.core.webui.keyword.builtin.ClickKeyword.execute(ClickKeyword.groovy:67)
	at com.kms.katalon.core.keyword.internal.KeywordExecutor.executeKeywordForPlatform(KeywordExecutor.groovy:53)
	at com.kms.katalon.core.webui.keyword.WebUiBuiltInKeywords.click(WebUiBuiltInKeywords.groovy:616)
	at com.kms.katalon.core.webui.keyword.WebUiBuiltInKeywords$click$3.call(Unknown Source)
	at Log In - test.run(Log In - test:23)
	at com.kms.katalon.core.main.ScriptEngine.run(ScriptEngine.java:194)
	at com.kms.katalon.core.main.ScriptEngine.runScriptAsRawText(ScriptEngine.java:119)
	at com.kms.katalon.core.main.TestCaseExecutor.runScript(TestCaseExecutor.java:328)
	at com.kms.katalon.core.main.TestCaseExecutor.doExecute(TestCaseExecutor.java:319)
	at com.kms.katalon.core.main.TestCaseExecutor.processExecutionPhase(TestCaseExecutor.java:298)
	at com.kms.katalon.core.main.TestCaseExecutor.accessMainPhase(TestCaseExecutor.java:290)
	at com.kms.katalon.core.main.TestCaseExecutor.execute(TestCaseExecutor.java:224)
	at com.kms.katalon.core.main.TestSuiteExecutor.accessTestCaseMainPhase(TestSuiteExecutor.java:129)
	at com.kms.katalon.core.main.TestSuiteExecutor.accessTestSuiteMainPhase(TestSuiteExecutor.java:112)
	at com.kms.katalon.core.main.TestSuiteExecutor.execute(TestSuiteExecutor.java:81)
	at com.kms.katalon.core.main.TestCaseMain.startTestSuite(TestCaseMain.java:149)
	at com.kms.katalon.core.main.TestCaseMain$startTestSuite$0.call(Unknown Source)
	at TempTestSuite1545733638788.run(TempTestSuite1545733638788.groovy:36)]]></system-out>
      <system-err><![CDATA[2018-12-25 12:27:21 - [TEST_SUITE][FAILED] - One Driver Calc Test: Test Cases/Basic/Log In - test FAILED.
Reason:
com.kms.katalon.core.exception.StepFailedException: Unable to click on object 'Object Repository/Nav Bar/catalogues' (Root cause: com.kms.katalon.core.webui.exception.WebElementNotFoundException: Web element with id: 'Object Repository/Nav Bar/catalogues' located by 'By.xpath: /html[@class="k-webkit k-webkit70 ks-webkit537 ks-webkit ks-chrome70 ks-chrome ng-scope"]/body[@class="k-rtl"]/div[@class="container-fluid ng-scope"]/div[@class="row x-content pad-t-36 ng-scope"]/div[@class="col-xs-1 pull-right x-main-nav pad-t-36 ng-isolate-scope"]/ul[@class="nav nav-tabs nav-stacked text-center"]/li[1]/a[1]' not found)
	at com.kms.katalon.core.keyword.internal.KeywordMain.stepFailed(KeywordMain.groovy:36)
	at com.kms.katalon.core.webui.keyword.internal.WebUIKeywordMain.stepFailed(WebUIKeywordMain.groovy:65)
	at com.kms.katalon.core.webui.keyword.internal.WebUIKeywordMain.runKeyword(WebUIKeywordMain.groovy:27)
	at com.kms.katalon.core.webui.keyword.builtin.ClickKeyword.click(ClickKeyword.groovy:86)
	at com.kms.katalon.core.webui.keyword.builtin.ClickKeyword.execute(ClickKeyword.groovy:67)
	at com.kms.katalon.core.keyword.internal.KeywordExecutor.executeKeywordForPlatform(KeywordExecutor.groovy:53)
	at com.kms.katalon.core.webui.keyword.WebUiBuiltInKeywords.click(WebUiBuiltInKeywords.groovy:616)
	at com.kms.katalon.core.webui.keyword.WebUiBuiltInKeywords$click$3.call(Unknown Source)
	at Log In - test.run(Log In - test:23)
	at com.kms.katalon.core.main.ScriptEngine.run(ScriptEngine.java:194)
	at com.kms.katalon.core.main.ScriptEngine.runScriptAsRawText(ScriptEngine.java:119)
	at com.kms.katalon.core.main.TestCaseExecutor.runScript(TestCaseExecutor.java:328)
	at com.kms.katalon.core.main.TestCaseExecutor.doExecute(TestCaseExecutor.java:319)
	at com.kms.katalon.core.main.TestCaseExecutor.processExecutionPhase(TestCaseExecutor.java:298)
	at com.kms.katalon.core.main.TestCaseExecutor.accessMainPhase(TestCaseExecutor.java:290)
	at com.kms.katalon.core.main.TestCaseExecutor.execute(TestCaseExecutor.java:224)
	at com.kms.katalon.core.main.TestSuiteExecutor.accessTestCaseMainPhase(TestSuiteExecutor.java:129)
	at com.kms.katalon.core.main.TestSuiteExecutor.accessTestSuiteMainPhase(TestSuiteExecutor.java:112)
	at com.kms.katalon.core.main.TestSuiteExecutor.execute(TestSuiteExecutor.java:81)
	at com.kms.katalon.core.main.TestCaseMain.startTestSuite(TestCaseMain.java:149)
	at com.kms.katalon.core.main.TestCaseMain$startTestSuite$0.call(Unknown Source)
	at TempTestSuite1545733638788.run(TempTestSuite1545733638788.groovy:36)]]></system-err>
   </testsuite>
</testsuites>
