<?xml version="1.0" encoding="UTF-8"?>
<testsuites name="Kiosk Sanity Login Test" time="165" tests="0" failures="2" errors="0">
   <testsuite name="Kiosk Sanity Login Test" tests="0" failures="2" errors="0" time="165" timestamp="2019-01-24 15:27:45" hostname="leon.b - QA-PC.Y-it.Local" id="Test Suites/Production/Kiosk Sanity Login Test">
      <properties>
         <property name="deviceName" value=""/>
         <property name="devicePlatform" value=""/>
         <property name="logFolder" value="C:\\Users\\leon.b\\Katalon Studio\\Y-IT_TransIT\\Reports\\Production\\Kiosk Sanity Login Test\\20190124_152743"/>
         <property name="logFiles" value="C:\\Users\\leon.b\\Katalon Studio\\Y-IT_TransIT\\Reports\\Production\\Kiosk Sanity Login Test\\20190124_152743\\execution0.log"/>
         <property name="attachments" value="C:\\Users\\leon.b\\Katalon Studio\\Y-IT_TransIT\\Reports\\Production\\Kiosk Sanity Login Test\\20190124_152743\\1548336514039.png, C:\\Users\\leon.b\\Katalon Studio\\Y-IT_TransIT\\Reports\\Production\\Kiosk Sanity Login Test\\20190124_152743\\1548336514401.png, C:\\Users\\leon.b\\Katalon Studio\\Y-IT_TransIT\\Reports\\Production\\Kiosk Sanity Login Test\\20190124_152743\\1548336556757.png, C:\\Users\\leon.b\\Katalon Studio\\Y-IT_TransIT\\Reports\\Production\\Kiosk Sanity Login Test\\20190124_152743\\1548336557087.png, C:\\Users\\leon.b\\Katalon Studio\\Y-IT_TransIT\\Reports\\Production\\Kiosk Sanity Login Test\\20190124_152743\\1548336596293.png, C:\\Users\\leon.b\\Katalon Studio\\Y-IT_TransIT\\Reports\\Production\\Kiosk Sanity Login Test\\20190124_152743\\1548336596643.png, C:\\Users\\leon.b\\Katalon Studio\\Y-IT_TransIT\\Reports\\Production\\Kiosk Sanity Login Test\\20190124_152743\\1548336629839.png, C:\\Users\\leon.b\\Katalon Studio\\Y-IT_TransIT\\Reports\\Production\\Kiosk Sanity Login Test\\20190124_152743\\1548336630169.png"/>
         <property name="hostName" value="leon.b - QA-PC.Y-it.Local"/>
         <property name="os" value="Windows 10 64bit"/>
         <property name="katalonVersion" value="5.10.1.1"/>
         <property name="browser" value="Chrome 71.0.3578.98"/>
         <property name="hostAddress" value="192.168.1.145"/>
         <property name="sessionId" value="b6725528f1830f31e99478c4144ae0d3"/>
         <property name="seleniumVersion" value="3.7.1"/>
         <property name="proxyInformation" value="ProxyInformation{proxyOption=NO_PROXY, proxyServerType=HTTP, password=, proxyServerAddress=, proxyServerPort=0}"/>
         <property name="platform" value="Windows 10"/>
      </properties>
      <testcase name="Test Cases/kiosk/kiosk rfid" classname="Test Cases/kiosk/kiosk rfid" status="FAILED">
         <failure type="FAILED" message="Test Cases/kiosk/kiosk rfid FAILED.
Reason:
com.kms.katalon.core.exception.StepFailedException: Unable to verify object 'Object Repository/Kiosk/Lobby/workTicketButton' to be clickable (Root cause: com.kms.katalon.core.exception.StepFailedException: Web element with id: 'Object Repository/Kiosk/Lobby/workTicketButton' located by 'By.cssSelector: yit-lobby > div:nth-of-type(1) > div:nth-of-type(2) > div:nth-of-type(1).btn-lubby' not found)
	at com.kms.katalon.core.keyword.internal.KeywordMain.stepFailed(KeywordMain.groovy:36)
	at com.kms.katalon.core.webui.keyword.internal.WebUIKeywordMain.stepFailed(WebUIKeywordMain.groovy:65)
	at com.kms.katalon.core.webui.keyword.internal.WebUIKeywordMain.runKeyword(WebUIKeywordMain.groovy:27)
	at com.kms.katalon.core.webui.keyword.builtin.VerifyElementClickableKeyword.verifyElementClickable(VerifyElementClickableKeyword.groovy:96)
	at com.kms.katalon.core.webui.keyword.builtin.VerifyElementClickableKeyword.execute(VerifyElementClickableKeyword.groovy:67)
	at com.kms.katalon.core.keyword.internal.KeywordExecutor.executeKeywordForPlatform(KeywordExecutor.groovy:53)
	at com.kms.katalon.core.webui.keyword.WebUiBuiltInKeywords.verifyElementClickable(WebUiBuiltInKeywords.groovy:548)
	at com.kms.katalon.core.webui.keyword.WebUiBuiltInKeywords$verifyElementClickable$5.call(Unknown Source)
	at kiosk rfid.run(kiosk rfid:48)
	at com.kms.katalon.core.main.ScriptEngine.run(ScriptEngine.java:194)
	at com.kms.katalon.core.main.ScriptEngine.runScriptAsRawText(ScriptEngine.java:119)
	at com.kms.katalon.core.main.TestCaseExecutor.runScript(TestCaseExecutor.java:328)
	at com.kms.katalon.core.main.TestCaseExecutor.doExecute(TestCaseExecutor.java:319)
	at com.kms.katalon.core.main.TestCaseExecutor.processExecutionPhase(TestCaseExecutor.java:298)
	at com.kms.katalon.core.main.TestCaseExecutor.accessMainPhase(TestCaseExecutor.java:290)
	at com.kms.katalon.core.main.TestCaseExecutor.execute(TestCaseExecutor.java:224)
	at com.kms.katalon.core.main.TestSuiteExecutor.accessTestCaseMainPhase(TestSuiteExecutor.java:129)
	at com.kms.katalon.core.main.TestSuiteExecutor.accessTestSuiteMainPhase(TestSuiteExecutor.java:112)
	at com.kms.katalon.core.main.TestSuiteExecutor.execute(TestSuiteExecutor.java:81)
	at com.kms.katalon.core.main.TestCaseMain.startTestSuite(TestCaseMain.java:149)
	at com.kms.katalon.core.main.TestCaseMain$startTestSuite$0.call(Unknown Source)
	at TempTestSuite1548336463166.run(TempTestSuite1548336463166.groovy:36)
"/>
         <system-out><![CDATA[2019-01-24 15:27:45 - [TEST_CASE][FAILED] - Test Cases/kiosk/kiosk rfid: Test Cases/kiosk/kiosk rfid FAILED.
Reason:
com.kms.katalon.core.exception.StepFailedException: Unable to verify object 'Object Repository/Kiosk/Lobby/workTicketButton' to be clickable (Root cause: com.kms.katalon.core.exception.StepFailedException: Web element with id: 'Object Repository/Kiosk/Lobby/workTicketButton' located by 'By.cssSelector: yit-lobby > div:nth-of-type(1) > div:nth-of-type(2) > div:nth-of-type(1).btn-lubby' not found)
	at com.kms.katalon.core.keyword.internal.KeywordMain.stepFailed(KeywordMain.groovy:36)
	at com.kms.katalon.core.webui.keyword.internal.WebUIKeywordMain.stepFailed(WebUIKeywordMain.groovy:65)
	at com.kms.katalon.core.webui.keyword.internal.WebUIKeywordMain.runKeyword(WebUIKeywordMain.groovy:27)
	at com.kms.katalon.core.webui.keyword.builtin.VerifyElementClickableKeyword.verifyElementClickable(VerifyElementClickableKeyword.groovy:96)
	at com.kms.katalon.core.webui.keyword.builtin.VerifyElementClickableKeyword.execute(VerifyElementClickableKeyword.groovy:67)
	at com.kms.katalon.core.keyword.internal.KeywordExecutor.executeKeywordForPlatform(KeywordExecutor.groovy:53)
	at com.kms.katalon.core.webui.keyword.WebUiBuiltInKeywords.verifyElementClickable(WebUiBuiltInKeywords.groovy:548)
	at com.kms.katalon.core.webui.keyword.WebUiBuiltInKeywords$verifyElementClickable$5.call(Unknown Source)
	at kiosk rfid.run(kiosk rfid:48)
	at com.kms.katalon.core.main.ScriptEngine.run(ScriptEngine.java:194)
	at com.kms.katalon.core.main.ScriptEngine.runScriptAsRawText(ScriptEngine.java:119)
	at com.kms.katalon.core.main.TestCaseExecutor.runScript(TestCaseExecutor.java:328)
	at com.kms.katalon.core.main.TestCaseExecutor.doExecute(TestCaseExecutor.java:319)
	at com.kms.katalon.core.main.TestCaseExecutor.processExecutionPhase(TestCaseExecutor.java:298)
	at com.kms.katalon.core.main.TestCaseExecutor.accessMainPhase(TestCaseExecutor.java:290)
	at com.kms.katalon.core.main.TestCaseExecutor.execute(TestCaseExecutor.java:224)
	at com.kms.katalon.core.main.TestSuiteExecutor.accessTestCaseMainPhase(TestSuiteExecutor.java:129)
	at com.kms.katalon.core.main.TestSuiteExecutor.accessTestSuiteMainPhase(TestSuiteExecutor.java:112)
	at com.kms.katalon.core.main.TestSuiteExecutor.execute(TestSuiteExecutor.java:81)
	at com.kms.katalon.core.main.TestCaseMain.startTestSuite(TestCaseMain.java:149)
	at com.kms.katalon.core.main.TestCaseMain$startTestSuite$0.call(Unknown Source)
	at TempTestSuite1548336463166.run(TempTestSuite1548336463166.groovy:36)


2019-01-24 15:27:45 - [TEST_STEP][PASSED] - openBrowser(rfidSite): Browser is opened with url: 'eggedtaavura.kiosk.y-it.co.il/loginByRfid'

2019-01-24 15:27:46 - [MESSAGE][INFO] - Starting 'Chrome' driver

2019-01-24 15:27:46 - [MESSAGE][INFO] - Action delay is set to 0 seconds

2019-01-24 15:27:53 - [MESSAGE][PASSED] - Browser is opened with url: 'eggedtaavura.kiosk.y-it.co.il/loginByRfid'

2019-01-24 15:27:53 - [TEST_STEP][PASSED] - maximizeWindow(): Current window maximized

2019-01-24 15:27:54 - [MESSAGE][PASSED] - Current window maximized

2019-01-24 15:27:54 - [TEST_STEP][PASSED] - waitForElementVisible(findTestObject("Kiosk/Login/Rfid/cardImage"), 30): Object 'Object Repository/Kiosk/Login/Rfid/cardImage' is visible

2019-01-24 15:27:54 - [MESSAGE][PASSED] - Object 'Object Repository/Kiosk/Login/Rfid/cardImage' is visible

2019-01-24 15:27:54 - [TEST_STEP][PASSED] - focus(findTestObject("Kiosk/Login/Rfid/cardImage")): Object: 'Object Repository/Kiosk/Login/Rfid/cardImage' is focused

2019-01-24 15:27:54 - [MESSAGE][PASSED] - Object: 'Object Repository/Kiosk/Login/Rfid/cardImage' is focused

2019-01-24 15:27:54 - [TEST_STEP][PASSED] - f_logInwithRfid(): null

2019-01-24 15:27:54 - [TEST_STEP][PASSED] - robot = new java.awt.Robot(): null

2019-01-24 15:27:54 - [TEST_STEP][PASSED] - rfidCodeArray = toString().toCharArray(): null

2019-01-24 15:27:54 - [TEST_STEP][PASSED] - delay(5): Delayed 5 second(s)

2019-01-24 15:27:59 - [MESSAGE][PASSED] - Delayed 5 second(s)

2019-01-24 15:27:59 - [TEST_STEP][PASSED] - for ([i = 0, i < length, (i++)]): null

2019-01-24 15:27:59 - [TEST_STEP][PASSED] - delay(1): Delayed 1 second(s)

2019-01-24 15:28:00 - [MESSAGE][PASSED] - Delayed 1 second(s)

2019-01-24 15:28:00 - [TEST_STEP][PASSED] - n = Integer.parseInt(rfidCodeArray[i].toString()): null

2019-01-24 15:28:00 - [TEST_STEP][PASSED] - switch (n): null

2019-01-24 15:28:00 - [TEST_STEP][PASSED] - case 0:: null

2019-01-24 15:28:00 - [TEST_STEP][PASSED] - robot.keyPress(VK_0): null

2019-01-24 15:28:00 - [TEST_STEP][PASSED] - break: null

2019-01-24 15:28:00 - [TEST_STEP][PASSED] - delay(1): Delayed 1 second(s)

2019-01-24 15:28:01 - [MESSAGE][PASSED] - Delayed 1 second(s)

2019-01-24 15:28:01 - [TEST_STEP][PASSED] - n = Integer.parseInt(rfidCodeArray[i].toString()): null

2019-01-24 15:28:01 - [TEST_STEP][PASSED] - switch (n): null

2019-01-24 15:28:01 - [TEST_STEP][PASSED] - case 2:: null

2019-01-24 15:28:01 - [TEST_STEP][PASSED] - robot.keyPress(VK_2): null

2019-01-24 15:28:01 - [TEST_STEP][PASSED] - break: null

2019-01-24 15:28:01 - [TEST_STEP][PASSED] - delay(1): Delayed 1 second(s)

2019-01-24 15:28:02 - [MESSAGE][PASSED] - Delayed 1 second(s)

2019-01-24 15:28:02 - [TEST_STEP][PASSED] - n = Integer.parseInt(rfidCodeArray[i].toString()): null

2019-01-24 15:28:02 - [TEST_STEP][PASSED] - switch (n): null

2019-01-24 15:28:02 - [TEST_STEP][PASSED] - case 6:: null

2019-01-24 15:28:02 - [TEST_STEP][PASSED] - robot.keyPress(VK_6): null

2019-01-24 15:28:02 - [TEST_STEP][PASSED] - break: null

2019-01-24 15:28:02 - [TEST_STEP][PASSED] - delay(1): Delayed 1 second(s)

2019-01-24 15:28:03 - [MESSAGE][PASSED] - Delayed 1 second(s)

2019-01-24 15:28:03 - [TEST_STEP][PASSED] - n = Integer.parseInt(rfidCodeArray[i].toString()): null

2019-01-24 15:28:03 - [TEST_STEP][PASSED] - switch (n): null

2019-01-24 15:28:03 - [TEST_STEP][PASSED] - case 0:: null

2019-01-24 15:28:03 - [TEST_STEP][PASSED] - robot.keyPress(VK_0): null

2019-01-24 15:28:03 - [TEST_STEP][PASSED] - break: null

2019-01-24 15:28:03 - [TEST_STEP][PASSED] - delay(1): Delayed 1 second(s)

2019-01-24 15:28:04 - [MESSAGE][PASSED] - Delayed 1 second(s)

2019-01-24 15:28:04 - [TEST_STEP][PASSED] - n = Integer.parseInt(rfidCodeArray[i].toString()): null

2019-01-24 15:28:04 - [TEST_STEP][PASSED] - switch (n): null

2019-01-24 15:28:04 - [TEST_STEP][PASSED] - case 0:: null

2019-01-24 15:28:04 - [TEST_STEP][PASSED] - robot.keyPress(VK_0): null

2019-01-24 15:28:04 - [TEST_STEP][PASSED] - break: null

2019-01-24 15:28:04 - [TEST_STEP][PASSED] - delay(1): Delayed 1 second(s)

2019-01-24 15:28:05 - [MESSAGE][PASSED] - Delayed 1 second(s)

2019-01-24 15:28:05 - [TEST_STEP][PASSED] - n = Integer.parseInt(rfidCodeArray[i].toString()): null

2019-01-24 15:28:05 - [TEST_STEP][PASSED] - switch (n): null

2019-01-24 15:28:05 - [TEST_STEP][PASSED] - case 0:: null

2019-01-24 15:28:05 - [TEST_STEP][PASSED] - robot.keyPress(VK_0): null

2019-01-24 15:28:05 - [TEST_STEP][PASSED] - break: null

2019-01-24 15:28:05 - [TEST_STEP][PASSED] - delay(1): Delayed 1 second(s)

2019-01-24 15:28:06 - [MESSAGE][PASSED] - Delayed 1 second(s)

2019-01-24 15:28:06 - [TEST_STEP][PASSED] - n = Integer.parseInt(rfidCodeArray[i].toString()): null

2019-01-24 15:28:06 - [TEST_STEP][PASSED] - switch (n): null

2019-01-24 15:28:06 - [TEST_STEP][PASSED] - case 2:: null

2019-01-24 15:28:06 - [TEST_STEP][PASSED] - robot.keyPress(VK_2): null

2019-01-24 15:28:06 - [TEST_STEP][PASSED] - break: null

2019-01-24 15:28:06 - [TEST_STEP][PASSED] - delay(1): Delayed 1 second(s)

2019-01-24 15:28:07 - [MESSAGE][PASSED] - Delayed 1 second(s)

2019-01-24 15:28:07 - [TEST_STEP][PASSED] - n = Integer.parseInt(rfidCodeArray[i].toString()): null

2019-01-24 15:28:07 - [TEST_STEP][PASSED] - switch (n): null

2019-01-24 15:28:07 - [TEST_STEP][PASSED] - case 2:: null

2019-01-24 15:28:07 - [TEST_STEP][PASSED] - robot.keyPress(VK_2): null

2019-01-24 15:28:07 - [TEST_STEP][PASSED] - break: null

2019-01-24 15:28:07 - [TEST_STEP][PASSED] - delay(1): Delayed 1 second(s)

2019-01-24 15:28:08 - [MESSAGE][PASSED] - Delayed 1 second(s)

2019-01-24 15:28:08 - [TEST_STEP][PASSED] - n = Integer.parseInt(rfidCodeArray[i].toString()): null

2019-01-24 15:28:08 - [TEST_STEP][PASSED] - switch (n): null

2019-01-24 15:28:08 - [TEST_STEP][PASSED] - case 4:: null

2019-01-24 15:28:08 - [TEST_STEP][PASSED] - robot.keyPress(VK_4): null

2019-01-24 15:28:08 - [TEST_STEP][PASSED] - break: null

2019-01-24 15:28:08 - [TEST_STEP][PASSED] - delay(1): Delayed 1 second(s)

2019-01-24 15:28:09 - [MESSAGE][PASSED] - Delayed 1 second(s)

2019-01-24 15:28:09 - [TEST_STEP][PASSED] - n = Integer.parseInt(rfidCodeArray[i].toString()): null

2019-01-24 15:28:09 - [TEST_STEP][PASSED] - switch (n): null

2019-01-24 15:28:09 - [TEST_STEP][PASSED] - case 0:: null

2019-01-24 15:28:09 - [TEST_STEP][PASSED] - robot.keyPress(VK_0): null

2019-01-24 15:28:09 - [TEST_STEP][PASSED] - break: null

2019-01-24 15:28:09 - [TEST_STEP][PASSED] - delay(1): Delayed 1 second(s)

2019-01-24 15:28:10 - [MESSAGE][PASSED] - Delayed 1 second(s)

2019-01-24 15:28:10 - [TEST_STEP][PASSED] - n = Integer.parseInt(rfidCodeArray[i].toString()): null

2019-01-24 15:28:10 - [TEST_STEP][PASSED] - switch (n): null

2019-01-24 15:28:10 - [TEST_STEP][PASSED] - case 0:: null

2019-01-24 15:28:10 - [TEST_STEP][PASSED] - robot.keyPress(VK_0): null

2019-01-24 15:28:10 - [TEST_STEP][PASSED] - break: null

2019-01-24 15:28:10 - [TEST_STEP][PASSED] - delay(1): Delayed 1 second(s)

2019-01-24 15:28:11 - [MESSAGE][PASSED] - Delayed 1 second(s)

2019-01-24 15:28:11 - [TEST_STEP][PASSED] - n = Integer.parseInt(rfidCodeArray[i].toString()): null

2019-01-24 15:28:11 - [TEST_STEP][PASSED] - switch (n): null

2019-01-24 15:28:11 - [TEST_STEP][PASSED] - case 1:: null

2019-01-24 15:28:11 - [TEST_STEP][PASSED] - robot.keyPress(VK_1): null

2019-01-24 15:28:11 - [TEST_STEP][PASSED] - break: null

2019-01-24 15:28:11 - [TEST_STEP][PASSED] - delay(1): Delayed 1 second(s)

2019-01-24 15:28:12 - [MESSAGE][PASSED] - Delayed 1 second(s)

2019-01-24 15:28:12 - [TEST_STEP][PASSED] - n = Integer.parseInt(rfidCodeArray[i].toString()): null

2019-01-24 15:28:12 - [TEST_STEP][PASSED] - switch (n): null

2019-01-24 15:28:12 - [TEST_STEP][PASSED] - case 2:: null

2019-01-24 15:28:12 - [TEST_STEP][PASSED] - robot.keyPress(VK_2): null

2019-01-24 15:28:12 - [TEST_STEP][PASSED] - break: null

2019-01-24 15:28:12 - [TEST_STEP][PASSED] - delay(1): Delayed 1 second(s)

2019-01-24 15:28:13 - [MESSAGE][PASSED] - Delayed 1 second(s)

2019-01-24 15:28:13 - [TEST_STEP][PASSED] - robot.keyPress(VK_ENTER): null

2019-01-24 15:28:13 - [TEST_STEP][FAILED] - try: Unable to verify if object 'Object Repository/Kiosk/Lobby/header' is visible in viewport (Root cause: com.kms.katalon.core.exception.StepFailedException: Object 'Object Repository/Kiosk/Lobby/header' is not present)

2019-01-24 15:28:13 - [TEST_STEP][PASSED] - waitForElementVisible(findTestObject("Kiosk/Lobby/header"), 15): Web element with id: 'Object Repository/Kiosk/Lobby/header' located by 'By.cssSelector: yit-header > div:nth-of-type(1) > div:nth-of-type(2)' not found

2019-01-24 15:28:28 - [MESSAGE][INFO] - Unable to find the element located by 'By.cssSelector: yit-header > div:nth-of-type(1) > div:nth-of-type(2)'. Please recheck the objects properties to make sure the desired element is located. 

2019-01-24 15:28:28 - [MESSAGE][WARNING] - Web element with id: 'Object Repository/Kiosk/Lobby/header' located by 'By.cssSelector: yit-header > div:nth-of-type(1) > div:nth-of-type(2)' not found

2019-01-24 15:28:28 - [TEST_STEP][FAILED] - verifyElementVisibleInViewport(findTestObject("Kiosk/Lobby/header"), 5): Unable to verify if object 'Object Repository/Kiosk/Lobby/header' is visible in viewport (Root cause: com.kms.katalon.core.exception.StepFailedException: Object 'Object Repository/Kiosk/Lobby/header' is not present)

2019-01-24 15:28:34 - [MESSAGE][INFO] - Unable to find the element located by 'By.cssSelector: yit-header > div:nth-of-type(1) > div:nth-of-type(2)'. Please recheck the objects properties to make sure the desired element is located. 

2019-01-24 15:28:34 - [MESSAGE][FAILED] - Object 'Object Repository/Kiosk/Lobby/header' is not present
[[ATTACHMENT|C:\\Users\\leon.b\\Katalon Studio\\Y-IT_TransIT\\Reports\\Production\\Kiosk Sanity Login Test\\20190124_152743\\1548336514039.png]]

2019-01-24 15:28:34 - [MESSAGE][FAILED] - Unable to verify if object 'Object Repository/Kiosk/Lobby/header' is visible in viewport (Root cause: com.kms.katalon.core.exception.StepFailedException: Object 'Object Repository/Kiosk/Lobby/header' is not present)
[[ATTACHMENT|C:\\Users\\leon.b\\Katalon Studio\\Y-IT_TransIT\\Reports\\Production\\Kiosk Sanity Login Test\\20190124_152743\\1548336514401.png]]

2019-01-24 15:28:34 - [TEST_STEP][PASSED] - catch (Exception e): null

2019-01-24 15:28:34 - [TEST_STEP][PASSED] - refresh(): Refresh successfully

2019-01-24 15:28:37 - [MESSAGE][PASSED] - Refresh successfully

2019-01-24 15:28:37 - [TEST_STEP][PASSED] - waitForElementVisible(findTestObject("Kiosk/Login/Rfid/cardImage"), 30): Object 'Object Repository/Kiosk/Login/Rfid/cardImage' is visible

2019-01-24 15:28:37 - [MESSAGE][PASSED] - Object 'Object Repository/Kiosk/Login/Rfid/cardImage' is visible

2019-01-24 15:28:37 - [TEST_STEP][PASSED] - f_logInwithRfid(): null

2019-01-24 15:28:37 - [TEST_STEP][PASSED] - robot = new java.awt.Robot(): null

2019-01-24 15:28:37 - [TEST_STEP][PASSED] - rfidCodeArray = toString().toCharArray(): null

2019-01-24 15:28:37 - [TEST_STEP][PASSED] - delay(5): Delayed 5 second(s)

2019-01-24 15:28:42 - [MESSAGE][PASSED] - Delayed 5 second(s)

2019-01-24 15:28:42 - [TEST_STEP][PASSED] - for ([i = 0, i < length, (i++)]): null

2019-01-24 15:28:42 - [TEST_STEP][PASSED] - delay(1): Delayed 1 second(s)

2019-01-24 15:28:43 - [MESSAGE][PASSED] - Delayed 1 second(s)

2019-01-24 15:28:43 - [TEST_STEP][PASSED] - n = Integer.parseInt(rfidCodeArray[i].toString()): null

2019-01-24 15:28:43 - [TEST_STEP][PASSED] - switch (n): null

2019-01-24 15:28:43 - [TEST_STEP][PASSED] - case 0:: null

2019-01-24 15:28:43 - [TEST_STEP][PASSED] - robot.keyPress(VK_0): null

2019-01-24 15:28:43 - [TEST_STEP][PASSED] - break: null

2019-01-24 15:28:43 - [TEST_STEP][PASSED] - delay(1): Delayed 1 second(s)

2019-01-24 15:28:44 - [MESSAGE][PASSED] - Delayed 1 second(s)

2019-01-24 15:28:44 - [TEST_STEP][PASSED] - n = Integer.parseInt(rfidCodeArray[i].toString()): null

2019-01-24 15:28:44 - [TEST_STEP][PASSED] - switch (n): null

2019-01-24 15:28:44 - [TEST_STEP][PASSED] - case 2:: null

2019-01-24 15:28:44 - [TEST_STEP][PASSED] - robot.keyPress(VK_2): null

2019-01-24 15:28:44 - [TEST_STEP][PASSED] - break: null

2019-01-24 15:28:44 - [TEST_STEP][PASSED] - delay(1): Delayed 1 second(s)

2019-01-24 15:28:45 - [MESSAGE][PASSED] - Delayed 1 second(s)

2019-01-24 15:28:45 - [TEST_STEP][PASSED] - n = Integer.parseInt(rfidCodeArray[i].toString()): null

2019-01-24 15:28:45 - [TEST_STEP][PASSED] - switch (n): null

2019-01-24 15:28:45 - [TEST_STEP][PASSED] - case 6:: null

2019-01-24 15:28:45 - [TEST_STEP][PASSED] - robot.keyPress(VK_6): null

2019-01-24 15:28:45 - [TEST_STEP][PASSED] - break: null

2019-01-24 15:28:45 - [TEST_STEP][PASSED] - delay(1): Delayed 1 second(s)

2019-01-24 15:28:46 - [MESSAGE][PASSED] - Delayed 1 second(s)

2019-01-24 15:28:46 - [TEST_STEP][PASSED] - n = Integer.parseInt(rfidCodeArray[i].toString()): null

2019-01-24 15:28:46 - [TEST_STEP][PASSED] - switch (n): null

2019-01-24 15:28:46 - [TEST_STEP][PASSED] - case 0:: null

2019-01-24 15:28:46 - [TEST_STEP][PASSED] - robot.keyPress(VK_0): null

2019-01-24 15:28:46 - [TEST_STEP][PASSED] - break: null

2019-01-24 15:28:46 - [TEST_STEP][PASSED] - delay(1): Delayed 1 second(s)

2019-01-24 15:28:47 - [MESSAGE][PASSED] - Delayed 1 second(s)

2019-01-24 15:28:47 - [TEST_STEP][PASSED] - n = Integer.parseInt(rfidCodeArray[i].toString()): null

2019-01-24 15:28:47 - [TEST_STEP][PASSED] - switch (n): null

2019-01-24 15:28:47 - [TEST_STEP][PASSED] - case 0:: null

2019-01-24 15:28:47 - [TEST_STEP][PASSED] - robot.keyPress(VK_0): null

2019-01-24 15:28:47 - [TEST_STEP][PASSED] - break: null

2019-01-24 15:28:47 - [TEST_STEP][PASSED] - delay(1): Delayed 1 second(s)

2019-01-24 15:28:48 - [MESSAGE][PASSED] - Delayed 1 second(s)

2019-01-24 15:28:48 - [TEST_STEP][PASSED] - n = Integer.parseInt(rfidCodeArray[i].toString()): null

2019-01-24 15:28:48 - [TEST_STEP][PASSED] - switch (n): null

2019-01-24 15:28:48 - [TEST_STEP][PASSED] - case 0:: null

2019-01-24 15:28:48 - [TEST_STEP][PASSED] - robot.keyPress(VK_0): null

2019-01-24 15:28:48 - [TEST_STEP][PASSED] - break: null

2019-01-24 15:28:48 - [TEST_STEP][PASSED] - delay(1): Delayed 1 second(s)

2019-01-24 15:28:49 - [MESSAGE][PASSED] - Delayed 1 second(s)

2019-01-24 15:28:49 - [TEST_STEP][PASSED] - n = Integer.parseInt(rfidCodeArray[i].toString()): null

2019-01-24 15:28:49 - [TEST_STEP][PASSED] - switch (n): null

2019-01-24 15:28:49 - [TEST_STEP][PASSED] - case 2:: null

2019-01-24 15:28:49 - [TEST_STEP][PASSED] - robot.keyPress(VK_2): null

2019-01-24 15:28:49 - [TEST_STEP][PASSED] - break: null

2019-01-24 15:28:49 - [TEST_STEP][PASSED] - delay(1): Delayed 1 second(s)

2019-01-24 15:28:50 - [MESSAGE][PASSED] - Delayed 1 second(s)

2019-01-24 15:28:50 - [TEST_STEP][PASSED] - n = Integer.parseInt(rfidCodeArray[i].toString()): null

2019-01-24 15:28:50 - [TEST_STEP][PASSED] - switch (n): null

2019-01-24 15:28:50 - [TEST_STEP][PASSED] - case 2:: null

2019-01-24 15:28:50 - [TEST_STEP][PASSED] - robot.keyPress(VK_2): null

2019-01-24 15:28:50 - [TEST_STEP][PASSED] - break: null

2019-01-24 15:28:50 - [TEST_STEP][PASSED] - delay(1): Delayed 1 second(s)

2019-01-24 15:28:51 - [MESSAGE][PASSED] - Delayed 1 second(s)

2019-01-24 15:28:51 - [TEST_STEP][PASSED] - n = Integer.parseInt(rfidCodeArray[i].toString()): null

2019-01-24 15:28:51 - [TEST_STEP][PASSED] - switch (n): null

2019-01-24 15:28:51 - [TEST_STEP][PASSED] - case 4:: null

2019-01-24 15:28:51 - [TEST_STEP][PASSED] - robot.keyPress(VK_4): null

2019-01-24 15:28:51 - [TEST_STEP][PASSED] - break: null

2019-01-24 15:28:51 - [TEST_STEP][PASSED] - delay(1): Delayed 1 second(s)

2019-01-24 15:28:52 - [MESSAGE][PASSED] - Delayed 1 second(s)

2019-01-24 15:28:52 - [TEST_STEP][PASSED] - n = Integer.parseInt(rfidCodeArray[i].toString()): null

2019-01-24 15:28:52 - [TEST_STEP][PASSED] - switch (n): null

2019-01-24 15:28:52 - [TEST_STEP][PASSED] - case 0:: null

2019-01-24 15:28:52 - [TEST_STEP][PASSED] - robot.keyPress(VK_0): null

2019-01-24 15:28:52 - [TEST_STEP][PASSED] - break: null

2019-01-24 15:28:52 - [TEST_STEP][PASSED] - delay(1): Delayed 1 second(s)

2019-01-24 15:28:53 - [MESSAGE][PASSED] - Delayed 1 second(s)

2019-01-24 15:28:53 - [TEST_STEP][PASSED] - n = Integer.parseInt(rfidCodeArray[i].toString()): null

2019-01-24 15:28:53 - [TEST_STEP][PASSED] - switch (n): null

2019-01-24 15:28:53 - [TEST_STEP][PASSED] - case 0:: null

2019-01-24 15:28:53 - [TEST_STEP][PASSED] - robot.keyPress(VK_0): null

2019-01-24 15:28:53 - [TEST_STEP][PASSED] - break: null

2019-01-24 15:28:53 - [TEST_STEP][PASSED] - delay(1): Delayed 1 second(s)

2019-01-24 15:28:54 - [MESSAGE][PASSED] - Delayed 1 second(s)

2019-01-24 15:28:54 - [TEST_STEP][PASSED] - n = Integer.parseInt(rfidCodeArray[i].toString()): null

2019-01-24 15:28:54 - [TEST_STEP][PASSED] - switch (n): null

2019-01-24 15:28:54 - [TEST_STEP][PASSED] - case 1:: null

2019-01-24 15:28:54 - [TEST_STEP][PASSED] - robot.keyPress(VK_1): null

2019-01-24 15:28:54 - [TEST_STEP][PASSED] - break: null

2019-01-24 15:28:54 - [TEST_STEP][PASSED] - delay(1): Delayed 1 second(s)

2019-01-24 15:28:55 - [MESSAGE][PASSED] - Delayed 1 second(s)

2019-01-24 15:28:55 - [TEST_STEP][PASSED] - n = Integer.parseInt(rfidCodeArray[i].toString()): null

2019-01-24 15:28:55 - [TEST_STEP][PASSED] - switch (n): null

2019-01-24 15:28:55 - [TEST_STEP][PASSED] - case 2:: null

2019-01-24 15:28:55 - [TEST_STEP][PASSED] - robot.keyPress(VK_2): null

2019-01-24 15:28:55 - [TEST_STEP][PASSED] - break: null

2019-01-24 15:28:55 - [TEST_STEP][PASSED] - delay(1): Delayed 1 second(s)

2019-01-24 15:28:56 - [MESSAGE][PASSED] - Delayed 1 second(s)

2019-01-24 15:28:56 - [TEST_STEP][PASSED] - robot.keyPress(VK_ENTER): null

2019-01-24 15:28:56 - [TEST_STEP][PASSED] - waitForElementVisible(findTestObject("Kiosk/Lobby/workTicketButton"), 15): Web element with id: 'Object Repository/Kiosk/Lobby/workTicketButton' located by 'By.cssSelector: yit-lobby > div:nth-of-type(1) > div:nth-of-type(2) > div:nth-of-type(1).btn-lubby' not found

2019-01-24 15:29:11 - [MESSAGE][INFO] - Unable to find the element located by 'By.cssSelector: yit-lobby > div:nth-of-type(1) > div:nth-of-type(2) > div:nth-of-type(1).btn-lubby'. Please recheck the objects properties to make sure the desired element is located. 

2019-01-24 15:29:11 - [MESSAGE][WARNING] - Web element with id: 'Object Repository/Kiosk/Lobby/workTicketButton' located by 'By.cssSelector: yit-lobby > div:nth-of-type(1) > div:nth-of-type(2) > div:nth-of-type(1).btn-lubby' not found

2019-01-24 15:29:11 - [TEST_STEP][FAILED] - verifyElementClickable(findTestObject("Kiosk/Lobby/workTicketButton"), STOP_ON_FAILURE): verifyElementClickable(findTestObject("Kiosk/Lobby/workTicketButton"), STOP_ON_FAILURE) FAILED.
Reason:
com.kms.katalon.core.exception.StepFailedException: Unable to verify object 'Object Repository/Kiosk/Lobby/workTicketButton' to be clickable (Root cause: com.kms.katalon.core.exception.StepFailedException: Web element with id: 'Object Repository/Kiosk/Lobby/workTicketButton' located by 'By.cssSelector: yit-lobby > div:nth-of-type(1) > div:nth-of-type(2) > div:nth-of-type(1).btn-lubby' not found)
	at com.kms.katalon.core.keyword.internal.KeywordMain.stepFailed(KeywordMain.groovy:36)
	at com.kms.katalon.core.webui.keyword.internal.WebUIKeywordMain.stepFailed(WebUIKeywordMain.groovy:65)
	at com.kms.katalon.core.webui.keyword.internal.WebUIKeywordMain.runKeyword(WebUIKeywordMain.groovy:27)
	at com.kms.katalon.core.webui.keyword.builtin.VerifyElementClickableKeyword.verifyElementClickable(VerifyElementClickableKeyword.groovy:96)
	at com.kms.katalon.core.webui.keyword.builtin.VerifyElementClickableKeyword.execute(VerifyElementClickableKeyword.groovy:67)
	at com.kms.katalon.core.keyword.internal.KeywordExecutor.executeKeywordForPlatform(KeywordExecutor.groovy:53)
	at com.kms.katalon.core.webui.keyword.WebUiBuiltInKeywords.verifyElementClickable(WebUiBuiltInKeywords.groovy:548)
	at com.kms.katalon.core.webui.keyword.WebUiBuiltInKeywords$verifyElementClickable$5.call(Unknown Source)
	at kiosk rfid.run(kiosk rfid:48)
	at com.kms.katalon.core.main.ScriptEngine.run(ScriptEngine.java:194)
	at com.kms.katalon.core.main.ScriptEngine.runScriptAsRawText(ScriptEngine.java:119)
	at com.kms.katalon.core.main.TestCaseExecutor.runScript(TestCaseExecutor.java:328)
	at com.kms.katalon.core.main.TestCaseExecutor.doExecute(TestCaseExecutor.java:319)
	at com.kms.katalon.core.main.TestCaseExecutor.processExecutionPhase(TestCaseExecutor.java:298)
	at com.kms.katalon.core.main.TestCaseExecutor.accessMainPhase(TestCaseExecutor.java:290)
	at com.kms.katalon.core.main.TestCaseExecutor.execute(TestCaseExecutor.java:224)
	at com.kms.katalon.core.main.TestSuiteExecutor.accessTestCaseMainPhase(TestSuiteExecutor.java:129)
	at com.kms.katalon.core.main.TestSuiteExecutor.accessTestSuiteMainPhase(TestSuiteExecutor.java:112)
	at com.kms.katalon.core.main.TestSuiteExecutor.execute(TestSuiteExecutor.java:81)
	at com.kms.katalon.core.main.TestCaseMain.startTestSuite(TestCaseMain.java:149)
	at com.kms.katalon.core.main.TestCaseMain$startTestSuite$0.call(Unknown Source)
	at TempTestSuite1548336463166.run(TempTestSuite1548336463166.groovy:36)


2019-01-24 15:29:16 - [MESSAGE][INFO] - Unable to find the element located by 'By.cssSelector: yit-lobby > div:nth-of-type(1) > div:nth-of-type(2) > div:nth-of-type(1).btn-lubby'. Please recheck the objects properties to make sure the desired element is located. 

2019-01-24 15:29:17 - [MESSAGE][FAILED] - Web element with id: 'Object Repository/Kiosk/Lobby/workTicketButton' located by 'By.cssSelector: yit-lobby > div:nth-of-type(1) > div:nth-of-type(2) > div:nth-of-type(1).btn-lubby' not found
[[ATTACHMENT|C:\\Users\\leon.b\\Katalon Studio\\Y-IT_TransIT\\Reports\\Production\\Kiosk Sanity Login Test\\20190124_152743\\1548336556757.png]]

2019-01-24 15:29:17 - [MESSAGE][FAILED] - Unable to verify object 'Object Repository/Kiosk/Lobby/workTicketButton' to be clickable (Root cause: com.kms.katalon.core.exception.StepFailedException: Web element with id: 'Object Repository/Kiosk/Lobby/workTicketButton' located by 'By.cssSelector: yit-lobby > div:nth-of-type(1) > div:nth-of-type(2) > div:nth-of-type(1).btn-lubby' not found)
[[ATTACHMENT|C:\\Users\\leon.b\\Katalon Studio\\Y-IT_TransIT\\Reports\\Production\\Kiosk Sanity Login Test\\20190124_152743\\1548336557087.png]]

2019-01-24 15:29:17 - [MESSAGE][FAILED] - verifyElementClickable(findTestObject("Kiosk/Lobby/workTicketButton"), STOP_ON_FAILURE) FAILED.
Reason:
com.kms.katalon.core.exception.StepFailedException: Unable to verify object 'Object Repository/Kiosk/Lobby/workTicketButton' to be clickable (Root cause: com.kms.katalon.core.exception.StepFailedException: Web element with id: 'Object Repository/Kiosk/Lobby/workTicketButton' located by 'By.cssSelector: yit-lobby > div:nth-of-type(1) > div:nth-of-type(2) > div:nth-of-type(1).btn-lubby' not found)
	at com.kms.katalon.core.keyword.internal.KeywordMain.stepFailed(KeywordMain.groovy:36)
	at com.kms.katalon.core.webui.keyword.internal.WebUIKeywordMain.stepFailed(WebUIKeywordMain.groovy:65)
	at com.kms.katalon.core.webui.keyword.internal.WebUIKeywordMain.runKeyword(WebUIKeywordMain.groovy:27)
	at com.kms.katalon.core.webui.keyword.builtin.VerifyElementClickableKeyword.verifyElementClickable(VerifyElementClickableKeyword.groovy:96)
	at com.kms.katalon.core.webui.keyword.builtin.VerifyElementClickableKeyword.execute(VerifyElementClickableKeyword.groovy:67)
	at com.kms.katalon.core.keyword.internal.KeywordExecutor.executeKeywordForPlatform(KeywordExecutor.groovy:53)
	at com.kms.katalon.core.webui.keyword.WebUiBuiltInKeywords.verifyElementClickable(WebUiBuiltInKeywords.groovy:548)
	at com.kms.katalon.core.webui.keyword.WebUiBuiltInKeywords$verifyElementClickable$5.call(Unknown Source)
	at kiosk rfid.run(kiosk rfid:48)
	at com.kms.katalon.core.main.ScriptEngine.run(ScriptEngine.java:194)
	at com.kms.katalon.core.main.ScriptEngine.runScriptAsRawText(ScriptEngine.java:119)
	at com.kms.katalon.core.main.TestCaseExecutor.runScript(TestCaseExecutor.java:328)
	at com.kms.katalon.core.main.TestCaseExecutor.doExecute(TestCaseExecutor.java:319)
	at com.kms.katalon.core.main.TestCaseExecutor.processExecutionPhase(TestCaseExecutor.java:298)
	at com.kms.katalon.core.main.TestCaseExecutor.accessMainPhase(TestCaseExecutor.java:290)
	at com.kms.katalon.core.main.TestCaseExecutor.execute(TestCaseExecutor.java:224)
	at com.kms.katalon.core.main.TestSuiteExecutor.accessTestCaseMainPhase(TestSuiteExecutor.java:129)
	at com.kms.katalon.core.main.TestSuiteExecutor.accessTestSuiteMainPhase(TestSuiteExecutor.java:112)
	at com.kms.katalon.core.main.TestSuiteExecutor.execute(TestSuiteExecutor.java:81)
	at com.kms.katalon.core.main.TestCaseMain.startTestSuite(TestCaseMain.java:149)
	at com.kms.katalon.core.main.TestCaseMain$startTestSuite$0.call(Unknown Source)
	at TempTestSuite1548336463166.run(TempTestSuite1548336463166.groovy:36)]]></system-out>
         <system-err><![CDATA[2019-01-24 15:27:45 - [TEST_CASE][FAILED] - Test Cases/kiosk/kiosk rfid: Test Cases/kiosk/kiosk rfid FAILED.
Reason:
com.kms.katalon.core.exception.StepFailedException: Unable to verify object 'Object Repository/Kiosk/Lobby/workTicketButton' to be clickable (Root cause: com.kms.katalon.core.exception.StepFailedException: Web element with id: 'Object Repository/Kiosk/Lobby/workTicketButton' located by 'By.cssSelector: yit-lobby > div:nth-of-type(1) > div:nth-of-type(2) > div:nth-of-type(1).btn-lubby' not found)
	at com.kms.katalon.core.keyword.internal.KeywordMain.stepFailed(KeywordMain.groovy:36)
	at com.kms.katalon.core.webui.keyword.internal.WebUIKeywordMain.stepFailed(WebUIKeywordMain.groovy:65)
	at com.kms.katalon.core.webui.keyword.internal.WebUIKeywordMain.runKeyword(WebUIKeywordMain.groovy:27)
	at com.kms.katalon.core.webui.keyword.builtin.VerifyElementClickableKeyword.verifyElementClickable(VerifyElementClickableKeyword.groovy:96)
	at com.kms.katalon.core.webui.keyword.builtin.VerifyElementClickableKeyword.execute(VerifyElementClickableKeyword.groovy:67)
	at com.kms.katalon.core.keyword.internal.KeywordExecutor.executeKeywordForPlatform(KeywordExecutor.groovy:53)
	at com.kms.katalon.core.webui.keyword.WebUiBuiltInKeywords.verifyElementClickable(WebUiBuiltInKeywords.groovy:548)
	at com.kms.katalon.core.webui.keyword.WebUiBuiltInKeywords$verifyElementClickable$5.call(Unknown Source)
	at kiosk rfid.run(kiosk rfid:48)
	at com.kms.katalon.core.main.ScriptEngine.run(ScriptEngine.java:194)
	at com.kms.katalon.core.main.ScriptEngine.runScriptAsRawText(ScriptEngine.java:119)
	at com.kms.katalon.core.main.TestCaseExecutor.runScript(TestCaseExecutor.java:328)
	at com.kms.katalon.core.main.TestCaseExecutor.doExecute(TestCaseExecutor.java:319)
	at com.kms.katalon.core.main.TestCaseExecutor.processExecutionPhase(TestCaseExecutor.java:298)
	at com.kms.katalon.core.main.TestCaseExecutor.accessMainPhase(TestCaseExecutor.java:290)
	at com.kms.katalon.core.main.TestCaseExecutor.execute(TestCaseExecutor.java:224)
	at com.kms.katalon.core.main.TestSuiteExecutor.accessTestCaseMainPhase(TestSuiteExecutor.java:129)
	at com.kms.katalon.core.main.TestSuiteExecutor.accessTestSuiteMainPhase(TestSuiteExecutor.java:112)
	at com.kms.katalon.core.main.TestSuiteExecutor.execute(TestSuiteExecutor.java:81)
	at com.kms.katalon.core.main.TestCaseMain.startTestSuite(TestCaseMain.java:149)
	at com.kms.katalon.core.main.TestCaseMain$startTestSuite$0.call(Unknown Source)
	at TempTestSuite1548336463166.run(TempTestSuite1548336463166.groovy:36)]]></system-err>
      </testcase>
      <testcase name="Test Cases/kiosk/kiosk rfid" classname="Test Cases/kiosk/kiosk rfid" status="FAILED">
         <failure type="FAILED" message="Test Cases/kiosk/kiosk rfid FAILED.
Reason:
com.kms.katalon.core.exception.StepFailedException: Unable to verify object 'Object Repository/Kiosk/Lobby/workTicketButton' to be clickable (Root cause: com.kms.katalon.core.exception.StepFailedException: Web element with id: 'Object Repository/Kiosk/Lobby/workTicketButton' located by 'By.cssSelector: yit-lobby > div:nth-of-type(1) > div:nth-of-type(2) > div:nth-of-type(1).btn-lubby' not found)
	at com.kms.katalon.core.keyword.internal.KeywordMain.stepFailed(KeywordMain.groovy:36)
	at com.kms.katalon.core.webui.keyword.internal.WebUIKeywordMain.stepFailed(WebUIKeywordMain.groovy:65)
	at com.kms.katalon.core.webui.keyword.internal.WebUIKeywordMain.runKeyword(WebUIKeywordMain.groovy:27)
	at com.kms.katalon.core.webui.keyword.builtin.VerifyElementClickableKeyword.verifyElementClickable(VerifyElementClickableKeyword.groovy:96)
	at com.kms.katalon.core.webui.keyword.builtin.VerifyElementClickableKeyword.execute(VerifyElementClickableKeyword.groovy:67)
	at com.kms.katalon.core.keyword.internal.KeywordExecutor.executeKeywordForPlatform(KeywordExecutor.groovy:53)
	at com.kms.katalon.core.webui.keyword.WebUiBuiltInKeywords.verifyElementClickable(WebUiBuiltInKeywords.groovy:548)
	at com.kms.katalon.core.webui.keyword.WebUiBuiltInKeywords$verifyElementClickable$5.call(Unknown Source)
	at kiosk rfid.run(kiosk rfid:48)
	at com.kms.katalon.core.main.ScriptEngine.run(ScriptEngine.java:194)
	at com.kms.katalon.core.main.ScriptEngine.runScriptAsRawText(ScriptEngine.java:119)
	at com.kms.katalon.core.main.TestCaseExecutor.runScript(TestCaseExecutor.java:328)
	at com.kms.katalon.core.main.TestCaseExecutor.doExecute(TestCaseExecutor.java:319)
	at com.kms.katalon.core.main.TestCaseExecutor.processExecutionPhase(TestCaseExecutor.java:298)
	at com.kms.katalon.core.main.TestCaseExecutor.accessMainPhase(TestCaseExecutor.java:290)
	at com.kms.katalon.core.main.TestCaseExecutor.execute(TestCaseExecutor.java:224)
	at com.kms.katalon.core.main.TestSuiteExecutor.accessTestCaseMainPhase(TestSuiteExecutor.java:129)
	at com.kms.katalon.core.main.TestSuiteExecutor.accessTestSuiteMainPhase(TestSuiteExecutor.java:112)
	at com.kms.katalon.core.main.TestSuiteExecutor.execute(TestSuiteExecutor.java:81)
	at com.kms.katalon.core.main.TestCaseMain.startTestSuite(TestCaseMain.java:149)
	at com.kms.katalon.core.main.TestCaseMain$startTestSuite$0.call(Unknown Source)
	at TempTestSuite1548336463166.run(TempTestSuite1548336463166.groovy:36)
"/>
         <system-out><![CDATA[2019-01-24 15:29:17 - [TEST_CASE][FAILED] - Test Cases/kiosk/kiosk rfid: Test Cases/kiosk/kiosk rfid FAILED.
Reason:
com.kms.katalon.core.exception.StepFailedException: Unable to verify object 'Object Repository/Kiosk/Lobby/workTicketButton' to be clickable (Root cause: com.kms.katalon.core.exception.StepFailedException: Web element with id: 'Object Repository/Kiosk/Lobby/workTicketButton' located by 'By.cssSelector: yit-lobby > div:nth-of-type(1) > div:nth-of-type(2) > div:nth-of-type(1).btn-lubby' not found)
	at com.kms.katalon.core.keyword.internal.KeywordMain.stepFailed(KeywordMain.groovy:36)
	at com.kms.katalon.core.webui.keyword.internal.WebUIKeywordMain.stepFailed(WebUIKeywordMain.groovy:65)
	at com.kms.katalon.core.webui.keyword.internal.WebUIKeywordMain.runKeyword(WebUIKeywordMain.groovy:27)
	at com.kms.katalon.core.webui.keyword.builtin.VerifyElementClickableKeyword.verifyElementClickable(VerifyElementClickableKeyword.groovy:96)
	at com.kms.katalon.core.webui.keyword.builtin.VerifyElementClickableKeyword.execute(VerifyElementClickableKeyword.groovy:67)
	at com.kms.katalon.core.keyword.internal.KeywordExecutor.executeKeywordForPlatform(KeywordExecutor.groovy:53)
	at com.kms.katalon.core.webui.keyword.WebUiBuiltInKeywords.verifyElementClickable(WebUiBuiltInKeywords.groovy:548)
	at com.kms.katalon.core.webui.keyword.WebUiBuiltInKeywords$verifyElementClickable$5.call(Unknown Source)
	at kiosk rfid.run(kiosk rfid:48)
	at com.kms.katalon.core.main.ScriptEngine.run(ScriptEngine.java:194)
	at com.kms.katalon.core.main.ScriptEngine.runScriptAsRawText(ScriptEngine.java:119)
	at com.kms.katalon.core.main.TestCaseExecutor.runScript(TestCaseExecutor.java:328)
	at com.kms.katalon.core.main.TestCaseExecutor.doExecute(TestCaseExecutor.java:319)
	at com.kms.katalon.core.main.TestCaseExecutor.processExecutionPhase(TestCaseExecutor.java:298)
	at com.kms.katalon.core.main.TestCaseExecutor.accessMainPhase(TestCaseExecutor.java:290)
	at com.kms.katalon.core.main.TestCaseExecutor.execute(TestCaseExecutor.java:224)
	at com.kms.katalon.core.main.TestSuiteExecutor.accessTestCaseMainPhase(TestSuiteExecutor.java:129)
	at com.kms.katalon.core.main.TestSuiteExecutor.accessTestSuiteMainPhase(TestSuiteExecutor.java:112)
	at com.kms.katalon.core.main.TestSuiteExecutor.execute(TestSuiteExecutor.java:81)
	at com.kms.katalon.core.main.TestCaseMain.startTestSuite(TestCaseMain.java:149)
	at com.kms.katalon.core.main.TestCaseMain$startTestSuite$0.call(Unknown Source)
	at TempTestSuite1548336463166.run(TempTestSuite1548336463166.groovy:36)


2019-01-24 15:29:17 - [TEST_STEP][PASSED] - openBrowser(rfidSite): Browser is opened with url: 'danbr7.kiosk.y-it.co.il/loginByRfid'

2019-01-24 15:29:17 - [MESSAGE][WARNING] - A browser is already opened. Closing browser and opening a new one

2019-01-24 15:29:18 - [MESSAGE][INFO] - Starting 'Chrome' driver

2019-01-24 15:29:24 - [MESSAGE][PASSED] - Browser is opened with url: 'danbr7.kiosk.y-it.co.il/loginByRfid'

2019-01-24 15:29:24 - [TEST_STEP][PASSED] - maximizeWindow(): Current window maximized

2019-01-24 15:29:25 - [MESSAGE][PASSED] - Current window maximized

2019-01-24 15:29:25 - [TEST_STEP][PASSED] - waitForElementVisible(findTestObject("Kiosk/Login/Rfid/cardImage"), 30): Object 'Object Repository/Kiosk/Login/Rfid/cardImage' is visible

2019-01-24 15:29:25 - [MESSAGE][PASSED] - Object 'Object Repository/Kiosk/Login/Rfid/cardImage' is visible

2019-01-24 15:29:25 - [TEST_STEP][PASSED] - focus(findTestObject("Kiosk/Login/Rfid/cardImage")): Object: 'Object Repository/Kiosk/Login/Rfid/cardImage' is focused

2019-01-24 15:29:25 - [MESSAGE][PASSED] - Object: 'Object Repository/Kiosk/Login/Rfid/cardImage' is focused

2019-01-24 15:29:25 - [TEST_STEP][PASSED] - f_logInwithRfid(): null

2019-01-24 15:29:25 - [TEST_STEP][PASSED] - robot = new java.awt.Robot(): null

2019-01-24 15:29:25 - [TEST_STEP][PASSED] - rfidCodeArray = toString().toCharArray(): null

2019-01-24 15:29:25 - [TEST_STEP][PASSED] - delay(5): Delayed 5 second(s)

2019-01-24 15:29:30 - [MESSAGE][PASSED] - Delayed 5 second(s)

2019-01-24 15:29:30 - [TEST_STEP][PASSED] - for ([i = 0, i < length, (i++)]): null

2019-01-24 15:29:30 - [TEST_STEP][PASSED] - delay(1): Delayed 1 second(s)

2019-01-24 15:29:31 - [MESSAGE][PASSED] - Delayed 1 second(s)

2019-01-24 15:29:31 - [TEST_STEP][PASSED] - n = Integer.parseInt(rfidCodeArray[i].toString()): null

2019-01-24 15:29:31 - [TEST_STEP][PASSED] - switch (n): null

2019-01-24 15:29:31 - [TEST_STEP][PASSED] - case 4:: null

2019-01-24 15:29:31 - [TEST_STEP][PASSED] - robot.keyPress(VK_4): null

2019-01-24 15:29:31 - [TEST_STEP][PASSED] - break: null

2019-01-24 15:29:31 - [TEST_STEP][PASSED] - delay(1): Delayed 1 second(s)

2019-01-24 15:29:32 - [MESSAGE][PASSED] - Delayed 1 second(s)

2019-01-24 15:29:32 - [TEST_STEP][PASSED] - n = Integer.parseInt(rfidCodeArray[i].toString()): null

2019-01-24 15:29:32 - [TEST_STEP][PASSED] - switch (n): null

2019-01-24 15:29:32 - [TEST_STEP][PASSED] - case 0:: null

2019-01-24 15:29:32 - [TEST_STEP][PASSED] - robot.keyPress(VK_0): null

2019-01-24 15:29:32 - [TEST_STEP][PASSED] - break: null

2019-01-24 15:29:32 - [TEST_STEP][PASSED] - delay(1): Delayed 1 second(s)

2019-01-24 15:29:33 - [MESSAGE][PASSED] - Delayed 1 second(s)

2019-01-24 15:29:33 - [TEST_STEP][PASSED] - n = Integer.parseInt(rfidCodeArray[i].toString()): null

2019-01-24 15:29:33 - [TEST_STEP][PASSED] - switch (n): null

2019-01-24 15:29:33 - [TEST_STEP][PASSED] - case 5:: null

2019-01-24 15:29:33 - [TEST_STEP][PASSED] - robot.keyPress(VK_5): null

2019-01-24 15:29:33 - [TEST_STEP][PASSED] - break: null

2019-01-24 15:29:33 - [TEST_STEP][PASSED] - delay(1): Delayed 1 second(s)

2019-01-24 15:29:34 - [MESSAGE][PASSED] - Delayed 1 second(s)

2019-01-24 15:29:34 - [TEST_STEP][PASSED] - n = Integer.parseInt(rfidCodeArray[i].toString()): null

2019-01-24 15:29:34 - [TEST_STEP][PASSED] - switch (n): null

2019-01-24 15:29:34 - [TEST_STEP][PASSED] - case 4:: null

2019-01-24 15:29:34 - [TEST_STEP][PASSED] - robot.keyPress(VK_4): null

2019-01-24 15:29:34 - [TEST_STEP][PASSED] - break: null

2019-01-24 15:29:34 - [TEST_STEP][PASSED] - delay(1): Delayed 1 second(s)

2019-01-24 15:29:35 - [MESSAGE][PASSED] - Delayed 1 second(s)

2019-01-24 15:29:35 - [TEST_STEP][PASSED] - robot.keyPress(VK_ENTER): null

2019-01-24 15:29:35 - [TEST_STEP][FAILED] - try: Unable to verify if object 'Object Repository/Kiosk/Lobby/header' is visible in viewport (Root cause: com.kms.katalon.core.exception.StepFailedException: Object 'Object Repository/Kiosk/Lobby/header' is not present)

2019-01-24 15:29:35 - [TEST_STEP][PASSED] - waitForElementVisible(findTestObject("Kiosk/Lobby/header"), 15): Web element with id: 'Object Repository/Kiosk/Lobby/header' located by 'By.cssSelector: yit-header > div:nth-of-type(1) > div:nth-of-type(2)' not found

2019-01-24 15:29:51 - [MESSAGE][INFO] - Unable to find the element located by 'By.cssSelector: yit-header > div:nth-of-type(1) > div:nth-of-type(2)'. Please recheck the objects properties to make sure the desired element is located. 

2019-01-24 15:29:51 - [MESSAGE][WARNING] - Web element with id: 'Object Repository/Kiosk/Lobby/header' located by 'By.cssSelector: yit-header > div:nth-of-type(1) > div:nth-of-type(2)' not found

2019-01-24 15:29:51 - [TEST_STEP][FAILED] - verifyElementVisibleInViewport(findTestObject("Kiosk/Lobby/header"), 5): Unable to verify if object 'Object Repository/Kiosk/Lobby/header' is visible in viewport (Root cause: com.kms.katalon.core.exception.StepFailedException: Object 'Object Repository/Kiosk/Lobby/header' is not present)

2019-01-24 15:29:56 - [MESSAGE][INFO] - Unable to find the element located by 'By.cssSelector: yit-header > div:nth-of-type(1) > div:nth-of-type(2)'. Please recheck the objects properties to make sure the desired element is located. 

2019-01-24 15:29:56 - [MESSAGE][FAILED] - Object 'Object Repository/Kiosk/Lobby/header' is not present
[[ATTACHMENT|C:\\Users\\leon.b\\Katalon Studio\\Y-IT_TransIT\\Reports\\Production\\Kiosk Sanity Login Test\\20190124_152743\\1548336596293.png]]

2019-01-24 15:29:56 - [MESSAGE][FAILED] - Unable to verify if object 'Object Repository/Kiosk/Lobby/header' is visible in viewport (Root cause: com.kms.katalon.core.exception.StepFailedException: Object 'Object Repository/Kiosk/Lobby/header' is not present)
[[ATTACHMENT|C:\\Users\\leon.b\\Katalon Studio\\Y-IT_TransIT\\Reports\\Production\\Kiosk Sanity Login Test\\20190124_152743\\1548336596643.png]]

2019-01-24 15:29:56 - [TEST_STEP][PASSED] - catch (Exception e): null

2019-01-24 15:29:56 - [TEST_STEP][PASSED] - refresh(): Refresh successfully

2019-01-24 15:29:59 - [MESSAGE][PASSED] - Refresh successfully

2019-01-24 15:29:59 - [TEST_STEP][PASSED] - waitForElementVisible(findTestObject("Kiosk/Login/Rfid/cardImage"), 30): Object 'Object Repository/Kiosk/Login/Rfid/cardImage' is visible

2019-01-24 15:29:59 - [MESSAGE][PASSED] - Object 'Object Repository/Kiosk/Login/Rfid/cardImage' is visible

2019-01-24 15:29:59 - [TEST_STEP][PASSED] - f_logInwithRfid(): null

2019-01-24 15:29:59 - [TEST_STEP][PASSED] - robot = new java.awt.Robot(): null

2019-01-24 15:29:59 - [TEST_STEP][PASSED] - rfidCodeArray = toString().toCharArray(): null

2019-01-24 15:29:59 - [TEST_STEP][PASSED] - delay(5): Delayed 5 second(s)

2019-01-24 15:30:04 - [MESSAGE][PASSED] - Delayed 5 second(s)

2019-01-24 15:30:04 - [TEST_STEP][PASSED] - for ([i = 0, i < length, (i++)]): null

2019-01-24 15:30:04 - [TEST_STEP][PASSED] - delay(1): Delayed 1 second(s)

2019-01-24 15:30:05 - [MESSAGE][PASSED] - Delayed 1 second(s)

2019-01-24 15:30:05 - [TEST_STEP][PASSED] - n = Integer.parseInt(rfidCodeArray[i].toString()): null

2019-01-24 15:30:05 - [TEST_STEP][PASSED] - switch (n): null

2019-01-24 15:30:05 - [TEST_STEP][PASSED] - case 4:: null

2019-01-24 15:30:05 - [TEST_STEP][PASSED] - robot.keyPress(VK_4): null

2019-01-24 15:30:05 - [TEST_STEP][PASSED] - break: null

2019-01-24 15:30:05 - [TEST_STEP][PASSED] - delay(1): Delayed 1 second(s)

2019-01-24 15:30:06 - [MESSAGE][PASSED] - Delayed 1 second(s)

2019-01-24 15:30:06 - [TEST_STEP][PASSED] - n = Integer.parseInt(rfidCodeArray[i].toString()): null

2019-01-24 15:30:06 - [TEST_STEP][PASSED] - switch (n): null

2019-01-24 15:30:06 - [TEST_STEP][PASSED] - case 0:: null

2019-01-24 15:30:06 - [TEST_STEP][PASSED] - robot.keyPress(VK_0): null

2019-01-24 15:30:06 - [TEST_STEP][PASSED] - break: null

2019-01-24 15:30:06 - [TEST_STEP][PASSED] - delay(1): Delayed 1 second(s)

2019-01-24 15:30:07 - [MESSAGE][PASSED] - Delayed 1 second(s)

2019-01-24 15:30:07 - [TEST_STEP][PASSED] - n = Integer.parseInt(rfidCodeArray[i].toString()): null

2019-01-24 15:30:07 - [TEST_STEP][PASSED] - switch (n): null

2019-01-24 15:30:07 - [TEST_STEP][PASSED] - case 5:: null

2019-01-24 15:30:07 - [TEST_STEP][PASSED] - robot.keyPress(VK_5): null

2019-01-24 15:30:07 - [TEST_STEP][PASSED] - break: null

2019-01-24 15:30:07 - [TEST_STEP][PASSED] - delay(1): Delayed 1 second(s)

2019-01-24 15:30:08 - [MESSAGE][PASSED] - Delayed 1 second(s)

2019-01-24 15:30:08 - [TEST_STEP][PASSED] - n = Integer.parseInt(rfidCodeArray[i].toString()): null

2019-01-24 15:30:08 - [TEST_STEP][PASSED] - switch (n): null

2019-01-24 15:30:08 - [TEST_STEP][PASSED] - case 4:: null

2019-01-24 15:30:08 - [TEST_STEP][PASSED] - robot.keyPress(VK_4): null

2019-01-24 15:30:08 - [TEST_STEP][PASSED] - break: null

2019-01-24 15:30:08 - [TEST_STEP][PASSED] - delay(1): Delayed 1 second(s)

2019-01-24 15:30:09 - [MESSAGE][PASSED] - Delayed 1 second(s)

2019-01-24 15:30:09 - [TEST_STEP][PASSED] - robot.keyPress(VK_ENTER): null

2019-01-24 15:30:09 - [TEST_STEP][PASSED] - waitForElementVisible(findTestObject("Kiosk/Lobby/workTicketButton"), 15): Web element with id: 'Object Repository/Kiosk/Lobby/workTicketButton' located by 'By.cssSelector: yit-lobby > div:nth-of-type(1) > div:nth-of-type(2) > div:nth-of-type(1).btn-lubby' not found

2019-01-24 15:30:24 - [MESSAGE][INFO] - Unable to find the element located by 'By.cssSelector: yit-lobby > div:nth-of-type(1) > div:nth-of-type(2) > div:nth-of-type(1).btn-lubby'. Please recheck the objects properties to make sure the desired element is located. 

2019-01-24 15:30:24 - [MESSAGE][WARNING] - Web element with id: 'Object Repository/Kiosk/Lobby/workTicketButton' located by 'By.cssSelector: yit-lobby > div:nth-of-type(1) > div:nth-of-type(2) > div:nth-of-type(1).btn-lubby' not found

2019-01-24 15:30:24 - [TEST_STEP][FAILED] - verifyElementClickable(findTestObject("Kiosk/Lobby/workTicketButton"), STOP_ON_FAILURE): verifyElementClickable(findTestObject("Kiosk/Lobby/workTicketButton"), STOP_ON_FAILURE) FAILED.
Reason:
com.kms.katalon.core.exception.StepFailedException: Unable to verify object 'Object Repository/Kiosk/Lobby/workTicketButton' to be clickable (Root cause: com.kms.katalon.core.exception.StepFailedException: Web element with id: 'Object Repository/Kiosk/Lobby/workTicketButton' located by 'By.cssSelector: yit-lobby > div:nth-of-type(1) > div:nth-of-type(2) > div:nth-of-type(1).btn-lubby' not found)
	at com.kms.katalon.core.keyword.internal.KeywordMain.stepFailed(KeywordMain.groovy:36)
	at com.kms.katalon.core.webui.keyword.internal.WebUIKeywordMain.stepFailed(WebUIKeywordMain.groovy:65)
	at com.kms.katalon.core.webui.keyword.internal.WebUIKeywordMain.runKeyword(WebUIKeywordMain.groovy:27)
	at com.kms.katalon.core.webui.keyword.builtin.VerifyElementClickableKeyword.verifyElementClickable(VerifyElementClickableKeyword.groovy:96)
	at com.kms.katalon.core.webui.keyword.builtin.VerifyElementClickableKeyword.execute(VerifyElementClickableKeyword.groovy:67)
	at com.kms.katalon.core.keyword.internal.KeywordExecutor.executeKeywordForPlatform(KeywordExecutor.groovy:53)
	at com.kms.katalon.core.webui.keyword.WebUiBuiltInKeywords.verifyElementClickable(WebUiBuiltInKeywords.groovy:548)
	at com.kms.katalon.core.webui.keyword.WebUiBuiltInKeywords$verifyElementClickable$5.call(Unknown Source)
	at kiosk rfid.run(kiosk rfid:48)
	at com.kms.katalon.core.main.ScriptEngine.run(ScriptEngine.java:194)
	at com.kms.katalon.core.main.ScriptEngine.runScriptAsRawText(ScriptEngine.java:119)
	at com.kms.katalon.core.main.TestCaseExecutor.runScript(TestCaseExecutor.java:328)
	at com.kms.katalon.core.main.TestCaseExecutor.doExecute(TestCaseExecutor.java:319)
	at com.kms.katalon.core.main.TestCaseExecutor.processExecutionPhase(TestCaseExecutor.java:298)
	at com.kms.katalon.core.main.TestCaseExecutor.accessMainPhase(TestCaseExecutor.java:290)
	at com.kms.katalon.core.main.TestCaseExecutor.execute(TestCaseExecutor.java:224)
	at com.kms.katalon.core.main.TestSuiteExecutor.accessTestCaseMainPhase(TestSuiteExecutor.java:129)
	at com.kms.katalon.core.main.TestSuiteExecutor.accessTestSuiteMainPhase(TestSuiteExecutor.java:112)
	at com.kms.katalon.core.main.TestSuiteExecutor.execute(TestSuiteExecutor.java:81)
	at com.kms.katalon.core.main.TestCaseMain.startTestSuite(TestCaseMain.java:149)
	at com.kms.katalon.core.main.TestCaseMain$startTestSuite$0.call(Unknown Source)
	at TempTestSuite1548336463166.run(TempTestSuite1548336463166.groovy:36)


2019-01-24 15:30:29 - [MESSAGE][INFO] - Unable to find the element located by 'By.cssSelector: yit-lobby > div:nth-of-type(1) > div:nth-of-type(2) > div:nth-of-type(1).btn-lubby'. Please recheck the objects properties to make sure the desired element is located. 

2019-01-24 15:30:30 - [MESSAGE][FAILED] - Web element with id: 'Object Repository/Kiosk/Lobby/workTicketButton' located by 'By.cssSelector: yit-lobby > div:nth-of-type(1) > div:nth-of-type(2) > div:nth-of-type(1).btn-lubby' not found
[[ATTACHMENT|C:\\Users\\leon.b\\Katalon Studio\\Y-IT_TransIT\\Reports\\Production\\Kiosk Sanity Login Test\\20190124_152743\\1548336629839.png]]

2019-01-24 15:30:30 - [MESSAGE][FAILED] - Unable to verify object 'Object Repository/Kiosk/Lobby/workTicketButton' to be clickable (Root cause: com.kms.katalon.core.exception.StepFailedException: Web element with id: 'Object Repository/Kiosk/Lobby/workTicketButton' located by 'By.cssSelector: yit-lobby > div:nth-of-type(1) > div:nth-of-type(2) > div:nth-of-type(1).btn-lubby' not found)
[[ATTACHMENT|C:\\Users\\leon.b\\Katalon Studio\\Y-IT_TransIT\\Reports\\Production\\Kiosk Sanity Login Test\\20190124_152743\\1548336630169.png]]

2019-01-24 15:30:30 - [MESSAGE][FAILED] - verifyElementClickable(findTestObject("Kiosk/Lobby/workTicketButton"), STOP_ON_FAILURE) FAILED.
Reason:
com.kms.katalon.core.exception.StepFailedException: Unable to verify object 'Object Repository/Kiosk/Lobby/workTicketButton' to be clickable (Root cause: com.kms.katalon.core.exception.StepFailedException: Web element with id: 'Object Repository/Kiosk/Lobby/workTicketButton' located by 'By.cssSelector: yit-lobby > div:nth-of-type(1) > div:nth-of-type(2) > div:nth-of-type(1).btn-lubby' not found)
	at com.kms.katalon.core.keyword.internal.KeywordMain.stepFailed(KeywordMain.groovy:36)
	at com.kms.katalon.core.webui.keyword.internal.WebUIKeywordMain.stepFailed(WebUIKeywordMain.groovy:65)
	at com.kms.katalon.core.webui.keyword.internal.WebUIKeywordMain.runKeyword(WebUIKeywordMain.groovy:27)
	at com.kms.katalon.core.webui.keyword.builtin.VerifyElementClickableKeyword.verifyElementClickable(VerifyElementClickableKeyword.groovy:96)
	at com.kms.katalon.core.webui.keyword.builtin.VerifyElementClickableKeyword.execute(VerifyElementClickableKeyword.groovy:67)
	at com.kms.katalon.core.keyword.internal.KeywordExecutor.executeKeywordForPlatform(KeywordExecutor.groovy:53)
	at com.kms.katalon.core.webui.keyword.WebUiBuiltInKeywords.verifyElementClickable(WebUiBuiltInKeywords.groovy:548)
	at com.kms.katalon.core.webui.keyword.WebUiBuiltInKeywords$verifyElementClickable$5.call(Unknown Source)
	at kiosk rfid.run(kiosk rfid:48)
	at com.kms.katalon.core.main.ScriptEngine.run(ScriptEngine.java:194)
	at com.kms.katalon.core.main.ScriptEngine.runScriptAsRawText(ScriptEngine.java:119)
	at com.kms.katalon.core.main.TestCaseExecutor.runScript(TestCaseExecutor.java:328)
	at com.kms.katalon.core.main.TestCaseExecutor.doExecute(TestCaseExecutor.java:319)
	at com.kms.katalon.core.main.TestCaseExecutor.processExecutionPhase(TestCaseExecutor.java:298)
	at com.kms.katalon.core.main.TestCaseExecutor.accessMainPhase(TestCaseExecutor.java:290)
	at com.kms.katalon.core.main.TestCaseExecutor.execute(TestCaseExecutor.java:224)
	at com.kms.katalon.core.main.TestSuiteExecutor.accessTestCaseMainPhase(TestSuiteExecutor.java:129)
	at com.kms.katalon.core.main.TestSuiteExecutor.accessTestSuiteMainPhase(TestSuiteExecutor.java:112)
	at com.kms.katalon.core.main.TestSuiteExecutor.execute(TestSuiteExecutor.java:81)
	at com.kms.katalon.core.main.TestCaseMain.startTestSuite(TestCaseMain.java:149)
	at com.kms.katalon.core.main.TestCaseMain$startTestSuite$0.call(Unknown Source)
	at TempTestSuite1548336463166.run(TempTestSuite1548336463166.groovy:36)]]></system-out>
         <system-err><![CDATA[2019-01-24 15:29:17 - [TEST_CASE][FAILED] - Test Cases/kiosk/kiosk rfid: Test Cases/kiosk/kiosk rfid FAILED.
Reason:
com.kms.katalon.core.exception.StepFailedException: Unable to verify object 'Object Repository/Kiosk/Lobby/workTicketButton' to be clickable (Root cause: com.kms.katalon.core.exception.StepFailedException: Web element with id: 'Object Repository/Kiosk/Lobby/workTicketButton' located by 'By.cssSelector: yit-lobby > div:nth-of-type(1) > div:nth-of-type(2) > div:nth-of-type(1).btn-lubby' not found)
	at com.kms.katalon.core.keyword.internal.KeywordMain.stepFailed(KeywordMain.groovy:36)
	at com.kms.katalon.core.webui.keyword.internal.WebUIKeywordMain.stepFailed(WebUIKeywordMain.groovy:65)
	at com.kms.katalon.core.webui.keyword.internal.WebUIKeywordMain.runKeyword(WebUIKeywordMain.groovy:27)
	at com.kms.katalon.core.webui.keyword.builtin.VerifyElementClickableKeyword.verifyElementClickable(VerifyElementClickableKeyword.groovy:96)
	at com.kms.katalon.core.webui.keyword.builtin.VerifyElementClickableKeyword.execute(VerifyElementClickableKeyword.groovy:67)
	at com.kms.katalon.core.keyword.internal.KeywordExecutor.executeKeywordForPlatform(KeywordExecutor.groovy:53)
	at com.kms.katalon.core.webui.keyword.WebUiBuiltInKeywords.verifyElementClickable(WebUiBuiltInKeywords.groovy:548)
	at com.kms.katalon.core.webui.keyword.WebUiBuiltInKeywords$verifyElementClickable$5.call(Unknown Source)
	at kiosk rfid.run(kiosk rfid:48)
	at com.kms.katalon.core.main.ScriptEngine.run(ScriptEngine.java:194)
	at com.kms.katalon.core.main.ScriptEngine.runScriptAsRawText(ScriptEngine.java:119)
	at com.kms.katalon.core.main.TestCaseExecutor.runScript(TestCaseExecutor.java:328)
	at com.kms.katalon.core.main.TestCaseExecutor.doExecute(TestCaseExecutor.java:319)
	at com.kms.katalon.core.main.TestCaseExecutor.processExecutionPhase(TestCaseExecutor.java:298)
	at com.kms.katalon.core.main.TestCaseExecutor.accessMainPhase(TestCaseExecutor.java:290)
	at com.kms.katalon.core.main.TestCaseExecutor.execute(TestCaseExecutor.java:224)
	at com.kms.katalon.core.main.TestSuiteExecutor.accessTestCaseMainPhase(TestSuiteExecutor.java:129)
	at com.kms.katalon.core.main.TestSuiteExecutor.accessTestSuiteMainPhase(TestSuiteExecutor.java:112)
	at com.kms.katalon.core.main.TestSuiteExecutor.execute(TestSuiteExecutor.java:81)
	at com.kms.katalon.core.main.TestCaseMain.startTestSuite(TestCaseMain.java:149)
	at com.kms.katalon.core.main.TestCaseMain$startTestSuite$0.call(Unknown Source)
	at TempTestSuite1548336463166.run(TempTestSuite1548336463166.groovy:36)]]></system-err>
      </testcase>
      <system-out><![CDATA[2019-01-24 15:27:45 - [TEST_SUITE][FAILED] - Kiosk Sanity Login Test: Test Cases/kiosk/kiosk rfid FAILED.
Reason:
com.kms.katalon.core.exception.StepFailedException: Unable to verify object 'Object Repository/Kiosk/Lobby/workTicketButton' to be clickable (Root cause: com.kms.katalon.core.exception.StepFailedException: Web element with id: 'Object Repository/Kiosk/Lobby/workTicketButton' located by 'By.cssSelector: yit-lobby > div:nth-of-type(1) > div:nth-of-type(2) > div:nth-of-type(1).btn-lubby' not found)
	at com.kms.katalon.core.keyword.internal.KeywordMain.stepFailed(KeywordMain.groovy:36)
	at com.kms.katalon.core.webui.keyword.internal.WebUIKeywordMain.stepFailed(WebUIKeywordMain.groovy:65)
	at com.kms.katalon.core.webui.keyword.internal.WebUIKeywordMain.runKeyword(WebUIKeywordMain.groovy:27)
	at com.kms.katalon.core.webui.keyword.builtin.VerifyElementClickableKeyword.verifyElementClickable(VerifyElementClickableKeyword.groovy:96)
	at com.kms.katalon.core.webui.keyword.builtin.VerifyElementClickableKeyword.execute(VerifyElementClickableKeyword.groovy:67)
	at com.kms.katalon.core.keyword.internal.KeywordExecutor.executeKeywordForPlatform(KeywordExecutor.groovy:53)
	at com.kms.katalon.core.webui.keyword.WebUiBuiltInKeywords.verifyElementClickable(WebUiBuiltInKeywords.groovy:548)
	at com.kms.katalon.core.webui.keyword.WebUiBuiltInKeywords$verifyElementClickable$5.call(Unknown Source)
	at kiosk rfid.run(kiosk rfid:48)
	at com.kms.katalon.core.main.ScriptEngine.run(ScriptEngine.java:194)
	at com.kms.katalon.core.main.ScriptEngine.runScriptAsRawText(ScriptEngine.java:119)
	at com.kms.katalon.core.main.TestCaseExecutor.runScript(TestCaseExecutor.java:328)
	at com.kms.katalon.core.main.TestCaseExecutor.doExecute(TestCaseExecutor.java:319)
	at com.kms.katalon.core.main.TestCaseExecutor.processExecutionPhase(TestCaseExecutor.java:298)
	at com.kms.katalon.core.main.TestCaseExecutor.accessMainPhase(TestCaseExecutor.java:290)
	at com.kms.katalon.core.main.TestCaseExecutor.execute(TestCaseExecutor.java:224)
	at com.kms.katalon.core.main.TestSuiteExecutor.accessTestCaseMainPhase(TestSuiteExecutor.java:129)
	at com.kms.katalon.core.main.TestSuiteExecutor.accessTestSuiteMainPhase(TestSuiteExecutor.java:112)
	at com.kms.katalon.core.main.TestSuiteExecutor.execute(TestSuiteExecutor.java:81)
	at com.kms.katalon.core.main.TestCaseMain.startTestSuite(TestCaseMain.java:149)
	at com.kms.katalon.core.main.TestCaseMain$startTestSuite$0.call(Unknown Source)
	at TempTestSuite1548336463166.run(TempTestSuite1548336463166.groovy:36)]]></system-out>
      <system-err><![CDATA[2019-01-24 15:27:45 - [TEST_SUITE][FAILED] - Kiosk Sanity Login Test: Test Cases/kiosk/kiosk rfid FAILED.
Reason:
com.kms.katalon.core.exception.StepFailedException: Unable to verify object 'Object Repository/Kiosk/Lobby/workTicketButton' to be clickable (Root cause: com.kms.katalon.core.exception.StepFailedException: Web element with id: 'Object Repository/Kiosk/Lobby/workTicketButton' located by 'By.cssSelector: yit-lobby > div:nth-of-type(1) > div:nth-of-type(2) > div:nth-of-type(1).btn-lubby' not found)
	at com.kms.katalon.core.keyword.internal.KeywordMain.stepFailed(KeywordMain.groovy:36)
	at com.kms.katalon.core.webui.keyword.internal.WebUIKeywordMain.stepFailed(WebUIKeywordMain.groovy:65)
	at com.kms.katalon.core.webui.keyword.internal.WebUIKeywordMain.runKeyword(WebUIKeywordMain.groovy:27)
	at com.kms.katalon.core.webui.keyword.builtin.VerifyElementClickableKeyword.verifyElementClickable(VerifyElementClickableKeyword.groovy:96)
	at com.kms.katalon.core.webui.keyword.builtin.VerifyElementClickableKeyword.execute(VerifyElementClickableKeyword.groovy:67)
	at com.kms.katalon.core.keyword.internal.KeywordExecutor.executeKeywordForPlatform(KeywordExecutor.groovy:53)
	at com.kms.katalon.core.webui.keyword.WebUiBuiltInKeywords.verifyElementClickable(WebUiBuiltInKeywords.groovy:548)
	at com.kms.katalon.core.webui.keyword.WebUiBuiltInKeywords$verifyElementClickable$5.call(Unknown Source)
	at kiosk rfid.run(kiosk rfid:48)
	at com.kms.katalon.core.main.ScriptEngine.run(ScriptEngine.java:194)
	at com.kms.katalon.core.main.ScriptEngine.runScriptAsRawText(ScriptEngine.java:119)
	at com.kms.katalon.core.main.TestCaseExecutor.runScript(TestCaseExecutor.java:328)
	at com.kms.katalon.core.main.TestCaseExecutor.doExecute(TestCaseExecutor.java:319)
	at com.kms.katalon.core.main.TestCaseExecutor.processExecutionPhase(TestCaseExecutor.java:298)
	at com.kms.katalon.core.main.TestCaseExecutor.accessMainPhase(TestCaseExecutor.java:290)
	at com.kms.katalon.core.main.TestCaseExecutor.execute(TestCaseExecutor.java:224)
	at com.kms.katalon.core.main.TestSuiteExecutor.accessTestCaseMainPhase(TestSuiteExecutor.java:129)
	at com.kms.katalon.core.main.TestSuiteExecutor.accessTestSuiteMainPhase(TestSuiteExecutor.java:112)
	at com.kms.katalon.core.main.TestSuiteExecutor.execute(TestSuiteExecutor.java:81)
	at com.kms.katalon.core.main.TestCaseMain.startTestSuite(TestCaseMain.java:149)
	at com.kms.katalon.core.main.TestCaseMain$startTestSuite$0.call(Unknown Source)
	at TempTestSuite1548336463166.run(TempTestSuite1548336463166.groovy:36)]]></system-err>
   </testsuite>
</testsuites>
