<?xml version="1.0" encoding="UTF-8"?>
<testsuites name="12-11-2018" time="127" tests="3" failures="1" errors="0">
   <testsuite name="12-11-2018" tests="3" failures="1" errors="0" time="127" timestamp="2018-11-21 10:34:49" hostname="leon.b - QA-PC.Y-it.Local" id="Test Suites/Presentation/12-11-2018">
      <properties>
         <property name="deviceName" value=""/>
         <property name="devicePlatform" value=""/>
         <property name="logFolder" value="C:\\Users\\leon.b\\Katalon Studio\\Y-IT_TransIT\\Reports\\Presentation\\12-11-2018\\20181121_103446"/>
         <property name="logFiles" value="C:\\Users\\leon.b\\Katalon Studio\\Y-IT_TransIT\\Reports\\Presentation\\12-11-2018\\20181121_103446\\execution0.log"/>
         <property name="attachments" value="C:\\Users\\leon.b\\Katalon Studio\\Y-IT_TransIT\\Reports\\Presentation\\12-11-2018\\20181121_103446\\1542789366130.png, C:\\Users\\leon.b\\Katalon Studio\\Y-IT_TransIT\\Reports\\Presentation\\12-11-2018\\20181121_103446\\1542789415620.png"/>
         <property name="hostName" value="leon.b - QA-PC.Y-it.Local"/>
         <property name="os" value="Windows 10 64bit"/>
         <property name="katalonVersion" value="5.8.6.1"/>
         <property name="browser" value="Chrome 70.0.3538.102"/>
         <property name="hostAddress" value="192.168.1.145"/>
         <property name="sessionId" value="13b0650e6223de700f4ee8013835d91a"/>
         <property name="seleniumVersion" value="3.7.1"/>
         <property name="proxyInformation" value="ProxyInformation{proxyOption=NO_PROXY, proxyServerType=HTTP, password=, proxyServerAddress=, proxyServerPort=0}"/>
         <property name="platform" value="Windows 10"/>
      </properties>
      <testcase name="Test Cases/Basic/Log In" classname="Test Cases/Basic/Log In" status="PASSED">
         <system-out><![CDATA[2018-11-21 10:34:49 - [TEST_CASE][PASSED] - Test Cases/Basic/Log In: Test Cases/Basic/Log In

2018-11-21 10:34:49 - [TEST_STEP][PASSED] - login.c_login.logIn: login.c_login.logIn is PASSED

2018-11-21 10:35:01 - [MESSAGE][PASSED] - Browser is opened with url: 'https://aws_test.y-it.co.il/#/login'

2018-11-21 10:35:03 - [MESSAGE][PASSED] - Current window maximized

2018-11-21 10:35:03 - [MESSAGE][PASSED] - Text 'admin' is set on object 'Object Repository/Y-IT Log In/input_ _userName'

2018-11-21 10:35:03 - [MESSAGE][PASSED] - Text ****** has been set on object 'Object Repository/Y-IT Log In/input_ _password'

2018-11-21 10:35:03 - [MESSAGE][PASSED] - Object: 'Object Repository/Y-IT Log In/input_  _submit' is clicked on

2018-11-21 10:35:03 - [MESSAGE][PASSED] - login.c_login.logIn is PASSED

2018-11-21 10:35:03 - [TEST_STEP][PASSED] - waitForElementPresent: Object 'Object Repository/Nav Bar/catalogues' is present

2018-11-21 10:35:07 - [MESSAGE][PASSED] - Object 'Object Repository/Nav Bar/catalogues' is present

2018-11-21 10:35:07 - [TEST_STEP][PASSED] - delay: Delayed 1 second(s)

2018-11-21 10:35:08 - [MESSAGE][PASSED] - Delayed 1 second(s)

2018-11-21 10:35:08 - [TEST_STEP][PASSED] - click: Object: 'Object Repository/Nav Bar/catalogues' is clicked on

2018-11-21 10:35:08 - [MESSAGE][PASSED] - Object: 'Object Repository/Nav Bar/catalogues' is clicked on

2018-11-21 10:35:08 - [TEST_STEP][PASSED] - delay: Delayed 1 second(s)

2018-11-21 10:35:09 - [MESSAGE][PASSED] - Delayed 1 second(s)

2018-11-21 10:35:09 - [TEST_STEP][PASSED] - closeBrowser: Browser is closed

2018-11-21 10:35:10 - [MESSAGE][PASSED] - Browser is closed]]></system-out>
         <system-err><![CDATA[]]></system-err>
      </testcase>
      <testcase name="Test Cases/Basic/Config Change" classname="Test Cases/Basic/Config Change" status="PASSED">
         <system-out><![CDATA[2018-11-21 10:35:10 - [TEST_CASE][PASSED] - Test Cases/Basic/Config Change: Test Cases/Basic/Config Change

2018-11-21 10:35:10 - [TEST_STEP][PASSED] - Statement - randomNumberInt = java.lang.Math.floor(java.lang.Math.random() * 999 - 100 + 1) + 100: null

2018-11-21 10:35:10 - [TEST_STEP][PASSED] - Statement - randomNumber = randomNumberInt.toString(): null

2018-11-21 10:35:10 - [TEST_STEP][PASSED] - login.c_login.logIn: login.c_login.logIn is PASSED

2018-11-21 10:35:23 - [MESSAGE][PASSED] - Browser is opened with url: 'https://aws_test.y-it.co.il/#/login'

2018-11-21 10:35:24 - [MESSAGE][PASSED] - Current window maximized

2018-11-21 10:35:24 - [MESSAGE][PASSED] - Text 'admin' is set on object 'Object Repository/Y-IT Log In/input_ _userName'

2018-11-21 10:35:24 - [MESSAGE][PASSED] - Text ****** has been set on object 'Object Repository/Y-IT Log In/input_ _password'

2018-11-21 10:35:24 - [MESSAGE][PASSED] - Object: 'Object Repository/Y-IT Log In/input_  _submit' is clicked on

2018-11-21 10:35:24 - [MESSAGE][PASSED] - login.c_login.logIn is PASSED

2018-11-21 10:35:24 - [TEST_STEP][PASSED] - waitForElementPresent: Object 'Object Repository/Nav Bar/settings' is present

2018-11-21 10:35:29 - [MESSAGE][PASSED] - Object 'Object Repository/Nav Bar/settings' is present

2018-11-21 10:35:29 - [TEST_STEP][PASSED] - delay: Delayed 1 second(s)

2018-11-21 10:35:30 - [MESSAGE][PASSED] - Delayed 1 second(s)

2018-11-21 10:35:30 - [TEST_STEP][PASSED] - click: Object: 'Object Repository/Nav Bar/settings' is clicked on

2018-11-21 10:35:30 - [MESSAGE][PASSED] - Object: 'Object Repository/Nav Bar/settings' is clicked on

2018-11-21 10:35:30 - [TEST_STEP][PASSED] - Statement - Try: Object: 'Object Repository/Nav Bar/Nav Bar Settings/system Preferences' is clicked on

2018-11-21 10:35:30 - [TEST_STEP][PASSED] - click: Object: 'Object Repository/Nav Bar/Nav Bar Settings/system Preferences' is clicked on

2018-11-21 10:35:31 - [MESSAGE][PASSED] - Object: 'Object Repository/Nav Bar/Nav Bar Settings/system Preferences' is clicked on

2018-11-21 10:35:31 - [TEST_STEP][PASSED] - Statement - Try: Text '' is set on object 'Object Repository/System Preferences/System/General/fax_Zip_Code'

2018-11-21 10:35:31 - [TEST_STEP][PASSED] - waitForElementClickable: Object 'Object Repository/System Preferences/System/General/fax_Zip_Code' is clickable

2018-11-21 10:35:32 - [MESSAGE][PASSED] - Object 'Object Repository/System Preferences/System/General/fax_Zip_Code' is clickable

2018-11-21 10:35:32 - [TEST_STEP][PASSED] - setText: Text '' is set on object 'Object Repository/System Preferences/System/General/fax_Zip_Code'

2018-11-21 10:35:32 - [MESSAGE][PASSED] - Text '' is set on object 'Object Repository/System Preferences/System/General/fax_Zip_Code'

2018-11-21 10:35:32 - [TEST_STEP][PASSED] - delay: Delayed 2 second(s)

2018-11-21 10:35:34 - [MESSAGE][PASSED] - Delayed 2 second(s)

2018-11-21 10:35:34 - [TEST_STEP][PASSED] - Statement - checkValue = com.kms.katalon.core.webui.keyword.WebUiBuiltInKeywords.getText(com.kms.katalon.core.testobject.ObjectRepository.findTestObject(System Preferences/System/General/fax_Zip_Code)): Text of object 'Object Repository/System Preferences/System/General/fax_Zip_Code' is: ''

2018-11-21 10:35:34 - [MESSAGE][PASSED] - Text of object 'Object Repository/System Preferences/System/General/fax_Zip_Code' is: ''

2018-11-21 10:35:34 - [TEST_STEP][PASSED] - Statement - i = 0: null

2018-11-21 10:35:34 - [TEST_STEP][PASSED] - Statement - While (checkValue && i < 10): null

2018-11-21 10:35:34 - [TEST_STEP][PASSED] - setText: Text '721' is set on object 'Object Repository/System Preferences/System/General/fax_Zip_Code'

2018-11-21 10:35:35 - [MESSAGE][PASSED] - Text '721' is set on object 'Object Repository/System Preferences/System/General/fax_Zip_Code'

2018-11-21 10:35:35 - [TEST_STEP][PASSED] - delay: Delayed 1 second(s)

2018-11-21 10:35:36 - [MESSAGE][PASSED] - Delayed 1 second(s)

2018-11-21 10:35:36 - [TEST_STEP][PASSED] - click: Object: 'Object Repository/System Preferences/settings Save' is clicked on

2018-11-21 10:35:36 - [MESSAGE][PASSED] - Object: 'Object Repository/System Preferences/settings Save' is clicked on

2018-11-21 10:35:36 - [TEST_STEP][PASSED] - delay: Delayed 1 second(s)

2018-11-21 10:35:37 - [MESSAGE][PASSED] - Delayed 1 second(s)

2018-11-21 10:35:37 - [TEST_STEP][PASSED] - click: Object: 'Object Repository/System Preferences/settings Close' is clicked on

2018-11-21 10:35:37 - [MESSAGE][PASSED] - Object: 'Object Repository/System Preferences/settings Close' is clicked on

2018-11-21 10:35:37 - [TEST_STEP][PASSED] - delay: Delayed 1 second(s)

2018-11-21 10:35:38 - [MESSAGE][PASSED] - Delayed 1 second(s)

2018-11-21 10:35:38 - [TEST_STEP][PASSED] - click: Object: 'Object Repository/Nav Bar/settings' is clicked on

2018-11-21 10:35:38 - [MESSAGE][PASSED] - Object: 'Object Repository/Nav Bar/settings' is clicked on

2018-11-21 10:35:38 - [TEST_STEP][PASSED] - Statement - Try: Object: 'Object Repository/Nav Bar/Nav Bar Settings/system Preferences' is clicked on

2018-11-21 10:35:38 - [TEST_STEP][PASSED] - click: Object: 'Object Repository/Nav Bar/Nav Bar Settings/system Preferences' is clicked on

2018-11-21 10:35:39 - [MESSAGE][PASSED] - Object: 'Object Repository/Nav Bar/Nav Bar Settings/system Preferences' is clicked on

2018-11-21 10:35:39 - [TEST_STEP][PASSED] - Statement - Try: Execute JavaScript 'alert(`Fax zip code containes: ` + arguments[0])' successfully

2018-11-21 10:35:39 - [TEST_STEP][PASSED] - waitForElementClickable: Object 'Object Repository/System Preferences/System/General/fax_Zip_Code' is clickable

2018-11-21 10:35:39 - [MESSAGE][PASSED] - Object 'Object Repository/System Preferences/System/General/fax_Zip_Code' is clickable

2018-11-21 10:35:39 - [TEST_STEP][PASSED] - delay: Delayed 1 second(s)

2018-11-21 10:35:40 - [MESSAGE][PASSED] - Delayed 1 second(s)

2018-11-21 10:35:40 - [TEST_STEP][PASSED] - Statement - If (com.kms.katalon.core.webui.keyword.WebUiBuiltInKeywords.verifyElementAttributeValue(com.kms.katalon.core.testobject.ObjectRepository.findTestObject(System Preferences/System/General/fax_Zip_Code), "value", randomNumber, 0)): Execute JavaScript 'alert(`Fax zip code containes: ` + arguments[0])' successfully

2018-11-21 10:35:40 - [MESSAGE][WARNING] - Timeout '0' is invalid. Using default page load timeout: '15'

2018-11-21 10:35:40 - [MESSAGE][PASSED] - Object 'Object Repository/System Preferences/System/General/fax_Zip_Code' has attribute 'value' with value '721'

2018-11-21 10:35:40 - [TEST_STEP][PASSED] - delay: Delayed 1 second(s)

2018-11-21 10:35:41 - [MESSAGE][PASSED] - Delayed 1 second(s)

2018-11-21 10:35:41 - [TEST_STEP][PASSED] - executeJavaScript: Execute JavaScript 'alert(`Fax zip code containes: ` + arguments[0])' successfully

2018-11-21 10:35:41 - [MESSAGE][PASSED] - Execute JavaScript 'alert(`Fax zip code containes: ` + arguments[0])' successfully

2018-11-21 10:35:41 - [TEST_STEP][PASSED] - delay: Delayed 5 second(s)

2018-11-21 10:35:46 - [MESSAGE][PASSED] - Delayed 5 second(s)

2018-11-21 10:35:46 - [TEST_STEP][PASSED] - acceptAlert: Alert accepted

2018-11-21 10:35:46 - [MESSAGE][PASSED] - Alert accepted

2018-11-21 10:35:46 - [TEST_STEP][PASSED] - closeBrowser: Browser is closed

2018-11-21 10:35:47 - [MESSAGE][PASSED] - Browser is closed]]></system-out>
         <system-err><![CDATA[]]></system-err>
      </testcase>
      <testcase name="Test Cases/Entities Creator/Create Personnel" classname="Test Cases/Entities Creator/Create Personnel" status="PASSED">
         <system-out><![CDATA[2018-11-21 10:35:47 - [TEST_CASE][PASSED] - Test Cases/Entities Creator/Create Personnel: Test Cases/Entities Creator/Create Personnel

2018-11-21 10:35:47 - [TEST_STEP][PASSED] - Statement - nowStr = CustomKeywords.newDate.c_nowStr.getNowStr(): newDate.c_nowStr.getNowStr is PASSED

2018-11-21 10:35:47 - [MESSAGE][PASSED] - newDate.c_nowStr.getNowStr is PASSED

2018-11-21 10:35:47 - [TEST_STEP][PASSED] - Statement - city = CustomKeywords.address.c_address.getCity(): address.c_address.getCity is PASSED

2018-11-21 10:35:47 - [MESSAGE][PASSED] - address.c_address.getCity is PASSED

2018-11-21 10:35:47 - [TEST_STEP][PASSED] - Statement - street = CustomKeywords.address.c_address.getStreet(): address.c_address.getStreet is PASSED

2018-11-21 10:35:47 - [MESSAGE][PASSED] - address.c_address.getStreet is PASSED

2018-11-21 10:35:47 - [TEST_STEP][PASSED] - Statement - houseNum = CustomKeywords.address.c_address.getHouseNum(): address.c_address.getHouseNum is PASSED

2018-11-21 10:35:47 - [MESSAGE][PASSED] - address.c_address.getHouseNum is PASSED

2018-11-21 10:35:47 - [TEST_STEP][PASSED] - Statement - apartmentNum = CustomKeywords.address.c_address.getApartmentNum(): address.c_address.getApartmentNum is PASSED

2018-11-21 10:35:47 - [MESSAGE][PASSED] - address.c_address.getApartmentNum is PASSED

2018-11-21 10:35:47 - [TEST_STEP][PASSED] - Statement - entrance = CustomKeywords.address.c_address.getEntrance(): address.c_address.getEntrance is PASSED

2018-11-21 10:35:47 - [MESSAGE][PASSED] - address.c_address.getEntrance is PASSED

2018-11-21 10:35:47 - [TEST_STEP][PASSED] - Statement - mailbox = CustomKeywords.address.c_address.getMailbox(): address.c_address.getMailbox is PASSED

2018-11-21 10:35:47 - [MESSAGE][PASSED] - address.c_address.getMailbox is PASSED

2018-11-21 10:35:47 - [TEST_STEP][PASSED] - Statement - zipCode = CustomKeywords.address.c_address.getZipCode(): address.c_address.getZipCode is PASSED

2018-11-21 10:35:47 - [MESSAGE][PASSED] - address.c_address.getZipCode is PASSED

2018-11-21 10:35:47 - [TEST_STEP][PASSED] - Statement - email = CustomKeywords.communication.c_communication.getEmail(): communication.c_communication.getEmail is PASSED

2018-11-21 10:35:47 - [MESSAGE][PASSED] - communication.c_communication.getEmail is PASSED

2018-11-21 10:35:47 - [TEST_STEP][PASSED] - Statement - mobilePhone = CustomKeywords.communication.c_communication.getMobilePhone(): communication.c_communication.getMobilePhone is PASSED

2018-11-21 10:35:47 - [MESSAGE][PASSED] - communication.c_communication.getMobilePhone is PASSED

2018-11-21 10:35:47 - [TEST_STEP][PASSED] - Statement - homePhone = CustomKeywords.communication.c_communication.getHomePhone(): communication.c_communication.getHomePhone is PASSED

2018-11-21 10:35:47 - [MESSAGE][PASSED] - communication.c_communication.getHomePhone is PASSED

2018-11-21 10:35:47 - [TEST_STEP][PASSED] - Statement - officePhone = CustomKeywords.communication.c_communication.getOfficePhone(): communication.c_communication.getOfficePhone is PASSED

2018-11-21 10:35:47 - [MESSAGE][PASSED] - communication.c_communication.getOfficePhone is PASSED

2018-11-21 10:35:47 - [TEST_STEP][PASSED] - Statement - phoneExten = CustomKeywords.communication.c_communication.getPhoneExten(): communication.c_communication.getPhoneExten is PASSED

2018-11-21 10:35:47 - [MESSAGE][PASSED] - communication.c_communication.getPhoneExten is PASSED

2018-11-21 10:35:47 - [TEST_STEP][PASSED] - Statement - faxNum = CustomKeywords.communication.c_communication.getFaxNum(): communication.c_communication.getFaxNum is PASSED

2018-11-21 10:35:47 - [MESSAGE][PASSED] - communication.c_communication.getFaxNum is PASSED

2018-11-21 10:35:47 - [TEST_STEP][PASSED] - login.c_login.logIn: login.c_login.logIn is PASSED

2018-11-21 10:35:58 - [MESSAGE][PASSED] - Browser is opened with url: 'https://aws_test.y-it.co.il/#/login'

2018-11-21 10:35:59 - [MESSAGE][PASSED] - Current window maximized

2018-11-21 10:35:59 - [MESSAGE][PASSED] - Text 'admin' is set on object 'Object Repository/Y-IT Log In/input_ _userName'

2018-11-21 10:35:59 - [MESSAGE][PASSED] - Text ****** has been set on object 'Object Repository/Y-IT Log In/input_ _password'

2018-11-21 10:35:59 - [MESSAGE][PASSED] - Object: 'Object Repository/Y-IT Log In/input_  _submit' is clicked on

2018-11-21 10:35:59 - [MESSAGE][PASSED] - login.c_login.logIn is PASSED

2018-11-21 10:35:59 - [TEST_STEP][PASSED] - waitForElementPresent: Object 'Object Repository/Nav Bar/catalogues' is present

2018-11-21 10:36:03 - [MESSAGE][PASSED] - Object 'Object Repository/Nav Bar/catalogues' is present

2018-11-21 10:36:03 - [TEST_STEP][PASSED] - delay: Delayed 1 second(s)

2018-11-21 10:36:04 - [MESSAGE][PASSED] - Delayed 1 second(s)

2018-11-21 10:36:04 - [TEST_STEP][PASSED] - click: Object: 'Object Repository/Nav Bar/catalogues' is clicked on

2018-11-21 10:36:05 - [MESSAGE][PASSED] - Object: 'Object Repository/Nav Bar/catalogues' is clicked on

2018-11-21 10:36:05 - [TEST_STEP][PASSED] - delay: Delayed 1 second(s)

2018-11-21 10:36:06 - [MESSAGE][PASSED] - Delayed 1 second(s)

2018-11-21 10:36:06 - [TEST_STEP][FAILED] - Statement - Try: Unable to click on object 'Object Repository/Nav Bar Catalogues/personnel' (Root cause: org.openqa.selenium.ElementNotVisibleException: element not interactable
  (Session info: chrome=70.0.3538.102)
  (Driver info: chromedriver=2.43.600210 (68dcf5eebde37173d4027fa8635e332711d2874a),platform=Windows NT 10.0.17134 x86_64) (WARNING: The server did not provide any stacktrace information)
Command duration or timeout: 0 milliseconds
Build info: version: '3.7.1', revision: '8a0099a', time: '2017-11-06T21:07:36.161Z'
System info: host: 'QA-PC', ip: '192.168.1.145', os.name: 'Windows 10', os.arch: 'amd64', os.version: '10.0', java.version: '1.8.0_181'
Driver info: com.kms.katalon.selenium.driver.CChromeDriver
Capabilities {acceptInsecureCerts: false, acceptSslCerts: false, applicationCacheEnabled: false, browserConnectionEnabled: false, browserName: chrome, chrome: {chromedriverVersion: 2.43.600210 (68dcf5eebde371..., userDataDir: C:\Users\leon.b\AppData\Loc...}, cssSelectorsEnabled: true, databaseEnabled: false, goog:chromeOptions: {debuggerAddress: localhost:53445}, handlesAlerts: true, hasTouchScreen: false, javascriptEnabled: true, locationContextEnabled: true, mobileEmulationEnabled: false, nativeEvents: true, networkConnectionEnabled: false, pageLoadStrategy: normal, platform: XP, platformName: XP, rotatable: false, setWindowRect: true, takesHeapSnapshot: true, takesScreenshot: true, unexpectedAlertBehaviour: , unhandledPromptBehavior: , version: 70.0.3538.102, webStorageEnabled: true}
Session ID: 813d84cfca23d282ccd1860bd7100003)

2018-11-21 10:36:06 - [TEST_STEP][FAILED] - click: Unable to click on object 'Object Repository/Nav Bar Catalogues/personnel' (Root cause: org.openqa.selenium.ElementNotVisibleException: element not interactable
  (Session info: chrome=70.0.3538.102)
  (Driver info: chromedriver=2.43.600210 (68dcf5eebde37173d4027fa8635e332711d2874a),platform=Windows NT 10.0.17134 x86_64) (WARNING: The server did not provide any stacktrace information)
Command duration or timeout: 0 milliseconds
Build info: version: '3.7.1', revision: '8a0099a', time: '2017-11-06T21:07:36.161Z'
System info: host: 'QA-PC', ip: '192.168.1.145', os.name: 'Windows 10', os.arch: 'amd64', os.version: '10.0', java.version: '1.8.0_181'
Driver info: com.kms.katalon.selenium.driver.CChromeDriver
Capabilities {acceptInsecureCerts: false, acceptSslCerts: false, applicationCacheEnabled: false, browserConnectionEnabled: false, browserName: chrome, chrome: {chromedriverVersion: 2.43.600210 (68dcf5eebde371..., userDataDir: C:\Users\leon.b\AppData\Loc...}, cssSelectorsEnabled: true, databaseEnabled: false, goog:chromeOptions: {debuggerAddress: localhost:53445}, handlesAlerts: true, hasTouchScreen: false, javascriptEnabled: true, locationContextEnabled: true, mobileEmulationEnabled: false, nativeEvents: true, networkConnectionEnabled: false, pageLoadStrategy: normal, platform: XP, platformName: XP, rotatable: false, setWindowRect: true, takesHeapSnapshot: true, takesScreenshot: true, unexpectedAlertBehaviour: , unhandledPromptBehavior: , version: 70.0.3538.102, webStorageEnabled: true}
Session ID: 813d84cfca23d282ccd1860bd7100003)

2018-11-21 10:36:06 - [MESSAGE][FAILED] - Unable to click on object 'Object Repository/Nav Bar Catalogues/personnel' (Root cause: org.openqa.selenium.ElementNotVisibleException: element not interactable
  (Session info: chrome=70.0.3538.102)
  (Driver info: chromedriver=2.43.600210 (68dcf5eebde37173d4027fa8635e332711d2874a),platform=Windows NT 10.0.17134 x86_64) (WARNING: The server did not provide any stacktrace information)
Command duration or timeout: 0 milliseconds
Build info: version: '3.7.1', revision: '8a0099a', time: '2017-11-06T21:07:36.161Z'
System info: host: 'QA-PC', ip: '192.168.1.145', os.name: 'Windows 10', os.arch: 'amd64', os.version: '10.0', java.version: '1.8.0_181'
Driver info: com.kms.katalon.selenium.driver.CChromeDriver
Capabilities {acceptInsecureCerts: false, acceptSslCerts: false, applicationCacheEnabled: false, browserConnectionEnabled: false, browserName: chrome, chrome: {chromedriverVersion: 2.43.600210 (68dcf5eebde371..., userDataDir: C:\Users\leon.b\AppData\Loc...}, cssSelectorsEnabled: true, databaseEnabled: false, goog:chromeOptions: {debuggerAddress: localhost:53445}, handlesAlerts: true, hasTouchScreen: false, javascriptEnabled: true, locationContextEnabled: true, mobileEmulationEnabled: false, nativeEvents: true, networkConnectionEnabled: false, pageLoadStrategy: normal, platform: XP, platformName: XP, rotatable: false, setWindowRect: true, takesHeapSnapshot: true, takesScreenshot: true, unexpectedAlertBehaviour: , unhandledPromptBehavior: , version: 70.0.3538.102, webStorageEnabled: true}
Session ID: 813d84cfca23d282ccd1860bd7100003)
[[ATTACHMENT|C:\\Users\\leon.b\\Katalon Studio\\Y-IT_TransIT\\Reports\\Presentation\\12-11-2018\\20181121_103446\\1542789366130.png]]

2018-11-21 10:36:06 - [TEST_STEP][PASSED] - Statement - Catch (Exception e): Object: 'Object Repository/Nav Bar Catalogues/personnel' is clicked on

2018-11-21 10:36:06 - [TEST_STEP][PASSED] - click: Object: 'Object Repository/Nav Bar/catalogues' is clicked on

2018-11-21 10:36:06 - [MESSAGE][PASSED] - Object: 'Object Repository/Nav Bar/catalogues' is clicked on

2018-11-21 10:36:06 - [TEST_STEP][PASSED] - delay: Delayed 1 second(s)

2018-11-21 10:36:07 - [MESSAGE][PASSED] - Delayed 1 second(s)

2018-11-21 10:36:07 - [TEST_STEP][PASSED] - click: Object: 'Object Repository/Nav Bar Catalogues/personnel' is clicked on

2018-11-21 10:36:07 - [MESSAGE][PASSED] - Object: 'Object Repository/Nav Bar Catalogues/personnel' is clicked on

2018-11-21 10:36:07 - [TEST_STEP][PASSED] - Statement - Try: Object: 'Object Repository/Indexes/Personnel Index/add Personnel' is clicked on

2018-11-21 10:36:07 - [TEST_STEP][PASSED] - delay: Delayed 1 second(s)

2018-11-21 10:36:08 - [MESSAGE][PASSED] - Delayed 1 second(s)

2018-11-21 10:36:08 - [TEST_STEP][PASSED] - waitForElementPresent: Object 'Object Repository/Indexes/Personnel Index/add Personnel' is present

2018-11-21 10:36:08 - [MESSAGE][PASSED] - Object 'Object Repository/Indexes/Personnel Index/add Personnel' is present

2018-11-21 10:36:08 - [TEST_STEP][PASSED] - delay: Delayed 1 second(s)

2018-11-21 10:36:09 - [MESSAGE][PASSED] - Delayed 1 second(s)

2018-11-21 10:36:09 - [TEST_STEP][PASSED] - click: Object: 'Object Repository/Indexes/Personnel Index/add Personnel' is clicked on

2018-11-21 10:36:09 - [MESSAGE][PASSED] - Object: 'Object Repository/Indexes/Personnel Index/add Personnel' is clicked on

2018-11-21 10:36:09 - [TEST_STEP][PASSED] - delay: Delayed 1 second(s)

2018-11-21 10:36:11 - [MESSAGE][PASSED] - Delayed 1 second(s)

2018-11-21 10:36:11 - [TEST_STEP][PASSED] - setText: Text '20181121103547' is set on object 'Object Repository/General/first Name'

2018-11-21 10:36:12 - [MESSAGE][PASSED] - Text '20181121103547' is set on object 'Object Repository/General/first Name'

2018-11-21 10:36:12 - [TEST_STEP][PASSED] - setText: Text 'קטלון' is set on object 'Object Repository/General/last Name'

2018-11-21 10:36:12 - [MESSAGE][PASSED] - Text 'קטלון' is set on object 'Object Repository/General/last Name'

2018-11-21 10:36:12 - [TEST_STEP][PASSED] - setText: Text 'רחובות' is set on object 'Object Repository/General/city'

2018-11-21 10:36:13 - [MESSAGE][PASSED] - Text 'רחובות' is set on object 'Object Repository/General/city'

2018-11-21 10:36:13 - [TEST_STEP][PASSED] - setText: Text 'יעקב הלל' is set on object 'Object Repository/General/street'

2018-11-21 10:36:13 - [MESSAGE][PASSED] - Text 'יעקב הלל' is set on object 'Object Repository/General/street'

2018-11-21 10:36:13 - [TEST_STEP][PASSED] - setText: Text '6' is set on object 'Object Repository/General/house Number'

2018-11-21 10:36:13 - [MESSAGE][PASSED] - Text '6' is set on object 'Object Repository/General/house Number'

2018-11-21 10:36:13 - [TEST_STEP][PASSED] - setText: Text '1' is set on object 'Object Repository/General/entrance'

2018-11-21 10:36:14 - [MESSAGE][PASSED] - Text '1' is set on object 'Object Repository/General/entrance'

2018-11-21 10:36:14 - [TEST_STEP][PASSED] - setText: Text '5' is set on object 'Object Repository/General/apartment Number'

2018-11-21 10:36:14 - [MESSAGE][PASSED] - Text '5' is set on object 'Object Repository/General/apartment Number'

2018-11-21 10:36:14 - [TEST_STEP][PASSED] - setText: Text '66776' is set on object 'Object Repository/General/mailbox'

2018-11-21 10:36:14 - [MESSAGE][PASSED] - Text '66776' is set on object 'Object Repository/General/mailbox'

2018-11-21 10:36:14 - [TEST_STEP][PASSED] - setText: Text '123' is set on object 'Object Repository/General/zip Code'

2018-11-21 10:36:14 - [MESSAGE][PASSED] - Text '123' is set on object 'Object Repository/General/zip Code'

2018-11-21 10:36:14 - [TEST_STEP][PASSED] - setText: Text 'בדיקה' is set on object 'Object Repository/General/remarks'

2018-11-21 10:36:15 - [MESSAGE][PASSED] - Text 'בדיקה' is set on object 'Object Repository/General/remarks'

2018-11-21 10:36:15 - [TEST_STEP][PASSED] - setText: Text 'y-it@y-it.co.il' is set on object 'Object Repository/General/email'

2018-11-21 10:36:15 - [MESSAGE][PASSED] - Text 'y-it@y-it.co.il' is set on object 'Object Repository/General/email'

2018-11-21 10:36:15 - [TEST_STEP][PASSED] - setText: Text '057-7894567' is set on object 'Object Repository/General/mobile Phone'

2018-11-21 10:36:15 - [MESSAGE][PASSED] - Text '057-7894567' is set on object 'Object Repository/General/mobile Phone'

2018-11-21 10:36:15 - [TEST_STEP][PASSED] - click: Object: 'Object Repository/General/interface Button' is clicked on

2018-11-21 10:36:16 - [MESSAGE][PASSED] - Object: 'Object Repository/General/interface Button' is clicked on

2018-11-21 10:36:16 - [TEST_STEP][PASSED] - setText: Text '07-7894567' is set on object 'Object Repository/General/home Phone'

2018-11-21 10:36:16 - [MESSAGE][PASSED] - Text '07-7894567' is set on object 'Object Repository/General/home Phone'

2018-11-21 10:36:16 - [TEST_STEP][PASSED] - setText: Text '04-7894566' is set on object 'Object Repository/General/office Phone'

2018-11-21 10:36:16 - [MESSAGE][PASSED] - Text '04-7894566' is set on object 'Object Repository/General/office Phone'

2018-11-21 10:36:16 - [TEST_STEP][PASSED] - setText: Text '555' is set on object 'Object Repository/General/phone Extention'

2018-11-21 10:36:17 - [MESSAGE][PASSED] - Text '555' is set on object 'Object Repository/General/phone Extention'

2018-11-21 10:36:17 - [TEST_STEP][PASSED] - setText: Text '02-7894562' is set on object 'Object Repository/General/fax Number'

2018-11-21 10:36:17 - [MESSAGE][PASSED] - Text '02-7894562' is set on object 'Object Repository/General/fax Number'

2018-11-21 10:36:17 - [TEST_STEP][PASSED] - delay: Delayed 1 second(s)

2018-11-21 10:36:18 - [MESSAGE][PASSED] - Delayed 1 second(s)

2018-11-21 10:36:18 - [TEST_STEP][PASSED] - click: Object: 'Object Repository/Tickets/Personnel Ticket/personnel Save' is clicked on

2018-11-21 10:36:18 - [MESSAGE][PASSED] - Object: 'Object Repository/Tickets/Personnel Ticket/personnel Save' is clicked on

2018-11-21 10:36:18 - [TEST_STEP][PASSED] - delay: Delayed 5 second(s)

2018-11-21 10:36:23 - [MESSAGE][PASSED] - Delayed 5 second(s)

2018-11-21 10:36:23 - [TEST_STEP][PASSED] - click: Object: 'Object Repository/Tickets/Personnel Ticket/personnel Close' is clicked on

2018-11-21 10:36:23 - [MESSAGE][PASSED] - Object: 'Object Repository/Tickets/Personnel Ticket/personnel Close' is clicked on

2018-11-21 10:36:23 - [TEST_STEP][PASSED] - click: Object: 'Object Repository/Nav Bar/catalogues' is clicked on

2018-11-21 10:36:24 - [MESSAGE][PASSED] - Object: 'Object Repository/Nav Bar/catalogues' is clicked on

2018-11-21 10:36:24 - [TEST_STEP][PASSED] - Statement - Try: Object: 'Object Repository/Nav Bar Catalogues/personnel' is clicked on

2018-11-21 10:36:24 - [TEST_STEP][PASSED] - click: Object: 'Object Repository/Nav Bar Catalogues/personnel' is clicked on

2018-11-21 10:36:24 - [MESSAGE][PASSED] - Object: 'Object Repository/Nav Bar Catalogues/personnel' is clicked on

2018-11-21 10:36:24 - [TEST_STEP][PASSED] - delay: Delayed 1 second(s)

2018-11-21 10:36:25 - [MESSAGE][PASSED] - Delayed 1 second(s)

2018-11-21 10:36:25 - [TEST_STEP][PASSED] - click: Object: 'Object Repository/Indexes/Personnel Index/refresh' is clicked on

2018-11-21 10:36:25 - [MESSAGE][PASSED] - Object: 'Object Repository/Indexes/Personnel Index/refresh' is clicked on

2018-11-21 10:36:25 - [TEST_STEP][PASSED] - delay: Delayed 3 second(s)

2018-11-21 10:36:28 - [MESSAGE][PASSED] - Delayed 3 second(s)

2018-11-21 10:36:28 - [TEST_STEP][PASSED] - setText: Text '20181121103547' is set on object 'Object Repository/Indexes/Personnel Index/fast Search'

2018-11-21 10:36:31 - [MESSAGE][PASSED] - Text '20181121103547' is set on object 'Object Repository/Indexes/Personnel Index/fast Search'

2018-11-21 10:36:31 - [TEST_STEP][PASSED] - delay: Delayed 1 second(s)

2018-11-21 10:36:32 - [MESSAGE][PASSED] - Delayed 1 second(s)

2018-11-21 10:36:32 - [TEST_STEP][PASSED] - doubleClick: Object: 'Object Repository/Indexes/Personnel Index/new Driver td' is double clicked on

2018-11-21 10:36:32 - [MESSAGE][PASSED] - Object: 'Object Repository/Indexes/Personnel Index/new Driver td' is double clicked on

2018-11-21 10:36:32 - [TEST_STEP][PASSED] - delay: Delayed 1 second(s)

2018-11-21 10:36:33 - [MESSAGE][PASSED] - Delayed 1 second(s)

2018-11-21 10:36:33 - [TEST_STEP][PASSED] - executeJavaScript: Execute JavaScript 'alert(`Personnel created with: ` + arguments[0])' successfully

2018-11-21 10:36:33 - [MESSAGE][PASSED] - Execute JavaScript 'alert(`Personnel created with: ` + arguments[0])' successfully

2018-11-21 10:36:33 - [TEST_STEP][PASSED] - delay: Delayed 5 second(s)

2018-11-21 10:36:38 - [MESSAGE][PASSED] - Delayed 5 second(s)

2018-11-21 10:36:38 - [TEST_STEP][PASSED] - acceptAlert: Alert accepted

2018-11-21 10:36:38 - [MESSAGE][PASSED] - Alert accepted

2018-11-21 10:36:38 - [TEST_STEP][PASSED] - closeBrowser: Browser is closed

2018-11-21 10:36:39 - [MESSAGE][PASSED] - Browser is closed]]></system-out>
         <system-err><![CDATA[]]></system-err>
      </testcase>
      <testcase name="Test Cases/Entities Creator/Create Personnel - fail" classname="Test Cases/Entities Creator/Create Personnel - fail" status="FAILED">
         <failure type="FAILED" message="(Stack trace: com.kms.katalon.core.exception.StepFailedException: Unable to click on object 'Object Repository/Nav Bar/catalogues' (Root cause: org.openqa.selenium.StaleElementReferenceException: stale element reference: element is not attached to the page document
  (Session info: chrome=70.0.3538.102)
  (Driver info: chromedriver=2.43.600210 (68dcf5eebde37173d4027fa8635e332711d2874a),platform=Windows NT 10.0.17134 x86_64) (WARNING: The server did not provide any stacktrace information)
Command duration or timeout: 0 milliseconds
For documentation on this error, please visit: http://seleniumhq.org/exceptions/stale_element_reference.html
Build info: version: '3.7.1', revision: '8a0099a', time: '2017-11-06T21:07:36.161Z'
System info: host: 'QA-PC', ip: '192.168.1.145', os.name: 'Windows 10', os.arch: 'amd64', os.version: '10.0', java.version: '1.8.0_181'
Driver info: com.kms.katalon.selenium.driver.CChromeDriver
Capabilities {acceptInsecureCerts: false, acceptSslCerts: false, applicationCacheEnabled: false, browserConnectionEnabled: false, browserName: chrome, chrome: {chromedriverVersion: 2.43.600210 (68dcf5eebde371..., userDataDir: C:\Users\leon.b\AppData\Loc...}, cssSelectorsEnabled: true, databaseEnabled: false, goog:chromeOptions: {debuggerAddress: localhost:53589}, handlesAlerts: true, hasTouchScreen: false, javascriptEnabled: true, locationContextEnabled: true, mobileEmulationEnabled: false, nativeEvents: true, networkConnectionEnabled: false, pageLoadStrategy: normal, platform: XP, platformName: XP, rotatable: false, setWindowRect: true, takesHeapSnapshot: true, takesScreenshot: true, unexpectedAlertBehaviour: , unhandledPromptBehavior: , version: 70.0.3538.102, webStorageEnabled: true}
Session ID: 13b0650e6223de700f4ee8013835d91a)
	at com.kms.katalon.core.keyword.internal.KeywordMain.stepFailed(KeywordMain.groovy:36)
	at com.kms.katalon.core.webui.keyword.internal.WebUIKeywordMain.stepFailed(WebUIKeywordMain.groovy:65)
	at com.kms.katalon.core.webui.keyword.internal.WebUIKeywordMain.runKeyword(WebUIKeywordMain.groovy:27)
	at com.kms.katalon.core.webui.keyword.builtin.ClickKeyword.click(ClickKeyword.groovy:86)
	at com.kms.katalon.core.webui.keyword.builtin.ClickKeyword.execute(ClickKeyword.groovy:67)
	at com.kms.katalon.core.keyword.internal.KeywordExecutor.executeKeywordForPlatform(KeywordExecutor.groovy:53)
	at com.kms.katalon.core.webui.keyword.WebUiBuiltInKeywords.click(WebUiBuiltInKeywords.groovy:616)
	at com.kms.katalon.core.webui.keyword.WebUiBuiltInKeywords$click$3.call(Unknown Source)
	at org.codehaus.groovy.runtime.callsite.CallSiteArray.defaultCall(CallSiteArray.java:48)
	at org.codehaus.groovy.runtime.callsite.AbstractCallSite.call(AbstractCallSite.java:113)
	at org.codehaus.groovy.runtime.callsite.AbstractCallSite.call(AbstractCallSite.java:125)
	at Script1542007130256.run(Script1542007130256.groovy:51)
	at com.kms.katalon.core.main.ScriptEngine.run(ScriptEngine.java:183)
	at com.kms.katalon.core.main.ScriptEngine.runScriptAsRawText(ScriptEngine.java:108)
	at com.kms.katalon.core.main.TestCaseExecutor.runScript(TestCaseExecutor.java:294)
	at com.kms.katalon.core.main.TestCaseExecutor.doExecute(TestCaseExecutor.java:285)
	at com.kms.katalon.core.main.TestCaseExecutor.processExecutionPhase(TestCaseExecutor.java:264)
	at com.kms.katalon.core.main.TestCaseExecutor.accessMainPhase(TestCaseExecutor.java:256)
	at com.kms.katalon.core.main.TestCaseExecutor.execute(TestCaseExecutor.java:200)
	at com.kms.katalon.core.main.TestSuiteExecutor.accessTestCaseMainPhase(TestSuiteExecutor.java:129)
	at com.kms.katalon.core.main.TestSuiteExecutor.accessTestSuiteMainPhase(TestSuiteExecutor.java:112)
	at com.kms.katalon.core.main.TestSuiteExecutor.execute(TestSuiteExecutor.java:81)
	at com.kms.katalon.core.main.TestCaseMain.startTestSuite(TestCaseMain.java:142)
	at com.kms.katalon.core.main.TestCaseMain$startTestSuite$0.call(Unknown Source)
	at org.codehaus.groovy.runtime.callsite.CallSiteArray.defaultCall(CallSiteArray.java:48)
	at org.codehaus.groovy.runtime.callsite.AbstractCallSite.call(AbstractCallSite.java:113)
	at org.codehaus.groovy.runtime.callsite.AbstractCallSite.call(AbstractCallSite.java:141)
	at TempTestSuite1542789286886.run(TempTestSuite1542789286886.groovy:36)
	at groovy.lang.GroovyShell.runScriptOrMainOrTestOrRunnable(GroovyShell.java:263)
	at groovy.lang.GroovyShell.run(GroovyShell.java:518)
	at groovy.lang.GroovyShell.run(GroovyShell.java:507)
	at groovy.ui.GroovyMain.processOnce(GroovyMain.java:653)
	at groovy.ui.GroovyMain.run(GroovyMain.java:384)
	at groovy.ui.GroovyMain.process(GroovyMain.java:370)
	at groovy.ui.GroovyMain.processArgs(GroovyMain.java:129)
	at groovy.ui.GroovyMain.main(GroovyMain.java:109)
	at sun.reflect.NativeMethodAccessorImpl.invoke0(Native Method)
	at sun.reflect.NativeMethodAccessorImpl.invoke(NativeMethodAccessorImpl.java:62)
	at sun.reflect.DelegatingMethodAccessorImpl.invoke(DelegatingMethodAccessorImpl.java:43)
	at java.lang.reflect.Method.invoke(Method.java:498)
	at org.codehaus.groovy.tools.GroovyStarter.rootLoader(GroovyStarter.java:109)
	at org.codehaus.groovy.tools.GroovyStarter.main(GroovyStarter.java:131)
)"/>
         <system-out><![CDATA[2018-11-21 10:36:39 - [TEST_CASE][FAILED] - Test Cases/Entities Creator/Create Personnel - fail: Test Cases/Entities Creator/Create Personnel - fail FAILED because (of) (Stack trace: com.kms.katalon.core.exception.StepFailedException: Unable to click on object 'Object Repository/Nav Bar/catalogues' (Root cause: org.openqa.selenium.StaleElementReferenceException: stale element reference: element is not attached to the page document
  (Session info: chrome=70.0.3538.102)
  (Driver info: chromedriver=2.43.600210 (68dcf5eebde37173d4027fa8635e332711d2874a),platform=Windows NT 10.0.17134 x86_64) (WARNING: The server did not provide any stacktrace information)
Command duration or timeout: 0 milliseconds
For documentation on this error, please visit: http://seleniumhq.org/exceptions/stale_element_reference.html
Build info: version: '3.7.1', revision: '8a0099a', time: '2017-11-06T21:07:36.161Z'
System info: host: 'QA-PC', ip: '192.168.1.145', os.name: 'Windows 10', os.arch: 'amd64', os.version: '10.0', java.version: '1.8.0_181'
Driver info: com.kms.katalon.selenium.driver.CChromeDriver
Capabilities {acceptInsecureCerts: false, acceptSslCerts: false, applicationCacheEnabled: false, browserConnectionEnabled: false, browserName: chrome, chrome: {chromedriverVersion: 2.43.600210 (68dcf5eebde371..., userDataDir: C:\Users\leon.b\AppData\Loc...}, cssSelectorsEnabled: true, databaseEnabled: false, goog:chromeOptions: {debuggerAddress: localhost:53589}, handlesAlerts: true, hasTouchScreen: false, javascriptEnabled: true, locationContextEnabled: true, mobileEmulationEnabled: false, nativeEvents: true, networkConnectionEnabled: false, pageLoadStrategy: normal, platform: XP, platformName: XP, rotatable: false, setWindowRect: true, takesHeapSnapshot: true, takesScreenshot: true, unexpectedAlertBehaviour: , unhandledPromptBehavior: , version: 70.0.3538.102, webStorageEnabled: true}
Session ID: 13b0650e6223de700f4ee8013835d91a)
	at com.kms.katalon.core.keyword.internal.KeywordMain.stepFailed(KeywordMain.groovy:36)
	at com.kms.katalon.core.webui.keyword.internal.WebUIKeywordMain.stepFailed(WebUIKeywordMain.groovy:65)
	at com.kms.katalon.core.webui.keyword.internal.WebUIKeywordMain.runKeyword(WebUIKeywordMain.groovy:27)
	at com.kms.katalon.core.webui.keyword.builtin.ClickKeyword.click(ClickKeyword.groovy:86)
	at com.kms.katalon.core.webui.keyword.builtin.ClickKeyword.execute(ClickKeyword.groovy:67)
	at com.kms.katalon.core.keyword.internal.KeywordExecutor.executeKeywordForPlatform(KeywordExecutor.groovy:53)
	at com.kms.katalon.core.webui.keyword.WebUiBuiltInKeywords.click(WebUiBuiltInKeywords.groovy:616)
	at com.kms.katalon.core.webui.keyword.WebUiBuiltInKeywords$click$3.call(Unknown Source)
	at org.codehaus.groovy.runtime.callsite.CallSiteArray.defaultCall(CallSiteArray.java:48)
	at org.codehaus.groovy.runtime.callsite.AbstractCallSite.call(AbstractCallSite.java:113)
	at org.codehaus.groovy.runtime.callsite.AbstractCallSite.call(AbstractCallSite.java:125)
	at Script1542007130256.run(Script1542007130256.groovy:51)
	at com.kms.katalon.core.main.ScriptEngine.run(ScriptEngine.java:183)
	at com.kms.katalon.core.main.ScriptEngine.runScriptAsRawText(ScriptEngine.java:108)
	at com.kms.katalon.core.main.TestCaseExecutor.runScript(TestCaseExecutor.java:294)
	at com.kms.katalon.core.main.TestCaseExecutor.doExecute(TestCaseExecutor.java:285)
	at com.kms.katalon.core.main.TestCaseExecutor.processExecutionPhase(TestCaseExecutor.java:264)
	at com.kms.katalon.core.main.TestCaseExecutor.accessMainPhase(TestCaseExecutor.java:256)
	at com.kms.katalon.core.main.TestCaseExecutor.execute(TestCaseExecutor.java:200)
	at com.kms.katalon.core.main.TestSuiteExecutor.accessTestCaseMainPhase(TestSuiteExecutor.java:129)
	at com.kms.katalon.core.main.TestSuiteExecutor.accessTestSuiteMainPhase(TestSuiteExecutor.java:112)
	at com.kms.katalon.core.main.TestSuiteExecutor.execute(TestSuiteExecutor.java:81)
	at com.kms.katalon.core.main.TestCaseMain.startTestSuite(TestCaseMain.java:142)
	at com.kms.katalon.core.main.TestCaseMain$startTestSuite$0.call(Unknown Source)
	at org.codehaus.groovy.runtime.callsite.CallSiteArray.defaultCall(CallSiteArray.java:48)
	at org.codehaus.groovy.runtime.callsite.AbstractCallSite.call(AbstractCallSite.java:113)
	at org.codehaus.groovy.runtime.callsite.AbstractCallSite.call(AbstractCallSite.java:141)
	at TempTestSuite1542789286886.run(TempTestSuite1542789286886.groovy:36)
	at groovy.lang.GroovyShell.runScriptOrMainOrTestOrRunnable(GroovyShell.java:263)
	at groovy.lang.GroovyShell.run(GroovyShell.java:518)
	at groovy.lang.GroovyShell.run(GroovyShell.java:507)
	at groovy.ui.GroovyMain.processOnce(GroovyMain.java:653)
	at groovy.ui.GroovyMain.run(GroovyMain.java:384)
	at groovy.ui.GroovyMain.process(GroovyMain.java:370)
	at groovy.ui.GroovyMain.processArgs(GroovyMain.java:129)
	at groovy.ui.GroovyMain.main(GroovyMain.java:109)
	at sun.reflect.NativeMethodAccessorImpl.invoke0(Native Method)
	at sun.reflect.NativeMethodAccessorImpl.invoke(NativeMethodAccessorImpl.java:62)
	at sun.reflect.DelegatingMethodAccessorImpl.invoke(DelegatingMethodAccessorImpl.java:43)
	at java.lang.reflect.Method.invoke(Method.java:498)
	at org.codehaus.groovy.tools.GroovyStarter.rootLoader(GroovyStarter.java:109)
	at org.codehaus.groovy.tools.GroovyStarter.main(GroovyStarter.java:131)
)

2018-11-21 10:36:39 - [TEST_STEP][PASSED] - Statement - nowStr = CustomKeywords.newDate.c_nowStr.getNowStr(): newDate.c_nowStr.getNowStr is PASSED

2018-11-21 10:36:39 - [MESSAGE][PASSED] - newDate.c_nowStr.getNowStr is PASSED

2018-11-21 10:36:39 - [TEST_STEP][PASSED] - Statement - city = CustomKeywords.address.c_address.getCity(): address.c_address.getCity is PASSED

2018-11-21 10:36:39 - [MESSAGE][PASSED] - address.c_address.getCity is PASSED

2018-11-21 10:36:39 - [TEST_STEP][PASSED] - Statement - street = CustomKeywords.address.c_address.getStreet(): address.c_address.getStreet is PASSED

2018-11-21 10:36:39 - [MESSAGE][PASSED] - address.c_address.getStreet is PASSED

2018-11-21 10:36:39 - [TEST_STEP][PASSED] - Statement - houseNum = CustomKeywords.address.c_address.getHouseNum(): address.c_address.getHouseNum is PASSED

2018-11-21 10:36:39 - [MESSAGE][PASSED] - address.c_address.getHouseNum is PASSED

2018-11-21 10:36:39 - [TEST_STEP][PASSED] - Statement - apartmentNum = CustomKeywords.address.c_address.getApartmentNum(): address.c_address.getApartmentNum is PASSED

2018-11-21 10:36:39 - [MESSAGE][PASSED] - address.c_address.getApartmentNum is PASSED

2018-11-21 10:36:39 - [TEST_STEP][PASSED] - Statement - entrance = CustomKeywords.address.c_address.getEntrance(): address.c_address.getEntrance is PASSED

2018-11-21 10:36:39 - [MESSAGE][PASSED] - address.c_address.getEntrance is PASSED

2018-11-21 10:36:39 - [TEST_STEP][PASSED] - Statement - mailbox = CustomKeywords.address.c_address.getMailbox(): address.c_address.getMailbox is PASSED

2018-11-21 10:36:39 - [MESSAGE][PASSED] - address.c_address.getMailbox is PASSED

2018-11-21 10:36:39 - [TEST_STEP][PASSED] - Statement - zipCode = CustomKeywords.address.c_address.getZipCode(): address.c_address.getZipCode is PASSED

2018-11-21 10:36:39 - [MESSAGE][PASSED] - address.c_address.getZipCode is PASSED

2018-11-21 10:36:39 - [TEST_STEP][PASSED] - Statement - email = CustomKeywords.communication.c_communication.getEmail(): communication.c_communication.getEmail is PASSED

2018-11-21 10:36:39 - [MESSAGE][PASSED] - communication.c_communication.getEmail is PASSED

2018-11-21 10:36:39 - [TEST_STEP][PASSED] - Statement - mobilePhone = CustomKeywords.communication.c_communication.getMobilePhone(): communication.c_communication.getMobilePhone is PASSED

2018-11-21 10:36:39 - [MESSAGE][PASSED] - communication.c_communication.getMobilePhone is PASSED

2018-11-21 10:36:39 - [TEST_STEP][PASSED] - Statement - homePhone = CustomKeywords.communication.c_communication.getHomePhone(): communication.c_communication.getHomePhone is PASSED

2018-11-21 10:36:39 - [MESSAGE][PASSED] - communication.c_communication.getHomePhone is PASSED

2018-11-21 10:36:39 - [TEST_STEP][PASSED] - Statement - officePhone = CustomKeywords.communication.c_communication.getOfficePhone(): communication.c_communication.getOfficePhone is PASSED

2018-11-21 10:36:39 - [MESSAGE][PASSED] - communication.c_communication.getOfficePhone is PASSED

2018-11-21 10:36:39 - [TEST_STEP][PASSED] - Statement - phoneExten = CustomKeywords.communication.c_communication.getPhoneExten(): communication.c_communication.getPhoneExten is PASSED

2018-11-21 10:36:39 - [MESSAGE][PASSED] - communication.c_communication.getPhoneExten is PASSED

2018-11-21 10:36:39 - [TEST_STEP][PASSED] - Statement - faxNum = CustomKeywords.communication.c_communication.getFaxNum(): communication.c_communication.getFaxNum is PASSED

2018-11-21 10:36:39 - [MESSAGE][PASSED] - communication.c_communication.getFaxNum is PASSED

2018-11-21 10:36:39 - [TEST_STEP][PASSED] - login.c_login.logIn: login.c_login.logIn is PASSED

2018-11-21 10:36:49 - [MESSAGE][PASSED] - Browser is opened with url: 'https://aws_test.y-it.co.il/#/login'

2018-11-21 10:36:50 - [MESSAGE][PASSED] - Current window maximized

2018-11-21 10:36:51 - [MESSAGE][PASSED] - Text 'admin' is set on object 'Object Repository/Y-IT Log In/input_ _userName'

2018-11-21 10:36:51 - [MESSAGE][PASSED] - Text ****** has been set on object 'Object Repository/Y-IT Log In/input_ _password'

2018-11-21 10:36:51 - [MESSAGE][PASSED] - Object: 'Object Repository/Y-IT Log In/input_  _submit' is clicked on

2018-11-21 10:36:51 - [MESSAGE][PASSED] - login.c_login.logIn is PASSED

2018-11-21 10:36:51 - [TEST_STEP][PASSED] - waitForElementPresent: Object 'Object Repository/Nav Bar/catalogues' is present

2018-11-21 10:36:54 - [MESSAGE][PASSED] - Object 'Object Repository/Nav Bar/catalogues' is present

2018-11-21 10:36:54 - [TEST_STEP][PASSED] - delay: Delayed 1 second(s)

2018-11-21 10:36:55 - [MESSAGE][PASSED] - Delayed 1 second(s)

2018-11-21 10:36:55 - [TEST_STEP][FAILED] - click: Unable to click on object 'Object Repository/Nav Bar/catalogues' (Root cause: org.openqa.selenium.StaleElementReferenceException: stale element reference: element is not attached to the page document
  (Session info: chrome=70.0.3538.102)
  (Driver info: chromedriver=2.43.600210 (68dcf5eebde37173d4027fa8635e332711d2874a),platform=Windows NT 10.0.17134 x86_64) (WARNING: The server did not provide any stacktrace information)
Command duration or timeout: 0 milliseconds
For documentation on this error, please visit: http://seleniumhq.org/exceptions/stale_element_reference.html
Build info: version: '3.7.1', revision: '8a0099a', time: '2017-11-06T21:07:36.161Z'
System info: host: 'QA-PC', ip: '192.168.1.145', os.name: 'Windows 10', os.arch: 'amd64', os.version: '10.0', java.version: '1.8.0_181'
Driver info: com.kms.katalon.selenium.driver.CChromeDriver
Capabilities {acceptInsecureCerts: false, acceptSslCerts: false, applicationCacheEnabled: false, browserConnectionEnabled: false, browserName: chrome, chrome: {chromedriverVersion: 2.43.600210 (68dcf5eebde371..., userDataDir: C:\Users\leon.b\AppData\Loc...}, cssSelectorsEnabled: true, databaseEnabled: false, goog:chromeOptions: {debuggerAddress: localhost:53589}, handlesAlerts: true, hasTouchScreen: false, javascriptEnabled: true, locationContextEnabled: true, mobileEmulationEnabled: false, nativeEvents: true, networkConnectionEnabled: false, pageLoadStrategy: normal, platform: XP, platformName: XP, rotatable: false, setWindowRect: true, takesHeapSnapshot: true, takesScreenshot: true, unexpectedAlertBehaviour: , unhandledPromptBehavior: , version: 70.0.3538.102, webStorageEnabled: true}
Session ID: 13b0650e6223de700f4ee8013835d91a)

2018-11-21 10:36:56 - [MESSAGE][FAILED] - Unable to click on object 'Object Repository/Nav Bar/catalogues' (Root cause: org.openqa.selenium.StaleElementReferenceException: stale element reference: element is not attached to the page document
  (Session info: chrome=70.0.3538.102)
  (Driver info: chromedriver=2.43.600210 (68dcf5eebde37173d4027fa8635e332711d2874a),platform=Windows NT 10.0.17134 x86_64) (WARNING: The server did not provide any stacktrace information)
Command duration or timeout: 0 milliseconds
For documentation on this error, please visit: http://seleniumhq.org/exceptions/stale_element_reference.html
Build info: version: '3.7.1', revision: '8a0099a', time: '2017-11-06T21:07:36.161Z'
System info: host: 'QA-PC', ip: '192.168.1.145', os.name: 'Windows 10', os.arch: 'amd64', os.version: '10.0', java.version: '1.8.0_181'
Driver info: com.kms.katalon.selenium.driver.CChromeDriver
Capabilities {acceptInsecureCerts: false, acceptSslCerts: false, applicationCacheEnabled: false, browserConnectionEnabled: false, browserName: chrome, chrome: {chromedriverVersion: 2.43.600210 (68dcf5eebde371..., userDataDir: C:\Users\leon.b\AppData\Loc...}, cssSelectorsEnabled: true, databaseEnabled: false, goog:chromeOptions: {debuggerAddress: localhost:53589}, handlesAlerts: true, hasTouchScreen: false, javascriptEnabled: true, locationContextEnabled: true, mobileEmulationEnabled: false, nativeEvents: true, networkConnectionEnabled: false, pageLoadStrategy: normal, platform: XP, platformName: XP, rotatable: false, setWindowRect: true, takesHeapSnapshot: true, takesScreenshot: true, unexpectedAlertBehaviour: , unhandledPromptBehavior: , version: 70.0.3538.102, webStorageEnabled: true}
Session ID: 13b0650e6223de700f4ee8013835d91a)
[[ATTACHMENT|C:\\Users\\leon.b\\Katalon Studio\\Y-IT_TransIT\\Reports\\Presentation\\12-11-2018\\20181121_103446\\1542789415620.png]]]]></system-out>
         <system-err><![CDATA[2018-11-21 10:36:39 - [TEST_CASE][FAILED] - Test Cases/Entities Creator/Create Personnel - fail: Test Cases/Entities Creator/Create Personnel - fail FAILED because (of) (Stack trace: com.kms.katalon.core.exception.StepFailedException: Unable to click on object 'Object Repository/Nav Bar/catalogues' (Root cause: org.openqa.selenium.StaleElementReferenceException: stale element reference: element is not attached to the page document
  (Session info: chrome=70.0.3538.102)
  (Driver info: chromedriver=2.43.600210 (68dcf5eebde37173d4027fa8635e332711d2874a),platform=Windows NT 10.0.17134 x86_64) (WARNING: The server did not provide any stacktrace information)
Command duration or timeout: 0 milliseconds
For documentation on this error, please visit: http://seleniumhq.org/exceptions/stale_element_reference.html
Build info: version: '3.7.1', revision: '8a0099a', time: '2017-11-06T21:07:36.161Z'
System info: host: 'QA-PC', ip: '192.168.1.145', os.name: 'Windows 10', os.arch: 'amd64', os.version: '10.0', java.version: '1.8.0_181'
Driver info: com.kms.katalon.selenium.driver.CChromeDriver
Capabilities {acceptInsecureCerts: false, acceptSslCerts: false, applicationCacheEnabled: false, browserConnectionEnabled: false, browserName: chrome, chrome: {chromedriverVersion: 2.43.600210 (68dcf5eebde371..., userDataDir: C:\Users\leon.b\AppData\Loc...}, cssSelectorsEnabled: true, databaseEnabled: false, goog:chromeOptions: {debuggerAddress: localhost:53589}, handlesAlerts: true, hasTouchScreen: false, javascriptEnabled: true, locationContextEnabled: true, mobileEmulationEnabled: false, nativeEvents: true, networkConnectionEnabled: false, pageLoadStrategy: normal, platform: XP, platformName: XP, rotatable: false, setWindowRect: true, takesHeapSnapshot: true, takesScreenshot: true, unexpectedAlertBehaviour: , unhandledPromptBehavior: , version: 70.0.3538.102, webStorageEnabled: true}
Session ID: 13b0650e6223de700f4ee8013835d91a)
	at com.kms.katalon.core.keyword.internal.KeywordMain.stepFailed(KeywordMain.groovy:36)
	at com.kms.katalon.core.webui.keyword.internal.WebUIKeywordMain.stepFailed(WebUIKeywordMain.groovy:65)
	at com.kms.katalon.core.webui.keyword.internal.WebUIKeywordMain.runKeyword(WebUIKeywordMain.groovy:27)
	at com.kms.katalon.core.webui.keyword.builtin.ClickKeyword.click(ClickKeyword.groovy:86)
	at com.kms.katalon.core.webui.keyword.builtin.ClickKeyword.execute(ClickKeyword.groovy:67)
	at com.kms.katalon.core.keyword.internal.KeywordExecutor.executeKeywordForPlatform(KeywordExecutor.groovy:53)
	at com.kms.katalon.core.webui.keyword.WebUiBuiltInKeywords.click(WebUiBuiltInKeywords.groovy:616)
	at com.kms.katalon.core.webui.keyword.WebUiBuiltInKeywords$click$3.call(Unknown Source)
	at org.codehaus.groovy.runtime.callsite.CallSiteArray.defaultCall(CallSiteArray.java:48)
	at org.codehaus.groovy.runtime.callsite.AbstractCallSite.call(AbstractCallSite.java:113)
	at org.codehaus.groovy.runtime.callsite.AbstractCallSite.call(AbstractCallSite.java:125)
	at Script1542007130256.run(Script1542007130256.groovy:51)
	at com.kms.katalon.core.main.ScriptEngine.run(ScriptEngine.java:183)
	at com.kms.katalon.core.main.ScriptEngine.runScriptAsRawText(ScriptEngine.java:108)
	at com.kms.katalon.core.main.TestCaseExecutor.runScript(TestCaseExecutor.java:294)
	at com.kms.katalon.core.main.TestCaseExecutor.doExecute(TestCaseExecutor.java:285)
	at com.kms.katalon.core.main.TestCaseExecutor.processExecutionPhase(TestCaseExecutor.java:264)
	at com.kms.katalon.core.main.TestCaseExecutor.accessMainPhase(TestCaseExecutor.java:256)
	at com.kms.katalon.core.main.TestCaseExecutor.execute(TestCaseExecutor.java:200)
	at com.kms.katalon.core.main.TestSuiteExecutor.accessTestCaseMainPhase(TestSuiteExecutor.java:129)
	at com.kms.katalon.core.main.TestSuiteExecutor.accessTestSuiteMainPhase(TestSuiteExecutor.java:112)
	at com.kms.katalon.core.main.TestSuiteExecutor.execute(TestSuiteExecutor.java:81)
	at com.kms.katalon.core.main.TestCaseMain.startTestSuite(TestCaseMain.java:142)
	at com.kms.katalon.core.main.TestCaseMain$startTestSuite$0.call(Unknown Source)
	at org.codehaus.groovy.runtime.callsite.CallSiteArray.defaultCall(CallSiteArray.java:48)
	at org.codehaus.groovy.runtime.callsite.AbstractCallSite.call(AbstractCallSite.java:113)
	at org.codehaus.groovy.runtime.callsite.AbstractCallSite.call(AbstractCallSite.java:141)
	at TempTestSuite1542789286886.run(TempTestSuite1542789286886.groovy:36)
	at groovy.lang.GroovyShell.runScriptOrMainOrTestOrRunnable(GroovyShell.java:263)
	at groovy.lang.GroovyShell.run(GroovyShell.java:518)
	at groovy.lang.GroovyShell.run(GroovyShell.java:507)
	at groovy.ui.GroovyMain.processOnce(GroovyMain.java:653)
	at groovy.ui.GroovyMain.run(GroovyMain.java:384)
	at groovy.ui.GroovyMain.process(GroovyMain.java:370)
	at groovy.ui.GroovyMain.processArgs(GroovyMain.java:129)
	at groovy.ui.GroovyMain.main(GroovyMain.java:109)
	at sun.reflect.NativeMethodAccessorImpl.invoke0(Native Method)
	at sun.reflect.NativeMethodAccessorImpl.invoke(NativeMethodAccessorImpl.java:62)
	at sun.reflect.DelegatingMethodAccessorImpl.invoke(DelegatingMethodAccessorImpl.java:43)
	at java.lang.reflect.Method.invoke(Method.java:498)
	at org.codehaus.groovy.tools.GroovyStarter.rootLoader(GroovyStarter.java:109)
	at org.codehaus.groovy.tools.GroovyStarter.main(GroovyStarter.java:131)
)]]></system-err>
      </testcase>
      <system-out><![CDATA[2018-11-21 10:34:49 - [TEST_SUITE][FAILED] - 12-11-2018: Test Cases/Entities Creator/Create Personnel - fail FAILED because (of) (Stack trace: com.kms.katalon.core.exception.StepFailedException: Unable to click on object 'Object Repository/Nav Bar/catalogues' (Root cause: org.openqa.selenium.StaleElementReferenceException: stale element reference: element is not attached to the page document
  (Session info: chrome=70.0.3538.102)
  (Driver info: chromedriver=2.43.600210 (68dcf5eebde37173d4027fa8635e332711d2874a),platform=Windows NT 10.0.17134 x86_64) (WARNING: The server did not provide any stacktrace information)
Command duration or timeout: 0 milliseconds
For documentation on this error, please visit: http://seleniumhq.org/exceptions/stale_element_reference.html
Build info: version: '3.7.1', revision: '8a0099a', time: '2017-11-06T21:07:36.161Z'
System info: host: 'QA-PC', ip: '192.168.1.145', os.name: 'Windows 10', os.arch: 'amd64', os.version: '10.0', java.version: '1.8.0_181'
Driver info: com.kms.katalon.selenium.driver.CChromeDriver
Capabilities {acceptInsecureCerts: false, acceptSslCerts: false, applicationCacheEnabled: false, browserConnectionEnabled: false, browserName: chrome, chrome: {chromedriverVersion: 2.43.600210 (68dcf5eebde371..., userDataDir: C:\Users\leon.b\AppData\Loc...}, cssSelectorsEnabled: true, databaseEnabled: false, goog:chromeOptions: {debuggerAddress: localhost:53589}, handlesAlerts: true, hasTouchScreen: false, javascriptEnabled: true, locationContextEnabled: true, mobileEmulationEnabled: false, nativeEvents: true, networkConnectionEnabled: false, pageLoadStrategy: normal, platform: XP, platformName: XP, rotatable: false, setWindowRect: true, takesHeapSnapshot: true, takesScreenshot: true, unexpectedAlertBehaviour: , unhandledPromptBehavior: , version: 70.0.3538.102, webStorageEnabled: true}
Session ID: 13b0650e6223de700f4ee8013835d91a)
	at com.kms.katalon.core.keyword.internal.KeywordMain.stepFailed(KeywordMain.groovy:36)
	at com.kms.katalon.core.webui.keyword.internal.WebUIKeywordMain.stepFailed(WebUIKeywordMain.groovy:65)
	at com.kms.katalon.core.webui.keyword.internal.WebUIKeywordMain.runKeyword(WebUIKeywordMain.groovy:27)
	at com.kms.katalon.core.webui.keyword.builtin.ClickKeyword.click(ClickKeyword.groovy:86)
	at com.kms.katalon.core.webui.keyword.builtin.ClickKeyword.execute(ClickKeyword.groovy:67)
	at com.kms.katalon.core.keyword.internal.KeywordExecutor.executeKeywordForPlatform(KeywordExecutor.groovy:53)
	at com.kms.katalon.core.webui.keyword.WebUiBuiltInKeywords.click(WebUiBuiltInKeywords.groovy:616)
	at com.kms.katalon.core.webui.keyword.WebUiBuiltInKeywords$click$3.call(Unknown Source)
	at org.codehaus.groovy.runtime.callsite.CallSiteArray.defaultCall(CallSiteArray.java:48)
	at org.codehaus.groovy.runtime.callsite.AbstractCallSite.call(AbstractCallSite.java:113)
	at org.codehaus.groovy.runtime.callsite.AbstractCallSite.call(AbstractCallSite.java:125)
	at Script1542007130256.run(Script1542007130256.groovy:51)
	at com.kms.katalon.core.main.ScriptEngine.run(ScriptEngine.java:183)
	at com.kms.katalon.core.main.ScriptEngine.runScriptAsRawText(ScriptEngine.java:108)
	at com.kms.katalon.core.main.TestCaseExecutor.runScript(TestCaseExecutor.java:294)
	at com.kms.katalon.core.main.TestCaseExecutor.doExecute(TestCaseExecutor.java:285)
	at com.kms.katalon.core.main.TestCaseExecutor.processExecutionPhase(TestCaseExecutor.java:264)
	at com.kms.katalon.core.main.TestCaseExecutor.accessMainPhase(TestCaseExecutor.java:256)
	at com.kms.katalon.core.main.TestCaseExecutor.execute(TestCaseExecutor.java:200)
	at com.kms.katalon.core.main.TestSuiteExecutor.accessTestCaseMainPhase(TestSuiteExecutor.java:129)
	at com.kms.katalon.core.main.TestSuiteExecutor.accessTestSuiteMainPhase(TestSuiteExecutor.java:112)
	at com.kms.katalon.core.main.TestSuiteExecutor.execute(TestSuiteExecutor.java:81)
	at com.kms.katalon.core.main.TestCaseMain.startTestSuite(TestCaseMain.java:142)
	at com.kms.katalon.core.main.TestCaseMain$startTestSuite$0.call(Unknown Source)
	at org.codehaus.groovy.runtime.callsite.CallSiteArray.defaultCall(CallSiteArray.java:48)
	at org.codehaus.groovy.runtime.callsite.AbstractCallSite.call(AbstractCallSite.java:113)
	at org.codehaus.groovy.runtime.callsite.AbstractCallSite.call(AbstractCallSite.java:141)
	at TempTestSuite1542789286886.run(TempTestSuite1542789286886.groovy:36)
	at groovy.lang.GroovyShell.runScriptOrMainOrTestOrRunnable(GroovyShell.java:263)
	at groovy.lang.GroovyShell.run(GroovyShell.java:518)
	at groovy.lang.GroovyShell.run(GroovyShell.java:507)
	at groovy.ui.GroovyMain.processOnce(GroovyMain.java:653)
	at groovy.ui.GroovyMain.run(GroovyMain.java:384)
	at groovy.ui.GroovyMain.process(GroovyMain.java:370)
	at groovy.ui.GroovyMain.processArgs(GroovyMain.java:129)
	at groovy.ui.GroovyMain.main(GroovyMain.java:109)
	at sun.reflect.NativeMethodAccessorImpl.invoke0(Native Method)
	at sun.reflect.NativeMethodAccessorImpl.invoke(NativeMethodAccessorImpl.java:62)
	at sun.reflect.DelegatingMethodAccessorImpl.invoke(DelegatingMethodAccessorImpl.java:43)
	at java.lang.reflect.Method.invoke(Method.java:498)
	at org.codehaus.groovy.tools.GroovyStarter.rootLoader(GroovyStarter.java:109)
	at org.codehaus.groovy.tools.GroovyStarter.main(GroovyStarter.java:131)
)]]></system-out>
      <system-err><![CDATA[2018-11-21 10:34:49 - [TEST_SUITE][FAILED] - 12-11-2018: Test Cases/Entities Creator/Create Personnel - fail FAILED because (of) (Stack trace: com.kms.katalon.core.exception.StepFailedException: Unable to click on object 'Object Repository/Nav Bar/catalogues' (Root cause: org.openqa.selenium.StaleElementReferenceException: stale element reference: element is not attached to the page document
  (Session info: chrome=70.0.3538.102)
  (Driver info: chromedriver=2.43.600210 (68dcf5eebde37173d4027fa8635e332711d2874a),platform=Windows NT 10.0.17134 x86_64) (WARNING: The server did not provide any stacktrace information)
Command duration or timeout: 0 milliseconds
For documentation on this error, please visit: http://seleniumhq.org/exceptions/stale_element_reference.html
Build info: version: '3.7.1', revision: '8a0099a', time: '2017-11-06T21:07:36.161Z'
System info: host: 'QA-PC', ip: '192.168.1.145', os.name: 'Windows 10', os.arch: 'amd64', os.version: '10.0', java.version: '1.8.0_181'
Driver info: com.kms.katalon.selenium.driver.CChromeDriver
Capabilities {acceptInsecureCerts: false, acceptSslCerts: false, applicationCacheEnabled: false, browserConnectionEnabled: false, browserName: chrome, chrome: {chromedriverVersion: 2.43.600210 (68dcf5eebde371..., userDataDir: C:\Users\leon.b\AppData\Loc...}, cssSelectorsEnabled: true, databaseEnabled: false, goog:chromeOptions: {debuggerAddress: localhost:53589}, handlesAlerts: true, hasTouchScreen: false, javascriptEnabled: true, locationContextEnabled: true, mobileEmulationEnabled: false, nativeEvents: true, networkConnectionEnabled: false, pageLoadStrategy: normal, platform: XP, platformName: XP, rotatable: false, setWindowRect: true, takesHeapSnapshot: true, takesScreenshot: true, unexpectedAlertBehaviour: , unhandledPromptBehavior: , version: 70.0.3538.102, webStorageEnabled: true}
Session ID: 13b0650e6223de700f4ee8013835d91a)
	at com.kms.katalon.core.keyword.internal.KeywordMain.stepFailed(KeywordMain.groovy:36)
	at com.kms.katalon.core.webui.keyword.internal.WebUIKeywordMain.stepFailed(WebUIKeywordMain.groovy:65)
	at com.kms.katalon.core.webui.keyword.internal.WebUIKeywordMain.runKeyword(WebUIKeywordMain.groovy:27)
	at com.kms.katalon.core.webui.keyword.builtin.ClickKeyword.click(ClickKeyword.groovy:86)
	at com.kms.katalon.core.webui.keyword.builtin.ClickKeyword.execute(ClickKeyword.groovy:67)
	at com.kms.katalon.core.keyword.internal.KeywordExecutor.executeKeywordForPlatform(KeywordExecutor.groovy:53)
	at com.kms.katalon.core.webui.keyword.WebUiBuiltInKeywords.click(WebUiBuiltInKeywords.groovy:616)
	at com.kms.katalon.core.webui.keyword.WebUiBuiltInKeywords$click$3.call(Unknown Source)
	at org.codehaus.groovy.runtime.callsite.CallSiteArray.defaultCall(CallSiteArray.java:48)
	at org.codehaus.groovy.runtime.callsite.AbstractCallSite.call(AbstractCallSite.java:113)
	at org.codehaus.groovy.runtime.callsite.AbstractCallSite.call(AbstractCallSite.java:125)
	at Script1542007130256.run(Script1542007130256.groovy:51)
	at com.kms.katalon.core.main.ScriptEngine.run(ScriptEngine.java:183)
	at com.kms.katalon.core.main.ScriptEngine.runScriptAsRawText(ScriptEngine.java:108)
	at com.kms.katalon.core.main.TestCaseExecutor.runScript(TestCaseExecutor.java:294)
	at com.kms.katalon.core.main.TestCaseExecutor.doExecute(TestCaseExecutor.java:285)
	at com.kms.katalon.core.main.TestCaseExecutor.processExecutionPhase(TestCaseExecutor.java:264)
	at com.kms.katalon.core.main.TestCaseExecutor.accessMainPhase(TestCaseExecutor.java:256)
	at com.kms.katalon.core.main.TestCaseExecutor.execute(TestCaseExecutor.java:200)
	at com.kms.katalon.core.main.TestSuiteExecutor.accessTestCaseMainPhase(TestSuiteExecutor.java:129)
	at com.kms.katalon.core.main.TestSuiteExecutor.accessTestSuiteMainPhase(TestSuiteExecutor.java:112)
	at com.kms.katalon.core.main.TestSuiteExecutor.execute(TestSuiteExecutor.java:81)
	at com.kms.katalon.core.main.TestCaseMain.startTestSuite(TestCaseMain.java:142)
	at com.kms.katalon.core.main.TestCaseMain$startTestSuite$0.call(Unknown Source)
	at org.codehaus.groovy.runtime.callsite.CallSiteArray.defaultCall(CallSiteArray.java:48)
	at org.codehaus.groovy.runtime.callsite.AbstractCallSite.call(AbstractCallSite.java:113)
	at org.codehaus.groovy.runtime.callsite.AbstractCallSite.call(AbstractCallSite.java:141)
	at TempTestSuite1542789286886.run(TempTestSuite1542789286886.groovy:36)
	at groovy.lang.GroovyShell.runScriptOrMainOrTestOrRunnable(GroovyShell.java:263)
	at groovy.lang.GroovyShell.run(GroovyShell.java:518)
	at groovy.lang.GroovyShell.run(GroovyShell.java:507)
	at groovy.ui.GroovyMain.processOnce(GroovyMain.java:653)
	at groovy.ui.GroovyMain.run(GroovyMain.java:384)
	at groovy.ui.GroovyMain.process(GroovyMain.java:370)
	at groovy.ui.GroovyMain.processArgs(GroovyMain.java:129)
	at groovy.ui.GroovyMain.main(GroovyMain.java:109)
	at sun.reflect.NativeMethodAccessorImpl.invoke0(Native Method)
	at sun.reflect.NativeMethodAccessorImpl.invoke(NativeMethodAccessorImpl.java:62)
	at sun.reflect.DelegatingMethodAccessorImpl.invoke(DelegatingMethodAccessorImpl.java:43)
	at java.lang.reflect.Method.invoke(Method.java:498)
	at org.codehaus.groovy.tools.GroovyStarter.rootLoader(GroovyStarter.java:109)
	at org.codehaus.groovy.tools.GroovyStarter.main(GroovyStarter.java:131)
)]]></system-err>
   </testsuite>
</testsuites>
