<?xml version="1.0" encoding="UTF-8"?>
<testsuites name="Kiosk Sanity Login Test" time="163" tests="1" failures="2" errors="0">
   <testsuite name="Kiosk Sanity Login Test" tests="1" failures="2" errors="0" time="163" timestamp="2019-02-04 12:35:16" hostname="leon.b - QA-PC.Y-it.Local" id="Test Suites/Production/Kiosk Sanity Login Test">
      <properties>
         <property name="deviceName" value=""/>
         <property name="devicePlatform" value=""/>
         <property name="logFolder" value="C:\\Users\\leon.b\\Katalon Studio\\Y-IT_TransIT\\Reports\\Production\\Kiosk Sanity Login Test\\20190204_122231"/>
         <property name="logFiles" value="C:\\Users\\leon.b\\Katalon Studio\\Y-IT_TransIT\\Reports\\Production\\Kiosk Sanity Login Test\\20190204_122231\\execution0.log"/>
         <property name="attachments" value="C:\\Users\\leon.b\\Katalon Studio\\Y-IT_TransIT\\Reports\\Production\\Kiosk Sanity Login Test\\20190204_122231\\1549276534310.png, C:\\Users\\leon.b\\Katalon Studio\\Y-IT_TransIT\\Reports\\Production\\Kiosk Sanity Login Test\\20190204_122231\\1549276534721.png, C:\\Users\\leon.b\\Katalon Studio\\Y-IT_TransIT\\Reports\\Production\\Kiosk Sanity Login Test\\20190204_122231\\1549276563648.png, C:\\Users\\leon.b\\Katalon Studio\\Y-IT_TransIT\\Reports\\Production\\Kiosk Sanity Login Test\\20190204_122231\\1549276564026.png, C:\\Users\\leon.b\\Katalon Studio\\Y-IT_TransIT\\Reports\\Production\\Kiosk Sanity Login Test\\20190204_122231\\1549276638511.png, C:\\Users\\leon.b\\Katalon Studio\\Y-IT_TransIT\\Reports\\Production\\Kiosk Sanity Login Test\\20190204_122231\\1549276638815.png"/>
         <property name="hostName" value="leon.b - QA-PC.Y-it.Local"/>
         <property name="os" value="Windows 10 64bit"/>
         <property name="katalonVersion" value="5.10.1.1"/>
         <property name="browser" value="Chrome 72.0.3626.81"/>
         <property name="hostAddress" value="192.168.1.145"/>
         <property name="sessionId" value="452257e0a23b1fa8703682d3774a0c0b"/>
         <property name="seleniumVersion" value="3.7.1"/>
         <property name="proxyInformation" value="ProxyInformation{proxyOption=NO_PROXY, proxyServerType=HTTP, password=, proxyServerAddress=, proxyServerPort=0}"/>
         <property name="platform" value="Windows 10"/>
      </properties>
      <testcase name="Test Cases/kiosk/kiosk sanity" classname="Test Cases/kiosk/kiosk sanity" status="FAILED">
         <failure type="FAILED" message="Test Cases/kiosk/kiosk sanity FAILED.
Reason:
com.kms.katalon.core.exception.StepFailedException: Unable to verify if object 'Object Repository/Kiosk/Work Ticket/back button' is visible in viewport (Root cause: com.kms.katalon.core.exception.StepFailedException: Object 'Object Repository/Kiosk/Work Ticket/back button' is present but is not visible in viewport)
	at com.kms.katalon.core.keyword.internal.KeywordMain.stepFailed(KeywordMain.groovy:36)
	at com.kms.katalon.core.webui.keyword.internal.WebUIKeywordMain.stepFailed(WebUIKeywordMain.groovy:65)
	at com.kms.katalon.core.webui.keyword.internal.WebUIKeywordMain.runKeyword(WebUIKeywordMain.groovy:27)
	at com.kms.katalon.core.webui.keyword.builtin.VerifyElementVisibleInViewportKeyword.verifyElementVisibleInViewport(VerifyElementVisibleInViewportKeyword.groovy:86)
	at com.kms.katalon.core.webui.keyword.builtin.VerifyElementVisibleInViewportKeyword.execute(VerifyElementVisibleInViewportKeyword.groovy:68)
	at com.kms.katalon.core.keyword.internal.KeywordExecutor.executeKeywordForPlatform(KeywordExecutor.groovy:53)
	at com.kms.katalon.core.webui.keyword.WebUiBuiltInKeywords.verifyElementVisibleInViewport(WebUiBuiltInKeywords.groovy:2992)
	at com.kms.katalon.core.webui.keyword.WebUiBuiltInKeywords.verifyElementVisibleInViewport(WebUiBuiltInKeywords.groovy:3008)
	at com.kms.katalon.core.webui.keyword.WebUiBuiltInKeywords$verifyElementVisibleInViewport$4.call(Unknown Source)
	at kiosk sanity.run(kiosk sanity:71)
	at com.kms.katalon.core.main.ScriptEngine.run(ScriptEngine.java:194)
	at com.kms.katalon.core.main.ScriptEngine.runScriptAsRawText(ScriptEngine.java:119)
	at com.kms.katalon.core.main.TestCaseExecutor.runScript(TestCaseExecutor.java:328)
	at com.kms.katalon.core.main.TestCaseExecutor.doExecute(TestCaseExecutor.java:319)
	at com.kms.katalon.core.main.TestCaseExecutor.processExecutionPhase(TestCaseExecutor.java:298)
	at com.kms.katalon.core.main.TestCaseExecutor.accessMainPhase(TestCaseExecutor.java:290)
	at com.kms.katalon.core.main.TestCaseExecutor.execute(TestCaseExecutor.java:224)
	at com.kms.katalon.core.main.TestSuiteExecutor.accessTestCaseMainPhase(TestSuiteExecutor.java:129)
	at com.kms.katalon.core.main.TestSuiteExecutor.accessTestSuiteMainPhase(TestSuiteExecutor.java:112)
	at com.kms.katalon.core.main.TestSuiteExecutor.execute(TestSuiteExecutor.java:81)
	at com.kms.katalon.core.main.TestCaseMain.startTestSuite(TestCaseMain.java:149)
	at com.kms.katalon.core.main.TestCaseMain$startTestSuite$0.call(Unknown Source)
	at TempTestSuite1549275751782.run(TempTestSuite1549275751782.groovy:36)
"/>
         <system-out><![CDATA[2019-02-04 12:35:17 - [TEST_CASE][FAILED] - Test Cases/kiosk/kiosk sanity: Test Cases/kiosk/kiosk sanity FAILED.
Reason:
com.kms.katalon.core.exception.StepFailedException: Unable to verify if object 'Object Repository/Kiosk/Work Ticket/back button' is visible in viewport (Root cause: com.kms.katalon.core.exception.StepFailedException: Object 'Object Repository/Kiosk/Work Ticket/back button' is present but is not visible in viewport)
	at com.kms.katalon.core.keyword.internal.KeywordMain.stepFailed(KeywordMain.groovy:36)
	at com.kms.katalon.core.webui.keyword.internal.WebUIKeywordMain.stepFailed(WebUIKeywordMain.groovy:65)
	at com.kms.katalon.core.webui.keyword.internal.WebUIKeywordMain.runKeyword(WebUIKeywordMain.groovy:27)
	at com.kms.katalon.core.webui.keyword.builtin.VerifyElementVisibleInViewportKeyword.verifyElementVisibleInViewport(VerifyElementVisibleInViewportKeyword.groovy:86)
	at com.kms.katalon.core.webui.keyword.builtin.VerifyElementVisibleInViewportKeyword.execute(VerifyElementVisibleInViewportKeyword.groovy:68)
	at com.kms.katalon.core.keyword.internal.KeywordExecutor.executeKeywordForPlatform(KeywordExecutor.groovy:53)
	at com.kms.katalon.core.webui.keyword.WebUiBuiltInKeywords.verifyElementVisibleInViewport(WebUiBuiltInKeywords.groovy:2992)
	at com.kms.katalon.core.webui.keyword.WebUiBuiltInKeywords.verifyElementVisibleInViewport(WebUiBuiltInKeywords.groovy:3008)
	at com.kms.katalon.core.webui.keyword.WebUiBuiltInKeywords$verifyElementVisibleInViewport$4.call(Unknown Source)
	at kiosk sanity.run(kiosk sanity:71)
	at com.kms.katalon.core.main.ScriptEngine.run(ScriptEngine.java:194)
	at com.kms.katalon.core.main.ScriptEngine.runScriptAsRawText(ScriptEngine.java:119)
	at com.kms.katalon.core.main.TestCaseExecutor.runScript(TestCaseExecutor.java:328)
	at com.kms.katalon.core.main.TestCaseExecutor.doExecute(TestCaseExecutor.java:319)
	at com.kms.katalon.core.main.TestCaseExecutor.processExecutionPhase(TestCaseExecutor.java:298)
	at com.kms.katalon.core.main.TestCaseExecutor.accessMainPhase(TestCaseExecutor.java:290)
	at com.kms.katalon.core.main.TestCaseExecutor.execute(TestCaseExecutor.java:224)
	at com.kms.katalon.core.main.TestSuiteExecutor.accessTestCaseMainPhase(TestSuiteExecutor.java:129)
	at com.kms.katalon.core.main.TestSuiteExecutor.accessTestSuiteMainPhase(TestSuiteExecutor.java:112)
	at com.kms.katalon.core.main.TestSuiteExecutor.execute(TestSuiteExecutor.java:81)
	at com.kms.katalon.core.main.TestCaseMain.startTestSuite(TestCaseMain.java:149)
	at com.kms.katalon.core.main.TestCaseMain$startTestSuite$0.call(Unknown Source)
	at TempTestSuite1549275751782.run(TempTestSuite1549275751782.groovy:36)


2019-02-04 12:35:17 - [TEST_STEP][PASSED] - openBrowser(site): Browser is opened with url: 'eggedtaavura.kiosk.y-it.co.il/login'

2019-02-04 12:35:18 - [MESSAGE][INFO] - Starting 'Chrome' driver

2019-02-04 12:35:18 - [MESSAGE][INFO] - Action delay is set to 0 seconds

2019-02-04 12:35:25 - [MESSAGE][PASSED] - Browser is opened with url: 'eggedtaavura.kiosk.y-it.co.il/login'

2019-02-04 12:35:25 - [TEST_STEP][PASSED] - maximizeWindow(): Current window maximized

2019-02-04 12:35:26 - [MESSAGE][PASSED] - Current window maximized

2019-02-04 12:35:26 - [TEST_STEP][PASSED] - waitForElementVisible(findTestObject("Kiosk/Login/Code Plus Id/driverCodeInput"), 15): Object 'Object Repository/Kiosk/Login/Code Plus Id/driverCodeInput' is visible

2019-02-04 12:35:26 - [MESSAGE][PASSED] - Object 'Object Repository/Kiosk/Login/Code Plus Id/driverCodeInput' is visible

2019-02-04 12:35:26 - [TEST_STEP][PASSED] - waitForElementVisible(findTestObject("Kiosk/Login/Code Plus Id/driverIdInput"), 15): Object 'Object Repository/Kiosk/Login/Code Plus Id/driverIdInput' is visible

2019-02-04 12:35:26 - [MESSAGE][PASSED] - Object 'Object Repository/Kiosk/Login/Code Plus Id/driverIdInput' is visible

2019-02-04 12:35:26 - [TEST_STEP][PASSED] - waitForElementVisible(findTestObject("Kiosk/Login/Code Plus Id/enterButton"), 15): Object 'Object Repository/Kiosk/Login/Code Plus Id/enterButton' is visible

2019-02-04 12:35:26 - [MESSAGE][PASSED] - Object 'Object Repository/Kiosk/Login/Code Plus Id/enterButton' is visible

2019-02-04 12:35:26 - [TEST_STEP][PASSED] - delay(1): Delayed 1 second(s)

2019-02-04 12:35:27 - [MESSAGE][PASSED] - Delayed 1 second(s)

2019-02-04 12:35:27 - [TEST_STEP][PASSED] - setText(findTestObject("Kiosk/Login/Code Plus Id/driverCodeInput"), driverCode): Text '52' is set on object 'Object Repository/Kiosk/Login/Code Plus Id/driverCodeInput'

2019-02-04 12:35:27 - [MESSAGE][PASSED] - Text '52' is set on object 'Object Repository/Kiosk/Login/Code Plus Id/driverCodeInput'

2019-02-04 12:35:27 - [TEST_STEP][PASSED] - setText(findTestObject("Kiosk/Login/Code Plus Id/driverIdInput"), driverId): Text '053028841' is set on object 'Object Repository/Kiosk/Login/Code Plus Id/driverIdInput'

2019-02-04 12:35:27 - [MESSAGE][PASSED] - Text '053028841' is set on object 'Object Repository/Kiosk/Login/Code Plus Id/driverIdInput'

2019-02-04 12:35:27 - [TEST_STEP][PASSED] - delay(1): Delayed 1 second(s)

2019-02-04 12:35:28 - [MESSAGE][PASSED] - Delayed 1 second(s)

2019-02-04 12:35:28 - [TEST_STEP][PASSED] - click(findTestObject("Kiosk/Login/Code Plus Id/enterButton")): Object: 'Object Repository/Kiosk/Login/Code Plus Id/enterButton' is clicked on

2019-02-04 12:35:28 - [MESSAGE][PASSED] - Object: 'Object Repository/Kiosk/Login/Code Plus Id/enterButton' is clicked on

2019-02-04 12:35:28 - [TEST_STEP][PASSED] - waitForElementVisible(findTestObject("Kiosk/Lobby/header"), 15): Object 'Object Repository/Kiosk/Lobby/header' is visible

2019-02-04 12:35:29 - [MESSAGE][PASSED] - Object 'Object Repository/Kiosk/Lobby/header' is visible

2019-02-04 12:35:29 - [TEST_STEP][PASSED] - verifyElementVisibleInViewport(findTestObject("Kiosk/Lobby/header"), 5): Object 'Object Repository/Kiosk/Lobby/header' is present and visible in viewport

2019-02-04 12:35:29 - [MESSAGE][PASSED] - Object 'Object Repository/Kiosk/Lobby/header' is present and visible in viewport

2019-02-04 12:35:29 - [TEST_STEP][PASSED] - waitForElementVisible(findTestObject("Kiosk/Lobby/workTicketButton"), 15): Object 'Object Repository/Kiosk/Lobby/workTicketButton' is visible

2019-02-04 12:35:29 - [MESSAGE][PASSED] - Object 'Object Repository/Kiosk/Lobby/workTicketButton' is visible

2019-02-04 12:35:29 - [TEST_STEP][PASSED] - verifyElementClickable(findTestObject("Kiosk/Lobby/workTicketButton"), STOP_ON_FAILURE): Object 'Object Repository/Kiosk/Lobby/workTicketButton' is clickable

2019-02-04 12:35:29 - [MESSAGE][PASSED] - Object 'Object Repository/Kiosk/Lobby/workTicketButton' is clickable

2019-02-04 12:35:29 - [TEST_STEP][PASSED] - delay(1): Delayed 1 second(s)

2019-02-04 12:35:30 - [MESSAGE][PASSED] - Delayed 1 second(s)

2019-02-04 12:35:30 - [TEST_STEP][PASSED] - click(findTestObject("Kiosk/Lobby/workTicketButton")): Object: 'Object Repository/Kiosk/Lobby/workTicketButton' is clicked on

2019-02-04 12:35:30 - [MESSAGE][PASSED] - Object: 'Object Repository/Kiosk/Lobby/workTicketButton' is clicked on

2019-02-04 12:35:30 - [TEST_STEP][PASSED] - waitForElementVisible(findTestObject("Kiosk/Work Ticket/statusDropdown"), 15): Object 'Object Repository/Kiosk/Work Ticket/statusDropdown' is visible

2019-02-04 12:35:31 - [MESSAGE][PASSED] - Object 'Object Repository/Kiosk/Work Ticket/statusDropdown' is visible

2019-02-04 12:35:31 - [TEST_STEP][PASSED] - verifyElementVisibleInViewport(findTestObject("Kiosk/Work Ticket/statusDropdown"), 5): Object 'Object Repository/Kiosk/Work Ticket/statusDropdown' is present and visible in viewport

2019-02-04 12:35:31 - [MESSAGE][PASSED] - Object 'Object Repository/Kiosk/Work Ticket/statusDropdown' is present and visible in viewport

2019-02-04 12:35:31 - [TEST_STEP][PASSED] - waitForElementVisible(findTestObject("Kiosk/Work Ticket/datesTableFirstRow"), 15): Object 'Object Repository/Kiosk/Work Ticket/datesTableFirstRow' is visible

2019-02-04 12:35:34 - [MESSAGE][PASSED] - Object 'Object Repository/Kiosk/Work Ticket/datesTableFirstRow' is visible

2019-02-04 12:35:34 - [TEST_STEP][PASSED] - verifyElementVisibleInViewport(findTestObject("Kiosk/Work Ticket/datesTableFirstRow"), 5): Object 'Object Repository/Kiosk/Work Ticket/datesTableFirstRow' is present and visible in viewport

2019-02-04 12:35:34 - [MESSAGE][PASSED] - Object 'Object Repository/Kiosk/Work Ticket/datesTableFirstRow' is present and visible in viewport

2019-02-04 12:35:34 - [TEST_STEP][PASSED] - waitForElementVisible(findTestObject("Kiosk/Work Ticket/mainTableFirstRow"), 15): Object 'Object Repository/Kiosk/Work Ticket/mainTableFirstRow' is visible

2019-02-04 12:35:34 - [MESSAGE][PASSED] - Object 'Object Repository/Kiosk/Work Ticket/mainTableFirstRow' is visible

2019-02-04 12:35:34 - [TEST_STEP][PASSED] - verifyElementVisibleInViewport(findTestObject("Kiosk/Work Ticket/mainTableFirstRow"), 5): Object 'Object Repository/Kiosk/Work Ticket/mainTableFirstRow' is present and visible in viewport

2019-02-04 12:35:34 - [MESSAGE][PASSED] - Object 'Object Repository/Kiosk/Work Ticket/mainTableFirstRow' is present and visible in viewport

2019-02-04 12:35:34 - [TEST_STEP][PASSED] - waitForElementVisible(findTestObject("Kiosk/Work Ticket/back button"), 15): Object 'Object Repository/Kiosk/Work Ticket/back button' is visible

2019-02-04 12:35:34 - [MESSAGE][PASSED] - Object 'Object Repository/Kiosk/Work Ticket/back button' is visible

2019-02-04 12:35:34 - [TEST_STEP][FAILED] - verifyElementVisibleInViewport(findTestObject("Kiosk/Work Ticket/back button"), 5): verifyElementVisibleInViewport(findTestObject("Kiosk/Work Ticket/back button"), 5) FAILED.
Reason:
com.kms.katalon.core.exception.StepFailedException: Unable to verify if object 'Object Repository/Kiosk/Work Ticket/back button' is visible in viewport (Root cause: com.kms.katalon.core.exception.StepFailedException: Object 'Object Repository/Kiosk/Work Ticket/back button' is present but is not visible in viewport)
	at com.kms.katalon.core.keyword.internal.KeywordMain.stepFailed(KeywordMain.groovy:36)
	at com.kms.katalon.core.webui.keyword.internal.WebUIKeywordMain.stepFailed(WebUIKeywordMain.groovy:65)
	at com.kms.katalon.core.webui.keyword.internal.WebUIKeywordMain.runKeyword(WebUIKeywordMain.groovy:27)
	at com.kms.katalon.core.webui.keyword.builtin.VerifyElementVisibleInViewportKeyword.verifyElementVisibleInViewport(VerifyElementVisibleInViewportKeyword.groovy:86)
	at com.kms.katalon.core.webui.keyword.builtin.VerifyElementVisibleInViewportKeyword.execute(VerifyElementVisibleInViewportKeyword.groovy:68)
	at com.kms.katalon.core.keyword.internal.KeywordExecutor.executeKeywordForPlatform(KeywordExecutor.groovy:53)
	at com.kms.katalon.core.webui.keyword.WebUiBuiltInKeywords.verifyElementVisibleInViewport(WebUiBuiltInKeywords.groovy:2992)
	at com.kms.katalon.core.webui.keyword.WebUiBuiltInKeywords.verifyElementVisibleInViewport(WebUiBuiltInKeywords.groovy:3008)
	at com.kms.katalon.core.webui.keyword.WebUiBuiltInKeywords$verifyElementVisibleInViewport$4.call(Unknown Source)
	at kiosk sanity.run(kiosk sanity:71)
	at com.kms.katalon.core.main.ScriptEngine.run(ScriptEngine.java:194)
	at com.kms.katalon.core.main.ScriptEngine.runScriptAsRawText(ScriptEngine.java:119)
	at com.kms.katalon.core.main.TestCaseExecutor.runScript(TestCaseExecutor.java:328)
	at com.kms.katalon.core.main.TestCaseExecutor.doExecute(TestCaseExecutor.java:319)
	at com.kms.katalon.core.main.TestCaseExecutor.processExecutionPhase(TestCaseExecutor.java:298)
	at com.kms.katalon.core.main.TestCaseExecutor.accessMainPhase(TestCaseExecutor.java:290)
	at com.kms.katalon.core.main.TestCaseExecutor.execute(TestCaseExecutor.java:224)
	at com.kms.katalon.core.main.TestSuiteExecutor.accessTestCaseMainPhase(TestSuiteExecutor.java:129)
	at com.kms.katalon.core.main.TestSuiteExecutor.accessTestSuiteMainPhase(TestSuiteExecutor.java:112)
	at com.kms.katalon.core.main.TestSuiteExecutor.execute(TestSuiteExecutor.java:81)
	at com.kms.katalon.core.main.TestCaseMain.startTestSuite(TestCaseMain.java:149)
	at com.kms.katalon.core.main.TestCaseMain$startTestSuite$0.call(Unknown Source)
	at TempTestSuite1549275751782.run(TempTestSuite1549275751782.groovy:36)


2019-02-04 12:35:34 - [MESSAGE][FAILED] - Object 'Object Repository/Kiosk/Work Ticket/back button' is present but is not visible in viewport
[[ATTACHMENT|C:\\Users\\leon.b\\Katalon Studio\\Y-IT_TransIT\\Reports\\Production\\Kiosk Sanity Login Test\\20190204_122231\\1549276534310.png]]

2019-02-04 12:35:35 - [MESSAGE][FAILED] - Unable to verify if object 'Object Repository/Kiosk/Work Ticket/back button' is visible in viewport (Root cause: com.kms.katalon.core.exception.StepFailedException: Object 'Object Repository/Kiosk/Work Ticket/back button' is present but is not visible in viewport)
[[ATTACHMENT|C:\\Users\\leon.b\\Katalon Studio\\Y-IT_TransIT\\Reports\\Production\\Kiosk Sanity Login Test\\20190204_122231\\1549276534721.png]]

2019-02-04 12:35:35 - [MESSAGE][FAILED] - verifyElementVisibleInViewport(findTestObject("Kiosk/Work Ticket/back button"), 5) FAILED.
Reason:
com.kms.katalon.core.exception.StepFailedException: Unable to verify if object 'Object Repository/Kiosk/Work Ticket/back button' is visible in viewport (Root cause: com.kms.katalon.core.exception.StepFailedException: Object 'Object Repository/Kiosk/Work Ticket/back button' is present but is not visible in viewport)
	at com.kms.katalon.core.keyword.internal.KeywordMain.stepFailed(KeywordMain.groovy:36)
	at com.kms.katalon.core.webui.keyword.internal.WebUIKeywordMain.stepFailed(WebUIKeywordMain.groovy:65)
	at com.kms.katalon.core.webui.keyword.internal.WebUIKeywordMain.runKeyword(WebUIKeywordMain.groovy:27)
	at com.kms.katalon.core.webui.keyword.builtin.VerifyElementVisibleInViewportKeyword.verifyElementVisibleInViewport(VerifyElementVisibleInViewportKeyword.groovy:86)
	at com.kms.katalon.core.webui.keyword.builtin.VerifyElementVisibleInViewportKeyword.execute(VerifyElementVisibleInViewportKeyword.groovy:68)
	at com.kms.katalon.core.keyword.internal.KeywordExecutor.executeKeywordForPlatform(KeywordExecutor.groovy:53)
	at com.kms.katalon.core.webui.keyword.WebUiBuiltInKeywords.verifyElementVisibleInViewport(WebUiBuiltInKeywords.groovy:2992)
	at com.kms.katalon.core.webui.keyword.WebUiBuiltInKeywords.verifyElementVisibleInViewport(WebUiBuiltInKeywords.groovy:3008)
	at com.kms.katalon.core.webui.keyword.WebUiBuiltInKeywords$verifyElementVisibleInViewport$4.call(Unknown Source)
	at kiosk sanity.run(kiosk sanity:71)
	at com.kms.katalon.core.main.ScriptEngine.run(ScriptEngine.java:194)
	at com.kms.katalon.core.main.ScriptEngine.runScriptAsRawText(ScriptEngine.java:119)
	at com.kms.katalon.core.main.TestCaseExecutor.runScript(TestCaseExecutor.java:328)
	at com.kms.katalon.core.main.TestCaseExecutor.doExecute(TestCaseExecutor.java:319)
	at com.kms.katalon.core.main.TestCaseExecutor.processExecutionPhase(TestCaseExecutor.java:298)
	at com.kms.katalon.core.main.TestCaseExecutor.accessMainPhase(TestCaseExecutor.java:290)
	at com.kms.katalon.core.main.TestCaseExecutor.execute(TestCaseExecutor.java:224)
	at com.kms.katalon.core.main.TestSuiteExecutor.accessTestCaseMainPhase(TestSuiteExecutor.java:129)
	at com.kms.katalon.core.main.TestSuiteExecutor.accessTestSuiteMainPhase(TestSuiteExecutor.java:112)
	at com.kms.katalon.core.main.TestSuiteExecutor.execute(TestSuiteExecutor.java:81)
	at com.kms.katalon.core.main.TestCaseMain.startTestSuite(TestCaseMain.java:149)
	at com.kms.katalon.core.main.TestCaseMain$startTestSuite$0.call(Unknown Source)
	at TempTestSuite1549275751782.run(TempTestSuite1549275751782.groovy:36)]]></system-out>
         <system-err><![CDATA[2019-02-04 12:35:17 - [TEST_CASE][FAILED] - Test Cases/kiosk/kiosk sanity: Test Cases/kiosk/kiosk sanity FAILED.
Reason:
com.kms.katalon.core.exception.StepFailedException: Unable to verify if object 'Object Repository/Kiosk/Work Ticket/back button' is visible in viewport (Root cause: com.kms.katalon.core.exception.StepFailedException: Object 'Object Repository/Kiosk/Work Ticket/back button' is present but is not visible in viewport)
	at com.kms.katalon.core.keyword.internal.KeywordMain.stepFailed(KeywordMain.groovy:36)
	at com.kms.katalon.core.webui.keyword.internal.WebUIKeywordMain.stepFailed(WebUIKeywordMain.groovy:65)
	at com.kms.katalon.core.webui.keyword.internal.WebUIKeywordMain.runKeyword(WebUIKeywordMain.groovy:27)
	at com.kms.katalon.core.webui.keyword.builtin.VerifyElementVisibleInViewportKeyword.verifyElementVisibleInViewport(VerifyElementVisibleInViewportKeyword.groovy:86)
	at com.kms.katalon.core.webui.keyword.builtin.VerifyElementVisibleInViewportKeyword.execute(VerifyElementVisibleInViewportKeyword.groovy:68)
	at com.kms.katalon.core.keyword.internal.KeywordExecutor.executeKeywordForPlatform(KeywordExecutor.groovy:53)
	at com.kms.katalon.core.webui.keyword.WebUiBuiltInKeywords.verifyElementVisibleInViewport(WebUiBuiltInKeywords.groovy:2992)
	at com.kms.katalon.core.webui.keyword.WebUiBuiltInKeywords.verifyElementVisibleInViewport(WebUiBuiltInKeywords.groovy:3008)
	at com.kms.katalon.core.webui.keyword.WebUiBuiltInKeywords$verifyElementVisibleInViewport$4.call(Unknown Source)
	at kiosk sanity.run(kiosk sanity:71)
	at com.kms.katalon.core.main.ScriptEngine.run(ScriptEngine.java:194)
	at com.kms.katalon.core.main.ScriptEngine.runScriptAsRawText(ScriptEngine.java:119)
	at com.kms.katalon.core.main.TestCaseExecutor.runScript(TestCaseExecutor.java:328)
	at com.kms.katalon.core.main.TestCaseExecutor.doExecute(TestCaseExecutor.java:319)
	at com.kms.katalon.core.main.TestCaseExecutor.processExecutionPhase(TestCaseExecutor.java:298)
	at com.kms.katalon.core.main.TestCaseExecutor.accessMainPhase(TestCaseExecutor.java:290)
	at com.kms.katalon.core.main.TestCaseExecutor.execute(TestCaseExecutor.java:224)
	at com.kms.katalon.core.main.TestSuiteExecutor.accessTestCaseMainPhase(TestSuiteExecutor.java:129)
	at com.kms.katalon.core.main.TestSuiteExecutor.accessTestSuiteMainPhase(TestSuiteExecutor.java:112)
	at com.kms.katalon.core.main.TestSuiteExecutor.execute(TestSuiteExecutor.java:81)
	at com.kms.katalon.core.main.TestCaseMain.startTestSuite(TestCaseMain.java:149)
	at com.kms.katalon.core.main.TestCaseMain$startTestSuite$0.call(Unknown Source)
	at TempTestSuite1549275751782.run(TempTestSuite1549275751782.groovy:36)]]></system-err>
      </testcase>
      <testcase name="Test Cases/kiosk/kiosk sanity" classname="Test Cases/kiosk/kiosk sanity" status="FAILED">
         <failure type="FAILED" message="Test Cases/kiosk/kiosk sanity FAILED.
Reason:
com.kms.katalon.core.exception.StepFailedException: Unable to verify if object 'Object Repository/Kiosk/Work Ticket/back button' is visible in viewport (Root cause: com.kms.katalon.core.exception.StepFailedException: Object 'Object Repository/Kiosk/Work Ticket/back button' is present but is not visible in viewport)
	at com.kms.katalon.core.keyword.internal.KeywordMain.stepFailed(KeywordMain.groovy:36)
	at com.kms.katalon.core.webui.keyword.internal.WebUIKeywordMain.stepFailed(WebUIKeywordMain.groovy:65)
	at com.kms.katalon.core.webui.keyword.internal.WebUIKeywordMain.runKeyword(WebUIKeywordMain.groovy:27)
	at com.kms.katalon.core.webui.keyword.builtin.VerifyElementVisibleInViewportKeyword.verifyElementVisibleInViewport(VerifyElementVisibleInViewportKeyword.groovy:86)
	at com.kms.katalon.core.webui.keyword.builtin.VerifyElementVisibleInViewportKeyword.execute(VerifyElementVisibleInViewportKeyword.groovy:68)
	at com.kms.katalon.core.keyword.internal.KeywordExecutor.executeKeywordForPlatform(KeywordExecutor.groovy:53)
	at com.kms.katalon.core.webui.keyword.WebUiBuiltInKeywords.verifyElementVisibleInViewport(WebUiBuiltInKeywords.groovy:2992)
	at com.kms.katalon.core.webui.keyword.WebUiBuiltInKeywords.verifyElementVisibleInViewport(WebUiBuiltInKeywords.groovy:3008)
	at com.kms.katalon.core.webui.keyword.WebUiBuiltInKeywords$verifyElementVisibleInViewport$4.call(Unknown Source)
	at kiosk sanity.run(kiosk sanity:71)
	at com.kms.katalon.core.main.ScriptEngine.run(ScriptEngine.java:194)
	at com.kms.katalon.core.main.ScriptEngine.runScriptAsRawText(ScriptEngine.java:119)
	at com.kms.katalon.core.main.TestCaseExecutor.runScript(TestCaseExecutor.java:328)
	at com.kms.katalon.core.main.TestCaseExecutor.doExecute(TestCaseExecutor.java:319)
	at com.kms.katalon.core.main.TestCaseExecutor.processExecutionPhase(TestCaseExecutor.java:298)
	at com.kms.katalon.core.main.TestCaseExecutor.accessMainPhase(TestCaseExecutor.java:290)
	at com.kms.katalon.core.main.TestCaseExecutor.execute(TestCaseExecutor.java:224)
	at com.kms.katalon.core.main.TestSuiteExecutor.accessTestCaseMainPhase(TestSuiteExecutor.java:129)
	at com.kms.katalon.core.main.TestSuiteExecutor.accessTestSuiteMainPhase(TestSuiteExecutor.java:112)
	at com.kms.katalon.core.main.TestSuiteExecutor.execute(TestSuiteExecutor.java:81)
	at com.kms.katalon.core.main.TestCaseMain.startTestSuite(TestCaseMain.java:149)
	at com.kms.katalon.core.main.TestCaseMain$startTestSuite$0.call(Unknown Source)
	at TempTestSuite1549275751782.run(TempTestSuite1549275751782.groovy:36)
"/>
         <system-out><![CDATA[2019-02-04 12:35:35 - [TEST_CASE][FAILED] - Test Cases/kiosk/kiosk sanity: Test Cases/kiosk/kiosk sanity FAILED.
Reason:
com.kms.katalon.core.exception.StepFailedException: Unable to verify if object 'Object Repository/Kiosk/Work Ticket/back button' is visible in viewport (Root cause: com.kms.katalon.core.exception.StepFailedException: Object 'Object Repository/Kiosk/Work Ticket/back button' is present but is not visible in viewport)
	at com.kms.katalon.core.keyword.internal.KeywordMain.stepFailed(KeywordMain.groovy:36)
	at com.kms.katalon.core.webui.keyword.internal.WebUIKeywordMain.stepFailed(WebUIKeywordMain.groovy:65)
	at com.kms.katalon.core.webui.keyword.internal.WebUIKeywordMain.runKeyword(WebUIKeywordMain.groovy:27)
	at com.kms.katalon.core.webui.keyword.builtin.VerifyElementVisibleInViewportKeyword.verifyElementVisibleInViewport(VerifyElementVisibleInViewportKeyword.groovy:86)
	at com.kms.katalon.core.webui.keyword.builtin.VerifyElementVisibleInViewportKeyword.execute(VerifyElementVisibleInViewportKeyword.groovy:68)
	at com.kms.katalon.core.keyword.internal.KeywordExecutor.executeKeywordForPlatform(KeywordExecutor.groovy:53)
	at com.kms.katalon.core.webui.keyword.WebUiBuiltInKeywords.verifyElementVisibleInViewport(WebUiBuiltInKeywords.groovy:2992)
	at com.kms.katalon.core.webui.keyword.WebUiBuiltInKeywords.verifyElementVisibleInViewport(WebUiBuiltInKeywords.groovy:3008)
	at com.kms.katalon.core.webui.keyword.WebUiBuiltInKeywords$verifyElementVisibleInViewport$4.call(Unknown Source)
	at kiosk sanity.run(kiosk sanity:71)
	at com.kms.katalon.core.main.ScriptEngine.run(ScriptEngine.java:194)
	at com.kms.katalon.core.main.ScriptEngine.runScriptAsRawText(ScriptEngine.java:119)
	at com.kms.katalon.core.main.TestCaseExecutor.runScript(TestCaseExecutor.java:328)
	at com.kms.katalon.core.main.TestCaseExecutor.doExecute(TestCaseExecutor.java:319)
	at com.kms.katalon.core.main.TestCaseExecutor.processExecutionPhase(TestCaseExecutor.java:298)
	at com.kms.katalon.core.main.TestCaseExecutor.accessMainPhase(TestCaseExecutor.java:290)
	at com.kms.katalon.core.main.TestCaseExecutor.execute(TestCaseExecutor.java:224)
	at com.kms.katalon.core.main.TestSuiteExecutor.accessTestCaseMainPhase(TestSuiteExecutor.java:129)
	at com.kms.katalon.core.main.TestSuiteExecutor.accessTestSuiteMainPhase(TestSuiteExecutor.java:112)
	at com.kms.katalon.core.main.TestSuiteExecutor.execute(TestSuiteExecutor.java:81)
	at com.kms.katalon.core.main.TestCaseMain.startTestSuite(TestCaseMain.java:149)
	at com.kms.katalon.core.main.TestCaseMain$startTestSuite$0.call(Unknown Source)
	at TempTestSuite1549275751782.run(TempTestSuite1549275751782.groovy:36)


2019-02-04 12:35:35 - [TEST_STEP][PASSED] - openBrowser(site): Browser is opened with url: 'afikim.kiosk.y-it.co.il/login'

2019-02-04 12:35:35 - [MESSAGE][WARNING] - A browser is already opened. Closing browser and opening a new one

2019-02-04 12:35:35 - [MESSAGE][INFO] - Starting 'Chrome' driver

2019-02-04 12:35:41 - [MESSAGE][PASSED] - Browser is opened with url: 'afikim.kiosk.y-it.co.il/login'

2019-02-04 12:35:41 - [TEST_STEP][PASSED] - maximizeWindow(): Current window maximized

2019-02-04 12:35:42 - [MESSAGE][PASSED] - Current window maximized

2019-02-04 12:35:42 - [TEST_STEP][PASSED] - waitForElementVisible(findTestObject("Kiosk/Login/Code Plus Id/driverCodeInput"), 15): Object 'Object Repository/Kiosk/Login/Code Plus Id/driverCodeInput' is visible

2019-02-04 12:35:42 - [MESSAGE][PASSED] - Object 'Object Repository/Kiosk/Login/Code Plus Id/driverCodeInput' is visible

2019-02-04 12:35:42 - [TEST_STEP][PASSED] - waitForElementVisible(findTestObject("Kiosk/Login/Code Plus Id/driverIdInput"), 15): Object 'Object Repository/Kiosk/Login/Code Plus Id/driverIdInput' is visible

2019-02-04 12:35:42 - [MESSAGE][PASSED] - Object 'Object Repository/Kiosk/Login/Code Plus Id/driverIdInput' is visible

2019-02-04 12:35:42 - [TEST_STEP][PASSED] - waitForElementVisible(findTestObject("Kiosk/Login/Code Plus Id/enterButton"), 15): Object 'Object Repository/Kiosk/Login/Code Plus Id/enterButton' is visible

2019-02-04 12:35:42 - [MESSAGE][PASSED] - Object 'Object Repository/Kiosk/Login/Code Plus Id/enterButton' is visible

2019-02-04 12:35:42 - [TEST_STEP][PASSED] - delay(1): Delayed 1 second(s)

2019-02-04 12:35:43 - [MESSAGE][PASSED] - Delayed 1 second(s)

2019-02-04 12:35:43 - [TEST_STEP][PASSED] - setText(findTestObject("Kiosk/Login/Code Plus Id/driverCodeInput"), driverCode): Text '9628' is set on object 'Object Repository/Kiosk/Login/Code Plus Id/driverCodeInput'

2019-02-04 12:35:43 - [MESSAGE][PASSED] - Text '9628' is set on object 'Object Repository/Kiosk/Login/Code Plus Id/driverCodeInput'

2019-02-04 12:35:43 - [TEST_STEP][PASSED] - setText(findTestObject("Kiosk/Login/Code Plus Id/driverIdInput"), driverId): Text '028377000' is set on object 'Object Repository/Kiosk/Login/Code Plus Id/driverIdInput'

2019-02-04 12:35:44 - [MESSAGE][PASSED] - Text '028377000' is set on object 'Object Repository/Kiosk/Login/Code Plus Id/driverIdInput'

2019-02-04 12:35:44 - [TEST_STEP][PASSED] - delay(1): Delayed 1 second(s)

2019-02-04 12:35:45 - [MESSAGE][PASSED] - Delayed 1 second(s)

2019-02-04 12:35:45 - [TEST_STEP][PASSED] - click(findTestObject("Kiosk/Login/Code Plus Id/enterButton")): Object: 'Object Repository/Kiosk/Login/Code Plus Id/enterButton' is clicked on

2019-02-04 12:35:45 - [MESSAGE][PASSED] - Object: 'Object Repository/Kiosk/Login/Code Plus Id/enterButton' is clicked on

2019-02-04 12:35:45 - [TEST_STEP][PASSED] - waitForElementVisible(findTestObject("Kiosk/Lobby/header"), 15): Object 'Object Repository/Kiosk/Lobby/header' is visible

2019-02-04 12:35:46 - [MESSAGE][PASSED] - Object 'Object Repository/Kiosk/Lobby/header' is visible

2019-02-04 12:35:46 - [TEST_STEP][PASSED] - verifyElementVisibleInViewport(findTestObject("Kiosk/Lobby/header"), 5): Object 'Object Repository/Kiosk/Lobby/header' is present and visible in viewport

2019-02-04 12:35:46 - [MESSAGE][PASSED] - Object 'Object Repository/Kiosk/Lobby/header' is present and visible in viewport

2019-02-04 12:35:46 - [TEST_STEP][PASSED] - waitForElementVisible(findTestObject("Kiosk/Lobby/workTicketButton"), 15): Object 'Object Repository/Kiosk/Lobby/workTicketButton' is visible

2019-02-04 12:35:46 - [MESSAGE][PASSED] - Object 'Object Repository/Kiosk/Lobby/workTicketButton' is visible

2019-02-04 12:35:46 - [TEST_STEP][PASSED] - verifyElementClickable(findTestObject("Kiosk/Lobby/workTicketButton"), STOP_ON_FAILURE): Object 'Object Repository/Kiosk/Lobby/workTicketButton' is clickable

2019-02-04 12:35:46 - [MESSAGE][PASSED] - Object 'Object Repository/Kiosk/Lobby/workTicketButton' is clickable

2019-02-04 12:35:46 - [TEST_STEP][PASSED] - delay(1): Delayed 1 second(s)

2019-02-04 12:35:47 - [MESSAGE][PASSED] - Delayed 1 second(s)

2019-02-04 12:35:47 - [TEST_STEP][PASSED] - click(findTestObject("Kiosk/Lobby/workTicketButton")): Object: 'Object Repository/Kiosk/Lobby/workTicketButton' is clicked on

2019-02-04 12:35:47 - [MESSAGE][PASSED] - Object: 'Object Repository/Kiosk/Lobby/workTicketButton' is clicked on

2019-02-04 12:35:47 - [TEST_STEP][PASSED] - waitForElementVisible(findTestObject("Kiosk/Work Ticket/statusDropdown"), 15): Object 'Object Repository/Kiosk/Work Ticket/statusDropdown' is visible

2019-02-04 12:35:47 - [MESSAGE][PASSED] - Object 'Object Repository/Kiosk/Work Ticket/statusDropdown' is visible

2019-02-04 12:35:47 - [TEST_STEP][PASSED] - verifyElementVisibleInViewport(findTestObject("Kiosk/Work Ticket/statusDropdown"), 5): Object 'Object Repository/Kiosk/Work Ticket/statusDropdown' is present and visible in viewport

2019-02-04 12:35:47 - [MESSAGE][PASSED] - Object 'Object Repository/Kiosk/Work Ticket/statusDropdown' is present and visible in viewport

2019-02-04 12:35:47 - [TEST_STEP][PASSED] - waitForElementVisible(findTestObject("Kiosk/Work Ticket/datesTableFirstRow"), 15): Web element with id: 'Object Repository/Kiosk/Work Ticket/datesTableFirstRow' located by 'By.cssSelector: yit-report > div:nth-of-type(1) > div:nth-of-type(2) > div:nth-of-type(1) > div:nth-of-type(1) > div:nth-of-type(2) > div:nth-of-type(2) kendo-grid kendo-grid-list table tr:nth-of-type(1)' not found

2019-02-04 12:36:02 - [MESSAGE][INFO] - Unable to find the element located by 'By.cssSelector: yit-report > div:nth-of-type(1) > div:nth-of-type(2) > div:nth-of-type(1) > div:nth-of-type(1) > div:nth-of-type(2) > div:nth-of-type(2) kendo-grid kendo-grid-list table tr:nth-of-type(1)'. Please recheck the objects properties to make sure the desired element is located. 

2019-02-04 12:36:02 - [MESSAGE][WARNING] - Web element with id: 'Object Repository/Kiosk/Work Ticket/datesTableFirstRow' located by 'By.cssSelector: yit-report > div:nth-of-type(1) > div:nth-of-type(2) > div:nth-of-type(1) > div:nth-of-type(1) > div:nth-of-type(2) > div:nth-of-type(2) kendo-grid kendo-grid-list table tr:nth-of-type(1)' not found

2019-02-04 12:36:02 - [TEST_STEP][PASSED] - verifyElementVisibleInViewport(findTestObject("Kiosk/Work Ticket/datesTableFirstRow"), 5): Object 'Object Repository/Kiosk/Work Ticket/datesTableFirstRow' is present and visible in viewport

2019-02-04 12:36:03 - [MESSAGE][PASSED] - Object 'Object Repository/Kiosk/Work Ticket/datesTableFirstRow' is present and visible in viewport

2019-02-04 12:36:03 - [TEST_STEP][PASSED] - waitForElementVisible(findTestObject("Kiosk/Work Ticket/mainTableFirstRow"), 15): Object 'Object Repository/Kiosk/Work Ticket/mainTableFirstRow' is visible

2019-02-04 12:36:03 - [MESSAGE][PASSED] - Object 'Object Repository/Kiosk/Work Ticket/mainTableFirstRow' is visible

2019-02-04 12:36:03 - [TEST_STEP][PASSED] - verifyElementVisibleInViewport(findTestObject("Kiosk/Work Ticket/mainTableFirstRow"), 5): Object 'Object Repository/Kiosk/Work Ticket/mainTableFirstRow' is present and visible in viewport

2019-02-04 12:36:03 - [MESSAGE][PASSED] - Object 'Object Repository/Kiosk/Work Ticket/mainTableFirstRow' is present and visible in viewport

2019-02-04 12:36:03 - [TEST_STEP][PASSED] - waitForElementVisible(findTestObject("Kiosk/Work Ticket/back button"), 15): Object 'Object Repository/Kiosk/Work Ticket/back button' is visible

2019-02-04 12:36:03 - [MESSAGE][PASSED] - Object 'Object Repository/Kiosk/Work Ticket/back button' is visible

2019-02-04 12:36:03 - [TEST_STEP][FAILED] - verifyElementVisibleInViewport(findTestObject("Kiosk/Work Ticket/back button"), 5): verifyElementVisibleInViewport(findTestObject("Kiosk/Work Ticket/back button"), 5) FAILED.
Reason:
com.kms.katalon.core.exception.StepFailedException: Unable to verify if object 'Object Repository/Kiosk/Work Ticket/back button' is visible in viewport (Root cause: com.kms.katalon.core.exception.StepFailedException: Object 'Object Repository/Kiosk/Work Ticket/back button' is present but is not visible in viewport)
	at com.kms.katalon.core.keyword.internal.KeywordMain.stepFailed(KeywordMain.groovy:36)
	at com.kms.katalon.core.webui.keyword.internal.WebUIKeywordMain.stepFailed(WebUIKeywordMain.groovy:65)
	at com.kms.katalon.core.webui.keyword.internal.WebUIKeywordMain.runKeyword(WebUIKeywordMain.groovy:27)
	at com.kms.katalon.core.webui.keyword.builtin.VerifyElementVisibleInViewportKeyword.verifyElementVisibleInViewport(VerifyElementVisibleInViewportKeyword.groovy:86)
	at com.kms.katalon.core.webui.keyword.builtin.VerifyElementVisibleInViewportKeyword.execute(VerifyElementVisibleInViewportKeyword.groovy:68)
	at com.kms.katalon.core.keyword.internal.KeywordExecutor.executeKeywordForPlatform(KeywordExecutor.groovy:53)
	at com.kms.katalon.core.webui.keyword.WebUiBuiltInKeywords.verifyElementVisibleInViewport(WebUiBuiltInKeywords.groovy:2992)
	at com.kms.katalon.core.webui.keyword.WebUiBuiltInKeywords.verifyElementVisibleInViewport(WebUiBuiltInKeywords.groovy:3008)
	at com.kms.katalon.core.webui.keyword.WebUiBuiltInKeywords$verifyElementVisibleInViewport$4.call(Unknown Source)
	at kiosk sanity.run(kiosk sanity:71)
	at com.kms.katalon.core.main.ScriptEngine.run(ScriptEngine.java:194)
	at com.kms.katalon.core.main.ScriptEngine.runScriptAsRawText(ScriptEngine.java:119)
	at com.kms.katalon.core.main.TestCaseExecutor.runScript(TestCaseExecutor.java:328)
	at com.kms.katalon.core.main.TestCaseExecutor.doExecute(TestCaseExecutor.java:319)
	at com.kms.katalon.core.main.TestCaseExecutor.processExecutionPhase(TestCaseExecutor.java:298)
	at com.kms.katalon.core.main.TestCaseExecutor.accessMainPhase(TestCaseExecutor.java:290)
	at com.kms.katalon.core.main.TestCaseExecutor.execute(TestCaseExecutor.java:224)
	at com.kms.katalon.core.main.TestSuiteExecutor.accessTestCaseMainPhase(TestSuiteExecutor.java:129)
	at com.kms.katalon.core.main.TestSuiteExecutor.accessTestSuiteMainPhase(TestSuiteExecutor.java:112)
	at com.kms.katalon.core.main.TestSuiteExecutor.execute(TestSuiteExecutor.java:81)
	at com.kms.katalon.core.main.TestCaseMain.startTestSuite(TestCaseMain.java:149)
	at com.kms.katalon.core.main.TestCaseMain$startTestSuite$0.call(Unknown Source)
	at TempTestSuite1549275751782.run(TempTestSuite1549275751782.groovy:36)


2019-02-04 12:36:04 - [MESSAGE][FAILED] - Object 'Object Repository/Kiosk/Work Ticket/back button' is present but is not visible in viewport
[[ATTACHMENT|C:\\Users\\leon.b\\Katalon Studio\\Y-IT_TransIT\\Reports\\Production\\Kiosk Sanity Login Test\\20190204_122231\\1549276563648.png]]

2019-02-04 12:36:04 - [MESSAGE][FAILED] - Unable to verify if object 'Object Repository/Kiosk/Work Ticket/back button' is visible in viewport (Root cause: com.kms.katalon.core.exception.StepFailedException: Object 'Object Repository/Kiosk/Work Ticket/back button' is present but is not visible in viewport)
[[ATTACHMENT|C:\\Users\\leon.b\\Katalon Studio\\Y-IT_TransIT\\Reports\\Production\\Kiosk Sanity Login Test\\20190204_122231\\1549276564026.png]]

2019-02-04 12:36:04 - [MESSAGE][FAILED] - verifyElementVisibleInViewport(findTestObject("Kiosk/Work Ticket/back button"), 5) FAILED.
Reason:
com.kms.katalon.core.exception.StepFailedException: Unable to verify if object 'Object Repository/Kiosk/Work Ticket/back button' is visible in viewport (Root cause: com.kms.katalon.core.exception.StepFailedException: Object 'Object Repository/Kiosk/Work Ticket/back button' is present but is not visible in viewport)
	at com.kms.katalon.core.keyword.internal.KeywordMain.stepFailed(KeywordMain.groovy:36)
	at com.kms.katalon.core.webui.keyword.internal.WebUIKeywordMain.stepFailed(WebUIKeywordMain.groovy:65)
	at com.kms.katalon.core.webui.keyword.internal.WebUIKeywordMain.runKeyword(WebUIKeywordMain.groovy:27)
	at com.kms.katalon.core.webui.keyword.builtin.VerifyElementVisibleInViewportKeyword.verifyElementVisibleInViewport(VerifyElementVisibleInViewportKeyword.groovy:86)
	at com.kms.katalon.core.webui.keyword.builtin.VerifyElementVisibleInViewportKeyword.execute(VerifyElementVisibleInViewportKeyword.groovy:68)
	at com.kms.katalon.core.keyword.internal.KeywordExecutor.executeKeywordForPlatform(KeywordExecutor.groovy:53)
	at com.kms.katalon.core.webui.keyword.WebUiBuiltInKeywords.verifyElementVisibleInViewport(WebUiBuiltInKeywords.groovy:2992)
	at com.kms.katalon.core.webui.keyword.WebUiBuiltInKeywords.verifyElementVisibleInViewport(WebUiBuiltInKeywords.groovy:3008)
	at com.kms.katalon.core.webui.keyword.WebUiBuiltInKeywords$verifyElementVisibleInViewport$4.call(Unknown Source)
	at kiosk sanity.run(kiosk sanity:71)
	at com.kms.katalon.core.main.ScriptEngine.run(ScriptEngine.java:194)
	at com.kms.katalon.core.main.ScriptEngine.runScriptAsRawText(ScriptEngine.java:119)
	at com.kms.katalon.core.main.TestCaseExecutor.runScript(TestCaseExecutor.java:328)
	at com.kms.katalon.core.main.TestCaseExecutor.doExecute(TestCaseExecutor.java:319)
	at com.kms.katalon.core.main.TestCaseExecutor.processExecutionPhase(TestCaseExecutor.java:298)
	at com.kms.katalon.core.main.TestCaseExecutor.accessMainPhase(TestCaseExecutor.java:290)
	at com.kms.katalon.core.main.TestCaseExecutor.execute(TestCaseExecutor.java:224)
	at com.kms.katalon.core.main.TestSuiteExecutor.accessTestCaseMainPhase(TestSuiteExecutor.java:129)
	at com.kms.katalon.core.main.TestSuiteExecutor.accessTestSuiteMainPhase(TestSuiteExecutor.java:112)
	at com.kms.katalon.core.main.TestSuiteExecutor.execute(TestSuiteExecutor.java:81)
	at com.kms.katalon.core.main.TestCaseMain.startTestSuite(TestCaseMain.java:149)
	at com.kms.katalon.core.main.TestCaseMain$startTestSuite$0.call(Unknown Source)
	at TempTestSuite1549275751782.run(TempTestSuite1549275751782.groovy:36)]]></system-out>
         <system-err><![CDATA[2019-02-04 12:35:35 - [TEST_CASE][FAILED] - Test Cases/kiosk/kiosk sanity: Test Cases/kiosk/kiosk sanity FAILED.
Reason:
com.kms.katalon.core.exception.StepFailedException: Unable to verify if object 'Object Repository/Kiosk/Work Ticket/back button' is visible in viewport (Root cause: com.kms.katalon.core.exception.StepFailedException: Object 'Object Repository/Kiosk/Work Ticket/back button' is present but is not visible in viewport)
	at com.kms.katalon.core.keyword.internal.KeywordMain.stepFailed(KeywordMain.groovy:36)
	at com.kms.katalon.core.webui.keyword.internal.WebUIKeywordMain.stepFailed(WebUIKeywordMain.groovy:65)
	at com.kms.katalon.core.webui.keyword.internal.WebUIKeywordMain.runKeyword(WebUIKeywordMain.groovy:27)
	at com.kms.katalon.core.webui.keyword.builtin.VerifyElementVisibleInViewportKeyword.verifyElementVisibleInViewport(VerifyElementVisibleInViewportKeyword.groovy:86)
	at com.kms.katalon.core.webui.keyword.builtin.VerifyElementVisibleInViewportKeyword.execute(VerifyElementVisibleInViewportKeyword.groovy:68)
	at com.kms.katalon.core.keyword.internal.KeywordExecutor.executeKeywordForPlatform(KeywordExecutor.groovy:53)
	at com.kms.katalon.core.webui.keyword.WebUiBuiltInKeywords.verifyElementVisibleInViewport(WebUiBuiltInKeywords.groovy:2992)
	at com.kms.katalon.core.webui.keyword.WebUiBuiltInKeywords.verifyElementVisibleInViewport(WebUiBuiltInKeywords.groovy:3008)
	at com.kms.katalon.core.webui.keyword.WebUiBuiltInKeywords$verifyElementVisibleInViewport$4.call(Unknown Source)
	at kiosk sanity.run(kiosk sanity:71)
	at com.kms.katalon.core.main.ScriptEngine.run(ScriptEngine.java:194)
	at com.kms.katalon.core.main.ScriptEngine.runScriptAsRawText(ScriptEngine.java:119)
	at com.kms.katalon.core.main.TestCaseExecutor.runScript(TestCaseExecutor.java:328)
	at com.kms.katalon.core.main.TestCaseExecutor.doExecute(TestCaseExecutor.java:319)
	at com.kms.katalon.core.main.TestCaseExecutor.processExecutionPhase(TestCaseExecutor.java:298)
	at com.kms.katalon.core.main.TestCaseExecutor.accessMainPhase(TestCaseExecutor.java:290)
	at com.kms.katalon.core.main.TestCaseExecutor.execute(TestCaseExecutor.java:224)
	at com.kms.katalon.core.main.TestSuiteExecutor.accessTestCaseMainPhase(TestSuiteExecutor.java:129)
	at com.kms.katalon.core.main.TestSuiteExecutor.accessTestSuiteMainPhase(TestSuiteExecutor.java:112)
	at com.kms.katalon.core.main.TestSuiteExecutor.execute(TestSuiteExecutor.java:81)
	at com.kms.katalon.core.main.TestCaseMain.startTestSuite(TestCaseMain.java:149)
	at com.kms.katalon.core.main.TestCaseMain$startTestSuite$0.call(Unknown Source)
	at TempTestSuite1549275751782.run(TempTestSuite1549275751782.groovy:36)]]></system-err>
      </testcase>
      <testcase name="Test Cases/kiosk/kiosk rfid" classname="Test Cases/kiosk/kiosk rfid" status="PASSED">
         <system-out><![CDATA[2019-02-04 12:36:04 - [TEST_CASE][PASSED] - Test Cases/kiosk/kiosk rfid: Test Cases/kiosk/kiosk rfid

2019-02-04 12:36:04 - [TEST_STEP][PASSED] - delay(10): Delayed 10 second(s)

2019-02-04 12:36:14 - [MESSAGE][PASSED] - Delayed 10 second(s)

2019-02-04 12:36:14 - [TEST_STEP][PASSED] - openBrowser(rfidSite): Browser is opened with url: 'eggedtaavura.kiosk.y-it.co.il/loginByRfid'

2019-02-04 12:36:14 - [MESSAGE][WARNING] - A browser is already opened. Closing browser and opening a new one

2019-02-04 12:36:15 - [MESSAGE][INFO] - Starting 'Chrome' driver

2019-02-04 12:36:20 - [MESSAGE][PASSED] - Browser is opened with url: 'eggedtaavura.kiosk.y-it.co.il/loginByRfid'

2019-02-04 12:36:20 - [TEST_STEP][PASSED] - waitForElementVisible(findTestObject("Kiosk/Login/Rfid/cardImage"), 30): Object 'Object Repository/Kiosk/Login/Rfid/cardImage' is visible

2019-02-04 12:36:20 - [MESSAGE][PASSED] - Object 'Object Repository/Kiosk/Login/Rfid/cardImage' is visible

2019-02-04 12:36:20 - [TEST_STEP][PASSED] - focus(findTestObject("Kiosk/Login/Rfid/cardImage")): Object: 'Object Repository/Kiosk/Login/Rfid/cardImage' is focused

2019-02-04 12:36:21 - [MESSAGE][PASSED] - Object: 'Object Repository/Kiosk/Login/Rfid/cardImage' is focused

2019-02-04 12:36:21 - [TEST_STEP][PASSED] - f_logInwithRfid(): null

2019-02-04 12:36:21 - [TEST_STEP][PASSED] - robot = new java.awt.Robot(): null

2019-02-04 12:36:21 - [TEST_STEP][PASSED] - rfidCodeArray = toString().toCharArray(): null

2019-02-04 12:36:21 - [TEST_STEP][PASSED] - delay(5): Delayed 5 second(s)

2019-02-04 12:36:26 - [MESSAGE][PASSED] - Delayed 5 second(s)

2019-02-04 12:36:26 - [TEST_STEP][PASSED] - for ([i = 0, i < length, (i++)]): null

2019-02-04 12:36:26 - [TEST_STEP][PASSED] - delay(1): Delayed 1 second(s)

2019-02-04 12:36:27 - [MESSAGE][PASSED] - Delayed 1 second(s)

2019-02-04 12:36:27 - [TEST_STEP][PASSED] - n = Integer.parseInt(rfidCodeArray[i].toString()): null

2019-02-04 12:36:27 - [TEST_STEP][PASSED] - switch (n): null

2019-02-04 12:36:27 - [TEST_STEP][PASSED] - case 0:: null

2019-02-04 12:36:27 - [TEST_STEP][PASSED] - delay(1): Delayed 1 second(s)

2019-02-04 12:36:28 - [MESSAGE][PASSED] - Delayed 1 second(s)

2019-02-04 12:36:28 - [TEST_STEP][PASSED] - robot.keyPress(VK_0): null

2019-02-04 12:36:28 - [TEST_STEP][PASSED] - break: null

2019-02-04 12:36:28 - [TEST_STEP][PASSED] - delay(1): Delayed 1 second(s)

2019-02-04 12:36:29 - [MESSAGE][PASSED] - Delayed 1 second(s)

2019-02-04 12:36:29 - [TEST_STEP][PASSED] - n = Integer.parseInt(rfidCodeArray[i].toString()): null

2019-02-04 12:36:29 - [TEST_STEP][PASSED] - switch (n): null

2019-02-04 12:36:29 - [TEST_STEP][PASSED] - case 2:: null

2019-02-04 12:36:29 - [TEST_STEP][PASSED] - delay(1): Delayed 1 second(s)

2019-02-04 12:36:30 - [MESSAGE][PASSED] - Delayed 1 second(s)

2019-02-04 12:36:30 - [TEST_STEP][PASSED] - robot.keyPress(VK_2): null

2019-02-04 12:36:30 - [TEST_STEP][PASSED] - break: null

2019-02-04 12:36:30 - [TEST_STEP][PASSED] - delay(1): Delayed 1 second(s)

2019-02-04 12:36:31 - [MESSAGE][PASSED] - Delayed 1 second(s)

2019-02-04 12:36:31 - [TEST_STEP][PASSED] - n = Integer.parseInt(rfidCodeArray[i].toString()): null

2019-02-04 12:36:31 - [TEST_STEP][PASSED] - switch (n): null

2019-02-04 12:36:31 - [TEST_STEP][PASSED] - case 6:: null

2019-02-04 12:36:31 - [TEST_STEP][PASSED] - delay(1): Delayed 1 second(s)

2019-02-04 12:36:32 - [MESSAGE][PASSED] - Delayed 1 second(s)

2019-02-04 12:36:32 - [TEST_STEP][PASSED] - robot.keyPress(VK_6): null

2019-02-04 12:36:32 - [TEST_STEP][PASSED] - break: null

2019-02-04 12:36:32 - [TEST_STEP][PASSED] - delay(1): Delayed 1 second(s)

2019-02-04 12:36:33 - [MESSAGE][PASSED] - Delayed 1 second(s)

2019-02-04 12:36:33 - [TEST_STEP][PASSED] - n = Integer.parseInt(rfidCodeArray[i].toString()): null

2019-02-04 12:36:33 - [TEST_STEP][PASSED] - switch (n): null

2019-02-04 12:36:33 - [TEST_STEP][PASSED] - case 0:: null

2019-02-04 12:36:33 - [TEST_STEP][PASSED] - delay(1): Delayed 1 second(s)

2019-02-04 12:36:34 - [MESSAGE][PASSED] - Delayed 1 second(s)

2019-02-04 12:36:34 - [TEST_STEP][PASSED] - robot.keyPress(VK_0): null

2019-02-04 12:36:34 - [TEST_STEP][PASSED] - break: null

2019-02-04 12:36:34 - [TEST_STEP][PASSED] - delay(1): Delayed 1 second(s)

2019-02-04 12:36:35 - [MESSAGE][PASSED] - Delayed 1 second(s)

2019-02-04 12:36:35 - [TEST_STEP][PASSED] - n = Integer.parseInt(rfidCodeArray[i].toString()): null

2019-02-04 12:36:35 - [TEST_STEP][PASSED] - switch (n): null

2019-02-04 12:36:35 - [TEST_STEP][PASSED] - case 0:: null

2019-02-04 12:36:35 - [TEST_STEP][PASSED] - delay(1): Delayed 1 second(s)

2019-02-04 12:36:36 - [MESSAGE][PASSED] - Delayed 1 second(s)

2019-02-04 12:36:36 - [TEST_STEP][PASSED] - robot.keyPress(VK_0): null

2019-02-04 12:36:36 - [TEST_STEP][PASSED] - break: null

2019-02-04 12:36:36 - [TEST_STEP][PASSED] - delay(1): Delayed 1 second(s)

2019-02-04 12:36:37 - [MESSAGE][PASSED] - Delayed 1 second(s)

2019-02-04 12:36:37 - [TEST_STEP][PASSED] - n = Integer.parseInt(rfidCodeArray[i].toString()): null

2019-02-04 12:36:37 - [TEST_STEP][PASSED] - switch (n): null

2019-02-04 12:36:37 - [TEST_STEP][PASSED] - case 0:: null

2019-02-04 12:36:37 - [TEST_STEP][PASSED] - delay(1): Delayed 1 second(s)

2019-02-04 12:36:38 - [MESSAGE][PASSED] - Delayed 1 second(s)

2019-02-04 12:36:38 - [TEST_STEP][PASSED] - robot.keyPress(VK_0): null

2019-02-04 12:36:38 - [TEST_STEP][PASSED] - break: null

2019-02-04 12:36:38 - [TEST_STEP][PASSED] - delay(1): Delayed 1 second(s)

2019-02-04 12:36:39 - [MESSAGE][PASSED] - Delayed 1 second(s)

2019-02-04 12:36:39 - [TEST_STEP][PASSED] - n = Integer.parseInt(rfidCodeArray[i].toString()): null

2019-02-04 12:36:39 - [TEST_STEP][PASSED] - switch (n): null

2019-02-04 12:36:39 - [TEST_STEP][PASSED] - case 2:: null

2019-02-04 12:36:39 - [TEST_STEP][PASSED] - delay(1): Delayed 1 second(s)

2019-02-04 12:36:40 - [MESSAGE][PASSED] - Delayed 1 second(s)

2019-02-04 12:36:40 - [TEST_STEP][PASSED] - robot.keyPress(VK_2): null

2019-02-04 12:36:40 - [TEST_STEP][PASSED] - break: null

2019-02-04 12:36:40 - [TEST_STEP][PASSED] - delay(1): Delayed 1 second(s)

2019-02-04 12:36:41 - [MESSAGE][PASSED] - Delayed 1 second(s)

2019-02-04 12:36:41 - [TEST_STEP][PASSED] - n = Integer.parseInt(rfidCodeArray[i].toString()): null

2019-02-04 12:36:41 - [TEST_STEP][PASSED] - switch (n): null

2019-02-04 12:36:41 - [TEST_STEP][PASSED] - case 2:: null

2019-02-04 12:36:41 - [TEST_STEP][PASSED] - delay(1): Delayed 1 second(s)

2019-02-04 12:36:42 - [MESSAGE][PASSED] - Delayed 1 second(s)

2019-02-04 12:36:42 - [TEST_STEP][PASSED] - robot.keyPress(VK_2): null

2019-02-04 12:36:42 - [TEST_STEP][PASSED] - break: null

2019-02-04 12:36:42 - [TEST_STEP][PASSED] - delay(1): Delayed 1 second(s)

2019-02-04 12:36:43 - [MESSAGE][PASSED] - Delayed 1 second(s)

2019-02-04 12:36:43 - [TEST_STEP][PASSED] - n = Integer.parseInt(rfidCodeArray[i].toString()): null

2019-02-04 12:36:43 - [TEST_STEP][PASSED] - switch (n): null

2019-02-04 12:36:43 - [TEST_STEP][PASSED] - case 4:: null

2019-02-04 12:36:43 - [TEST_STEP][PASSED] - delay(1): Delayed 1 second(s)

2019-02-04 12:36:44 - [MESSAGE][PASSED] - Delayed 1 second(s)

2019-02-04 12:36:44 - [TEST_STEP][PASSED] - robot.keyPress(VK_4): null

2019-02-04 12:36:44 - [TEST_STEP][PASSED] - break: null

2019-02-04 12:36:44 - [TEST_STEP][PASSED] - delay(1): Delayed 1 second(s)

2019-02-04 12:36:45 - [MESSAGE][PASSED] - Delayed 1 second(s)

2019-02-04 12:36:45 - [TEST_STEP][PASSED] - n = Integer.parseInt(rfidCodeArray[i].toString()): null

2019-02-04 12:36:45 - [TEST_STEP][PASSED] - switch (n): null

2019-02-04 12:36:45 - [TEST_STEP][PASSED] - case 0:: null

2019-02-04 12:36:45 - [TEST_STEP][PASSED] - delay(1): Delayed 1 second(s)

2019-02-04 12:36:46 - [MESSAGE][PASSED] - Delayed 1 second(s)

2019-02-04 12:36:46 - [TEST_STEP][PASSED] - robot.keyPress(VK_0): null

2019-02-04 12:36:46 - [TEST_STEP][PASSED] - break: null

2019-02-04 12:36:46 - [TEST_STEP][PASSED] - delay(1): Delayed 1 second(s)

2019-02-04 12:36:47 - [MESSAGE][PASSED] - Delayed 1 second(s)

2019-02-04 12:36:47 - [TEST_STEP][PASSED] - n = Integer.parseInt(rfidCodeArray[i].toString()): null

2019-02-04 12:36:47 - [TEST_STEP][PASSED] - switch (n): null

2019-02-04 12:36:47 - [TEST_STEP][PASSED] - case 0:: null

2019-02-04 12:36:47 - [TEST_STEP][PASSED] - delay(1): Delayed 1 second(s)

2019-02-04 12:36:48 - [MESSAGE][PASSED] - Delayed 1 second(s)

2019-02-04 12:36:48 - [TEST_STEP][PASSED] - robot.keyPress(VK_0): null

2019-02-04 12:36:48 - [TEST_STEP][PASSED] - break: null

2019-02-04 12:36:48 - [TEST_STEP][PASSED] - delay(1): Delayed 1 second(s)

2019-02-04 12:36:49 - [MESSAGE][PASSED] - Delayed 1 second(s)

2019-02-04 12:36:49 - [TEST_STEP][PASSED] - n = Integer.parseInt(rfidCodeArray[i].toString()): null

2019-02-04 12:36:49 - [TEST_STEP][PASSED] - switch (n): null

2019-02-04 12:36:49 - [TEST_STEP][PASSED] - case 1:: null

2019-02-04 12:36:49 - [TEST_STEP][PASSED] - delay(1): Delayed 1 second(s)

2019-02-04 12:36:50 - [MESSAGE][PASSED] - Delayed 1 second(s)

2019-02-04 12:36:50 - [TEST_STEP][PASSED] - robot.keyPress(VK_1): null

2019-02-04 12:36:50 - [TEST_STEP][PASSED] - break: null

2019-02-04 12:36:50 - [TEST_STEP][PASSED] - delay(1): Delayed 1 second(s)

2019-02-04 12:36:51 - [MESSAGE][PASSED] - Delayed 1 second(s)

2019-02-04 12:36:51 - [TEST_STEP][PASSED] - n = Integer.parseInt(rfidCodeArray[i].toString()): null

2019-02-04 12:36:51 - [TEST_STEP][PASSED] - switch (n): null

2019-02-04 12:36:51 - [TEST_STEP][PASSED] - case 2:: null

2019-02-04 12:36:51 - [TEST_STEP][PASSED] - delay(1): Delayed 1 second(s)

2019-02-04 12:36:52 - [MESSAGE][PASSED] - Delayed 1 second(s)

2019-02-04 12:36:52 - [TEST_STEP][PASSED] - robot.keyPress(VK_2): null

2019-02-04 12:36:52 - [TEST_STEP][PASSED] - break: null

2019-02-04 12:36:52 - [TEST_STEP][PASSED] - delay(1): Delayed 1 second(s)

2019-02-04 12:36:53 - [MESSAGE][PASSED] - Delayed 1 second(s)

2019-02-04 12:36:53 - [TEST_STEP][PASSED] - robot.keyPress(VK_ENTER): null

2019-02-04 12:36:53 - [TEST_STEP][PASSED] - delay(1): Delayed 1 second(s)

2019-02-04 12:36:54 - [MESSAGE][PASSED] - Delayed 1 second(s)

2019-02-04 12:36:54 - [TEST_STEP][PASSED] - robot.keyPress(VK_ENTER): null

2019-02-04 12:36:54 - [TEST_STEP][PASSED] - delay(1): Delayed 1 second(s)

2019-02-04 12:36:55 - [MESSAGE][PASSED] - Delayed 1 second(s)

2019-02-04 12:36:55 - [TEST_STEP][PASSED] - robot.keyPress(VK_ENTER): null

2019-02-04 12:36:55 - [TEST_STEP][PASSED] - delay(1): Delayed 1 second(s)

2019-02-04 12:36:56 - [MESSAGE][PASSED] - Delayed 1 second(s)

2019-02-04 12:36:56 - [TEST_STEP][PASSED] - robot.keyPress(VK_ENTER): null

2019-02-04 12:36:56 - [TEST_STEP][PASSED] - delay(1): Delayed 1 second(s)

2019-02-04 12:36:57 - [MESSAGE][PASSED] - Delayed 1 second(s)

2019-02-04 12:36:57 - [TEST_STEP][PASSED] - robot.keyPress(VK_ENTER): null

2019-02-04 12:36:57 - [TEST_STEP][PASSED] - delay(1): Delayed 1 second(s)

2019-02-04 12:36:58 - [MESSAGE][PASSED] - Delayed 1 second(s)

2019-02-04 12:36:58 - [TEST_STEP][FAILED] - try: Unable to verify if object 'Object Repository/Kiosk/Lobby/header' is visible in viewport (Root cause: com.kms.katalon.core.exception.StepFailedException: Object 'Object Repository/Kiosk/Lobby/header' is not present)

2019-02-04 12:36:58 - [TEST_STEP][PASSED] - waitForElementVisible(findTestObject("Kiosk/Lobby/header"), 15): Web element with id: 'Object Repository/Kiosk/Lobby/header' located by 'By.cssSelector: yit-header > div:nth-of-type(1) > div:nth-of-type(2)' not found

2019-02-04 12:37:13 - [MESSAGE][INFO] - Unable to find the element located by 'By.cssSelector: yit-header > div:nth-of-type(1) > div:nth-of-type(2)'. Please recheck the objects properties to make sure the desired element is located. 

2019-02-04 12:37:13 - [MESSAGE][WARNING] - Web element with id: 'Object Repository/Kiosk/Lobby/header' located by 'By.cssSelector: yit-header > div:nth-of-type(1) > div:nth-of-type(2)' not found

2019-02-04 12:37:13 - [TEST_STEP][FAILED] - verifyElementVisibleInViewport(findTestObject("Kiosk/Lobby/header"), 5): Unable to verify if object 'Object Repository/Kiosk/Lobby/header' is visible in viewport (Root cause: com.kms.katalon.core.exception.StepFailedException: Object 'Object Repository/Kiosk/Lobby/header' is not present)

2019-02-04 12:37:18 - [MESSAGE][INFO] - Unable to find the element located by 'By.cssSelector: yit-header > div:nth-of-type(1) > div:nth-of-type(2)'. Please recheck the objects properties to make sure the desired element is located. 

2019-02-04 12:37:18 - [MESSAGE][FAILED] - Object 'Object Repository/Kiosk/Lobby/header' is not present
[[ATTACHMENT|C:\\Users\\leon.b\\Katalon Studio\\Y-IT_TransIT\\Reports\\Production\\Kiosk Sanity Login Test\\20190204_122231\\1549276638511.png]]

2019-02-04 12:37:19 - [MESSAGE][FAILED] - Unable to verify if object 'Object Repository/Kiosk/Lobby/header' is visible in viewport (Root cause: com.kms.katalon.core.exception.StepFailedException: Object 'Object Repository/Kiosk/Lobby/header' is not present)
[[ATTACHMENT|C:\\Users\\leon.b\\Katalon Studio\\Y-IT_TransIT\\Reports\\Production\\Kiosk Sanity Login Test\\20190204_122231\\1549276638815.png]]

2019-02-04 12:37:19 - [TEST_STEP][PASSED] - catch (Exception e): null

2019-02-04 12:37:19 - [TEST_STEP][PASSED] - refresh(): Refresh successfully

2019-02-04 12:37:21 - [MESSAGE][PASSED] - Refresh successfully

2019-02-04 12:37:21 - [TEST_STEP][PASSED] - waitForElementVisible(findTestObject("Kiosk/Login/Rfid/cardImage"), 30): Object 'Object Repository/Kiosk/Login/Rfid/cardImage' is visible

2019-02-04 12:37:21 - [MESSAGE][PASSED] - Object 'Object Repository/Kiosk/Login/Rfid/cardImage' is visible

2019-02-04 12:37:21 - [TEST_STEP][PASSED] - f_logInwithRfid(): null

2019-02-04 12:37:21 - [TEST_STEP][PASSED] - robot = new java.awt.Robot(): null

2019-02-04 12:37:21 - [TEST_STEP][PASSED] - rfidCodeArray = toString().toCharArray(): null

2019-02-04 12:37:21 - [TEST_STEP][PASSED] - delay(5): Delayed 5 second(s)

2019-02-04 12:37:26 - [MESSAGE][PASSED] - Delayed 5 second(s)

2019-02-04 12:37:26 - [TEST_STEP][PASSED] - for ([i = 0, i < length, (i++)]): null

2019-02-04 12:37:26 - [TEST_STEP][PASSED] - delay(1): Delayed 1 second(s)

2019-02-04 12:37:27 - [MESSAGE][PASSED] - Delayed 1 second(s)

2019-02-04 12:37:27 - [TEST_STEP][PASSED] - n = Integer.parseInt(rfidCodeArray[i].toString()): null

2019-02-04 12:37:27 - [TEST_STEP][PASSED] - switch (n): null

2019-02-04 12:37:27 - [TEST_STEP][PASSED] - case 0:: null

2019-02-04 12:37:27 - [TEST_STEP][PASSED] - delay(1): Delayed 1 second(s)

2019-02-04 12:37:28 - [MESSAGE][PASSED] - Delayed 1 second(s)

2019-02-04 12:37:28 - [TEST_STEP][PASSED] - robot.keyPress(VK_0): null

2019-02-04 12:37:28 - [TEST_STEP][PASSED] - break: null

2019-02-04 12:37:28 - [TEST_STEP][PASSED] - delay(1): Delayed 1 second(s)

2019-02-04 12:37:29 - [MESSAGE][PASSED] - Delayed 1 second(s)

2019-02-04 12:37:29 - [TEST_STEP][PASSED] - n = Integer.parseInt(rfidCodeArray[i].toString()): null

2019-02-04 12:37:29 - [TEST_STEP][PASSED] - switch (n): null

2019-02-04 12:37:29 - [TEST_STEP][PASSED] - case 2:: null

2019-02-04 12:37:29 - [TEST_STEP][PASSED] - delay(1): Delayed 1 second(s)

2019-02-04 12:37:30 - [MESSAGE][PASSED] - Delayed 1 second(s)

2019-02-04 12:37:30 - [TEST_STEP][PASSED] - robot.keyPress(VK_2): null

2019-02-04 12:37:30 - [TEST_STEP][PASSED] - break: null

2019-02-04 12:37:30 - [TEST_STEP][PASSED] - delay(1): Delayed 1 second(s)

2019-02-04 12:37:31 - [MESSAGE][PASSED] - Delayed 1 second(s)

2019-02-04 12:37:31 - [TEST_STEP][PASSED] - n = Integer.parseInt(rfidCodeArray[i].toString()): null

2019-02-04 12:37:31 - [TEST_STEP][PASSED] - switch (n): null

2019-02-04 12:37:31 - [TEST_STEP][PASSED] - case 6:: null

2019-02-04 12:37:31 - [TEST_STEP][PASSED] - delay(1): Delayed 1 second(s)

2019-02-04 12:37:32 - [MESSAGE][PASSED] - Delayed 1 second(s)

2019-02-04 12:37:32 - [TEST_STEP][PASSED] - robot.keyPress(VK_6): null

2019-02-04 12:37:32 - [TEST_STEP][PASSED] - break: null

2019-02-04 12:37:32 - [TEST_STEP][PASSED] - delay(1): Delayed 1 second(s)

2019-02-04 12:37:33 - [MESSAGE][PASSED] - Delayed 1 second(s)

2019-02-04 12:37:33 - [TEST_STEP][PASSED] - n = Integer.parseInt(rfidCodeArray[i].toString()): null

2019-02-04 12:37:33 - [TEST_STEP][PASSED] - switch (n): null

2019-02-04 12:37:33 - [TEST_STEP][PASSED] - case 0:: null

2019-02-04 12:37:33 - [TEST_STEP][PASSED] - delay(1): Delayed 1 second(s)

2019-02-04 12:37:34 - [MESSAGE][PASSED] - Delayed 1 second(s)

2019-02-04 12:37:34 - [TEST_STEP][PASSED] - robot.keyPress(VK_0): null

2019-02-04 12:37:34 - [TEST_STEP][PASSED] - break: null

2019-02-04 12:37:34 - [TEST_STEP][PASSED] - delay(1): Delayed 1 second(s)

2019-02-04 12:37:35 - [MESSAGE][PASSED] - Delayed 1 second(s)

2019-02-04 12:37:35 - [TEST_STEP][PASSED] - n = Integer.parseInt(rfidCodeArray[i].toString()): null

2019-02-04 12:37:35 - [TEST_STEP][PASSED] - switch (n): null

2019-02-04 12:37:35 - [TEST_STEP][PASSED] - case 0:: null

2019-02-04 12:37:35 - [TEST_STEP][PASSED] - delay(1): Delayed 1 second(s)

2019-02-04 12:37:36 - [MESSAGE][PASSED] - Delayed 1 second(s)

2019-02-04 12:37:36 - [TEST_STEP][PASSED] - robot.keyPress(VK_0): null

2019-02-04 12:37:36 - [TEST_STEP][PASSED] - break: null

2019-02-04 12:37:36 - [TEST_STEP][PASSED] - delay(1): Delayed 1 second(s)

2019-02-04 12:37:37 - [MESSAGE][PASSED] - Delayed 1 second(s)

2019-02-04 12:37:37 - [TEST_STEP][PASSED] - n = Integer.parseInt(rfidCodeArray[i].toString()): null

2019-02-04 12:37:37 - [TEST_STEP][PASSED] - switch (n): null

2019-02-04 12:37:37 - [TEST_STEP][PASSED] - case 0:: null

2019-02-04 12:37:37 - [TEST_STEP][PASSED] - delay(1): Delayed 1 second(s)

2019-02-04 12:37:38 - [MESSAGE][PASSED] - Delayed 1 second(s)

2019-02-04 12:37:38 - [TEST_STEP][PASSED] - robot.keyPress(VK_0): null

2019-02-04 12:37:38 - [TEST_STEP][PASSED] - break: null

2019-02-04 12:37:38 - [TEST_STEP][PASSED] - delay(1): Delayed 1 second(s)

2019-02-04 12:37:39 - [MESSAGE][PASSED] - Delayed 1 second(s)

2019-02-04 12:37:39 - [TEST_STEP][PASSED] - n = Integer.parseInt(rfidCodeArray[i].toString()): null

2019-02-04 12:37:39 - [TEST_STEP][PASSED] - switch (n): null

2019-02-04 12:37:39 - [TEST_STEP][PASSED] - case 2:: null

2019-02-04 12:37:39 - [TEST_STEP][PASSED] - delay(1): Delayed 1 second(s)

2019-02-04 12:37:40 - [MESSAGE][PASSED] - Delayed 1 second(s)

2019-02-04 12:37:40 - [TEST_STEP][PASSED] - robot.keyPress(VK_2): null

2019-02-04 12:37:40 - [TEST_STEP][PASSED] - break: null

2019-02-04 12:37:40 - [TEST_STEP][PASSED] - delay(1): Delayed 1 second(s)

2019-02-04 12:37:41 - [MESSAGE][PASSED] - Delayed 1 second(s)

2019-02-04 12:37:41 - [TEST_STEP][PASSED] - n = Integer.parseInt(rfidCodeArray[i].toString()): null

2019-02-04 12:37:41 - [TEST_STEP][PASSED] - switch (n): null

2019-02-04 12:37:41 - [TEST_STEP][PASSED] - case 2:: null

2019-02-04 12:37:41 - [TEST_STEP][PASSED] - delay(1): Delayed 1 second(s)

2019-02-04 12:37:42 - [MESSAGE][PASSED] - Delayed 1 second(s)

2019-02-04 12:37:42 - [TEST_STEP][PASSED] - robot.keyPress(VK_2): null

2019-02-04 12:37:42 - [TEST_STEP][PASSED] - break: null

2019-02-04 12:37:42 - [TEST_STEP][PASSED] - delay(1): Delayed 1 second(s)

2019-02-04 12:37:43 - [MESSAGE][PASSED] - Delayed 1 second(s)

2019-02-04 12:37:43 - [TEST_STEP][PASSED] - n = Integer.parseInt(rfidCodeArray[i].toString()): null

2019-02-04 12:37:43 - [TEST_STEP][PASSED] - switch (n): null

2019-02-04 12:37:43 - [TEST_STEP][PASSED] - case 4:: null

2019-02-04 12:37:43 - [TEST_STEP][PASSED] - delay(1): Delayed 1 second(s)

2019-02-04 12:37:44 - [MESSAGE][PASSED] - Delayed 1 second(s)

2019-02-04 12:37:44 - [TEST_STEP][PASSED] - robot.keyPress(VK_4): null

2019-02-04 12:37:44 - [TEST_STEP][PASSED] - break: null

2019-02-04 12:37:44 - [TEST_STEP][PASSED] - delay(1): Delayed 1 second(s)

2019-02-04 12:37:45 - [MESSAGE][PASSED] - Delayed 1 second(s)

2019-02-04 12:37:45 - [TEST_STEP][PASSED] - n = Integer.parseInt(rfidCodeArray[i].toString()): null

2019-02-04 12:37:45 - [TEST_STEP][PASSED] - switch (n): null

2019-02-04 12:37:45 - [TEST_STEP][PASSED] - case 0:: null

2019-02-04 12:37:45 - [TEST_STEP][PASSED] - delay(1): Delayed 1 second(s)

2019-02-04 12:37:46 - [MESSAGE][PASSED] - Delayed 1 second(s)

2019-02-04 12:37:46 - [TEST_STEP][PASSED] - robot.keyPress(VK_0): null

2019-02-04 12:37:46 - [TEST_STEP][PASSED] - break: null

2019-02-04 12:37:46 - [TEST_STEP][PASSED] - delay(1): Delayed 1 second(s)

2019-02-04 12:37:47 - [MESSAGE][PASSED] - Delayed 1 second(s)

2019-02-04 12:37:47 - [TEST_STEP][PASSED] - n = Integer.parseInt(rfidCodeArray[i].toString()): null

2019-02-04 12:37:47 - [TEST_STEP][PASSED] - switch (n): null

2019-02-04 12:37:47 - [TEST_STEP][PASSED] - case 0:: null

2019-02-04 12:37:47 - [TEST_STEP][PASSED] - delay(1): Delayed 1 second(s)

2019-02-04 12:37:48 - [MESSAGE][PASSED] - Delayed 1 second(s)

2019-02-04 12:37:48 - [TEST_STEP][PASSED] - robot.keyPress(VK_0): null

2019-02-04 12:37:48 - [TEST_STEP][PASSED] - break: null

2019-02-04 12:37:48 - [TEST_STEP][PASSED] - delay(1): Delayed 1 second(s)

2019-02-04 12:37:49 - [MESSAGE][PASSED] - Delayed 1 second(s)

2019-02-04 12:37:49 - [TEST_STEP][PASSED] - n = Integer.parseInt(rfidCodeArray[i].toString()): null

2019-02-04 12:37:49 - [TEST_STEP][PASSED] - switch (n): null

2019-02-04 12:37:49 - [TEST_STEP][PASSED] - case 1:: null

2019-02-04 12:37:49 - [TEST_STEP][PASSED] - delay(1): Delayed 1 second(s)

2019-02-04 12:37:50 - [MESSAGE][PASSED] - Delayed 1 second(s)

2019-02-04 12:37:50 - [TEST_STEP][PASSED] - robot.keyPress(VK_1): null

2019-02-04 12:37:50 - [TEST_STEP][PASSED] - break: null

2019-02-04 12:37:50 - [TEST_STEP][PASSED] - delay(1): Delayed 1 second(s)

2019-02-04 12:37:51 - [MESSAGE][PASSED] - Delayed 1 second(s)

2019-02-04 12:37:51 - [TEST_STEP][PASSED] - n = Integer.parseInt(rfidCodeArray[i].toString()): null

2019-02-04 12:37:51 - [TEST_STEP][PASSED] - switch (n): null

2019-02-04 12:37:51 - [TEST_STEP][PASSED] - case 2:: null

2019-02-04 12:37:51 - [TEST_STEP][PASSED] - delay(1): Delayed 1 second(s)

2019-02-04 12:37:52 - [MESSAGE][PASSED] - Delayed 1 second(s)

2019-02-04 12:37:52 - [TEST_STEP][PASSED] - robot.keyPress(VK_2): null

2019-02-04 12:37:52 - [TEST_STEP][PASSED] - break: null

2019-02-04 12:37:52 - [TEST_STEP][PASSED] - delay(1): Delayed 1 second(s)

2019-02-04 12:37:53 - [MESSAGE][PASSED] - Delayed 1 second(s)

2019-02-04 12:37:53 - [TEST_STEP][PASSED] - robot.keyPress(VK_ENTER): null

2019-02-04 12:37:53 - [TEST_STEP][PASSED] - delay(1): Delayed 1 second(s)

2019-02-04 12:37:54 - [MESSAGE][PASSED] - Delayed 1 second(s)

2019-02-04 12:37:54 - [TEST_STEP][PASSED] - robot.keyPress(VK_ENTER): null

2019-02-04 12:37:54 - [TEST_STEP][PASSED] - delay(1): Delayed 1 second(s)

2019-02-04 12:37:55 - [MESSAGE][PASSED] - Delayed 1 second(s)

2019-02-04 12:37:55 - [TEST_STEP][PASSED] - robot.keyPress(VK_ENTER): null

2019-02-04 12:37:55 - [TEST_STEP][PASSED] - delay(1): Delayed 1 second(s)

2019-02-04 12:37:56 - [MESSAGE][PASSED] - Delayed 1 second(s)

2019-02-04 12:37:56 - [TEST_STEP][PASSED] - robot.keyPress(VK_ENTER): null

2019-02-04 12:37:56 - [TEST_STEP][PASSED] - delay(1): Delayed 1 second(s)

2019-02-04 12:37:57 - [MESSAGE][PASSED] - Delayed 1 second(s)

2019-02-04 12:37:57 - [TEST_STEP][PASSED] - robot.keyPress(VK_ENTER): null

2019-02-04 12:37:57 - [TEST_STEP][PASSED] - delay(1): Delayed 1 second(s)

2019-02-04 12:37:58 - [MESSAGE][PASSED] - Delayed 1 second(s)

2019-02-04 12:37:58 - [TEST_STEP][PASSED] - maximizeWindow(): Current window maximized

2019-02-04 12:37:59 - [MESSAGE][PASSED] - Current window maximized

2019-02-04 12:37:59 - [TEST_STEP][PASSED] - waitForElementVisible(findTestObject("Kiosk/Lobby/workTicketButton"), 15): Object 'Object Repository/Kiosk/Lobby/workTicketButton' is visible

2019-02-04 12:37:59 - [MESSAGE][PASSED] - Object 'Object Repository/Kiosk/Lobby/workTicketButton' is visible

2019-02-04 12:37:59 - [TEST_STEP][PASSED] - verifyElementClickable(findTestObject("Kiosk/Lobby/workTicketButton"), STOP_ON_FAILURE): Object 'Object Repository/Kiosk/Lobby/workTicketButton' is clickable

2019-02-04 12:37:59 - [MESSAGE][PASSED] - Object 'Object Repository/Kiosk/Lobby/workTicketButton' is clickable

2019-02-04 12:37:59 - [TEST_STEP][PASSED] - waitForElementVisible(findTestObject("Kiosk/Lobby/logoutButton"), 15): Object 'Object Repository/Kiosk/Lobby/logoutButton' is visible

2019-02-04 12:37:59 - [MESSAGE][PASSED] - Object 'Object Repository/Kiosk/Lobby/logoutButton' is visible

2019-02-04 12:37:59 - [TEST_STEP][PASSED] - verifyElementClickable(findTestObject("Kiosk/Lobby/logoutButton"), STOP_ON_FAILURE): Object 'Object Repository/Kiosk/Lobby/logoutButton' is clickable

2019-02-04 12:37:59 - [MESSAGE][PASSED] - Object 'Object Repository/Kiosk/Lobby/logoutButton' is clickable

2019-02-04 12:37:59 - [TEST_STEP][PASSED] - click(findTestObject("Kiosk/Lobby/logoutButton")): Object: 'Object Repository/Kiosk/Lobby/logoutButton' is clicked on

2019-02-04 12:37:59 - [MESSAGE][PASSED] - Object: 'Object Repository/Kiosk/Lobby/logoutButton' is clicked on

2019-02-04 12:37:59 - [TEST_STEP][PASSED] - waitForElementVisible(findTestObject("Kiosk/Login/Rfid/cardImage"), 30): Object 'Object Repository/Kiosk/Login/Rfid/cardImage' is visible

2019-02-04 12:37:59 - [MESSAGE][PASSED] - Object 'Object Repository/Kiosk/Login/Rfid/cardImage' is visible

2019-02-04 12:37:59 - [TEST_STEP][PASSED] - closeBrowser(): Browser is closed

2019-02-04 12:38:00 - [MESSAGE][PASSED] - Browser is closed]]></system-out>
         <system-err><![CDATA[]]></system-err>
      </testcase>
      <system-out><![CDATA[2019-02-04 12:35:16 - [TEST_SUITE][FAILED] - Kiosk Sanity Login Test: Test Cases/kiosk/kiosk sanity FAILED.
Reason:
com.kms.katalon.core.exception.StepFailedException: Unable to verify if object 'Object Repository/Kiosk/Work Ticket/back button' is visible in viewport (Root cause: com.kms.katalon.core.exception.StepFailedException: Object 'Object Repository/Kiosk/Work Ticket/back button' is present but is not visible in viewport)
	at com.kms.katalon.core.keyword.internal.KeywordMain.stepFailed(KeywordMain.groovy:36)
	at com.kms.katalon.core.webui.keyword.internal.WebUIKeywordMain.stepFailed(WebUIKeywordMain.groovy:65)
	at com.kms.katalon.core.webui.keyword.internal.WebUIKeywordMain.runKeyword(WebUIKeywordMain.groovy:27)
	at com.kms.katalon.core.webui.keyword.builtin.VerifyElementVisibleInViewportKeyword.verifyElementVisibleInViewport(VerifyElementVisibleInViewportKeyword.groovy:86)
	at com.kms.katalon.core.webui.keyword.builtin.VerifyElementVisibleInViewportKeyword.execute(VerifyElementVisibleInViewportKeyword.groovy:68)
	at com.kms.katalon.core.keyword.internal.KeywordExecutor.executeKeywordForPlatform(KeywordExecutor.groovy:53)
	at com.kms.katalon.core.webui.keyword.WebUiBuiltInKeywords.verifyElementVisibleInViewport(WebUiBuiltInKeywords.groovy:2992)
	at com.kms.katalon.core.webui.keyword.WebUiBuiltInKeywords.verifyElementVisibleInViewport(WebUiBuiltInKeywords.groovy:3008)
	at com.kms.katalon.core.webui.keyword.WebUiBuiltInKeywords$verifyElementVisibleInViewport$4.call(Unknown Source)
	at kiosk sanity.run(kiosk sanity:71)
	at com.kms.katalon.core.main.ScriptEngine.run(ScriptEngine.java:194)
	at com.kms.katalon.core.main.ScriptEngine.runScriptAsRawText(ScriptEngine.java:119)
	at com.kms.katalon.core.main.TestCaseExecutor.runScript(TestCaseExecutor.java:328)
	at com.kms.katalon.core.main.TestCaseExecutor.doExecute(TestCaseExecutor.java:319)
	at com.kms.katalon.core.main.TestCaseExecutor.processExecutionPhase(TestCaseExecutor.java:298)
	at com.kms.katalon.core.main.TestCaseExecutor.accessMainPhase(TestCaseExecutor.java:290)
	at com.kms.katalon.core.main.TestCaseExecutor.execute(TestCaseExecutor.java:224)
	at com.kms.katalon.core.main.TestSuiteExecutor.accessTestCaseMainPhase(TestSuiteExecutor.java:129)
	at com.kms.katalon.core.main.TestSuiteExecutor.accessTestSuiteMainPhase(TestSuiteExecutor.java:112)
	at com.kms.katalon.core.main.TestSuiteExecutor.execute(TestSuiteExecutor.java:81)
	at com.kms.katalon.core.main.TestCaseMain.startTestSuite(TestCaseMain.java:149)
	at com.kms.katalon.core.main.TestCaseMain$startTestSuite$0.call(Unknown Source)
	at TempTestSuite1549275751782.run(TempTestSuite1549275751782.groovy:36)]]></system-out>
      <system-err><![CDATA[2019-02-04 12:35:16 - [TEST_SUITE][FAILED] - Kiosk Sanity Login Test: Test Cases/kiosk/kiosk sanity FAILED.
Reason:
com.kms.katalon.core.exception.StepFailedException: Unable to verify if object 'Object Repository/Kiosk/Work Ticket/back button' is visible in viewport (Root cause: com.kms.katalon.core.exception.StepFailedException: Object 'Object Repository/Kiosk/Work Ticket/back button' is present but is not visible in viewport)
	at com.kms.katalon.core.keyword.internal.KeywordMain.stepFailed(KeywordMain.groovy:36)
	at com.kms.katalon.core.webui.keyword.internal.WebUIKeywordMain.stepFailed(WebUIKeywordMain.groovy:65)
	at com.kms.katalon.core.webui.keyword.internal.WebUIKeywordMain.runKeyword(WebUIKeywordMain.groovy:27)
	at com.kms.katalon.core.webui.keyword.builtin.VerifyElementVisibleInViewportKeyword.verifyElementVisibleInViewport(VerifyElementVisibleInViewportKeyword.groovy:86)
	at com.kms.katalon.core.webui.keyword.builtin.VerifyElementVisibleInViewportKeyword.execute(VerifyElementVisibleInViewportKeyword.groovy:68)
	at com.kms.katalon.core.keyword.internal.KeywordExecutor.executeKeywordForPlatform(KeywordExecutor.groovy:53)
	at com.kms.katalon.core.webui.keyword.WebUiBuiltInKeywords.verifyElementVisibleInViewport(WebUiBuiltInKeywords.groovy:2992)
	at com.kms.katalon.core.webui.keyword.WebUiBuiltInKeywords.verifyElementVisibleInViewport(WebUiBuiltInKeywords.groovy:3008)
	at com.kms.katalon.core.webui.keyword.WebUiBuiltInKeywords$verifyElementVisibleInViewport$4.call(Unknown Source)
	at kiosk sanity.run(kiosk sanity:71)
	at com.kms.katalon.core.main.ScriptEngine.run(ScriptEngine.java:194)
	at com.kms.katalon.core.main.ScriptEngine.runScriptAsRawText(ScriptEngine.java:119)
	at com.kms.katalon.core.main.TestCaseExecutor.runScript(TestCaseExecutor.java:328)
	at com.kms.katalon.core.main.TestCaseExecutor.doExecute(TestCaseExecutor.java:319)
	at com.kms.katalon.core.main.TestCaseExecutor.processExecutionPhase(TestCaseExecutor.java:298)
	at com.kms.katalon.core.main.TestCaseExecutor.accessMainPhase(TestCaseExecutor.java:290)
	at com.kms.katalon.core.main.TestCaseExecutor.execute(TestCaseExecutor.java:224)
	at com.kms.katalon.core.main.TestSuiteExecutor.accessTestCaseMainPhase(TestSuiteExecutor.java:129)
	at com.kms.katalon.core.main.TestSuiteExecutor.accessTestSuiteMainPhase(TestSuiteExecutor.java:112)
	at com.kms.katalon.core.main.TestSuiteExecutor.execute(TestSuiteExecutor.java:81)
	at com.kms.katalon.core.main.TestCaseMain.startTestSuite(TestCaseMain.java:149)
	at com.kms.katalon.core.main.TestCaseMain$startTestSuite$0.call(Unknown Source)
	at TempTestSuite1549275751782.run(TempTestSuite1549275751782.groovy:36)]]></system-err>
   </testsuite>
</testsuites>
