<?xml version="1.0" encoding="UTF-8"?>
<testsuites name="Working Ticket Confirmation" time="28" tests="0" failures="1" errors="0">
   <testsuite name="Working Ticket Confirmation" tests="0" failures="1" errors="0" time="28" timestamp="2019-02-04 12:38:02" hostname="leon.b - QA-PC.Y-it.Local" id="Test Suites/Production/Working Ticket Confirmation">
      <properties>
         <property name="deviceName" value=""/>
         <property name="devicePlatform" value=""/>
         <property name="logFolder" value="C:\\Users\\leon.b\\Katalon Studio\\Y-IT_TransIT\\Reports\\Production\\Working Ticket Confirmation\\20190204_122231"/>
         <property name="logFiles" value="C:\\Users\\leon.b\\Katalon Studio\\Y-IT_TransIT\\Reports\\Production\\Working Ticket Confirmation\\20190204_122231\\execution0.log"/>
         <property name="attachments" value="C:\\Users\\leon.b\\Katalon Studio\\Y-IT_TransIT\\Reports\\Production\\Working Ticket Confirmation\\20190204_122231\\1549276710608.png"/>
         <property name="hostName" value="leon.b - QA-PC.Y-it.Local"/>
         <property name="os" value="Windows 10 64bit"/>
         <property name="katalonVersion" value="5.10.1.1"/>
         <property name="browser" value="Chrome 72.0.3626.81"/>
         <property name="hostAddress" value="192.168.1.145"/>
         <property name="sessionId" value="c382ab2d4bfa13e813e586323f52dd41"/>
         <property name="seleniumVersion" value="3.7.1"/>
         <property name="proxyInformation" value="ProxyInformation{proxyOption=NO_PROXY, proxyServerType=HTTP, password=, proxyServerAddress=, proxyServerPort=0}"/>
         <property name="platform" value="Windows 10"/>
      </properties>
      <testcase name="Test Cases/Working Tciket Confirmation/Working Ticket Sanity" classname="Test Cases/Working Tciket Confirmation/Working Ticket Sanity" status="FAILED">
         <failure type="FAILED" message="Test Cases/Working Tciket Confirmation/Working Ticket Sanity FAILED.
Reason:
com.kms.katalon.core.exception.StepFailedException: Unable to click on object 'driversTableRow1' (Root cause: org.openqa.selenium.WebDriverException: unknown error: Element &lt;tr class=&quot;k-alt ng-scope&quot; data-uid=&quot;154d4aa9-f77d-4107-ab48-9e3ecaad96e6&quot; role=&quot;row&quot;>...&lt;/tr> is not clickable at point (1536, 14). Other element would receive the click: &lt;strong class=&quot;ng-binding&quot;>...&lt;/strong>
  (Session info: chrome=72.0.3626.81)
  (Driver info: chromedriver=2.43.600210 (68dcf5eebde37173d4027fa8635e332711d2874a),platform=Windows NT 10.0.17134 x86_64) (WARNING: The server did not provide any stacktrace information)
Command duration or timeout: 0 milliseconds
Build info: version: '3.7.1', revision: '8a0099a', time: '2017-11-06T21:07:36.161Z'
System info: host: 'QA-PC', ip: '192.168.1.145', os.name: 'Windows 10', os.arch: 'amd64', os.version: '10.0', java.version: '1.8.0_181'
Driver info: com.kms.katalon.selenium.driver.CChromeDriver
Capabilities {acceptInsecureCerts: false, acceptSslCerts: false, applicationCacheEnabled: false, browserConnectionEnabled: false, browserName: chrome, chrome: {chromedriverVersion: 2.43.600210 (68dcf5eebde371..., userDataDir: C:\Users\leon.b\AppData\Loc...}, cssSelectorsEnabled: true, databaseEnabled: false, goog:chromeOptions: {debuggerAddress: localhost:62521}, handlesAlerts: true, hasTouchScreen: false, javascriptEnabled: true, locationContextEnabled: true, mobileEmulationEnabled: false, nativeEvents: true, networkConnectionEnabled: false, pageLoadStrategy: normal, platform: XP, platformName: XP, rotatable: false, setWindowRect: true, takesHeapSnapshot: true, takesScreenshot: true, unexpectedAlertBehaviour: , unhandledPromptBehavior: , version: 72.0.3626.81, webStorageEnabled: true}
Session ID: c382ab2d4bfa13e813e586323f52dd41)
	at com.kms.katalon.core.keyword.internal.KeywordMain.stepFailed(KeywordMain.groovy:36)
	at com.kms.katalon.core.webui.keyword.internal.WebUIKeywordMain.stepFailed(WebUIKeywordMain.groovy:65)
	at com.kms.katalon.core.webui.keyword.internal.WebUIKeywordMain.runKeyword(WebUIKeywordMain.groovy:27)
	at com.kms.katalon.core.webui.keyword.builtin.ClickKeyword.click(ClickKeyword.groovy:86)
	at com.kms.katalon.core.webui.keyword.builtin.ClickKeyword.execute(ClickKeyword.groovy:67)
	at com.kms.katalon.core.keyword.internal.KeywordExecutor.executeKeywordForPlatform(KeywordExecutor.groovy:53)
	at com.kms.katalon.core.webui.keyword.WebUiBuiltInKeywords.click(WebUiBuiltInKeywords.groovy:616)
	at com.kms.katalon.core.webui.keyword.WebUiBuiltInKeywords$click$3.call(Unknown Source)
	at Working Ticket Sanity.run(Working Ticket Sanity:108)
	at com.kms.katalon.core.main.ScriptEngine.run(ScriptEngine.java:194)
	at com.kms.katalon.core.main.ScriptEngine.runScriptAsRawText(ScriptEngine.java:119)
	at com.kms.katalon.core.main.TestCaseExecutor.runScript(TestCaseExecutor.java:328)
	at com.kms.katalon.core.main.TestCaseExecutor.doExecute(TestCaseExecutor.java:319)
	at com.kms.katalon.core.main.TestCaseExecutor.processExecutionPhase(TestCaseExecutor.java:298)
	at com.kms.katalon.core.main.TestCaseExecutor.accessMainPhase(TestCaseExecutor.java:290)
	at com.kms.katalon.core.main.TestCaseExecutor.execute(TestCaseExecutor.java:224)
	at com.kms.katalon.core.main.TestSuiteExecutor.accessTestCaseMainPhase(TestSuiteExecutor.java:129)
	at com.kms.katalon.core.main.TestSuiteExecutor.accessTestSuiteMainPhase(TestSuiteExecutor.java:112)
	at com.kms.katalon.core.main.TestSuiteExecutor.execute(TestSuiteExecutor.java:81)
	at com.kms.katalon.core.main.TestCaseMain.startTestSuite(TestCaseMain.java:149)
	at com.kms.katalon.core.main.TestCaseMain$startTestSuite$0.call(Unknown Source)
	at TempTestSuite1549275751923.run(TempTestSuite1549275751923.groovy:36)
"/>
         <system-out><![CDATA[2019-02-04 12:38:03 - [TEST_CASE][FAILED] - Test Cases/Working Tciket Confirmation/Working Ticket Sanity: Test Cases/Working Tciket Confirmation/Working Ticket Sanity FAILED.
Reason:
com.kms.katalon.core.exception.StepFailedException: Unable to click on object 'driversTableRow1' (Root cause: org.openqa.selenium.WebDriverException: unknown error: Element <tr class="k-alt ng-scope" data-uid="154d4aa9-f77d-4107-ab48-9e3ecaad96e6" role="row">...</tr> is not clickable at point (1536, 14). Other element would receive the click: <strong class="ng-binding">...</strong>
  (Session info: chrome=72.0.3626.81)
  (Driver info: chromedriver=2.43.600210 (68dcf5eebde37173d4027fa8635e332711d2874a),platform=Windows NT 10.0.17134 x86_64) (WARNING: The server did not provide any stacktrace information)
Command duration or timeout: 0 milliseconds
Build info: version: '3.7.1', revision: '8a0099a', time: '2017-11-06T21:07:36.161Z'
System info: host: 'QA-PC', ip: '192.168.1.145', os.name: 'Windows 10', os.arch: 'amd64', os.version: '10.0', java.version: '1.8.0_181'
Driver info: com.kms.katalon.selenium.driver.CChromeDriver
Capabilities {acceptInsecureCerts: false, acceptSslCerts: false, applicationCacheEnabled: false, browserConnectionEnabled: false, browserName: chrome, chrome: {chromedriverVersion: 2.43.600210 (68dcf5eebde371..., userDataDir: C:\Users\leon.b\AppData\Loc...}, cssSelectorsEnabled: true, databaseEnabled: false, goog:chromeOptions: {debuggerAddress: localhost:62521}, handlesAlerts: true, hasTouchScreen: false, javascriptEnabled: true, locationContextEnabled: true, mobileEmulationEnabled: false, nativeEvents: true, networkConnectionEnabled: false, pageLoadStrategy: normal, platform: XP, platformName: XP, rotatable: false, setWindowRect: true, takesHeapSnapshot: true, takesScreenshot: true, unexpectedAlertBehaviour: , unhandledPromptBehavior: , version: 72.0.3626.81, webStorageEnabled: true}
Session ID: c382ab2d4bfa13e813e586323f52dd41)
	at com.kms.katalon.core.keyword.internal.KeywordMain.stepFailed(KeywordMain.groovy:36)
	at com.kms.katalon.core.webui.keyword.internal.WebUIKeywordMain.stepFailed(WebUIKeywordMain.groovy:65)
	at com.kms.katalon.core.webui.keyword.internal.WebUIKeywordMain.runKeyword(WebUIKeywordMain.groovy:27)
	at com.kms.katalon.core.webui.keyword.builtin.ClickKeyword.click(ClickKeyword.groovy:86)
	at com.kms.katalon.core.webui.keyword.builtin.ClickKeyword.execute(ClickKeyword.groovy:67)
	at com.kms.katalon.core.keyword.internal.KeywordExecutor.executeKeywordForPlatform(KeywordExecutor.groovy:53)
	at com.kms.katalon.core.webui.keyword.WebUiBuiltInKeywords.click(WebUiBuiltInKeywords.groovy:616)
	at com.kms.katalon.core.webui.keyword.WebUiBuiltInKeywords$click$3.call(Unknown Source)
	at Working Ticket Sanity.run(Working Ticket Sanity:108)
	at com.kms.katalon.core.main.ScriptEngine.run(ScriptEngine.java:194)
	at com.kms.katalon.core.main.ScriptEngine.runScriptAsRawText(ScriptEngine.java:119)
	at com.kms.katalon.core.main.TestCaseExecutor.runScript(TestCaseExecutor.java:328)
	at com.kms.katalon.core.main.TestCaseExecutor.doExecute(TestCaseExecutor.java:319)
	at com.kms.katalon.core.main.TestCaseExecutor.processExecutionPhase(TestCaseExecutor.java:298)
	at com.kms.katalon.core.main.TestCaseExecutor.accessMainPhase(TestCaseExecutor.java:290)
	at com.kms.katalon.core.main.TestCaseExecutor.execute(TestCaseExecutor.java:224)
	at com.kms.katalon.core.main.TestSuiteExecutor.accessTestCaseMainPhase(TestSuiteExecutor.java:129)
	at com.kms.katalon.core.main.TestSuiteExecutor.accessTestSuiteMainPhase(TestSuiteExecutor.java:112)
	at com.kms.katalon.core.main.TestSuiteExecutor.execute(TestSuiteExecutor.java:81)
	at com.kms.katalon.core.main.TestCaseMain.startTestSuite(TestCaseMain.java:149)
	at com.kms.katalon.core.main.TestCaseMain$startTestSuite$0.call(Unknown Source)
	at TempTestSuite1549275751923.run(TempTestSuite1549275751923.groovy:36)


2019-02-04 12:38:03 - [TEST_STEP][PASSED] - login.c_login.logIn(site, userName, userPass): login.c_login.logIn is PASSED

2019-02-04 12:38:04 - [MESSAGE][INFO] - Starting 'Chrome' driver

2019-02-04 12:38:04 - [MESSAGE][INFO] - Action delay is set to 0 seconds

2019-02-04 12:38:14 - [MESSAGE][PASSED] - Browser is opened with url: 'afikim.y-it.co.il'

2019-02-04 12:38:15 - [MESSAGE][PASSED] - Current window maximized

2019-02-04 12:38:15 - [MESSAGE][PASSED] - Text 'admin' is set on object 'Object Repository/Y-IT Log In/input_ _userName'

2019-02-04 12:38:15 - [MESSAGE][PASSED] - Text ****** has been set on object 'Object Repository/Y-IT Log In/input_ _password'

2019-02-04 12:38:15 - [MESSAGE][PASSED] - Object: 'Object Repository/Y-IT Log In/input_  _submit' is clicked on

2019-02-04 12:38:15 - [MESSAGE][PASSED] - login.c_login.logIn is PASSED

2019-02-04 12:38:15 - [TEST_STEP][PASSED] - delay(1): Delayed 1 second(s)

2019-02-04 12:38:16 - [MESSAGE][PASSED] - Delayed 1 second(s)

2019-02-04 12:38:16 - [TEST_STEP][PASSED] - waitForElementPresent(findTestObject("General/mainEmptyBackground"), 15): Object 'Object Repository/General/mainEmptyBackground' is present

2019-02-04 12:38:17 - [MESSAGE][PASSED] - Object 'Object Repository/General/mainEmptyBackground' is present

2019-02-04 12:38:17 - [TEST_STEP][PASSED] - isWorkingTicketOpen = waitForElementPresent(findTestObject("Nav Bar/Nav Bar Funds/workingTicketConfirmation"), 5): Object 'Object Repository/Nav Bar/Nav Bar Funds/workingTicketConfirmation' is not present after 5 second(s)

2019-02-04 12:38:22 - [MESSAGE][INFO] - Unable to find the element located by 'By.cssSelector: [id="9769e73b-c2f9-4a90-9630-62966f6a5c69"]'. Please recheck the objects properties to make sure the desired element is located. 

2019-02-04 12:38:22 - [MESSAGE][WARNING] - Object 'Object Repository/Nav Bar/Nav Bar Funds/workingTicketConfirmation' is not present after 5 second(s)

2019-02-04 12:38:22 - [TEST_STEP][PASSED] - if (!(isWorkingTicketOpen)): Object: 'Object Repository/Nav Bar/Nav Bar Funds/workingTicketConfirmation' is clicked on

2019-02-04 12:38:22 - [TEST_STEP][PASSED] - waitForElementPresent(findTestObject("Nav Bar/funds"), 15): Object 'Object Repository/Nav Bar/funds' is present

2019-02-04 12:38:22 - [MESSAGE][PASSED] - Object 'Object Repository/Nav Bar/funds' is present

2019-02-04 12:38:22 - [TEST_STEP][PASSED] - click(findTestObject("Nav Bar/funds")): Object: 'Object Repository/Nav Bar/funds' is clicked on

2019-02-04 12:38:22 - [MESSAGE][PASSED] - Object: 'Object Repository/Nav Bar/funds' is clicked on

2019-02-04 12:38:22 - [TEST_STEP][PASSED] - delay(1): Delayed 1 second(s)

2019-02-04 12:38:23 - [MESSAGE][PASSED] - Delayed 1 second(s)

2019-02-04 12:38:23 - [TEST_STEP][PASSED] - try: Object: 'Object Repository/Nav Bar/Nav Bar Funds/workingTicketConfirmation' is clicked on

2019-02-04 12:38:23 - [TEST_STEP][PASSED] - waitForElementPresent(findTestObject("Nav Bar/Nav Bar Funds/workingTicketConfirmation"), 2): Object 'Object Repository/Nav Bar/Nav Bar Funds/workingTicketConfirmation' is present

2019-02-04 12:38:23 - [MESSAGE][PASSED] - Object 'Object Repository/Nav Bar/Nav Bar Funds/workingTicketConfirmation' is present

2019-02-04 12:38:23 - [TEST_STEP][PASSED] - click(findTestObject("Nav Bar/Nav Bar Funds/workingTicketConfirmation")): Object: 'Object Repository/Nav Bar/Nav Bar Funds/workingTicketConfirmation' is clicked on

2019-02-04 12:38:23 - [MESSAGE][PASSED] - Object: 'Object Repository/Nav Bar/Nav Bar Funds/workingTicketConfirmation' is clicked on

2019-02-04 12:38:23 - [TEST_STEP][PASSED] - delay(1): Delayed 1 second(s)

2019-02-04 12:38:24 - [MESSAGE][PASSED] - Delayed 1 second(s)

2019-02-04 12:38:24 - [TEST_STEP][PASSED] - waitForElementVisible(findTestObject("Driver Ticket Confirmation/driverTciketView"), 15): Object 'Object Repository/Driver Ticket Confirmation/driverTciketView' is visible

2019-02-04 12:38:25 - [MESSAGE][PASSED] - Object 'Object Repository/Driver Ticket Confirmation/driverTciketView' is visible

2019-02-04 12:38:25 - [TEST_STEP][PASSED] - waitForElementNotPresent(findTestObject("General/loadingBar"), 15): Web element with id: 'Object Repository/General/loadingBar' located by 'By.cssSelector: div[class="bar"][style~="width:"]' is not present after '15' second(s)

2019-02-04 12:38:26 - [MESSAGE][PASSED] - Web element with id: 'Object Repository/General/loadingBar' located by 'By.cssSelector: div[class="bar"][style~="width:"]' is not present after '15' second(s)

2019-02-04 12:38:26 - [TEST_STEP][PASSED] - verifyElementVisibleInViewport(findTestObject("Driver Ticket Confirmation/driverTciketView"), 5): Object 'Object Repository/Driver Ticket Confirmation/driverTciketView' is present and visible in viewport

2019-02-04 12:38:26 - [MESSAGE][PASSED] - Object 'Object Repository/Driver Ticket Confirmation/driverTciketView' is present and visible in viewport

2019-02-04 12:38:26 - [TEST_STEP][PASSED] - waitForElementNotPresent(findTestObject("General/dropdownListSpinner"), 15): Web element with id: 'Object Repository/General/dropdownListSpinner' located by 'By.cssSelector: class="k-icon k-i-arrow-60-down k-i-loading"' is not present after '15' second(s)

2019-02-04 12:38:26 - [MESSAGE][PASSED] - Web element with id: 'Object Repository/General/dropdownListSpinner' located by 'By.cssSelector: class="k-icon k-i-arrow-60-down k-i-loading"' is not present after '15' second(s)

2019-02-04 12:38:26 - [TEST_STEP][PASSED] - verifyElementNotPresent(findTestObject("General/dropdownListSpinner"), 5): Web element with id: 'Object Repository/General/dropdownListSpinner' located by 'By.cssSelector: class="k-icon k-i-arrow-60-down k-i-loading"' is not present after '5' second(s)

2019-02-04 12:38:26 - [MESSAGE][PASSED] - Web element with id: 'Object Repository/General/dropdownListSpinner' located by 'By.cssSelector: class="k-icon k-i-arrow-60-down k-i-loading"' is not present after '5' second(s)

2019-02-04 12:38:26 - [TEST_STEP][PASSED] - waitForElementNotPresent(findTestObject("General/gridLoadingBar"), 15): Web element with id: 'Object Repository/General/gridLoadingBar' located by 'By.cssSelector: .k-loading-mask:nth-of-type(1)' is not present after '15' second(s)

2019-02-04 12:38:26 - [MESSAGE][PASSED] - Web element with id: 'Object Repository/General/gridLoadingBar' located by 'By.cssSelector: .k-loading-mask:nth-of-type(1)' is not present after '15' second(s)

2019-02-04 12:38:26 - [TEST_STEP][PASSED] - verifyElementNotPresent(findTestObject("General/gridLoadingBar"), 5): Web element with id: 'Object Repository/General/gridLoadingBar' located by 'By.cssSelector: .k-loading-mask:nth-of-type(1)' is not present after '5' second(s)

2019-02-04 12:38:26 - [MESSAGE][PASSED] - Web element with id: 'Object Repository/General/gridLoadingBar' located by 'By.cssSelector: .k-loading-mask:nth-of-type(1)' is not present after '5' second(s)

2019-02-04 12:38:26 - [TEST_STEP][PASSED] - waitForElementPresent(findTestObject("Driver Ticket Confirmation/driversTable"), 15): Object 'Object Repository/Driver Ticket Confirmation/driversTable' is present

2019-02-04 12:38:26 - [MESSAGE][PASSED] - Object 'Object Repository/Driver Ticket Confirmation/driversTable' is present

2019-02-04 12:38:26 - [TEST_STEP][PASSED] - verifyElementPresent(findTestObject("Driver Ticket Confirmation/driversTable"), 5): Object 'Object Repository/Driver Ticket Confirmation/driversTable' is present

2019-02-04 12:38:26 - [MESSAGE][PASSED] - Object 'Object Repository/Driver Ticket Confirmation/driversTable' is present

2019-02-04 12:38:26 - [TEST_STEP][PASSED] - waitForElementPresent(findTestObject("Driver Ticket Confirmation/datesTable"), 15): Object 'Object Repository/Driver Ticket Confirmation/datesTable' is present

2019-02-04 12:38:26 - [MESSAGE][PASSED] - Object 'Object Repository/Driver Ticket Confirmation/datesTable' is present

2019-02-04 12:38:26 - [TEST_STEP][PASSED] - verifyElementPresent(findTestObject("Driver Ticket Confirmation/datesTable"), 5): Object 'Object Repository/Driver Ticket Confirmation/datesTable' is present

2019-02-04 12:38:26 - [MESSAGE][PASSED] - Object 'Object Repository/Driver Ticket Confirmation/datesTable' is present

2019-02-04 12:38:26 - [TEST_STEP][PASSED] - waitForElementPresent(findTestObject("Driver Ticket Confirmation/specificDateTable"), 15): Object 'Object Repository/Driver Ticket Confirmation/specificDateTable' is present

2019-02-04 12:38:26 - [MESSAGE][PASSED] - Object 'Object Repository/Driver Ticket Confirmation/specificDateTable' is present

2019-02-04 12:38:26 - [TEST_STEP][PASSED] - verifyElementPresent(findTestObject("Driver Ticket Confirmation/specificDateTable"), 5): Object 'Object Repository/Driver Ticket Confirmation/specificDateTable' is present

2019-02-04 12:38:26 - [MESSAGE][PASSED] - Object 'Object Repository/Driver Ticket Confirmation/specificDateTable' is present

2019-02-04 12:38:26 - [TEST_STEP][PASSED] - i = 0: null

2019-02-04 12:38:26 - [TEST_STEP][PASSED] - j = 0: null

2019-02-04 12:38:26 - [TEST_STEP][PASSED] - ij = 0: null

2019-02-04 12:38:26 - [TEST_STEP][PASSED] - validCount = 0: null

2019-02-04 12:38:26 - [TEST_STEP][PASSED] - validCountMax = 3: null

2019-02-04 12:38:26 - [TEST_STEP][PASSED] - driversTableRow = new com.kms.katalon.core.testobject.TestObject(Empty): null

2019-02-04 12:38:26 - [TEST_STEP][PASSED] - datesTableRow = new com.kms.katalon.core.testobject.TestObject(Empty): null

2019-02-04 12:38:26 - [TEST_STEP][PASSED] - specificDateTableRow = new com.kms.katalon.core.testobject.TestObject(Empty): null

2019-02-04 12:38:26 - [TEST_STEP][PASSED] - while (validCount < validCountMax && i < 20): null

2019-02-04 12:38:26 - [TEST_STEP][PASSED] - j = 0: null

2019-02-04 12:38:26 - [TEST_STEP][PASSED] - driversTableRow = new com.kms.katalon.core.testobject.TestObject((driversTableRow + i)): null

2019-02-04 12:38:26 - [TEST_STEP][PASSED] - driversTableRow.addProperty("xpath", EQUALS, f_driver(i)): null

2019-02-04 12:38:26 - [TEST_STEP][PASSED] - return ((.//*[@id='managementKioskview']//div[2]//div[1]//div[2]//div[1]//div[2]//div[1]//table//tr[ + (rowNum + 1)) + ]): null

2019-02-04 12:38:26 - [TEST_STEP][PASSED] - delay(1): Delayed 1 second(s)

2019-02-04 12:38:27 - [MESSAGE][PASSED] - Delayed 1 second(s)

2019-02-04 12:38:27 - [TEST_STEP][PASSED] - scrollToElement(driversTableRow, 1): Scroll to object 'driversTableRow0' successfully

2019-02-04 12:38:27 - [MESSAGE][PASSED] - Scroll to object 'driversTableRow0' successfully

2019-02-04 12:38:27 - [TEST_STEP][PASSED] - click(driversTableRow): Object: 'driversTableRow0' is clicked on

2019-02-04 12:38:27 - [MESSAGE][PASSED] - Object: 'driversTableRow0' is clicked on

2019-02-04 12:38:27 - [TEST_STEP][PASSED] - while (validCount < validCountMax && j < 20): null

2019-02-04 12:38:27 - [TEST_STEP][PASSED] - ij = 0: null

2019-02-04 12:38:27 - [TEST_STEP][PASSED] - datesTableRow = new com.kms.katalon.core.testobject.TestObject((datesTableRow + j)): null

2019-02-04 12:38:27 - [TEST_STEP][PASSED] - datesTableRow.addProperty("xpath", EQUALS, f_dates(j)): null

2019-02-04 12:38:27 - [TEST_STEP][PASSED] - return ((.//*[@id='managementKioskview']//div[2]//div[1]//div[4]//div[1]//div[2]//table//tr[ + (rowNum + 1)) + ]): null

2019-02-04 12:38:27 - [TEST_STEP][PASSED] - delay(1): Delayed 1 second(s)

2019-02-04 12:38:28 - [MESSAGE][PASSED] - Delayed 1 second(s)

2019-02-04 12:38:28 - [TEST_STEP][PASSED] - try: null

2019-02-04 12:38:28 - [TEST_STEP][PASSED] - scrollToElement(datesTableRow, 1): Scroll to object 'datesTableRow0' successfully

2019-02-04 12:38:28 - [MESSAGE][PASSED] - Scroll to object 'datesTableRow0' successfully

2019-02-04 12:38:28 - [TEST_STEP][PASSED] - click(datesTableRow): Object: 'datesTableRow0' is clicked on

2019-02-04 12:38:28 - [MESSAGE][PASSED] - Object: 'datesTableRow0' is clicked on

2019-02-04 12:38:28 - [TEST_STEP][PASSED] - while (validCount < validCountMax && ij < 3): null

2019-02-04 12:38:28 - [TEST_STEP][PASSED] - specificDateTableRow = new com.kms.katalon.core.testobject.TestObject((specificDateRow + ij)): null

2019-02-04 12:38:28 - [TEST_STEP][PASSED] - specificDateTableRow.addProperty("xpath", EQUALS, f_specidicDate(ij)): null

2019-02-04 12:38:28 - [TEST_STEP][PASSED] - return ((.//*[@id='managementKioskview']/div[1]/div[2]/div[2]/div[1]/div[3]/div[1]/div[2]//table//tr[ + (rowNum + 1)) + ]): null

2019-02-04 12:38:28 - [TEST_STEP][PASSED] - try: null

2019-02-04 12:38:28 - [TEST_STEP][PASSED] - elemPresent = waitForElementVisible(specificDateTableRow, 1): Object 'specificDateRow0' is visible

2019-02-04 12:38:29 - [MESSAGE][PASSED] - Object 'specificDateRow0' is visible

2019-02-04 12:38:29 - [TEST_STEP][PASSED] - if (elemPresent): null

2019-02-04 12:38:29 - [TEST_STEP][PASSED] - verifyElementVisibleInViewport(specificDateTableRow, 1): Object 'specificDateRow0' is present and visible in viewport

2019-02-04 12:38:29 - [MESSAGE][PASSED] - Object 'specificDateRow0' is present and visible in viewport

2019-02-04 12:38:29 - [TEST_STEP][PASSED] - (ij++): null

2019-02-04 12:38:29 - [TEST_STEP][PASSED] - if (ij == 3): null

2019-02-04 12:38:29 - [TEST_STEP][PASSED] - specificDateTableRow = new com.kms.katalon.core.testobject.TestObject((specificDateRow + ij)): null

2019-02-04 12:38:29 - [TEST_STEP][PASSED] - specificDateTableRow.addProperty("xpath", EQUALS, f_specidicDate(ij)): null

2019-02-04 12:38:29 - [TEST_STEP][PASSED] - return ((.//*[@id='managementKioskview']/div[1]/div[2]/div[2]/div[1]/div[3]/div[1]/div[2]//table//tr[ + (rowNum + 1)) + ]): null

2019-02-04 12:38:29 - [TEST_STEP][PASSED] - try: null

2019-02-04 12:38:29 - [TEST_STEP][PASSED] - elemPresent = waitForElementVisible(specificDateTableRow, 1): Object 'specificDateRow1' is visible

2019-02-04 12:38:29 - [MESSAGE][PASSED] - Object 'specificDateRow1' is visible

2019-02-04 12:38:29 - [TEST_STEP][PASSED] - if (elemPresent): null

2019-02-04 12:38:29 - [TEST_STEP][PASSED] - verifyElementVisibleInViewport(specificDateTableRow, 1): Object 'specificDateRow1' is present and visible in viewport

2019-02-04 12:38:29 - [MESSAGE][PASSED] - Object 'specificDateRow1' is present and visible in viewport

2019-02-04 12:38:29 - [TEST_STEP][PASSED] - (ij++): null

2019-02-04 12:38:29 - [TEST_STEP][PASSED] - if (ij == 3): null

2019-02-04 12:38:29 - [TEST_STEP][PASSED] - specificDateTableRow = new com.kms.katalon.core.testobject.TestObject((specificDateRow + ij)): null

2019-02-04 12:38:29 - [TEST_STEP][PASSED] - specificDateTableRow.addProperty("xpath", EQUALS, f_specidicDate(ij)): null

2019-02-04 12:38:29 - [TEST_STEP][PASSED] - return ((.//*[@id='managementKioskview']/div[1]/div[2]/div[2]/div[1]/div[3]/div[1]/div[2]//table//tr[ + (rowNum + 1)) + ]): null

2019-02-04 12:38:29 - [TEST_STEP][PASSED] - try: null

2019-02-04 12:38:29 - [TEST_STEP][PASSED] - elemPresent = waitForElementVisible(specificDateTableRow, 1): Object 'specificDateRow2' is visible

2019-02-04 12:38:29 - [MESSAGE][PASSED] - Object 'specificDateRow2' is visible

2019-02-04 12:38:29 - [TEST_STEP][PASSED] - if (elemPresent): null

2019-02-04 12:38:29 - [TEST_STEP][PASSED] - verifyElementVisibleInViewport(specificDateTableRow, 1): Object 'specificDateRow2' is present and visible in viewport

2019-02-04 12:38:29 - [MESSAGE][PASSED] - Object 'specificDateRow2' is present and visible in viewport

2019-02-04 12:38:29 - [TEST_STEP][PASSED] - (ij++): null

2019-02-04 12:38:29 - [TEST_STEP][PASSED] - if (ij == 3): null

2019-02-04 12:38:29 - [TEST_STEP][PASSED] - (validCount++): null

2019-02-04 12:38:29 - [TEST_STEP][PASSED] - break: null

2019-02-04 12:38:29 - [TEST_STEP][PASSED] - Finally: null

2019-02-04 12:38:29 - [TEST_STEP][PASSED] - if (ij == 3): null

2019-02-04 12:38:29 - [TEST_STEP][PASSED] - break: null

2019-02-04 12:38:29 - [TEST_STEP][PASSED] - (i++): null

2019-02-04 12:38:29 - [TEST_STEP][PASSED] - j = 0: null

2019-02-04 12:38:29 - [TEST_STEP][PASSED] - driversTableRow = new com.kms.katalon.core.testobject.TestObject((driversTableRow + i)): null

2019-02-04 12:38:29 - [TEST_STEP][PASSED] - driversTableRow.addProperty("xpath", EQUALS, f_driver(i)): null

2019-02-04 12:38:29 - [TEST_STEP][FAILED] - return ((.//*[@id='managementKioskview']//div[2]//div[1]//div[2]//div[1]//div[2]//div[1]//table//tr[ + (rowNum + 1)) + ]): return ((.//*[@id='managementKioskview']//div[2]//div[1]//div[2]//div[1]//div[2]//div[1]//table//tr[ + (rowNum + 1)) + ]) FAILED.
Reason:
com.kms.katalon.core.exception.StepFailedException: Unable to click on object 'driversTableRow1' (Root cause: org.openqa.selenium.WebDriverException: unknown error: Element <tr class="k-alt ng-scope" data-uid="154d4aa9-f77d-4107-ab48-9e3ecaad96e6" role="row">...</tr> is not clickable at point (1536, 14). Other element would receive the click: <strong class="ng-binding">...</strong>
  (Session info: chrome=72.0.3626.81)
  (Driver info: chromedriver=2.43.600210 (68dcf5eebde37173d4027fa8635e332711d2874a),platform=Windows NT 10.0.17134 x86_64) (WARNING: The server did not provide any stacktrace information)
Command duration or timeout: 0 milliseconds
Build info: version: '3.7.1', revision: '8a0099a', time: '2017-11-06T21:07:36.161Z'
System info: host: 'QA-PC', ip: '192.168.1.145', os.name: 'Windows 10', os.arch: 'amd64', os.version: '10.0', java.version: '1.8.0_181'
Driver info: com.kms.katalon.selenium.driver.CChromeDriver
Capabilities {acceptInsecureCerts: false, acceptSslCerts: false, applicationCacheEnabled: false, browserConnectionEnabled: false, browserName: chrome, chrome: {chromedriverVersion: 2.43.600210 (68dcf5eebde371..., userDataDir: C:\Users\leon.b\AppData\Loc...}, cssSelectorsEnabled: true, databaseEnabled: false, goog:chromeOptions: {debuggerAddress: localhost:62521}, handlesAlerts: true, hasTouchScreen: false, javascriptEnabled: true, locationContextEnabled: true, mobileEmulationEnabled: false, nativeEvents: true, networkConnectionEnabled: false, pageLoadStrategy: normal, platform: XP, platformName: XP, rotatable: false, setWindowRect: true, takesHeapSnapshot: true, takesScreenshot: true, unexpectedAlertBehaviour: , unhandledPromptBehavior: , version: 72.0.3626.81, webStorageEnabled: true}
Session ID: c382ab2d4bfa13e813e586323f52dd41)
	at com.kms.katalon.core.keyword.internal.KeywordMain.stepFailed(KeywordMain.groovy:36)
	at com.kms.katalon.core.webui.keyword.internal.WebUIKeywordMain.stepFailed(WebUIKeywordMain.groovy:65)
	at com.kms.katalon.core.webui.keyword.internal.WebUIKeywordMain.runKeyword(WebUIKeywordMain.groovy:27)
	at com.kms.katalon.core.webui.keyword.builtin.ClickKeyword.click(ClickKeyword.groovy:86)
	at com.kms.katalon.core.webui.keyword.builtin.ClickKeyword.execute(ClickKeyword.groovy:67)
	at com.kms.katalon.core.keyword.internal.KeywordExecutor.executeKeywordForPlatform(KeywordExecutor.groovy:53)
	at com.kms.katalon.core.webui.keyword.WebUiBuiltInKeywords.click(WebUiBuiltInKeywords.groovy:616)
	at com.kms.katalon.core.webui.keyword.WebUiBuiltInKeywords$click$3.call(Unknown Source)
	at Working Ticket Sanity.run(Working Ticket Sanity:108)
	at com.kms.katalon.core.main.ScriptEngine.run(ScriptEngine.java:194)
	at com.kms.katalon.core.main.ScriptEngine.runScriptAsRawText(ScriptEngine.java:119)
	at com.kms.katalon.core.main.TestCaseExecutor.runScript(TestCaseExecutor.java:328)
	at com.kms.katalon.core.main.TestCaseExecutor.doExecute(TestCaseExecutor.java:319)
	at com.kms.katalon.core.main.TestCaseExecutor.processExecutionPhase(TestCaseExecutor.java:298)
	at com.kms.katalon.core.main.TestCaseExecutor.accessMainPhase(TestCaseExecutor.java:290)
	at com.kms.katalon.core.main.TestCaseExecutor.execute(TestCaseExecutor.java:224)
	at com.kms.katalon.core.main.TestSuiteExecutor.accessTestCaseMainPhase(TestSuiteExecutor.java:129)
	at com.kms.katalon.core.main.TestSuiteExecutor.accessTestSuiteMainPhase(TestSuiteExecutor.java:112)
	at com.kms.katalon.core.main.TestSuiteExecutor.execute(TestSuiteExecutor.java:81)
	at com.kms.katalon.core.main.TestCaseMain.startTestSuite(TestCaseMain.java:149)
	at com.kms.katalon.core.main.TestCaseMain$startTestSuite$0.call(Unknown Source)
	at TempTestSuite1549275751923.run(TempTestSuite1549275751923.groovy:36)


2019-02-04 12:38:29 - [TEST_STEP][PASSED] - delay(1): Delayed 1 second(s)

2019-02-04 12:38:30 - [MESSAGE][PASSED] - Delayed 1 second(s)

2019-02-04 12:38:30 - [TEST_STEP][PASSED] - scrollToElement(driversTableRow, 1): Scroll to object 'driversTableRow1' successfully

2019-02-04 12:38:30 - [MESSAGE][PASSED] - Scroll to object 'driversTableRow1' successfully

2019-02-04 12:38:30 - [TEST_STEP][FAILED] - click(driversTableRow): return ((.//*[@id='managementKioskview']//div[2]//div[1]//div[2]//div[1]//div[2]//div[1]//table//tr[ + (rowNum + 1)) + ]) FAILED.
Reason:
com.kms.katalon.core.exception.StepFailedException: Unable to click on object 'driversTableRow1' (Root cause: org.openqa.selenium.WebDriverException: unknown error: Element <tr class="k-alt ng-scope" data-uid="154d4aa9-f77d-4107-ab48-9e3ecaad96e6" role="row">...</tr> is not clickable at point (1536, 14). Other element would receive the click: <strong class="ng-binding">...</strong>
  (Session info: chrome=72.0.3626.81)
  (Driver info: chromedriver=2.43.600210 (68dcf5eebde37173d4027fa8635e332711d2874a),platform=Windows NT 10.0.17134 x86_64) (WARNING: The server did not provide any stacktrace information)
Command duration or timeout: 0 milliseconds
Build info: version: '3.7.1', revision: '8a0099a', time: '2017-11-06T21:07:36.161Z'
System info: host: 'QA-PC', ip: '192.168.1.145', os.name: 'Windows 10', os.arch: 'amd64', os.version: '10.0', java.version: '1.8.0_181'
Driver info: com.kms.katalon.selenium.driver.CChromeDriver
Capabilities {acceptInsecureCerts: false, acceptSslCerts: false, applicationCacheEnabled: false, browserConnectionEnabled: false, browserName: chrome, chrome: {chromedriverVersion: 2.43.600210 (68dcf5eebde371..., userDataDir: C:\Users\leon.b\AppData\Loc...}, cssSelectorsEnabled: true, databaseEnabled: false, goog:chromeOptions: {debuggerAddress: localhost:62521}, handlesAlerts: true, hasTouchScreen: false, javascriptEnabled: true, locationContextEnabled: true, mobileEmulationEnabled: false, nativeEvents: true, networkConnectionEnabled: false, pageLoadStrategy: normal, platform: XP, platformName: XP, rotatable: false, setWindowRect: true, takesHeapSnapshot: true, takesScreenshot: true, unexpectedAlertBehaviour: , unhandledPromptBehavior: , version: 72.0.3626.81, webStorageEnabled: true}
Session ID: c382ab2d4bfa13e813e586323f52dd41)
	at com.kms.katalon.core.keyword.internal.KeywordMain.stepFailed(KeywordMain.groovy:36)
	at com.kms.katalon.core.webui.keyword.internal.WebUIKeywordMain.stepFailed(WebUIKeywordMain.groovy:65)
	at com.kms.katalon.core.webui.keyword.internal.WebUIKeywordMain.runKeyword(WebUIKeywordMain.groovy:27)
	at com.kms.katalon.core.webui.keyword.builtin.ClickKeyword.click(ClickKeyword.groovy:86)
	at com.kms.katalon.core.webui.keyword.builtin.ClickKeyword.execute(ClickKeyword.groovy:67)
	at com.kms.katalon.core.keyword.internal.KeywordExecutor.executeKeywordForPlatform(KeywordExecutor.groovy:53)
	at com.kms.katalon.core.webui.keyword.WebUiBuiltInKeywords.click(WebUiBuiltInKeywords.groovy:616)
	at com.kms.katalon.core.webui.keyword.WebUiBuiltInKeywords$click$3.call(Unknown Source)
	at Working Ticket Sanity.run(Working Ticket Sanity:108)
	at com.kms.katalon.core.main.ScriptEngine.run(ScriptEngine.java:194)
	at com.kms.katalon.core.main.ScriptEngine.runScriptAsRawText(ScriptEngine.java:119)
	at com.kms.katalon.core.main.TestCaseExecutor.runScript(TestCaseExecutor.java:328)
	at com.kms.katalon.core.main.TestCaseExecutor.doExecute(TestCaseExecutor.java:319)
	at com.kms.katalon.core.main.TestCaseExecutor.processExecutionPhase(TestCaseExecutor.java:298)
	at com.kms.katalon.core.main.TestCaseExecutor.accessMainPhase(TestCaseExecutor.java:290)
	at com.kms.katalon.core.main.TestCaseExecutor.execute(TestCaseExecutor.java:224)
	at com.kms.katalon.core.main.TestSuiteExecutor.accessTestCaseMainPhase(TestSuiteExecutor.java:129)
	at com.kms.katalon.core.main.TestSuiteExecutor.accessTestSuiteMainPhase(TestSuiteExecutor.java:112)
	at com.kms.katalon.core.main.TestSuiteExecutor.execute(TestSuiteExecutor.java:81)
	at com.kms.katalon.core.main.TestCaseMain.startTestSuite(TestCaseMain.java:149)
	at com.kms.katalon.core.main.TestCaseMain$startTestSuite$0.call(Unknown Source)
	at TempTestSuite1549275751923.run(TempTestSuite1549275751923.groovy:36)


2019-02-04 12:38:31 - [MESSAGE][FAILED] - Unable to click on object 'driversTableRow1' (Root cause: org.openqa.selenium.WebDriverException: unknown error: Element <tr class="k-alt ng-scope" data-uid="154d4aa9-f77d-4107-ab48-9e3ecaad96e6" role="row">...</tr> is not clickable at point (1536, 14). Other element would receive the click: <strong class="ng-binding">...</strong>
  (Session info: chrome=72.0.3626.81)
  (Driver info: chromedriver=2.43.600210 (68dcf5eebde37173d4027fa8635e332711d2874a),platform=Windows NT 10.0.17134 x86_64) (WARNING: The server did not provide any stacktrace information)
Command duration or timeout: 0 milliseconds
Build info: version: '3.7.1', revision: '8a0099a', time: '2017-11-06T21:07:36.161Z'
System info: host: 'QA-PC', ip: '192.168.1.145', os.name: 'Windows 10', os.arch: 'amd64', os.version: '10.0', java.version: '1.8.0_181'
Driver info: com.kms.katalon.selenium.driver.CChromeDriver
Capabilities {acceptInsecureCerts: false, acceptSslCerts: false, applicationCacheEnabled: false, browserConnectionEnabled: false, browserName: chrome, chrome: {chromedriverVersion: 2.43.600210 (68dcf5eebde371..., userDataDir: C:\Users\leon.b\AppData\Loc...}, cssSelectorsEnabled: true, databaseEnabled: false, goog:chromeOptions: {debuggerAddress: localhost:62521}, handlesAlerts: true, hasTouchScreen: false, javascriptEnabled: true, locationContextEnabled: true, mobileEmulationEnabled: false, nativeEvents: true, networkConnectionEnabled: false, pageLoadStrategy: normal, platform: XP, platformName: XP, rotatable: false, setWindowRect: true, takesHeapSnapshot: true, takesScreenshot: true, unexpectedAlertBehaviour: , unhandledPromptBehavior: , version: 72.0.3626.81, webStorageEnabled: true}
Session ID: c382ab2d4bfa13e813e586323f52dd41)
[[ATTACHMENT|C:\\Users\\leon.b\\Katalon Studio\\Y-IT_TransIT\\Reports\\Production\\Working Ticket Confirmation\\20190204_122231\\1549276710608.png]]

2019-02-04 12:38:31 - [MESSAGE][FAILED] - return ((.//*[@id='managementKioskview']//div[2]//div[1]//div[2]//div[1]//div[2]//div[1]//table//tr[ + (rowNum + 1)) + ]) FAILED.
Reason:
com.kms.katalon.core.exception.StepFailedException: Unable to click on object 'driversTableRow1' (Root cause: org.openqa.selenium.WebDriverException: unknown error: Element <tr class="k-alt ng-scope" data-uid="154d4aa9-f77d-4107-ab48-9e3ecaad96e6" role="row">...</tr> is not clickable at point (1536, 14). Other element would receive the click: <strong class="ng-binding">...</strong>
  (Session info: chrome=72.0.3626.81)
  (Driver info: chromedriver=2.43.600210 (68dcf5eebde37173d4027fa8635e332711d2874a),platform=Windows NT 10.0.17134 x86_64) (WARNING: The server did not provide any stacktrace information)
Command duration or timeout: 0 milliseconds
Build info: version: '3.7.1', revision: '8a0099a', time: '2017-11-06T21:07:36.161Z'
System info: host: 'QA-PC', ip: '192.168.1.145', os.name: 'Windows 10', os.arch: 'amd64', os.version: '10.0', java.version: '1.8.0_181'
Driver info: com.kms.katalon.selenium.driver.CChromeDriver
Capabilities {acceptInsecureCerts: false, acceptSslCerts: false, applicationCacheEnabled: false, browserConnectionEnabled: false, browserName: chrome, chrome: {chromedriverVersion: 2.43.600210 (68dcf5eebde371..., userDataDir: C:\Users\leon.b\AppData\Loc...}, cssSelectorsEnabled: true, databaseEnabled: false, goog:chromeOptions: {debuggerAddress: localhost:62521}, handlesAlerts: true, hasTouchScreen: false, javascriptEnabled: true, locationContextEnabled: true, mobileEmulationEnabled: false, nativeEvents: true, networkConnectionEnabled: false, pageLoadStrategy: normal, platform: XP, platformName: XP, rotatable: false, setWindowRect: true, takesHeapSnapshot: true, takesScreenshot: true, unexpectedAlertBehaviour: , unhandledPromptBehavior: , version: 72.0.3626.81, webStorageEnabled: true}
Session ID: c382ab2d4bfa13e813e586323f52dd41)
	at com.kms.katalon.core.keyword.internal.KeywordMain.stepFailed(KeywordMain.groovy:36)
	at com.kms.katalon.core.webui.keyword.internal.WebUIKeywordMain.stepFailed(WebUIKeywordMain.groovy:65)
	at com.kms.katalon.core.webui.keyword.internal.WebUIKeywordMain.runKeyword(WebUIKeywordMain.groovy:27)
	at com.kms.katalon.core.webui.keyword.builtin.ClickKeyword.click(ClickKeyword.groovy:86)
	at com.kms.katalon.core.webui.keyword.builtin.ClickKeyword.execute(ClickKeyword.groovy:67)
	at com.kms.katalon.core.keyword.internal.KeywordExecutor.executeKeywordForPlatform(KeywordExecutor.groovy:53)
	at com.kms.katalon.core.webui.keyword.WebUiBuiltInKeywords.click(WebUiBuiltInKeywords.groovy:616)
	at com.kms.katalon.core.webui.keyword.WebUiBuiltInKeywords$click$3.call(Unknown Source)
	at Working Ticket Sanity.run(Working Ticket Sanity:108)
	at com.kms.katalon.core.main.ScriptEngine.run(ScriptEngine.java:194)
	at com.kms.katalon.core.main.ScriptEngine.runScriptAsRawText(ScriptEngine.java:119)
	at com.kms.katalon.core.main.TestCaseExecutor.runScript(TestCaseExecutor.java:328)
	at com.kms.katalon.core.main.TestCaseExecutor.doExecute(TestCaseExecutor.java:319)
	at com.kms.katalon.core.main.TestCaseExecutor.processExecutionPhase(TestCaseExecutor.java:298)
	at com.kms.katalon.core.main.TestCaseExecutor.accessMainPhase(TestCaseExecutor.java:290)
	at com.kms.katalon.core.main.TestCaseExecutor.execute(TestCaseExecutor.java:224)
	at com.kms.katalon.core.main.TestSuiteExecutor.accessTestCaseMainPhase(TestSuiteExecutor.java:129)
	at com.kms.katalon.core.main.TestSuiteExecutor.accessTestSuiteMainPhase(TestSuiteExecutor.java:112)
	at com.kms.katalon.core.main.TestSuiteExecutor.execute(TestSuiteExecutor.java:81)
	at com.kms.katalon.core.main.TestCaseMain.startTestSuite(TestCaseMain.java:149)
	at com.kms.katalon.core.main.TestCaseMain$startTestSuite$0.call(Unknown Source)
	at TempTestSuite1549275751923.run(TempTestSuite1549275751923.groovy:36)]]></system-out>
         <system-err><![CDATA[2019-02-04 12:38:03 - [TEST_CASE][FAILED] - Test Cases/Working Tciket Confirmation/Working Ticket Sanity: Test Cases/Working Tciket Confirmation/Working Ticket Sanity FAILED.
Reason:
com.kms.katalon.core.exception.StepFailedException: Unable to click on object 'driversTableRow1' (Root cause: org.openqa.selenium.WebDriverException: unknown error: Element <tr class="k-alt ng-scope" data-uid="154d4aa9-f77d-4107-ab48-9e3ecaad96e6" role="row">...</tr> is not clickable at point (1536, 14). Other element would receive the click: <strong class="ng-binding">...</strong>
  (Session info: chrome=72.0.3626.81)
  (Driver info: chromedriver=2.43.600210 (68dcf5eebde37173d4027fa8635e332711d2874a),platform=Windows NT 10.0.17134 x86_64) (WARNING: The server did not provide any stacktrace information)
Command duration or timeout: 0 milliseconds
Build info: version: '3.7.1', revision: '8a0099a', time: '2017-11-06T21:07:36.161Z'
System info: host: 'QA-PC', ip: '192.168.1.145', os.name: 'Windows 10', os.arch: 'amd64', os.version: '10.0', java.version: '1.8.0_181'
Driver info: com.kms.katalon.selenium.driver.CChromeDriver
Capabilities {acceptInsecureCerts: false, acceptSslCerts: false, applicationCacheEnabled: false, browserConnectionEnabled: false, browserName: chrome, chrome: {chromedriverVersion: 2.43.600210 (68dcf5eebde371..., userDataDir: C:\Users\leon.b\AppData\Loc...}, cssSelectorsEnabled: true, databaseEnabled: false, goog:chromeOptions: {debuggerAddress: localhost:62521}, handlesAlerts: true, hasTouchScreen: false, javascriptEnabled: true, locationContextEnabled: true, mobileEmulationEnabled: false, nativeEvents: true, networkConnectionEnabled: false, pageLoadStrategy: normal, platform: XP, platformName: XP, rotatable: false, setWindowRect: true, takesHeapSnapshot: true, takesScreenshot: true, unexpectedAlertBehaviour: , unhandledPromptBehavior: , version: 72.0.3626.81, webStorageEnabled: true}
Session ID: c382ab2d4bfa13e813e586323f52dd41)
	at com.kms.katalon.core.keyword.internal.KeywordMain.stepFailed(KeywordMain.groovy:36)
	at com.kms.katalon.core.webui.keyword.internal.WebUIKeywordMain.stepFailed(WebUIKeywordMain.groovy:65)
	at com.kms.katalon.core.webui.keyword.internal.WebUIKeywordMain.runKeyword(WebUIKeywordMain.groovy:27)
	at com.kms.katalon.core.webui.keyword.builtin.ClickKeyword.click(ClickKeyword.groovy:86)
	at com.kms.katalon.core.webui.keyword.builtin.ClickKeyword.execute(ClickKeyword.groovy:67)
	at com.kms.katalon.core.keyword.internal.KeywordExecutor.executeKeywordForPlatform(KeywordExecutor.groovy:53)
	at com.kms.katalon.core.webui.keyword.WebUiBuiltInKeywords.click(WebUiBuiltInKeywords.groovy:616)
	at com.kms.katalon.core.webui.keyword.WebUiBuiltInKeywords$click$3.call(Unknown Source)
	at Working Ticket Sanity.run(Working Ticket Sanity:108)
	at com.kms.katalon.core.main.ScriptEngine.run(ScriptEngine.java:194)
	at com.kms.katalon.core.main.ScriptEngine.runScriptAsRawText(ScriptEngine.java:119)
	at com.kms.katalon.core.main.TestCaseExecutor.runScript(TestCaseExecutor.java:328)
	at com.kms.katalon.core.main.TestCaseExecutor.doExecute(TestCaseExecutor.java:319)
	at com.kms.katalon.core.main.TestCaseExecutor.processExecutionPhase(TestCaseExecutor.java:298)
	at com.kms.katalon.core.main.TestCaseExecutor.accessMainPhase(TestCaseExecutor.java:290)
	at com.kms.katalon.core.main.TestCaseExecutor.execute(TestCaseExecutor.java:224)
	at com.kms.katalon.core.main.TestSuiteExecutor.accessTestCaseMainPhase(TestSuiteExecutor.java:129)
	at com.kms.katalon.core.main.TestSuiteExecutor.accessTestSuiteMainPhase(TestSuiteExecutor.java:112)
	at com.kms.katalon.core.main.TestSuiteExecutor.execute(TestSuiteExecutor.java:81)
	at com.kms.katalon.core.main.TestCaseMain.startTestSuite(TestCaseMain.java:149)
	at com.kms.katalon.core.main.TestCaseMain$startTestSuite$0.call(Unknown Source)
	at TempTestSuite1549275751923.run(TempTestSuite1549275751923.groovy:36)]]></system-err>
      </testcase>
      <system-out><![CDATA[2019-02-04 12:38:02 - [TEST_SUITE][FAILED] - Working Ticket Confirmation: Test Cases/Working Tciket Confirmation/Working Ticket Sanity FAILED.
Reason:
com.kms.katalon.core.exception.StepFailedException: Unable to click on object 'driversTableRow1' (Root cause: org.openqa.selenium.WebDriverException: unknown error: Element <tr class="k-alt ng-scope" data-uid="154d4aa9-f77d-4107-ab48-9e3ecaad96e6" role="row">...</tr> is not clickable at point (1536, 14). Other element would receive the click: <strong class="ng-binding">...</strong>
  (Session info: chrome=72.0.3626.81)
  (Driver info: chromedriver=2.43.600210 (68dcf5eebde37173d4027fa8635e332711d2874a),platform=Windows NT 10.0.17134 x86_64) (WARNING: The server did not provide any stacktrace information)
Command duration or timeout: 0 milliseconds
Build info: version: '3.7.1', revision: '8a0099a', time: '2017-11-06T21:07:36.161Z'
System info: host: 'QA-PC', ip: '192.168.1.145', os.name: 'Windows 10', os.arch: 'amd64', os.version: '10.0', java.version: '1.8.0_181'
Driver info: com.kms.katalon.selenium.driver.CChromeDriver
Capabilities {acceptInsecureCerts: false, acceptSslCerts: false, applicationCacheEnabled: false, browserConnectionEnabled: false, browserName: chrome, chrome: {chromedriverVersion: 2.43.600210 (68dcf5eebde371..., userDataDir: C:\Users\leon.b\AppData\Loc...}, cssSelectorsEnabled: true, databaseEnabled: false, goog:chromeOptions: {debuggerAddress: localhost:62521}, handlesAlerts: true, hasTouchScreen: false, javascriptEnabled: true, locationContextEnabled: true, mobileEmulationEnabled: false, nativeEvents: true, networkConnectionEnabled: false, pageLoadStrategy: normal, platform: XP, platformName: XP, rotatable: false, setWindowRect: true, takesHeapSnapshot: true, takesScreenshot: true, unexpectedAlertBehaviour: , unhandledPromptBehavior: , version: 72.0.3626.81, webStorageEnabled: true}
Session ID: c382ab2d4bfa13e813e586323f52dd41)
	at com.kms.katalon.core.keyword.internal.KeywordMain.stepFailed(KeywordMain.groovy:36)
	at com.kms.katalon.core.webui.keyword.internal.WebUIKeywordMain.stepFailed(WebUIKeywordMain.groovy:65)
	at com.kms.katalon.core.webui.keyword.internal.WebUIKeywordMain.runKeyword(WebUIKeywordMain.groovy:27)
	at com.kms.katalon.core.webui.keyword.builtin.ClickKeyword.click(ClickKeyword.groovy:86)
	at com.kms.katalon.core.webui.keyword.builtin.ClickKeyword.execute(ClickKeyword.groovy:67)
	at com.kms.katalon.core.keyword.internal.KeywordExecutor.executeKeywordForPlatform(KeywordExecutor.groovy:53)
	at com.kms.katalon.core.webui.keyword.WebUiBuiltInKeywords.click(WebUiBuiltInKeywords.groovy:616)
	at com.kms.katalon.core.webui.keyword.WebUiBuiltInKeywords$click$3.call(Unknown Source)
	at Working Ticket Sanity.run(Working Ticket Sanity:108)
	at com.kms.katalon.core.main.ScriptEngine.run(ScriptEngine.java:194)
	at com.kms.katalon.core.main.ScriptEngine.runScriptAsRawText(ScriptEngine.java:119)
	at com.kms.katalon.core.main.TestCaseExecutor.runScript(TestCaseExecutor.java:328)
	at com.kms.katalon.core.main.TestCaseExecutor.doExecute(TestCaseExecutor.java:319)
	at com.kms.katalon.core.main.TestCaseExecutor.processExecutionPhase(TestCaseExecutor.java:298)
	at com.kms.katalon.core.main.TestCaseExecutor.accessMainPhase(TestCaseExecutor.java:290)
	at com.kms.katalon.core.main.TestCaseExecutor.execute(TestCaseExecutor.java:224)
	at com.kms.katalon.core.main.TestSuiteExecutor.accessTestCaseMainPhase(TestSuiteExecutor.java:129)
	at com.kms.katalon.core.main.TestSuiteExecutor.accessTestSuiteMainPhase(TestSuiteExecutor.java:112)
	at com.kms.katalon.core.main.TestSuiteExecutor.execute(TestSuiteExecutor.java:81)
	at com.kms.katalon.core.main.TestCaseMain.startTestSuite(TestCaseMain.java:149)
	at com.kms.katalon.core.main.TestCaseMain$startTestSuite$0.call(Unknown Source)
	at TempTestSuite1549275751923.run(TempTestSuite1549275751923.groovy:36)]]></system-out>
      <system-err><![CDATA[2019-02-04 12:38:02 - [TEST_SUITE][FAILED] - Working Ticket Confirmation: Test Cases/Working Tciket Confirmation/Working Ticket Sanity FAILED.
Reason:
com.kms.katalon.core.exception.StepFailedException: Unable to click on object 'driversTableRow1' (Root cause: org.openqa.selenium.WebDriverException: unknown error: Element <tr class="k-alt ng-scope" data-uid="154d4aa9-f77d-4107-ab48-9e3ecaad96e6" role="row">...</tr> is not clickable at point (1536, 14). Other element would receive the click: <strong class="ng-binding">...</strong>
  (Session info: chrome=72.0.3626.81)
  (Driver info: chromedriver=2.43.600210 (68dcf5eebde37173d4027fa8635e332711d2874a),platform=Windows NT 10.0.17134 x86_64) (WARNING: The server did not provide any stacktrace information)
Command duration or timeout: 0 milliseconds
Build info: version: '3.7.1', revision: '8a0099a', time: '2017-11-06T21:07:36.161Z'
System info: host: 'QA-PC', ip: '192.168.1.145', os.name: 'Windows 10', os.arch: 'amd64', os.version: '10.0', java.version: '1.8.0_181'
Driver info: com.kms.katalon.selenium.driver.CChromeDriver
Capabilities {acceptInsecureCerts: false, acceptSslCerts: false, applicationCacheEnabled: false, browserConnectionEnabled: false, browserName: chrome, chrome: {chromedriverVersion: 2.43.600210 (68dcf5eebde371..., userDataDir: C:\Users\leon.b\AppData\Loc...}, cssSelectorsEnabled: true, databaseEnabled: false, goog:chromeOptions: {debuggerAddress: localhost:62521}, handlesAlerts: true, hasTouchScreen: false, javascriptEnabled: true, locationContextEnabled: true, mobileEmulationEnabled: false, nativeEvents: true, networkConnectionEnabled: false, pageLoadStrategy: normal, platform: XP, platformName: XP, rotatable: false, setWindowRect: true, takesHeapSnapshot: true, takesScreenshot: true, unexpectedAlertBehaviour: , unhandledPromptBehavior: , version: 72.0.3626.81, webStorageEnabled: true}
Session ID: c382ab2d4bfa13e813e586323f52dd41)
	at com.kms.katalon.core.keyword.internal.KeywordMain.stepFailed(KeywordMain.groovy:36)
	at com.kms.katalon.core.webui.keyword.internal.WebUIKeywordMain.stepFailed(WebUIKeywordMain.groovy:65)
	at com.kms.katalon.core.webui.keyword.internal.WebUIKeywordMain.runKeyword(WebUIKeywordMain.groovy:27)
	at com.kms.katalon.core.webui.keyword.builtin.ClickKeyword.click(ClickKeyword.groovy:86)
	at com.kms.katalon.core.webui.keyword.builtin.ClickKeyword.execute(ClickKeyword.groovy:67)
	at com.kms.katalon.core.keyword.internal.KeywordExecutor.executeKeywordForPlatform(KeywordExecutor.groovy:53)
	at com.kms.katalon.core.webui.keyword.WebUiBuiltInKeywords.click(WebUiBuiltInKeywords.groovy:616)
	at com.kms.katalon.core.webui.keyword.WebUiBuiltInKeywords$click$3.call(Unknown Source)
	at Working Ticket Sanity.run(Working Ticket Sanity:108)
	at com.kms.katalon.core.main.ScriptEngine.run(ScriptEngine.java:194)
	at com.kms.katalon.core.main.ScriptEngine.runScriptAsRawText(ScriptEngine.java:119)
	at com.kms.katalon.core.main.TestCaseExecutor.runScript(TestCaseExecutor.java:328)
	at com.kms.katalon.core.main.TestCaseExecutor.doExecute(TestCaseExecutor.java:319)
	at com.kms.katalon.core.main.TestCaseExecutor.processExecutionPhase(TestCaseExecutor.java:298)
	at com.kms.katalon.core.main.TestCaseExecutor.accessMainPhase(TestCaseExecutor.java:290)
	at com.kms.katalon.core.main.TestCaseExecutor.execute(TestCaseExecutor.java:224)
	at com.kms.katalon.core.main.TestSuiteExecutor.accessTestCaseMainPhase(TestSuiteExecutor.java:129)
	at com.kms.katalon.core.main.TestSuiteExecutor.accessTestSuiteMainPhase(TestSuiteExecutor.java:112)
	at com.kms.katalon.core.main.TestSuiteExecutor.execute(TestSuiteExecutor.java:81)
	at com.kms.katalon.core.main.TestCaseMain.startTestSuite(TestCaseMain.java:149)
	at com.kms.katalon.core.main.TestCaseMain$startTestSuite$0.call(Unknown Source)
	at TempTestSuite1549275751923.run(TempTestSuite1549275751923.groovy:36)]]></system-err>
   </testsuite>
</testsuites>
