<?xml version="1.0" encoding="UTF-8"?>
<testsuites name="Basic Sanity" time="85" tests="2" failures="0" errors="0">
   <testsuite name="Basic Sanity" tests="2" failures="0" errors="0" time="85" timestamp="2019-01-21 11:56:05" hostname="leon.b - QA-PC.Y-it.Local" id="Test Suites/Sanity/Basic Sanity">
      <properties>
         <property name="deviceName" value=""/>
         <property name="devicePlatform" value=""/>
         <property name="logFolder" value="C:\\Users\\leon.b\\Katalon Studio\\Y-IT_TransIT\\Reports\\Sanity\\Basic Sanity\\20190121_115602"/>
         <property name="logFiles" value="C:\\Users\\leon.b\\Katalon Studio\\Y-IT_TransIT\\Reports\\Sanity\\Basic Sanity\\20190121_115602\\execution0.log"/>
         <property name="attachments" value=""/>
         <property name="hostName" value="leon.b - QA-PC.Y-it.Local"/>
         <property name="os" value="Windows 10 64bit"/>
         <property name="katalonVersion" value="5.10.1.1"/>
         <property name="browser" value="Chrome 71.0.3578.98"/>
         <property name="hostAddress" value="192.168.1.145"/>
         <property name="sessionId" value="c47587c483c6f9390a28ad67ce1acfe6"/>
         <property name="seleniumVersion" value="3.7.1"/>
         <property name="proxyInformation" value="ProxyInformation{proxyOption=NO_PROXY, proxyServerType=HTTP, password=, proxyServerAddress=, proxyServerPort=0}"/>
         <property name="platform" value="Windows 10"/>
      </properties>
      <testcase name="Test Cases/Login/Log In" classname="Test Cases/Login/Log In" status="PASSED">
         <system-out><![CDATA[2019-01-21 11:56:05 - [TEST_CASE][PASSED] - Test Cases/Login/Log In: Test Cases/Login/Log In

2019-01-21 11:56:06 - [TEST_STEP][PASSED] - login.c_login.logIn(site, userName, userPass): login.c_login.logIn is PASSED

2019-01-21 11:56:07 - [MESSAGE][INFO] - Starting 'Chrome' driver

2019-01-21 11:56:07 - [MESSAGE][INFO] - Action delay is set to 0 seconds

2019-01-21 11:56:29 - [MESSAGE][PASSED] - Browser is opened with url: 'https://aws_test.y-it.co.il/#/login'

2019-01-21 11:56:30 - [MESSAGE][PASSED] - Current window maximized

2019-01-21 11:56:30 - [MESSAGE][PASSED] - Text 'admin' is set on object 'Object Repository/Y-IT Log In/input_ _userName'

2019-01-21 11:56:30 - [MESSAGE][PASSED] - Text ****** has been set on object 'Object Repository/Y-IT Log In/input_ _password'

2019-01-21 11:56:31 - [MESSAGE][PASSED] - Object: 'Object Repository/Y-IT Log In/input_  _submit' is clicked on

2019-01-21 11:56:31 - [MESSAGE][PASSED] - login.c_login.logIn is PASSED

2019-01-21 11:56:31 - [TEST_STEP][PASSED] - waitForElementPresent(findTestObject("Nav Bar/catalogues"), 15, CONTINUE_ON_FAILURE): Object 'Object Repository/Nav Bar/catalogues' is present

2019-01-21 11:56:35 - [MESSAGE][PASSED] - Object 'Object Repository/Nav Bar/catalogues' is present

2019-01-21 11:56:35 - [TEST_STEP][PASSED] - delay(1): Delayed 1 second(s)

2019-01-21 11:56:36 - [MESSAGE][PASSED] - Delayed 1 second(s)

2019-01-21 11:56:36 - [TEST_STEP][PASSED] - click(findTestObject("Nav Bar/catalogues")): Object: 'Object Repository/Nav Bar/catalogues' is clicked on

2019-01-21 11:56:36 - [MESSAGE][PASSED] - Object: 'Object Repository/Nav Bar/catalogues' is clicked on

2019-01-21 11:56:36 - [TEST_STEP][PASSED] - delay(1): Delayed 1 second(s)

2019-01-21 11:56:37 - [MESSAGE][PASSED] - Delayed 1 second(s)

2019-01-21 11:56:37 - [TEST_STEP][PASSED] - closeBrowser(): Browser is closed

2019-01-21 11:56:38 - [MESSAGE][PASSED] - Browser is closed]]></system-out>
         <system-err><![CDATA[]]></system-err>
      </testcase>
      <testcase name="Test Cases/System Config/Config Change" classname="Test Cases/System Config/Config Change" status="PASSED">
         <system-out><![CDATA[2019-01-21 11:56:38 - [TEST_CASE][PASSED] - Test Cases/System Config/Config Change: Test Cases/System Config/Config Change

2019-01-21 11:56:38 - [TEST_STEP][PASSED] - randomNumberInt = Math.floor(Math.random() * 999 - 100 + 1) + 100: null

2019-01-21 11:56:38 - [TEST_STEP][PASSED] - randomNumber = randomNumberInt.toString(): null

2019-01-21 11:56:38 - [TEST_STEP][PASSED] - login.c_login.logIn(site, userName, userPass): login.c_login.logIn is PASSED

2019-01-21 11:56:38 - [MESSAGE][INFO] - Starting 'Chrome' driver

2019-01-21 11:57:09 - [MESSAGE][PASSED] - Browser is opened with url: 'https://aws_test.y-it.co.il/#/login'

2019-01-21 11:57:11 - [MESSAGE][PASSED] - Current window maximized

2019-01-21 11:57:11 - [MESSAGE][PASSED] - Text 'admin' is set on object 'Object Repository/Y-IT Log In/input_ _userName'

2019-01-21 11:57:11 - [MESSAGE][PASSED] - Text ****** has been set on object 'Object Repository/Y-IT Log In/input_ _password'

2019-01-21 11:57:11 - [MESSAGE][PASSED] - Object: 'Object Repository/Y-IT Log In/input_  _submit' is clicked on

2019-01-21 11:57:11 - [MESSAGE][PASSED] - login.c_login.logIn is PASSED

2019-01-21 11:57:11 - [TEST_STEP][PASSED] - waitForElementPresent(findTestObject("Nav Bar/settings"), 15, CONTINUE_ON_FAILURE): Object 'Object Repository/Nav Bar/settings' is present

2019-01-21 11:57:13 - [MESSAGE][PASSED] - Object 'Object Repository/Nav Bar/settings' is present

2019-01-21 11:57:13 - [TEST_STEP][PASSED] - delay(1): Delayed 1 second(s)

2019-01-21 11:57:14 - [MESSAGE][PASSED] - Delayed 1 second(s)

2019-01-21 11:57:14 - [TEST_STEP][PASSED] - click(findTestObject("Nav Bar/settings")): Object: 'Object Repository/Nav Bar/settings' is clicked on

2019-01-21 11:57:14 - [MESSAGE][PASSED] - Object: 'Object Repository/Nav Bar/settings' is clicked on

2019-01-21 11:57:14 - [TEST_STEP][PASSED] - try: Object: 'Object Repository/Nav Bar/Nav Bar Settings/system Preferences' is clicked on

2019-01-21 11:57:14 - [TEST_STEP][PASSED] - click(findTestObject("Nav Bar/Nav Bar Settings/system Preferences")): Object: 'Object Repository/Nav Bar/Nav Bar Settings/system Preferences' is clicked on

2019-01-21 11:57:14 - [MESSAGE][PASSED] - Object: 'Object Repository/Nav Bar/Nav Bar Settings/system Preferences' is clicked on

2019-01-21 11:57:14 - [TEST_STEP][PASSED] - try: Text '' is set on object 'Object Repository/System Preferences/System/General/fax_Zip_Code'

2019-01-21 11:57:14 - [TEST_STEP][PASSED] - waitForElementClickable(findTestObject("System Preferences/System/General/fax_Zip_Code"), 5, CONTINUE_ON_FAILURE): Object 'Object Repository/System Preferences/System/General/fax_Zip_Code' is clickable

2019-01-21 11:57:16 - [MESSAGE][PASSED] - Object 'Object Repository/System Preferences/System/General/fax_Zip_Code' is clickable

2019-01-21 11:57:16 - [TEST_STEP][PASSED] - setText(findTestObject("System Preferences/System/General/fax_Zip_Code"), ""): Text '' is set on object 'Object Repository/System Preferences/System/General/fax_Zip_Code'

2019-01-21 11:57:16 - [MESSAGE][PASSED] - Text '' is set on object 'Object Repository/System Preferences/System/General/fax_Zip_Code'

2019-01-21 11:57:16 - [TEST_STEP][PASSED] - delay(2): Delayed 2 second(s)

2019-01-21 11:57:18 - [MESSAGE][PASSED] - Delayed 2 second(s)

2019-01-21 11:57:18 - [TEST_STEP][PASSED] - checkValue = getText(findTestObject("System Preferences/System/General/fax_Zip_Code")): Text of object 'Object Repository/System Preferences/System/General/fax_Zip_Code' is: ''

2019-01-21 11:57:18 - [MESSAGE][PASSED] - Text of object 'Object Repository/System Preferences/System/General/fax_Zip_Code' is: ''

2019-01-21 11:57:18 - [TEST_STEP][PASSED] - i = 0: null

2019-01-21 11:57:18 - [TEST_STEP][PASSED] - while (checkValue && i < 10): null

2019-01-21 11:57:18 - [TEST_STEP][PASSED] - setText(findTestObject("System Preferences/System/General/fax_Zip_Code"), randomNumber): Text '111' is set on object 'Object Repository/System Preferences/System/General/fax_Zip_Code'

2019-01-21 11:57:18 - [MESSAGE][PASSED] - Text '111' is set on object 'Object Repository/System Preferences/System/General/fax_Zip_Code'

2019-01-21 11:57:18 - [TEST_STEP][PASSED] - delay(1): Delayed 1 second(s)

2019-01-21 11:57:19 - [MESSAGE][PASSED] - Delayed 1 second(s)

2019-01-21 11:57:19 - [TEST_STEP][PASSED] - click(findTestObject("System Preferences/settings Save")): Object: 'Object Repository/System Preferences/settings Save' is clicked on

2019-01-21 11:57:19 - [MESSAGE][PASSED] - Object: 'Object Repository/System Preferences/settings Save' is clicked on

2019-01-21 11:57:19 - [TEST_STEP][PASSED] - delay(2): Delayed 2 second(s)

2019-01-21 11:57:21 - [MESSAGE][PASSED] - Delayed 2 second(s)

2019-01-21 11:57:21 - [TEST_STEP][PASSED] - click(findTestObject("System Preferences/settings Close")): Object: 'Object Repository/System Preferences/settings Close' is clicked on

2019-01-21 11:57:21 - [MESSAGE][PASSED] - Object: 'Object Repository/System Preferences/settings Close' is clicked on

2019-01-21 11:57:21 - [TEST_STEP][PASSED] - delay(1): Delayed 1 second(s)

2019-01-21 11:57:22 - [MESSAGE][PASSED] - Delayed 1 second(s)

2019-01-21 11:57:22 - [TEST_STEP][PASSED] - click(findTestObject("Nav Bar/settings")): Object: 'Object Repository/Nav Bar/settings' is clicked on

2019-01-21 11:57:22 - [MESSAGE][PASSED] - Object: 'Object Repository/Nav Bar/settings' is clicked on

2019-01-21 11:57:22 - [TEST_STEP][PASSED] - try: Object: 'Object Repository/Nav Bar/Nav Bar Settings/system Preferences' is clicked on

2019-01-21 11:57:22 - [TEST_STEP][PASSED] - click(findTestObject("Nav Bar/Nav Bar Settings/system Preferences")): Object: 'Object Repository/Nav Bar/Nav Bar Settings/system Preferences' is clicked on

2019-01-21 11:57:23 - [MESSAGE][PASSED] - Object: 'Object Repository/Nav Bar/Nav Bar Settings/system Preferences' is clicked on

2019-01-21 11:57:23 - [TEST_STEP][PASSED] - try: Execute JavaScript 'alert(`Fax zip code containes: ` + arguments[0])' successfully

2019-01-21 11:57:23 - [TEST_STEP][PASSED] - waitForElementClickable(findTestObject("System Preferences/System/General/fax_Zip_Code"), 5, CONTINUE_ON_FAILURE): Object 'Object Repository/System Preferences/System/General/fax_Zip_Code' is clickable

2019-01-21 11:57:23 - [MESSAGE][PASSED] - Object 'Object Repository/System Preferences/System/General/fax_Zip_Code' is clickable

2019-01-21 11:57:23 - [TEST_STEP][PASSED] - delay(1): Delayed 1 second(s)

2019-01-21 11:57:24 - [MESSAGE][PASSED] - Delayed 1 second(s)

2019-01-21 11:57:24 - [TEST_STEP][PASSED] - if (verifyElementAttributeValue(findTestObject("System Preferences/System/General/fax_Zip_Code"), "value", randomNumber, 0)): Execute JavaScript 'alert(`Fax zip code containes: ` + arguments[0])' successfully

2019-01-21 11:57:24 - [MESSAGE][WARNING] - Timeout '0' is invalid. Using default page load timeout: '15'

2019-01-21 11:57:24 - [MESSAGE][PASSED] - Object 'Object Repository/System Preferences/System/General/fax_Zip_Code' has attribute 'value' with value '111'

2019-01-21 11:57:24 - [TEST_STEP][PASSED] - delay(1): Delayed 1 second(s)

2019-01-21 11:57:25 - [MESSAGE][PASSED] - Delayed 1 second(s)

2019-01-21 11:57:25 - [TEST_STEP][PASSED] - executeJavaScript("alert(`Fax zip code containes: ` + arguments[0])", [randomNumber]): Execute JavaScript 'alert(`Fax zip code containes: ` + arguments[0])' successfully

2019-01-21 11:57:25 - [MESSAGE][PASSED] - Execute JavaScript 'alert(`Fax zip code containes: ` + arguments[0])' successfully

2019-01-21 11:57:25 - [TEST_STEP][PASSED] - delay(5): Delayed 5 second(s)

2019-01-21 11:57:30 - [MESSAGE][PASSED] - Delayed 5 second(s)

2019-01-21 11:57:30 - [TEST_STEP][PASSED] - acceptAlert(): Alert accepted

2019-01-21 11:57:30 - [MESSAGE][PASSED] - Alert accepted

2019-01-21 11:57:30 - [TEST_STEP][PASSED] - closeBrowser(): Browser is closed

2019-01-21 11:57:30 - [MESSAGE][PASSED] - Browser is closed]]></system-out>
         <system-err><![CDATA[]]></system-err>
      </testcase>
      <system-out><![CDATA[2019-01-21 11:56:05 - [TEST_SUITE][PASSED] - Basic Sanity: Test Cases/System Config/Config Change]]></system-out>
      <system-err><![CDATA[]]></system-err>
   </testsuite>
</testsuites>
